--------------------------------------------------------------------------------
Release 14.7 Trace  (nt64)
Copyright (c) 1995-2013 Xilinx, Inc.  All rights reserved.

C:\Xilinx\14.7\ISE_DS\ISE\bin\nt64\unwrapped\trce.exe -intstyle ise -v 3 -s 2L
-n 3 -fastpaths -xml framework.twx framework.ncd -o framework.twr framework.pcf
-ucf framework.ucf

Design file:              framework.ncd
Physical constraint file: framework.pcf
Device,package,speed:     xc7k160t,ffg676,C,-2L (PRODUCTION 1.10 2013-10-13)
Report level:             verbose report

Environment Variable      Effect 
--------------------      ------ 
NONE                      No environment variables were set
--------------------------------------------------------------------------------

INFO:Timing:3412 - To improve timing, see the Timing Closure User Guide (UG612).
INFO:Timing:2752 - To get complete path coverage, use the unconstrained paths 
   option. All paths that are not constrained will be reported in the 
   unconstrained paths section(s) of the report.
INFO:Timing:3339 - The clock-to-out numbers in this timing report are based on 
   a 50 Ohm transmission line loading model.  For the details of this model, 
   and for more information on accounting for different loading conditions, 
   please see the device datasheet.

================================================================================
Timing constraint: TS_CLK_100M = PERIOD TIMEGRP "TM_CLK" 10 ns HIGH 50%;
For more information, see Period Analysis in the Timing Closure User Guide (UG612).

 253652 paths analyzed, 1449 endpoints analyzed, 0 failing endpoints
 0 timing errors detected. (0 setup errors, 0 hold errors, 0 component switching limit errors)
 Minimum period is   8.938ns.
--------------------------------------------------------------------------------

Paths for end point M61/GPIOf0_4 (SLICE_X0Y37.SR), 1 path
--------------------------------------------------------------------------------
Slack (setup path):     0.531ns (requirement - (data path - clock path skew + uncertainty))
  Source:               M2/rst (FF)
  Destination:          M61/GPIOf0_4 (FF)
  Requirement:          5.000ns
  Data Path Delay:      4.321ns (Levels of Logic = 0)
  Clock Path Skew:      -0.113ns (1.098 - 1.211)
  Source Clock:         clk_100mhz_BUFGP rising at 0.000ns
  Destination Clock:    clk_100mhz_BUFGP falling at 5.000ns
  Clock Uncertainty:    0.035ns

  Clock Uncertainty:          0.035ns  ((TSJ^2 + TIJ^2)^1/2 + DJ) / 2 + PE
    Total System Jitter (TSJ):  0.070ns
    Total Input Jitter (TIJ):   0.000ns
    Discrete Jitter (DJ):       0.000ns
    Phase Error (PE):           0.000ns

  Maximum Data Path at Slow Process Corner: M2/rst to M61/GPIOf0_4
    Location             Delay type         Delay(ns)  Physical Resource
                                                       Logical Resource(s)
    -------------------------------------------------  -------------------
    SLICE_X107Y17.DQ     Tcko                  0.223   rst
                                                       M2/rst
    SLICE_X0Y37.SR       net (fanout=91)       3.890   rst
    SLICE_X0Y37.CLK      Trck                  0.208   M61/GPIOf0<7>
                                                       M61/GPIOf0_4
    -------------------------------------------------  ---------------------------
    Total                                      4.321ns (0.431ns logic, 3.890ns route)
                                                       (10.0% logic, 90.0% route)

--------------------------------------------------------------------------------

Paths for end point M61/GPIOf0_5 (SLICE_X0Y37.SR), 1 path
--------------------------------------------------------------------------------
Slack (setup path):     0.531ns (requirement - (data path - clock path skew + uncertainty))
  Source:               M2/rst (FF)
  Destination:          M61/GPIOf0_5 (FF)
  Requirement:          5.000ns
  Data Path Delay:      4.321ns (Levels of Logic = 0)
  Clock Path Skew:      -0.113ns (1.098 - 1.211)
  Source Clock:         clk_100mhz_BUFGP rising at 0.000ns
  Destination Clock:    clk_100mhz_BUFGP falling at 5.000ns
  Clock Uncertainty:    0.035ns

  Clock Uncertainty:          0.035ns  ((TSJ^2 + TIJ^2)^1/2 + DJ) / 2 + PE
    Total System Jitter (TSJ):  0.070ns
    Total Input Jitter (TIJ):   0.000ns
    Discrete Jitter (DJ):       0.000ns
    Phase Error (PE):           0.000ns

  Maximum Data Path at Slow Process Corner: M2/rst to M61/GPIOf0_5
    Location             Delay type         Delay(ns)  Physical Resource
                                                       Logical Resource(s)
    -------------------------------------------------  -------------------
    SLICE_X107Y17.DQ     Tcko                  0.223   rst
                                                       M2/rst
    SLICE_X0Y37.SR       net (fanout=91)       3.890   rst
    SLICE_X0Y37.CLK      Trck                  0.208   M61/GPIOf0<7>
                                                       M61/GPIOf0_5
    -------------------------------------------------  ---------------------------
    Total                                      4.321ns (0.431ns logic, 3.890ns route)
                                                       (10.0% logic, 90.0% route)

--------------------------------------------------------------------------------

Paths for end point M61/GPIOf0_6 (SLICE_X0Y37.SR), 1 path
--------------------------------------------------------------------------------
Slack (setup path):     0.531ns (requirement - (data path - clock path skew + uncertainty))
  Source:               M2/rst (FF)
  Destination:          M61/GPIOf0_6 (FF)
  Requirement:          5.000ns
  Data Path Delay:      4.321ns (Levels of Logic = 0)
  Clock Path Skew:      -0.113ns (1.098 - 1.211)
  Source Clock:         clk_100mhz_BUFGP rising at 0.000ns
  Destination Clock:    clk_100mhz_BUFGP falling at 5.000ns
  Clock Uncertainty:    0.035ns

  Clock Uncertainty:          0.035ns  ((TSJ^2 + TIJ^2)^1/2 + DJ) / 2 + PE
    Total System Jitter (TSJ):  0.070ns
    Total Input Jitter (TIJ):   0.000ns
    Discrete Jitter (DJ):       0.000ns
    Phase Error (PE):           0.000ns

  Maximum Data Path at Slow Process Corner: M2/rst to M61/GPIOf0_6
    Location             Delay type         Delay(ns)  Physical Resource
                                                       Logical Resource(s)
    -------------------------------------------------  -------------------
    SLICE_X107Y17.DQ     Tcko                  0.223   rst
                                                       M2/rst
    SLICE_X0Y37.SR       net (fanout=91)       3.890   rst
    SLICE_X0Y37.CLK      Trck                  0.208   M61/GPIOf0<7>
                                                       M61/GPIOf0_6
    -------------------------------------------------  ---------------------------
    Total                                      4.321ns (0.431ns logic, 3.890ns route)
                                                       (10.0% logic, 90.0% route)

--------------------------------------------------------------------------------

Hold Paths: TS_CLK_100M = PERIOD TIMEGRP "TM_CLK" 10 ns HIGH 50%;
--------------------------------------------------------------------------------

Paths for end point M3/M2/shift_count_0 (SLICE_X40Y46.B6), 1 path
--------------------------------------------------------------------------------
Slack (hold path):      0.145ns (requirement - (clock path skew + uncertainty - data path))
  Source:               M3/M2/state_FSM_FFd2 (FF)
  Destination:          M3/M2/shift_count_0 (FF)
  Requirement:          0.000ns
  Data Path Delay:      0.156ns (Levels of Logic = 1)
  Clock Path Skew:      0.011ns (0.063 - 0.052)
  Source Clock:         clk_100mhz_BUFGP rising at 10.000ns
  Destination Clock:    clk_100mhz_BUFGP rising at 10.000ns
  Clock Uncertainty:    0.000ns

  Minimum Data Path at Fast Process Corner: M3/M2/state_FSM_FFd2 to M3/M2/shift_count_0
    Location             Delay type         Delay(ns)  Physical Resource
                                                       Logical Resource(s)
    -------------------------------------------------  -------------------
    SLICE_X41Y46.CQ      Tcko                  0.100   M3/M2/state_FSM_FFd2
                                                       M3/M2/state_FSM_FFd2
    SLICE_X40Y46.B6      net (fanout=74)       0.115   M3/M2/state_FSM_FFd2
    SLICE_X40Y46.CLK     Tah         (-Th)     0.059   M3/M2/shift_count<2>
                                                       M3/M2/shift_count_0_rstpot
                                                       M3/M2/shift_count_0
    -------------------------------------------------  ---------------------------
    Total                                      0.156ns (0.041ns logic, 0.115ns route)
                                                       (26.3% logic, 73.7% route)

--------------------------------------------------------------------------------

Paths for end point M3/M2/shift_count_1 (SLICE_X40Y46.A6), 1 path
--------------------------------------------------------------------------------
Slack (hold path):      0.146ns (requirement - (clock path skew + uncertainty - data path))
  Source:               M3/M2/state_FSM_FFd2 (FF)
  Destination:          M3/M2/shift_count_1 (FF)
  Requirement:          0.000ns
  Data Path Delay:      0.157ns (Levels of Logic = 1)
  Clock Path Skew:      0.011ns (0.063 - 0.052)
  Source Clock:         clk_100mhz_BUFGP rising at 10.000ns
  Destination Clock:    clk_100mhz_BUFGP rising at 10.000ns
  Clock Uncertainty:    0.000ns

  Minimum Data Path at Fast Process Corner: M3/M2/state_FSM_FFd2 to M3/M2/shift_count_1
    Location             Delay type         Delay(ns)  Physical Resource
                                                       Logical Resource(s)
    -------------------------------------------------  -------------------
    SLICE_X41Y46.CQ      Tcko                  0.100   M3/M2/state_FSM_FFd2
                                                       M3/M2/state_FSM_FFd2
    SLICE_X40Y46.A6      net (fanout=74)       0.116   M3/M2/state_FSM_FFd2
    SLICE_X40Y46.CLK     Tah         (-Th)     0.059   M3/M2/shift_count<2>
                                                       M3/M2/shift_count_1_rstpot
                                                       M3/M2/shift_count_1
    -------------------------------------------------  ---------------------------
    Total                                      0.157ns (0.041ns logic, 0.116ns route)
                                                       (26.1% logic, 73.9% route)

--------------------------------------------------------------------------------

Paths for end point M6/LED_P2S/state_FSM_FFd1 (SLICE_X31Y60.A6), 1 path
--------------------------------------------------------------------------------
Slack (hold path):      0.147ns (requirement - (clock path skew + uncertainty - data path))
  Source:               M6/LED_P2S/shift_count_3 (FF)
  Destination:          M6/LED_P2S/state_FSM_FFd1 (FF)
  Requirement:          0.000ns
  Data Path Delay:      0.158ns (Levels of Logic = 1)
  Clock Path Skew:      0.011ns (0.063 - 0.052)
  Source Clock:         clk_100mhz_BUFGP rising at 10.000ns
  Destination Clock:    clk_100mhz_BUFGP rising at 10.000ns
  Clock Uncertainty:    0.000ns

  Minimum Data Path at Fast Process Corner: M6/LED_P2S/shift_count_3 to M6/LED_P2S/state_FSM_FFd1
    Location             Delay type         Delay(ns)  Physical Resource
                                                       Logical Resource(s)
    -------------------------------------------------  -------------------
    SLICE_X30Y60.CQ      Tcko                  0.100   M6/LED_P2S/shift_count<3>
                                                       M6/LED_P2S/shift_count_3
    SLICE_X31Y60.A6      net (fanout=6)        0.090   M6/LED_P2S/shift_count<3>
    SLICE_X31Y60.CLK     Tah         (-Th)     0.032   M6/LED_P2S/state_FSM_FFd2
                                                       M6/LED_P2S/state_FSM_FFd1-In1
                                                       M6/LED_P2S/state_FSM_FFd1
    -------------------------------------------------  ---------------------------
    Total                                      0.158ns (0.068ns logic, 0.090ns route)
                                                       (43.0% logic, 57.0% route)

--------------------------------------------------------------------------------

Component Switching Limit Checks: TS_CLK_100M = PERIOD TIMEGRP "TM_CLK" 10 ns HIGH 50%;
--------------------------------------------------------------------------------
Slack: 8.591ns (period - min period limit)
  Period: 10.000ns
  Min period limit: 1.409ns (709.723MHz) (Tbcper_I(Fmax))
  Physical resource: clk_100mhz_BUFGP/BUFG/I0
  Logical resource: clk_100mhz_BUFGP/BUFG/I0
  Location pin: BUFGCTRL_X0Y0.I0
  Clock network: clk_100mhz_BUFGP/IBUFG
--------------------------------------------------------------------------------
Slack: 9.200ns (period - (min high pulse limit / (high pulse / period)))
  Period: 10.000ns
  High pulse: 5.000ns
  High pulse limit: 0.400ns (Trpw)
  Physical resource: M1/clkdiv<3>/SR
  Logical resource: M1/clkdiv_0/SR
  Location pin: SLICE_X64Y39.SR
  Clock network: rst
--------------------------------------------------------------------------------
Slack: 9.200ns (period - (min high pulse limit / (high pulse / period)))
  Period: 10.000ns
  High pulse: 5.000ns
  High pulse limit: 0.400ns (Trpw)
  Physical resource: M1/clkdiv<3>/SR
  Logical resource: M1/clkdiv_1/SR
  Location pin: SLICE_X64Y39.SR
  Clock network: rst
--------------------------------------------------------------------------------


All constraints were met.


Data Sheet report:
-----------------
All values displayed in nanoseconds (ns)

Clock to Setup on destination clock clk_100mhz
---------------+---------+---------+---------+---------+
               | Src:Rise| Src:Fall| Src:Rise| Src:Fall|
Source Clock   |Dest:Rise|Dest:Rise|Dest:Fall|Dest:Fall|
---------------+---------+---------+---------+---------+
clk_100mhz     |    8.088|    1.578|    4.469|         |
---------------+---------+---------+---------+---------+


Timing summary:
---------------

Timing errors: 0  Score: 0  (Setup/Max: 0, Hold: 0)

Constraints cover 253652 paths, 0 nets, and 4277 connections

Design statistics:
   Minimum period:   8.938ns{1}   (Maximum frequency: 111.882MHz)


------------------------------------Footnotes-----------------------------------
1)  The minimum period statistic assumes all single cycle delays.

Analysis completed Fri Dec 14 11:43:04 2018 
--------------------------------------------------------------------------------

Trace Settings:
-------------------------
Trace Settings 

Peak Memory Usage: 774 MB



