Release 14.7 Map P.20131013 (nt64)
Xilinx Mapping Report File for Design 'framework'

Design Information
------------------
Command Line   : map -intstyle ise -p xc7k160t-ffg676-2L -w -logic_opt off -ol
high -t 1 -xt 0 -register_duplication off -r 4 -mt off -ir off -pr off -lc off
-power off -o framework_map.ncd framework.ngd framework.pcf 
Target Device  : xc7k160t
Target Package : ffg676
Target Speed   : -2l
Mapper Version : kintex7 -- $Revision: 1.55 $
Mapped Date    : Tue Apr 17 16:14:53 2018

Design Summary
--------------
Number of errors:      0
Number of warnings:    1
Slice Logic Utilization:
  Number of Slice Registers:                   560 out of 202,800    1%
    Number used as Flip Flops:                 560
    Number used as Latches:                      0
    Number used as Latch-thrus:                  0
    Number used as AND/OR logics:                0
  Number of Slice LUTs:                      1,825 out of 101,400    1%
    Number used as logic:                    1,814 out of 101,400    1%
      Number using O6 output only:           1,507
      Number using O5 output only:             125
      Number using O5 and O6:                  182
      Number used as ROM:                        0
    Number used as Memory:                       0 out of  35,000    0%
    Number used exclusively as route-thrus:     11
      Number with same-slice register load:      0
      Number with same-slice carry load:        11
      Number with other load:                    0

Slice Logic Distribution:
  Number of occupied Slices:                   673 out of  25,350    2%
  Number of LUT Flip Flop pairs used:        1,851
    Number with an unused Flip Flop:         1,298 out of   1,851   70%
    Number with an unused LUT:                  26 out of   1,851    1%
    Number of fully used LUT-FF pairs:         527 out of   1,851   28%
    Number of unique control sets:              20
    Number of slice register sites lost
      to control set restrictions:              80 out of 202,800    1%

  A LUT Flip Flop pair for this architecture represents one LUT paired with
  one Flip Flop within a slice.  A control set is a unique combination of
  clock, reset, set, and enable signals for a registered element.
  The Slice Logic Distribution report is not meaningful if the design is
  over-mapped for a non-slice resource or if Placement fails.
  OVERMAPPING of BRAM resources should be ignored if the design is
  over-mapped for a non-BRAM resource or if placement fails.

IO Utilization:
  Number of bonded IOBs:                        59 out of     400   14%
    Number of LOCed IOBs:                       59 out of      59  100%

Specific Feature Utilization:
  Number of RAMB36E1/FIFO36E1s:                  1 out of     325    1%
    Number using RAMB36E1 only:                  1
    Number using FIFO36E1 only:                  0
  Number of RAMB18E1/FIFO18E1s:                  0 out of     650    0%
  Number of BUFG/BUFGCTRLs:                      4 out of      32   12%
    Number used as BUFGs:                        4
    Number used as BUFGCTRLs:                    0
  Number of IDELAYE2/IDELAYE2_FINEDELAYs:        0 out of     400    0%
  Number of ILOGICE2/ILOGICE3/ISERDESE2s:        0 out of     400    0%
  Number of ODELAYE2/ODELAYE2_FINEDELAYs:        0 out of     150    0%
  Number of OLOGICE2/OLOGICE3/OSERDESE2s:        5 out of     400    1%
    Number used as OLOGICE2s:                    5
    Number used as OLOGICE3s:                    0
    Number used as OSERDESE2s:                   0
  Number of PHASER_IN/PHASER_IN_PHYs:            0 out of      32    0%
  Number of PHASER_OUT/PHASER_OUT_PHYs:          0 out of      32    0%
  Number of BSCANs:                              0 out of       4    0%
  Number of BUFHCEs:                             0 out of     120    0%
  Number of BUFRs:                               0 out of      32    0%
  Number of CAPTUREs:                            0 out of       1    0%
  Number of DNA_PORTs:                           0 out of       1    0%
  Number of DSP48E1s:                            0 out of     600    0%
  Number of EFUSE_USRs:                          0 out of       1    0%
  Number of FRAME_ECCs:                          0 out of       1    0%
  Number of GTXE2_CHANNELs:                      0 out of       8    0%
  Number of GTXE2_COMMONs:                       0 out of       2    0%
  Number of IBUFDS_GTE2s:                        0 out of       4    0%
  Number of ICAPs:                               0 out of       2    0%
  Number of IDELAYCTRLs:                         0 out of       8    0%
  Number of IN_FIFOs:                            0 out of      32    0%
  Number of MMCME2_ADVs:                         0 out of       8    0%
  Number of OUT_FIFOs:                           0 out of      32    0%
  Number of PCIE_2_1s:                           0 out of       1    0%
  Number of PHASER_REFs:                         0 out of       8    0%
  Number of PHY_CONTROLs:                        0 out of       8    0%
  Number of PLLE2_ADVs:                          0 out of       8    0%
  Number of STARTUPs:                            0 out of       1    0%
  Number of XADCs:                               0 out of       1    0%

Average Fanout of Non-Clock Nets:                3.92

Peak Memory Usage:  1063 MB
Total REAL time to MAP completion:  41 secs 
Total CPU time to MAP completion:   39 secs 

Table of Contents
-----------------
Section 1 - Errors
Section 2 - Warnings
Section 3 - Informational
Section 4 - Removed Logic Summary
Section 5 - Removed Logic
Section 6 - IOB Properties
Section 7 - RPMs
Section 8 - Guide Report
Section 9 - Area Group and Partition Summary
Section 10 - Timing Report
Section 11 - Configuration String Information
Section 12 - Control Set Information
Section 13 - Utilization by Hierarchy

Section 1 - Errors
------------------

Section 2 - Warnings
--------------------
WARNING:PhysDesignRules:372 - Gated clock. Clock net XLXI_51/push is sourced by
   a combinatorial pin. This is not good design practice. Use the CE pin to
   control the loading of data into the flip-flop.

Section 3 - Informational
-------------------------
INFO:LIT:243 - Logical network XLXI_65/GPIOf0<13> has no load.
INFO:LIT:395 - The above info message is repeated 38 more times for the
   following (max. 5 shown):
   XLXI_65/GPIOf0<12>,
   XLXI_65/GPIOf0<11>,
   XLXI_65/GPIOf0<10>,
   XLXI_65/GPIOf0<9>,
   XLXI_65/GPIOf0<8>
   To see the details of these info messages, please use the -detail switch.
INFO:LIT:244 - All of the single ended outputs in this design are using slew
   rate limited output drivers. The delay on speed critical single ended outputs
   can be dramatically reduced by designating them as fast outputs.
INFO:Pack:1716 - Initializing temperature to 100.000 Celsius. (default - Range:
   0.000 to 100.000 Celsius)
INFO:Pack:1720 - Initializing voltage to 0.970 Volts. (default - Range: 0.970 to
   1.030 Volts)
INFO:Map:215 - The Interim Design Summary has been generated in the MAP Report
   (.mrp).
INFO:Pack:1650 - Map created a placed design.

Section 4 - Removed Logic Summary
---------------------------------
 368 block(s) removed
 294 block(s) optimized away
 362 signal(s) removed

Section 5 - Removed Logic
-------------------------

The trimmed logic report below shows the logic removed from your design due to
sourceless or loadless signals, and VCC or ground connections.  If the removal
of a signal or symbol results in the subsequent removal of an additional signal
or symbol, the message explaining that second removal will be indented.  This
indentation will be repeated as a chain of related logic is removed.

To quickly locate the original cause for the removal of a chain of logic, look
above the place where that logic is listed in the trimming report, then locate
the lines that are least indented (begin at the leftmost edge).

Loadless block "XLXI_55/M2/XLXI_15/XLXI_10" (OR) removed.
 The signal "XLXI_55/M2/XLXI_15/XLXN_4" is loadless and has been removed.
  Loadless block "XLXI_55/M2/XLXI_15/XLXI_9" (AND) removed.
   The signal "XLXI_55/M2/XLXI_15/O1<1>" is loadless and has been removed.
    Loadless block "XLXI_55/M2/XLXI_15/XLXI_2/XLXI_10" (OR) removed.
     The signal "XLXI_55/M2/XLXI_15/XLXI_2/XLXN_9" is loadless and has been removed.
      Loadless block "XLXI_55/M2/XLXI_15/XLXI_2/XLXI_9" (AND) removed.
       The signal "XLXI_55/M2/XLXI_15/XLXI_2/XLXN_62" is loadless and has been removed.
        Loadless block "XLXI_55/M2/XLXI_15/XLXI_2/XLXI_41" (AND) removed.
     The signal "XLXI_55/M2/XLXI_15/XLXI_2/XLXN_8" is loadless and has been removed.
      Loadless block "XLXI_55/M2/XLXI_15/XLXI_2/XLXI_8" (AND) removed.
       The signal "XLXI_55/M2/XLXI_15/XLXI_2/XLXN_58" is loadless and has been removed.
        Loadless block "XLXI_55/M2/XLXI_15/XLXI_2/XLXI_40" (AND) removed.
         The signal "XLXI_55/M2/XLXI_15/XLXI_2/XLXN_43" is loadless and has been removed.
          Loadless block "XLXI_55/M2/XLXI_15/XLXI_2/XLXI_37" (BUF) removed.
     The signal "XLXI_55/M2/XLXI_15/XLXI_2/XLXN_7" is loadless and has been removed.
      Loadless block "XLXI_55/M2/XLXI_15/XLXI_2/XLXI_7" (AND) removed.
       The signal "XLXI_55/M2/XLXI_15/XLXI_2/XLXN_54" is loadless and has been removed.
        Loadless block "XLXI_55/M2/XLXI_15/XLXI_2/XLXI_39" (AND) removed.
         The signal "XLXI_55/M2/XLXI_15/XLXI_2/XLXN_41" is loadless and has been removed.
          Loadless block "XLXI_55/M2/XLXI_15/XLXI_2/XLXI_36" (BUF) removed.
     The signal "XLXI_55/M2/XLXI_15/XLXI_2/XLXN_6" is loadless and has been removed.
      Loadless block "XLXI_55/M2/XLXI_15/XLXI_2/XLXI_6" (AND) removed.
       The signal "XLXI_55/M2/XLXI_15/XLXI_2/XLXN_50" is loadless and has been removed.
        Loadless block "XLXI_55/M2/XLXI_15/XLXI_2/XLXI_38" (AND) removed.
 The signal "XLXI_55/M2/XLXI_15/XLXN_3" is loadless and has been removed.
  Loadless block "XLXI_55/M2/XLXI_15/XLXI_8" (AND) removed.
   The signal "XLXI_55/M2/XLXI_15/O0<1>" is loadless and has been removed.
    Loadless block "XLXI_55/M2/XLXI_15/XLXI_1/XLXI_10" (OR) removed.
     The signal "XLXI_55/M2/XLXI_15/XLXI_1/XLXN_9" is loadless and has been removed.
      Loadless block "XLXI_55/M2/XLXI_15/XLXI_1/XLXI_9" (AND) removed.
       The signal "XLXI_55/M2/XLXI_15/XLXI_1/XLXN_62" is loadless and has been removed.
        Loadless block "XLXI_55/M2/XLXI_15/XLXI_1/XLXI_41" (AND) removed.
     The signal "XLXI_55/M2/XLXI_15/XLXI_1/XLXN_8" is loadless and has been removed.
      Loadless block "XLXI_55/M2/XLXI_15/XLXI_1/XLXI_8" (AND) removed.
       The signal "XLXI_55/M2/XLXI_15/XLXI_1/XLXN_58" is loadless and has been removed.
        Loadless block "XLXI_55/M2/XLXI_15/XLXI_1/XLXI_40" (AND) removed.
         The signal "XLXI_55/M2/XLXI_15/XLXI_1/XLXN_43" is loadless and has been removed.
          Loadless block "XLXI_55/M2/XLXI_15/XLXI_1/XLXI_37" (BUF) removed.
     The signal "XLXI_55/M2/XLXI_15/XLXI_1/XLXN_7" is loadless and has been removed.
      Loadless block "XLXI_55/M2/XLXI_15/XLXI_1/XLXI_7" (AND) removed.
       The signal "XLXI_55/M2/XLXI_15/XLXI_1/XLXN_54" is loadless and has been removed.
        Loadless block "XLXI_55/M2/XLXI_15/XLXI_1/XLXI_39" (AND) removed.
         The signal "XLXI_55/M2/XLXI_15/XLXI_1/XLXN_41" is loadless and has been removed.
          Loadless block "XLXI_55/M2/XLXI_15/XLXI_1/XLXI_36" (BUF) removed.
     The signal "XLXI_55/M2/XLXI_15/XLXI_1/XLXN_6" is loadless and has been removed.
      Loadless block "XLXI_55/M2/XLXI_15/XLXI_1/XLXI_6" (AND) removed.
       The signal "XLXI_55/M2/XLXI_15/XLXI_1/XLXN_50" is loadless and has been removed.
        Loadless block "XLXI_55/M2/XLXI_15/XLXI_1/XLXI_38" (AND) removed.
Loadless block "XLXI_55/M2/XLXI_15/XLXI_13" (OR) removed.
 The signal "XLXI_55/M2/XLXI_15/XLXN_6" is loadless and has been removed.
  Loadless block "XLXI_55/M2/XLXI_15/XLXI_12" (AND) removed.
   The signal "XLXI_55/M2/XLXI_15/O1<2>" is loadless and has been removed.
    Loadless block "XLXI_55/M2/XLXI_15/XLXI_2/XLXI_15" (OR) removed.
     The signal "XLXI_55/M2/XLXI_15/XLXI_2/XLXN_13" is loadless and has been removed.
      Loadless block "XLXI_55/M2/XLXI_15/XLXI_2/XLXI_14" (AND) removed.
     The signal "XLXI_55/M2/XLXI_15/XLXI_2/XLXN_12" is loadless and has been removed.
      Loadless block "XLXI_55/M2/XLXI_15/XLXI_2/XLXI_13" (AND) removed.
     The signal "XLXI_55/M2/XLXI_15/XLXI_2/XLXN_11" is loadless and has been removed.
      Loadless block "XLXI_55/M2/XLXI_15/XLXI_2/XLXI_12" (AND) removed.
     The signal "XLXI_55/M2/XLXI_15/XLXI_2/XLXN_10" is loadless and has been removed.
      Loadless block "XLXI_55/M2/XLXI_15/XLXI_2/XLXI_11" (AND) removed.
 The signal "XLXI_55/M2/XLXI_15/XLXN_5" is loadless and has been removed.
  Loadless block "XLXI_55/M2/XLXI_15/XLXI_11" (AND) removed.
   The signal "XLXI_55/M2/XLXI_15/O0<2>" is loadless and has been removed.
    Loadless block "XLXI_55/M2/XLXI_15/XLXI_1/XLXI_15" (OR) removed.
     The signal "XLXI_55/M2/XLXI_15/XLXI_1/XLXN_13" is loadless and has been removed.
      Loadless block "XLXI_55/M2/XLXI_15/XLXI_1/XLXI_14" (AND) removed.
     The signal "XLXI_55/M2/XLXI_15/XLXI_1/XLXN_12" is loadless and has been removed.
      Loadless block "XLXI_55/M2/XLXI_15/XLXI_1/XLXI_13" (AND) removed.
     The signal "XLXI_55/M2/XLXI_15/XLXI_1/XLXN_11" is loadless and has been removed.
      Loadless block "XLXI_55/M2/XLXI_15/XLXI_1/XLXI_12" (AND) removed.
     The signal "XLXI_55/M2/XLXI_15/XLXI_1/XLXN_10" is loadless and has been removed.
      Loadless block "XLXI_55/M2/XLXI_15/XLXI_1/XLXI_11" (AND) removed.
Loadless block "XLXI_55/M2/XLXI_15/XLXI_16" (OR) removed.
 The signal "XLXI_55/M2/XLXI_15/XLXN_8" is loadless and has been removed.
  Loadless block "XLXI_55/M2/XLXI_15/XLXI_15" (AND) removed.
   The signal "XLXI_55/M2/XLXI_15/O1<3>" is loadless and has been removed.
    Loadless block "XLXI_55/M2/XLXI_15/XLXI_2/XLXI_35" (OR) removed.
     The signal "XLXI_55/M2/XLXI_15/XLXI_2/XLXN_29" is loadless and has been removed.
      Loadless block "XLXI_55/M2/XLXI_15/XLXI_2/XLXI_34" (AND) removed.
     The signal "XLXI_55/M2/XLXI_15/XLXI_2/XLXN_28" is loadless and has been removed.
      Loadless block "XLXI_55/M2/XLXI_15/XLXI_2/XLXI_33" (AND) removed.
     The signal "XLXI_55/M2/XLXI_15/XLXI_2/XLXN_27" is loadless and has been removed.
      Loadless block "XLXI_55/M2/XLXI_15/XLXI_2/XLXI_32" (AND) removed.
     The signal "XLXI_55/M2/XLXI_15/XLXI_2/XLXN_26" is loadless and has been removed.
      Loadless block "XLXI_55/M2/XLXI_15/XLXI_2/XLXI_31" (AND) removed.
 The signal "XLXI_55/M2/XLXI_15/XLXN_7" is loadless and has been removed.
  Loadless block "XLXI_55/M2/XLXI_15/XLXI_14" (AND) removed.
   The signal "XLXI_55/M2/XLXI_15/O0<3>" is loadless and has been removed.
    Loadless block "XLXI_55/M2/XLXI_15/XLXI_1/XLXI_35" (OR) removed.
     The signal "XLXI_55/M2/XLXI_15/XLXI_1/XLXN_29" is loadless and has been removed.
      Loadless block "XLXI_55/M2/XLXI_15/XLXI_1/XLXI_34" (AND) removed.
     The signal "XLXI_55/M2/XLXI_15/XLXI_1/XLXN_28" is loadless and has been removed.
      Loadless block "XLXI_55/M2/XLXI_15/XLXI_1/XLXI_33" (AND) removed.
     The signal "XLXI_55/M2/XLXI_15/XLXI_1/XLXN_27" is loadless and has been removed.
      Loadless block "XLXI_55/M2/XLXI_15/XLXI_1/XLXI_32" (AND) removed.
     The signal "XLXI_55/M2/XLXI_15/XLXI_1/XLXN_26" is loadless and has been removed.
      Loadless block "XLXI_55/M2/XLXI_15/XLXI_1/XLXI_31" (AND) removed.
Loadless block "XLXI_55/M2/XLXI_15/XLXI_7" (OR) removed.
 The signal "XLXI_55/M2/XLXI_15/XLXN_2" is loadless and has been removed.
  Loadless block "XLXI_55/M2/XLXI_15/XLXI_6" (AND) removed.
   The signal "XLXI_55/M2/XLXI_15/O1<0>" is loadless and has been removed.
    Loadless block "XLXI_55/M2/XLXI_15/XLXI_2/XLXI_5" (OR) removed.
     The signal "XLXI_55/M2/XLXI_15/XLXI_2/XLXN_5" is loadless and has been removed.
      Loadless block "XLXI_55/M2/XLXI_15/XLXI_2/XLXI_4" (AND) removed.
     The signal "XLXI_55/M2/XLXI_15/XLXI_2/XLXN_4" is loadless and has been removed.
      Loadless block "XLXI_55/M2/XLXI_15/XLXI_2/XLXI_3" (AND) removed.
     The signal "XLXI_55/M2/XLXI_15/XLXI_2/XLXN_2" is loadless and has been removed.
      Loadless block "XLXI_55/M2/XLXI_15/XLXI_2/XLXI_2" (AND) removed.
     The signal "XLXI_55/M2/XLXI_15/XLXI_2/XLXN_1" is loadless and has been removed.
      Loadless block "XLXI_55/M2/XLXI_15/XLXI_2/XLXI_1" (AND) removed.
 The signal "XLXI_55/M2/XLXI_15/XLXN_1" is loadless and has been removed.
  Loadless block "XLXI_55/M2/XLXI_15/XLXI_5" (AND) removed.
   The signal "XLXI_55/M2/XLXI_15/O0<0>" is loadless and has been removed.
    Loadless block "XLXI_55/M2/XLXI_15/XLXI_1/XLXI_5" (OR) removed.
     The signal "XLXI_55/M2/XLXI_15/XLXI_1/XLXN_5" is loadless and has been removed.
      Loadless block "XLXI_55/M2/XLXI_15/XLXI_1/XLXI_4" (AND) removed.
     The signal "XLXI_55/M2/XLXI_15/XLXI_1/XLXN_4" is loadless and has been removed.
      Loadless block "XLXI_55/M2/XLXI_15/XLXI_1/XLXI_3" (AND) removed.
     The signal "XLXI_55/M2/XLXI_15/XLXI_1/XLXN_2" is loadless and has been removed.
      Loadless block "XLXI_55/M2/XLXI_15/XLXI_1/XLXI_2" (AND) removed.
     The signal "XLXI_55/M2/XLXI_15/XLXI_1/XLXN_1" is loadless and has been removed.
      Loadless block "XLXI_55/M2/XLXI_15/XLXI_1/XLXI_1" (AND) removed.
Loadless block "XLXI_55/M2/XLXI_16/XLXI_19" (OR) removed.
 The signal "XLXI_55/M2/XLXI_16/XLXN_10" is loadless and has been removed.
  Loadless block "XLXI_55/M2/XLXI_16/XLXI_18" (AND) removed.
   The signal "XLXI_55/M2/XLXI_16/O3<0>" is loadless and has been removed.
    Loadless block "XLXI_55/M2/XLXI_16/XLXI_4/XLXI_5" (OR) removed.
     The signal "XLXI_55/M2/XLXI_16/XLXI_4/XLXN_5" is loadless and has been removed.
      Loadless block "XLXI_55/M2/XLXI_16/XLXI_4/XLXI_4" (AND) removed.
     The signal "XLXI_55/M2/XLXI_16/XLXI_4/XLXN_4" is loadless and has been removed.
      Loadless block "XLXI_55/M2/XLXI_16/XLXI_4/XLXI_3" (AND) removed.
     The signal "XLXI_55/M2/XLXI_16/XLXI_4/XLXN_2" is loadless and has been removed.
      Loadless block "XLXI_55/M2/XLXI_16/XLXI_4/XLXI_2" (AND) removed.
     The signal "XLXI_55/M2/XLXI_16/XLXI_4/XLXN_1" is loadless and has been removed.
      Loadless block "XLXI_55/M2/XLXI_16/XLXI_4/XLXI_1" (AND) removed.
 The signal "XLXI_55/M2/XLXI_16/XLXN_9" is loadless and has been removed.
  Loadless block "XLXI_55/M2/XLXI_16/XLXI_17" (AND) removed.
   The signal "XLXI_55/M2/XLXI_16/O2<0>" is loadless and has been removed.
    Loadless block "XLXI_55/M2/XLXI_16/XLXI_3/XLXI_5" (OR) removed.
     The signal "XLXI_55/M2/XLXI_16/XLXI_3/XLXN_5" is loadless and has been removed.
      Loadless block "XLXI_55/M2/XLXI_16/XLXI_3/XLXI_4" (AND) removed.
     The signal "XLXI_55/M2/XLXI_16/XLXI_3/XLXN_4" is loadless and has been removed.
      Loadless block "XLXI_55/M2/XLXI_16/XLXI_3/XLXI_3" (AND) removed.
     The signal "XLXI_55/M2/XLXI_16/XLXI_3/XLXN_2" is loadless and has been removed.
      Loadless block "XLXI_55/M2/XLXI_16/XLXI_3/XLXI_2" (AND) removed.
     The signal "XLXI_55/M2/XLXI_16/XLXI_3/XLXN_1" is loadless and has been removed.
      Loadless block "XLXI_55/M2/XLXI_16/XLXI_3/XLXI_1" (AND) removed.
Loadless block "XLXI_55/M2/XLXI_16/XLXI_22" (OR) removed.
 The signal "XLXI_55/M2/XLXI_16/XLXN_12" is loadless and has been removed.
  Loadless block "XLXI_55/M2/XLXI_16/XLXI_21" (AND) removed.
   The signal "XLXI_55/M2/XLXI_16/O3<1>" is loadless and has been removed.
    Loadless block "XLXI_55/M2/XLXI_16/XLXI_4/XLXI_10" (OR) removed.
     The signal "XLXI_55/M2/XLXI_16/XLXI_4/XLXN_9" is loadless and has been removed.
      Loadless block "XLXI_55/M2/XLXI_16/XLXI_4/XLXI_9" (AND) removed.
     The signal "XLXI_55/M2/XLXI_16/XLXI_4/XLXN_8" is loadless and has been removed.
      Loadless block "XLXI_55/M2/XLXI_16/XLXI_4/XLXI_8" (AND) removed.
     The signal "XLXI_55/M2/XLXI_16/XLXI_4/XLXN_7" is loadless and has been removed.
      Loadless block "XLXI_55/M2/XLXI_16/XLXI_4/XLXI_7" (AND) removed.
     The signal "XLXI_55/M2/XLXI_16/XLXI_4/XLXN_6" is loadless and has been removed.
      Loadless block "XLXI_55/M2/XLXI_16/XLXI_4/XLXI_6" (AND) removed.
 The signal "XLXI_55/M2/XLXI_16/XLXN_11" is loadless and has been removed.
  Loadless block "XLXI_55/M2/XLXI_16/XLXI_20" (AND) removed.
   The signal "XLXI_55/M2/XLXI_16/O2<1>" is loadless and has been removed.
    Loadless block "XLXI_55/M2/XLXI_16/XLXI_3/XLXI_10" (OR) removed.
     The signal "XLXI_55/M2/XLXI_16/XLXI_3/XLXN_9" is loadless and has been removed.
      Loadless block "XLXI_55/M2/XLXI_16/XLXI_3/XLXI_9" (AND) removed.
     The signal "XLXI_55/M2/XLXI_16/XLXI_3/XLXN_8" is loadless and has been removed.
      Loadless block "XLXI_55/M2/XLXI_16/XLXI_3/XLXI_8" (AND) removed.
     The signal "XLXI_55/M2/XLXI_16/XLXI_3/XLXN_7" is loadless and has been removed.
      Loadless block "XLXI_55/M2/XLXI_16/XLXI_3/XLXI_7" (AND) removed.
     The signal "XLXI_55/M2/XLXI_16/XLXI_3/XLXN_6" is loadless and has been removed.
      Loadless block "XLXI_55/M2/XLXI_16/XLXI_3/XLXI_6" (AND) removed.
The signal "XLXI_50/_n0225_inv1_cepot1" is sourceless and has been removed.
 Sourceless block "XLXI_50/Key_out_0" (FF) removed.
  The signal "XLXN_12<0>" is sourceless and has been removed.
   Sourceless block "XLXI_50/Key_x[4]_Key_out[4]_select_75_OUT<0>" (ROM) removed.
    The signal "XLXI_50/Key_x[4]_Key_out[4]_select_75_OUT<0>" is sourceless and has
been removed.
     Sourceless block "XLXI_50/Key_out_0_dpot" (ROM) removed.
      The signal "XLXI_50/Key_out_0_dpot" is sourceless and has been removed.
   Sourceless block "XLXI_51/Ai_0_rstpot" (ROM) removed.
    The signal "XLXI_51/Ai_0_rstpot" is sourceless and has been removed.
     Sourceless block "XLXI_51/Ai_0" (FF) removed.
      The signal "XLXI_51/Ai<0>" is sourceless and has been removed.
       Sourceless block "XLXI_51/Mmux_Ai[31]_Ai[31]_mux_48_OUT231" (ROM) removed.
        The signal "XLXI_51/Ai[31]_Ai[31]_mux_48_OUT<2>" is sourceless and has been
removed.
         Sourceless block "XLXI_51/Ai_2_rstpot" (ROM) removed.
          The signal "XLXI_51/Ai_2_rstpot" is sourceless and has been removed.
           Sourceless block "XLXI_51/Ai_2" (FF) removed.
            The signal "XLXI_51/Ai<2>" is sourceless and has been removed.
             Sourceless block "XLXI_51/Mmux_Ai[31]_Ai[31]_mux_48_OUT291" (ROM) removed.
              The signal "XLXI_51/Ai[31]_Ai[31]_mux_48_OUT<6>" is sourceless and has been
removed.
               Sourceless block "XLXI_51/Ai_6_rstpot" (ROM) removed.
                The signal "XLXI_51/Ai_6_rstpot" is sourceless and has been removed.
                 Sourceless block "XLXI_51/Ai_6" (FF) removed.
                  The signal "XLXI_51/Ai<6>" is sourceless and has been removed.
                   Sourceless block "XLXI_51/Mmux_Ai[31]_Ai[31]_mux_48_OUT21" (ROM) removed.
                    The signal "XLXI_51/Ai[31]_Ai[31]_mux_48_OUT<10>" is sourceless and has been
removed.
                     Sourceless block "XLXI_51/Ai_10_rstpot" (ROM) removed.
                      The signal "XLXI_51/Ai_10_rstpot" is sourceless and has been removed.
                       Sourceless block "XLXI_51/Ai_10" (FF) removed.
                        The signal "XLXI_51/Ai<10>" is sourceless and has been removed.
                         Sourceless block "XLXI_51/Mmux_Ai[31]_Ai[31]_mux_48_OUT61" (ROM) removed.
                          The signal "XLXI_51/Ai[31]_Ai[31]_mux_48_OUT<14>" is sourceless and has been
removed.
                           Sourceless block "XLXI_51/Ai_14_rstpot" (ROM) removed.
                            The signal "XLXI_51/Ai_14_rstpot" is sourceless and has been removed.
                             Sourceless block "XLXI_51/Ai_14" (FF) removed.
                              The signal "XLXI_51/Ai<14>" is sourceless and has been removed.
                               Sourceless block "XLXI_51/Mmux_Ai[31]_Ai[31]_mux_48_OUT101" (ROM) removed.
                                The signal "XLXI_51/Ai[31]_Ai[31]_mux_48_OUT<18>" is sourceless and has been
removed.
                                 Sourceless block "XLXI_51/Ai_18_rstpot" (ROM) removed.
                                  The signal "XLXI_51/Ai_18_rstpot" is sourceless and has been removed.
                                   Sourceless block "XLXI_51/Ai_18" (FF) removed.
                                    The signal "XLXI_51/Ai<18>" is sourceless and has been removed.
                                     Sourceless block "XLXI_51/Mmux_Ai[31]_Ai[31]_mux_48_OUT151" (ROM) removed.
                                      The signal "XLXI_51/Ai[31]_Ai[31]_mux_48_OUT<22>" is sourceless and has been
removed.
                                       Sourceless block "XLXI_51/Ai_22_rstpot" (ROM) removed.
                                        The signal "XLXI_51/Ai_22_rstpot" is sourceless and has been removed.
                                         Sourceless block "XLXI_51/Ai_22" (FF) removed.
                                          The signal "XLXI_51/Ai<22>" is sourceless and has been removed.
                                           Sourceless block "XLXI_51/Mmux_Ai[31]_Ai[31]_mux_48_OUT191" (ROM) removed.
                                            The signal "XLXI_51/Ai[31]_Ai[31]_mux_48_OUT<26>" is sourceless and has been
removed.
                                             Sourceless block "XLXI_51/Ai_26_rstpot" (ROM) removed.
                                              The signal "XLXI_51/Ai_26_rstpot" is sourceless and has been removed.
                                               Sourceless block "XLXI_51/Ai_26" (FF) removed.
                                                The signal "XLXI_51/Ai<26>" is sourceless and has been removed.
                                                 Sourceless block "XLXI_51/Mmux_Ai[31]_Ai[31]_mux_48_OUT241" (ROM) removed.
*The signal "XLXI_51/Ai[31]_Ai[31]_mux_48_OUT<30>" is sourceless and has been
removed.
* Sourceless block "XLXI_51/Ai_30_rstpot" (ROM) removed.
*  The signal "XLXI_51/Ai_30_rstpot" is sourceless and has been removed.
*   Sourceless block "XLXI_51/Ai_30" (FF) removed.
*    The signal "XLXI_51/Ai<30>" is sourceless and has been removed.
*     Sourceless block "XLXI_51/Mmux_Ai[31]_Ai[31]_mux_48_OUT25" (ROM) removed.
*      The signal "XLXI_51/Ai[31]_Ai[31]_mux_48_OUT<31>" is sourceless and has been
removed.
*       Sourceless block "XLXI_51/Ai_31" (FF) removed.
*        The signal "XLXI_51/Ai<31>" is sourceless and has been removed.
                                                 Sourceless block "XLXI_51/Mmux_Ai[31]_Ai[31]_mux_48_OUT20" (ROM) removed.
*The signal "XLXI_51/Ai[31]_Ai[31]_mux_48_OUT<27>" is sourceless and has been
removed.
* Sourceless block "XLXI_51/Ai_27" (FF) removed.
*  The signal "XLXI_51/Ai<27>" is sourceless and has been removed.
                                           Sourceless block "XLXI_51/Mmux_Ai[31]_Ai[31]_mux_48_OUT16" (ROM) removed.
                                            The signal "XLXI_51/Ai[31]_Ai[31]_mux_48_OUT<23>" is sourceless and has been
removed.
                                             Sourceless block "XLXI_51/Ai_23" (FF) removed.
                                              The signal "XLXI_51/Ai<23>" is sourceless and has been removed.
                                     Sourceless block "XLXI_51/Mmux_Ai[31]_Ai[31]_mux_48_OUT11" (ROM) removed.
                                      The signal "XLXI_51/Ai[31]_Ai[31]_mux_48_OUT<19>" is sourceless and has been
removed.
                                       Sourceless block "XLXI_51/Ai_19" (FF) removed.
                                        The signal "XLXI_51/Ai<19>" is sourceless and has been removed.
                               Sourceless block "XLXI_51/Mmux_Ai[31]_Ai[31]_mux_48_OUT7" (ROM) removed.
                                The signal "XLXI_51/Ai[31]_Ai[31]_mux_48_OUT<15>" is sourceless and has been
removed.
                                 Sourceless block "XLXI_51/Ai_15" (FF) removed.
                                  The signal "XLXI_51/Ai<15>" is sourceless and has been removed.
                         Sourceless block "XLXI_51/Mmux_Ai[31]_Ai[31]_mux_48_OUT3_SW0" (ROM) removed.
                          The signal "XLXI_51/N01" is sourceless and has been removed.
                           Sourceless block "XLXI_51/Mmux_Ai[31]_Ai[31]_mux_48_OUT3" (ROM) removed.
                            The signal "XLXI_51/Ai[31]_Ai[31]_mux_48_OUT<11>" is sourceless and has been
removed.
                             Sourceless block "XLXI_51/Ai_11" (FF) removed.
                              The signal "XLXI_51/Ai<11>" is sourceless and has been removed.
                   Sourceless block "XLXI_51/Mmux_Ai[31]_Ai[31]_mux_48_OUT30" (ROM) removed.
                    The signal "XLXI_51/Ai[31]_Ai[31]_mux_48_OUT<7>" is sourceless and has been
removed.
                     Sourceless block "XLXI_51/Ai_7" (FF) removed.
                      The signal "XLXI_51/Ai<7>" is sourceless and has been removed.
             Sourceless block "XLXI_51/Mmux_Ai[31]_Ai[31]_mux_48_OUT26" (ROM) removed.
              The signal "XLXI_51/Ai[31]_Ai[31]_mux_48_OUT<3>" is sourceless and has been
removed.
               Sourceless block "XLXI_51/Ai_3" (FF) removed.
                The signal "XLXI_51/Ai<3>" is sourceless and has been removed.
       Sourceless block "XLXI_51/Mmux_Ai[31]_Ai[31]_mux_48_OUT26_SW0" (ROM) removed.
        The signal "XLXI_51/N12" is sourceless and has been removed.
       Sourceless block "XLXI_51/Ai_4_rstpot" (ROM) removed.
        The signal "XLXI_51/Ai_4_rstpot" is sourceless and has been removed.
         Sourceless block "XLXI_51/Ai_4" (FF) removed.
          The signal "XLXI_51/Ai<4>" is sourceless and has been removed.
           Sourceless block "XLXI_51/Mmux_Ai[31]_Ai[31]_mux_48_OUT30_SW0" (ROM) removed.
            The signal "XLXI_51/N14" is sourceless and has been removed.
           Sourceless block "XLXI_51/Ai_8_rstpot" (ROM) removed.
            The signal "XLXI_51/Ai_8_rstpot" is sourceless and has been removed.
             Sourceless block "XLXI_51/Ai_8" (FF) removed.
              The signal "XLXI_51/Ai<8>" is sourceless and has been removed.
               Sourceless block "XLXI_51/Ai_12_rstpot" (ROM) removed.
                The signal "XLXI_51/Ai_12_rstpot" is sourceless and has been removed.
                 Sourceless block "XLXI_51/Ai_12" (FF) removed.
                  The signal "XLXI_51/Ai<12>" is sourceless and has been removed.
                   Sourceless block "XLXI_51/Mmux_Ai[31]_Ai[31]_mux_48_OUT7_SW0" (ROM) removed.
                    The signal "XLXI_51/N2" is sourceless and has been removed.
                   Sourceless block "XLXI_51/Ai_16_rstpot" (ROM) removed.
                    The signal "XLXI_51/Ai_16_rstpot" is sourceless and has been removed.
                     Sourceless block "XLXI_51/Ai_16" (FF) removed.
                      The signal "XLXI_51/Ai<16>" is sourceless and has been removed.
                       Sourceless block "XLXI_51/Mmux_Ai[31]_Ai[31]_mux_48_OUT11_SW0" (ROM) removed.
                        The signal "XLXI_51/N4" is sourceless and has been removed.
                       Sourceless block "XLXI_51/Ai_20_rstpot" (ROM) removed.
                        The signal "XLXI_51/Ai_20_rstpot" is sourceless and has been removed.
                         Sourceless block "XLXI_51/Ai_20" (FF) removed.
                          The signal "XLXI_51/Ai<20>" is sourceless and has been removed.
                           Sourceless block "XLXI_51/Mmux_Ai[31]_Ai[31]_mux_48_OUT16_SW0" (ROM) removed.
                            The signal "XLXI_51/N6" is sourceless and has been removed.
                           Sourceless block "XLXI_51/Ai_24_rstpot" (ROM) removed.
                            The signal "XLXI_51/Ai_24_rstpot" is sourceless and has been removed.
                             Sourceless block "XLXI_51/Ai_24" (FF) removed.
                              The signal "XLXI_51/Ai<24>" is sourceless and has been removed.
                               Sourceless block "XLXI_51/Mmux_Ai[31]_Ai[31]_mux_48_OUT20_SW0" (ROM) removed.
                                The signal "XLXI_51/N8" is sourceless and has been removed.
                               Sourceless block "XLXI_51/Ai_28_rstpot" (ROM) removed.
                                The signal "XLXI_51/Ai_28_rstpot" is sourceless and has been removed.
                                 Sourceless block "XLXI_51/Ai_28" (FF) removed.
                                  The signal "XLXI_51/Ai<28>" is sourceless and has been removed.
                                   Sourceless block "XLXI_51/Mmux_Ai[31]_Ai[31]_mux_48_OUT25_SW0" (ROM) removed.
                                    The signal "XLXI_51/N10" is sourceless and has been removed.
                                   Sourceless block "XLXI_51/Ai_29_rstpot" (ROM) removed.
                                    The signal "XLXI_51/Ai_29_rstpot" is sourceless and has been removed.
                                     Sourceless block "XLXI_51/Ai_29" (FF) removed.
                                      The signal "XLXI_51/Ai<29>" is sourceless and has been removed.
                               Sourceless block "XLXI_51/Ai_25_rstpot" (ROM) removed.
                                The signal "XLXI_51/Ai_25_rstpot" is sourceless and has been removed.
                                 Sourceless block "XLXI_51/Ai_25" (FF) removed.
                                  The signal "XLXI_51/Ai<25>" is sourceless and has been removed.
                           Sourceless block "XLXI_51/Ai_21_rstpot" (ROM) removed.
                            The signal "XLXI_51/Ai_21_rstpot" is sourceless and has been removed.
                             Sourceless block "XLXI_51/Ai_21" (FF) removed.
                              The signal "XLXI_51/Ai<21>" is sourceless and has been removed.
                       Sourceless block "XLXI_51/Ai_17_rstpot" (ROM) removed.
                        The signal "XLXI_51/Ai_17_rstpot" is sourceless and has been removed.
                         Sourceless block "XLXI_51/Ai_17" (FF) removed.
                          The signal "XLXI_51/Ai<17>" is sourceless and has been removed.
                   Sourceless block "XLXI_51/Ai_13_rstpot" (ROM) removed.
                    The signal "XLXI_51/Ai_13_rstpot" is sourceless and has been removed.
                     Sourceless block "XLXI_51/Ai_13" (FF) removed.
                      The signal "XLXI_51/Ai<13>" is sourceless and has been removed.
               Sourceless block "XLXI_51/Ai_9_rstpot" (ROM) removed.
                The signal "XLXI_51/Ai_9_rstpot" is sourceless and has been removed.
                 Sourceless block "XLXI_51/Ai_9" (FF) removed.
                  The signal "XLXI_51/Ai<9>" is sourceless and has been removed.
           Sourceless block "XLXI_51/Ai_5_rstpot" (ROM) removed.
            The signal "XLXI_51/Ai_5_rstpot" is sourceless and has been removed.
             Sourceless block "XLXI_51/Ai_5" (FF) removed.
              The signal "XLXI_51/Ai<5>" is sourceless and has been removed.
       Sourceless block "XLXI_51/Ai_1_rstpot" (ROM) removed.
        The signal "XLXI_51/Ai_1_rstpot" is sourceless and has been removed.
         Sourceless block "XLXI_51/Ai_1" (FF) removed.
          The signal "XLXI_51/Ai<1>" is sourceless and has been removed.
   Sourceless block "XLXI_51/Bi_0_rstpot" (ROM) removed.
    The signal "XLXI_51/Bi_0_rstpot" is sourceless and has been removed.
     Sourceless block "XLXI_51/Bi_0" (FF) removed.
      The signal "XLXI_51/Bi<0>" is sourceless and has been removed.
       Sourceless block "XLXI_51/Mmux_Bi[31]_Bi[31]_mux_49_OUT231" (ROM) removed.
        The signal "XLXI_51/Bi[31]_Bi[31]_mux_49_OUT<2>" is sourceless and has been
removed.
         Sourceless block "XLXI_51/Bi_2_rstpot" (ROM) removed.
          The signal "XLXI_51/Bi_2_rstpot" is sourceless and has been removed.
           Sourceless block "XLXI_51/Bi_2" (FF) removed.
            The signal "XLXI_51/Bi<2>" is sourceless and has been removed.
             Sourceless block "XLXI_51/Mmux_Bi[31]_Bi[31]_mux_49_OUT291" (ROM) removed.
              The signal "XLXI_51/Bi[31]_Bi[31]_mux_49_OUT<6>" is sourceless and has been
removed.
               Sourceless block "XLXI_51/Bi_6_rstpot" (ROM) removed.
                The signal "XLXI_51/Bi_6_rstpot" is sourceless and has been removed.
                 Sourceless block "XLXI_51/Bi_6" (FF) removed.
                  The signal "XLXI_51/Bi<6>" is sourceless and has been removed.
                   Sourceless block "XLXI_51/Mmux_Bi[31]_Bi[31]_mux_49_OUT21" (ROM) removed.
                    The signal "XLXI_51/Bi[31]_Bi[31]_mux_49_OUT<10>" is sourceless and has been
removed.
                     Sourceless block "XLXI_51/Bi_10_rstpot" (ROM) removed.
                      The signal "XLXI_51/Bi_10_rstpot" is sourceless and has been removed.
                       Sourceless block "XLXI_51/Bi_10" (FF) removed.
                        The signal "XLXI_51/Bi<10>" is sourceless and has been removed.
                         Sourceless block "XLXI_51/Mmux_Bi[31]_Bi[31]_mux_49_OUT61" (ROM) removed.
                          The signal "XLXI_51/Bi[31]_Bi[31]_mux_49_OUT<14>" is sourceless and has been
removed.
                           Sourceless block "XLXI_51/Bi_14_rstpot" (ROM) removed.
                            The signal "XLXI_51/Bi_14_rstpot" is sourceless and has been removed.
                             Sourceless block "XLXI_51/Bi_14" (FF) removed.
                              The signal "XLXI_51/Bi<14>" is sourceless and has been removed.
                               Sourceless block "XLXI_51/Mmux_Bi[31]_Bi[31]_mux_49_OUT101" (ROM) removed.
                                The signal "XLXI_51/Bi[31]_Bi[31]_mux_49_OUT<18>" is sourceless and has been
removed.
                                 Sourceless block "XLXI_51/Bi_18_rstpot" (ROM) removed.
                                  The signal "XLXI_51/Bi_18_rstpot" is sourceless and has been removed.
                                   Sourceless block "XLXI_51/Bi_18" (FF) removed.
                                    The signal "XLXI_51/Bi<18>" is sourceless and has been removed.
                                     Sourceless block "XLXI_51/Mmux_Bi[31]_Bi[31]_mux_49_OUT151" (ROM) removed.
                                      The signal "XLXI_51/Bi[31]_Bi[31]_mux_49_OUT<22>" is sourceless and has been
removed.
                                       Sourceless block "XLXI_51/Bi_22_rstpot" (ROM) removed.
                                        The signal "XLXI_51/Bi_22_rstpot" is sourceless and has been removed.
                                         Sourceless block "XLXI_51/Bi_22" (FF) removed.
                                          The signal "XLXI_51/Bi<22>" is sourceless and has been removed.
                                           Sourceless block "XLXI_51/Mmux_Bi[31]_Bi[31]_mux_49_OUT191" (ROM) removed.
                                            The signal "XLXI_51/Bi[31]_Bi[31]_mux_49_OUT<26>" is sourceless and has been
removed.
                                             Sourceless block "XLXI_51/Bi_26_rstpot" (ROM) removed.
                                              The signal "XLXI_51/Bi_26_rstpot" is sourceless and has been removed.
                                               Sourceless block "XLXI_51/Bi_26" (FF) removed.
                                                The signal "XLXI_51/Bi<26>" is sourceless and has been removed.
                                                 Sourceless block "XLXI_51/Mmux_Bi[31]_Bi[31]_mux_49_OUT241" (ROM) removed.
*The signal "XLXI_51/Bi[31]_Bi[31]_mux_49_OUT<30>" is sourceless and has been
removed.
* Sourceless block "XLXI_51/Bi_30_rstpot" (ROM) removed.
*  The signal "XLXI_51/Bi_30_rstpot" is sourceless and has been removed.
*   Sourceless block "XLXI_51/Bi_30" (FF) removed.
*    The signal "XLXI_51/Bi<30>" is sourceless and has been removed.
*     Sourceless block "XLXI_51/Mmux_Bi[31]_Bi[31]_mux_49_OUT25" (ROM) removed.
*      The signal "XLXI_51/Bi[31]_Bi[31]_mux_49_OUT<31>" is sourceless and has been
removed.
*       Sourceless block "XLXI_51/Bi_31" (FF) removed.
*        The signal "XLXI_51/Bi<31>" is sourceless and has been removed.
                                                 Sourceless block "XLXI_51/Mmux_Bi[31]_Bi[31]_mux_49_OUT20" (ROM) removed.
*The signal "XLXI_51/Bi[31]_Bi[31]_mux_49_OUT<27>" is sourceless and has been
removed.
* Sourceless block "XLXI_51/Bi_27" (FF) removed.
*  The signal "XLXI_51/Bi<27>" is sourceless and has been removed.
                                           Sourceless block "XLXI_51/Mmux_Bi[31]_Bi[31]_mux_49_OUT16" (ROM) removed.
                                            The signal "XLXI_51/Bi[31]_Bi[31]_mux_49_OUT<23>" is sourceless and has been
removed.
                                             Sourceless block "XLXI_51/Bi_23" (FF) removed.
                                              The signal "XLXI_51/Bi<23>" is sourceless and has been removed.
                                     Sourceless block "XLXI_51/Mmux_Bi[31]_Bi[31]_mux_49_OUT11" (ROM) removed.
                                      The signal "XLXI_51/Bi[31]_Bi[31]_mux_49_OUT<19>" is sourceless and has been
removed.
                                       Sourceless block "XLXI_51/Bi_19" (FF) removed.
                                        The signal "XLXI_51/Bi<19>" is sourceless and has been removed.
                               Sourceless block "XLXI_51/Mmux_Bi[31]_Bi[31]_mux_49_OUT7" (ROM) removed.
                                The signal "XLXI_51/Bi[31]_Bi[31]_mux_49_OUT<15>" is sourceless and has been
removed.
                                 Sourceless block "XLXI_51/Bi_15" (FF) removed.
                                  The signal "XLXI_51/Bi<15>" is sourceless and has been removed.
                         Sourceless block "XLXI_51/Mmux_Bi[31]_Bi[31]_mux_49_OUT3_SW0" (ROM) removed.
                          The signal "XLXI_51/N16" is sourceless and has been removed.
                           Sourceless block "XLXI_51/Mmux_Bi[31]_Bi[31]_mux_49_OUT3" (ROM) removed.
                            The signal "XLXI_51/Bi[31]_Bi[31]_mux_49_OUT<11>" is sourceless and has been
removed.
                             Sourceless block "XLXI_51/Bi_11" (FF) removed.
                              The signal "XLXI_51/Bi<11>" is sourceless and has been removed.
                   Sourceless block "XLXI_51/Mmux_Bi[31]_Bi[31]_mux_49_OUT30" (ROM) removed.
                    The signal "XLXI_51/Bi[31]_Bi[31]_mux_49_OUT<7>" is sourceless and has been
removed.
                     Sourceless block "XLXI_51/Bi_7" (FF) removed.
                      The signal "XLXI_51/Bi<7>" is sourceless and has been removed.
             Sourceless block "XLXI_51/Mmux_Bi[31]_Bi[31]_mux_49_OUT26" (ROM) removed.
              The signal "XLXI_51/Bi[31]_Bi[31]_mux_49_OUT<3>" is sourceless and has been
removed.
               Sourceless block "XLXI_51/Bi_3" (FF) removed.
                The signal "XLXI_51/Bi<3>" is sourceless and has been removed.
       Sourceless block "XLXI_51/Mmux_Bi[31]_Bi[31]_mux_49_OUT26_SW0" (ROM) removed.
        The signal "XLXI_51/N28" is sourceless and has been removed.
       Sourceless block "XLXI_51/Bi_4_rstpot" (ROM) removed.
        The signal "XLXI_51/Bi_4_rstpot" is sourceless and has been removed.
         Sourceless block "XLXI_51/Bi_4" (FF) removed.
          The signal "XLXI_51/Bi<4>" is sourceless and has been removed.
           Sourceless block "XLXI_51/Mmux_Bi[31]_Bi[31]_mux_49_OUT30_SW0" (ROM) removed.
            The signal "XLXI_51/N30" is sourceless and has been removed.
           Sourceless block "XLXI_51/Bi_8_rstpot" (ROM) removed.
            The signal "XLXI_51/Bi_8_rstpot" is sourceless and has been removed.
             Sourceless block "XLXI_51/Bi_8" (FF) removed.
              The signal "XLXI_51/Bi<8>" is sourceless and has been removed.
               Sourceless block "XLXI_51/Bi_12_rstpot" (ROM) removed.
                The signal "XLXI_51/Bi_12_rstpot" is sourceless and has been removed.
                 Sourceless block "XLXI_51/Bi_12" (FF) removed.
                  The signal "XLXI_51/Bi<12>" is sourceless and has been removed.
                   Sourceless block "XLXI_51/Mmux_Bi[31]_Bi[31]_mux_49_OUT7_SW0" (ROM) removed.
                    The signal "XLXI_51/N18" is sourceless and has been removed.
                   Sourceless block "XLXI_51/Bi_16_rstpot" (ROM) removed.
                    The signal "XLXI_51/Bi_16_rstpot" is sourceless and has been removed.
                     Sourceless block "XLXI_51/Bi_16" (FF) removed.
                      The signal "XLXI_51/Bi<16>" is sourceless and has been removed.
                       Sourceless block "XLXI_51/Mmux_Bi[31]_Bi[31]_mux_49_OUT11_SW0" (ROM) removed.
                        The signal "XLXI_51/N20" is sourceless and has been removed.
                       Sourceless block "XLXI_51/Bi_20_rstpot" (ROM) removed.
                        The signal "XLXI_51/Bi_20_rstpot" is sourceless and has been removed.
                         Sourceless block "XLXI_51/Bi_20" (FF) removed.
                          The signal "XLXI_51/Bi<20>" is sourceless and has been removed.
                           Sourceless block "XLXI_51/Mmux_Bi[31]_Bi[31]_mux_49_OUT16_SW0" (ROM) removed.
                            The signal "XLXI_51/N22" is sourceless and has been removed.
                           Sourceless block "XLXI_51/Bi_24_rstpot" (ROM) removed.
                            The signal "XLXI_51/Bi_24_rstpot" is sourceless and has been removed.
                             Sourceless block "XLXI_51/Bi_24" (FF) removed.
                              The signal "XLXI_51/Bi<24>" is sourceless and has been removed.
                               Sourceless block "XLXI_51/Mmux_Bi[31]_Bi[31]_mux_49_OUT20_SW0" (ROM) removed.
                                The signal "XLXI_51/N24" is sourceless and has been removed.
                               Sourceless block "XLXI_51/Bi_28_rstpot" (ROM) removed.
                                The signal "XLXI_51/Bi_28_rstpot" is sourceless and has been removed.
                                 Sourceless block "XLXI_51/Bi_28" (FF) removed.
                                  The signal "XLXI_51/Bi<28>" is sourceless and has been removed.
                                   Sourceless block "XLXI_51/Mmux_Bi[31]_Bi[31]_mux_49_OUT25_SW0" (ROM) removed.
                                    The signal "XLXI_51/N26" is sourceless and has been removed.
                                   Sourceless block "XLXI_51/Bi_29_rstpot" (ROM) removed.
                                    The signal "XLXI_51/Bi_29_rstpot" is sourceless and has been removed.
                                     Sourceless block "XLXI_51/Bi_29" (FF) removed.
                                      The signal "XLXI_51/Bi<29>" is sourceless and has been removed.
                               Sourceless block "XLXI_51/Bi_25_rstpot" (ROM) removed.
                                The signal "XLXI_51/Bi_25_rstpot" is sourceless and has been removed.
                                 Sourceless block "XLXI_51/Bi_25" (FF) removed.
                                  The signal "XLXI_51/Bi<25>" is sourceless and has been removed.
                           Sourceless block "XLXI_51/Bi_21_rstpot" (ROM) removed.
                            The signal "XLXI_51/Bi_21_rstpot" is sourceless and has been removed.
                             Sourceless block "XLXI_51/Bi_21" (FF) removed.
                              The signal "XLXI_51/Bi<21>" is sourceless and has been removed.
                       Sourceless block "XLXI_51/Bi_17_rstpot" (ROM) removed.
                        The signal "XLXI_51/Bi_17_rstpot" is sourceless and has been removed.
                         Sourceless block "XLXI_51/Bi_17" (FF) removed.
                          The signal "XLXI_51/Bi<17>" is sourceless and has been removed.
                   Sourceless block "XLXI_51/Bi_13_rstpot" (ROM) removed.
                    The signal "XLXI_51/Bi_13_rstpot" is sourceless and has been removed.
                     Sourceless block "XLXI_51/Bi_13" (FF) removed.
                      The signal "XLXI_51/Bi<13>" is sourceless and has been removed.
               Sourceless block "XLXI_51/Bi_9_rstpot" (ROM) removed.
                The signal "XLXI_51/Bi_9_rstpot" is sourceless and has been removed.
                 Sourceless block "XLXI_51/Bi_9" (FF) removed.
                  The signal "XLXI_51/Bi<9>" is sourceless and has been removed.
           Sourceless block "XLXI_51/Bi_5_rstpot" (ROM) removed.
            The signal "XLXI_51/Bi_5_rstpot" is sourceless and has been removed.
             Sourceless block "XLXI_51/Bi_5" (FF) removed.
              The signal "XLXI_51/Bi<5>" is sourceless and has been removed.
       Sourceless block "XLXI_51/Bi_1_rstpot" (ROM) removed.
        The signal "XLXI_51/Bi_1_rstpot" is sourceless and has been removed.
         Sourceless block "XLXI_51/Bi_1" (FF) removed.
          The signal "XLXI_51/Bi<1>" is sourceless and has been removed.
 Sourceless block "XLXI_50/Key_out_1" (FF) removed.
  The signal "XLXN_12<1>" is sourceless and has been removed.
   Sourceless block "XLXI_50/Key_x[4]_Key_out[4]_select_75_OUT<1>" (ROM) removed.
    The signal "XLXI_50/Key_x[4]_Key_out[4]_select_75_OUT<1>" is sourceless and has
been removed.
     Sourceless block "XLXI_50/Key_out_1_dpot" (ROM) removed.
      The signal "XLXI_50/Key_out_1_dpot" is sourceless and has been removed.
 Sourceless block "XLXI_50/Key_out_2" (FF) removed.
  The signal "XLXN_12<2>" is sourceless and has been removed.
   Sourceless block "XLXI_50/Key_out_2_dpot" (ROM) removed.
    The signal "XLXI_50/Key_out_2_dpot" is sourceless and has been removed.
   Sourceless block "XLXI_50/Key_x[4]_Key_out[4]_select_75_OUT<2>" (MUX) removed.
    The signal "XLXI_50/Key_x[4]_Key_out[4]_select_75_OUT<2>" is sourceless and has
been removed.
 Sourceless block "XLXI_50/Key_out_3" (FF) removed.
  The signal "XLXN_12<3>" is sourceless and has been removed.
   Sourceless block "XLXI_50/Key_out_3_dpot" (ROM) removed.
    The signal "XLXI_50/Key_out_3_dpot" is sourceless and has been removed.
   Sourceless block "XLXI_50/Key_x[4]_Key_out[4]_select_75_OUT<3>" (MUX) removed.
    The signal "XLXI_50/Key_x[4]_Key_out[4]_select_75_OUT<3>" is sourceless and has
been removed.
The signal "XLXI_50/Key_out_4_dpot" is sourceless and has been removed.
 Sourceless block "XLXI_50/Key_out_4" (FF) removed.
  The signal "XLXN_12<4>" is sourceless and has been removed.
   Sourceless block "XLXI_50/Key_out_4_dpot" (ROM) removed.
The signal "XLXI_50/N15" is sourceless and has been removed.
The signal "XLXI_50/_n0308" is sourceless and has been removed.
The signal "XLXI_50/pulse_out_2_rstpot" is sourceless and has been removed.
 Sourceless block "XLXI_50/pulse_out_2" (FF) removed.
  The signal "BTN_OK<2>" is sourceless and has been removed.
   Sourceless block "XLXI_50/pulse_out_2_rstpot" (ROM) removed.
   Sourceless block "XLXI_51/get_B_0" (FF) removed.
    The signal "XLXI_51/get_B<0>" is sourceless and has been removed.
     Sourceless block "XLXI_51/get_B_1" (FF) removed.
      The signal "XLXI_51/get_B<1>" is sourceless and has been removed.
       Sourceless block "XLXI_51/_n0187_inv12" (ROM) removed.
        The signal "XLXI_51/_n0187_inv11" is sourceless and has been removed.
         Sourceless block "XLXI_51/_n0187_inv13" (ROM) removed.
          The signal "XLXI_51/_n0187_inv" is sourceless and has been removed.
         Sourceless block "XLXI_51/_n0176_inv13" (ROM) removed.
          The signal "XLXI_51/_n0176_inv" is sourceless and has been removed.
         Sourceless block "XLXI_51/_n0187_inv13_1" (ROM) removed.
          The signal "XLXI_51/_n0187_inv13" is sourceless and has been removed.
         Sourceless block "XLXI_51/_n0176_inv13_1" (ROM) removed.
          The signal "XLXI_51/_n0176_inv13" is sourceless and has been removed.
The signal "XLXI_50/pulse_out_3_rstpot" is sourceless and has been removed.
 Sourceless block "XLXI_50/pulse_out_3" (FF) removed.
  The signal "BTN_OK<3>" is sourceless and has been removed.
   Sourceless block "XLXI_50/pulse_out_3_rstpot" (ROM) removed.
The signal "XLXI_50/N154" is sourceless and has been removed.
The signal "XLXI_50/N155" is sourceless and has been removed.
The signal "XLXI_50/N156" is sourceless and has been removed.
The signal "XLXI_50/N157" is sourceless and has been removed.
The signal "XLXI_51/Mmux_state[2]_Ai[31]_wide_mux_26_OUT110" is sourceless and
has been removed.
The signal "XLXI_51/Mmux_state[2]_Ai[31]_wide_mux_26_OUT271" is sourceless and
has been removed.
The signal "XLXI_51/Mmux_state[2]_Ai[31]_wide_mux_26_OUT311" is sourceless and
has been removed.
The signal "XLXI_51/Mmux_state[2]_Ai[31]_wide_mux_26_OUT41" is sourceless and
has been removed.
The signal "XLXI_51/Mmux_state[2]_Ai[31]_wide_mux_26_OUT81" is sourceless and
has been removed.
The signal "XLXI_51/Mmux_state[2]_Ai[31]_wide_mux_26_OUT131" is sourceless and
has been removed.
The signal "XLXI_51/Mmux_state[2]_Ai[31]_wide_mux_26_OUT171" is sourceless and
has been removed.
The signal "XLXI_51/Mmux_state[2]_Ai[31]_wide_mux_26_OUT211" is sourceless and
has been removed.
The signal "XLXI_51/_n0187_inv1" is sourceless and has been removed.
The signal "XLXI_51/_n0176_inv1" is sourceless and has been removed.
The signal "XLXI_65/GPIOf0<13>" is sourceless and has been removed.
The signal "XLXI_65/GPIOf0<12>" is sourceless and has been removed.
The signal "XLXI_65/GPIOf0<11>" is sourceless and has been removed.
The signal "XLXI_65/GPIOf0<10>" is sourceless and has been removed.
The signal "XLXI_65/GPIOf0<9>" is sourceless and has been removed.
The signal "XLXI_65/GPIOf0<8>" is sourceless and has been removed.
The signal "XLXI_65/GPIOf0<7>" is sourceless and has been removed.
The signal "XLXI_65/GPIOf0<6>" is sourceless and has been removed.
The signal "XLXI_65/GPIOf0<5>" is sourceless and has been removed.
The signal "XLXI_65/GPIOf0<4>" is sourceless and has been removed.
The signal "XLXI_65/GPIOf0<3>" is sourceless and has been removed.
The signal "XLXI_65/GPIOf0<2>" is sourceless and has been removed.
The signal "XLXI_65/GPIOf0<1>" is sourceless and has been removed.
The signal "XLXI_65/GPIOf0<0>" is sourceless and has been removed.
The signal "XLXI_65/_n0029_inv" is sourceless and has been removed.
 Sourceless block "XLXI_65/GPIOf0_0" (FF) removed.
 Sourceless block "XLXI_65/GPIOf0_1" (FF) removed.
 Sourceless block "XLXI_65/GPIOf0_2" (FF) removed.
 Sourceless block "XLXI_65/GPIOf0_3" (FF) removed.
 Sourceless block "XLXI_65/GPIOf0_4" (FF) removed.
 Sourceless block "XLXI_65/GPIOf0_5" (FF) removed.
 Sourceless block "XLXI_65/GPIOf0_6" (FF) removed.
 Sourceless block "XLXI_65/GPIOf0_7" (FF) removed.
 Sourceless block "XLXI_65/GPIOf0_8" (FF) removed.
 Sourceless block "XLXI_65/GPIOf0_9" (FF) removed.
 Sourceless block "XLXI_65/GPIOf0_10" (FF) removed.
 Sourceless block "XLXI_65/GPIOf0_11" (FF) removed.
 Sourceless block "XLXI_65/GPIOf0_12" (FF) removed.
 Sourceless block "XLXI_65/GPIOf0_13" (FF) removed.
The signal "XLXI_71/counter_set<1>" is sourceless and has been removed.
The signal "XLXI_71/counter_set<0>" is sourceless and has been removed.
The signal "XLXI_71/GPIOf0<21>" is sourceless and has been removed.
The signal "XLXI_71/GPIOf0<20>" is sourceless and has been removed.
The signal "XLXI_71/GPIOf0<19>" is sourceless and has been removed.
The signal "XLXI_71/GPIOf0<18>" is sourceless and has been removed.
The signal "XLXI_71/GPIOf0<17>" is sourceless and has been removed.
The signal "XLXI_71/GPIOf0<16>" is sourceless and has been removed.
The signal "XLXI_71/GPIOf0<15>" is sourceless and has been removed.
The signal "XLXI_71/GPIOf0<14>" is sourceless and has been removed.
The signal "XLXI_71/GPIOf0<13>" is sourceless and has been removed.
The signal "XLXI_71/GPIOf0<12>" is sourceless and has been removed.
The signal "XLXI_71/GPIOf0<11>" is sourceless and has been removed.
The signal "XLXI_71/GPIOf0<10>" is sourceless and has been removed.
The signal "XLXI_71/GPIOf0<9>" is sourceless and has been removed.
The signal "XLXI_71/GPIOf0<8>" is sourceless and has been removed.
The signal "XLXI_71/GPIOf0<7>" is sourceless and has been removed.
The signal "XLXI_71/GPIOf0<6>" is sourceless and has been removed.
The signal "XLXI_71/GPIOf0<5>" is sourceless and has been removed.
The signal "XLXI_71/GPIOf0<4>" is sourceless and has been removed.
The signal "XLXI_71/GPIOf0<3>" is sourceless and has been removed.
The signal "XLXI_71/GPIOf0<2>" is sourceless and has been removed.
The signal "XLXI_71/GPIOf0<1>" is sourceless and has been removed.
The signal "XLXI_71/GPIOf0<0>" is sourceless and has been removed.
The signal "XLXI_71/_n0026_inv" is sourceless and has been removed.
 Sourceless block "XLXI_71/GPIOf0_0" (FF) removed.
 Sourceless block "XLXI_71/GPIOf0_1" (FF) removed.
 Sourceless block "XLXI_71/GPIOf0_2" (FF) removed.
 Sourceless block "XLXI_71/GPIOf0_3" (FF) removed.
 Sourceless block "XLXI_71/GPIOf0_4" (FF) removed.
 Sourceless block "XLXI_71/GPIOf0_5" (FF) removed.
 Sourceless block "XLXI_71/GPIOf0_6" (FF) removed.
 Sourceless block "XLXI_71/GPIOf0_7" (FF) removed.
 Sourceless block "XLXI_71/GPIOf0_8" (FF) removed.
 Sourceless block "XLXI_71/GPIOf0_9" (FF) removed.
 Sourceless block "XLXI_71/GPIOf0_10" (FF) removed.
 Sourceless block "XLXI_71/GPIOf0_11" (FF) removed.
 Sourceless block "XLXI_71/GPIOf0_12" (FF) removed.
 Sourceless block "XLXI_71/GPIOf0_13" (FF) removed.
 Sourceless block "XLXI_71/GPIOf0_14" (FF) removed.
 Sourceless block "XLXI_71/GPIOf0_15" (FF) removed.
 Sourceless block "XLXI_71/GPIOf0_16" (FF) removed.
 Sourceless block "XLXI_71/GPIOf0_17" (FF) removed.
 Sourceless block "XLXI_71/GPIOf0_18" (FF) removed.
 Sourceless block "XLXI_71/GPIOf0_19" (FF) removed.
 Sourceless block "XLXI_71/GPIOf0_20" (FF) removed.
 Sourceless block "XLXI_71/GPIOf0_21" (FF) removed.
The signal "XLXI_75/XLXI_1/CPU_MIO" is sourceless and has been removed.

The trimmed logic reported below is either:
   1. part of a cycle
   2. part of disabled logic
   3. a side-effect of other trimmed logic

The signal "XLXI_48/MUX1_DispData/XLXI_4/XLXI_4/XLXN_54" is unused and has been
removed.
 Unused block "XLXI_48/MUX1_DispData/XLXI_4/XLXI_4/XLXI_39" (AND) removed.
The signal "XLXI_48/MUX1_DispData/XLXI_4/XLXI_2/XLXN_54" is unused and has been
removed.
 Unused block "XLXI_48/MUX1_DispData/XLXI_4/XLXI_2/XLXI_39" (AND) removed.
The signal "XLXI_48/MUX1_DispData/XLXI_3/XLXI_4/XLXN_54" is unused and has been
removed.
 Unused block "XLXI_48/MUX1_DispData/XLXI_3/XLXI_4/XLXI_39" (AND) removed.
The signal "XLXI_48/MUX1_DispData/XLXI_3/XLXI_2/XLXN_54" is unused and has been
removed.
 Unused block "XLXI_48/MUX1_DispData/XLXI_3/XLXI_2/XLXI_39" (AND) removed.
The signal "XLXI_48/MUX1_DispData/XLXI_2/XLXI_4/XLXN_54" is unused and has been
removed.
 Unused block "XLXI_48/MUX1_DispData/XLXI_2/XLXI_4/XLXI_39" (AND) removed.
The signal "XLXI_48/MUX1_DispData/XLXI_2/XLXI_2/XLXN_54" is unused and has been
removed.
 Unused block "XLXI_48/MUX1_DispData/XLXI_2/XLXI_2/XLXI_39" (AND) removed.
The signal "XLXI_48/MUX2_Blink/XLXI_4/XLXN_50" is unused and has been removed.
 Unused block "XLXI_48/MUX2_Blink/XLXI_4/XLXI_38" (AND) removed.
  The signal "XLXI_48/MUX2_Blink/XLXI_4/XLXN_43" is unused and has been removed.
   Unused block "XLXI_48/MUX2_Blink/XLXI_4/XLXI_37" (BUF) removed.
  The signal "XLXI_48/MUX2_Blink/XLXI_4/XLXN_41" is unused and has been removed.
   Unused block "XLXI_48/MUX2_Blink/XLXI_4/XLXI_36" (BUF) removed.
The signal "XLXI_48/MUX2_Blink/XLXI_4/XLXN_54" is unused and has been removed.
 Unused block "XLXI_48/MUX2_Blink/XLXI_4/XLXI_39" (AND) removed.
The signal "XLXI_48/MUX2_Blink/XLXI_4/XLXN_62" is unused and has been removed.
 Unused block "XLXI_48/MUX2_Blink/XLXI_4/XLXI_41" (AND) removed.
The signal "XLXI_48/MUX2_Blink/XLXI_4/XLXN_58" is unused and has been removed.
 Unused block "XLXI_48/MUX2_Blink/XLXI_4/XLXI_40" (AND) removed.
The signal "XLXI_48/MUX2_Blink/XLXI_2/XLXN_50" is unused and has been removed.
 Unused block "XLXI_48/MUX2_Blink/XLXI_2/XLXI_38" (AND) removed.
  The signal "XLXI_48/MUX2_Blink/XLXI_2/XLXN_43" is unused and has been removed.
   Unused block "XLXI_48/MUX2_Blink/XLXI_2/XLXI_37" (BUF) removed.
  The signal "XLXI_48/MUX2_Blink/XLXI_2/XLXN_41" is unused and has been removed.
   Unused block "XLXI_48/MUX2_Blink/XLXI_2/XLXI_36" (BUF) removed.
The signal "XLXI_48/MUX2_Blink/XLXI_2/XLXN_54" is unused and has been removed.
 Unused block "XLXI_48/MUX2_Blink/XLXI_2/XLXI_39" (AND) removed.
The signal "XLXI_48/MUX2_Blink/XLXI_2/XLXN_62" is unused and has been removed.
 Unused block "XLXI_48/MUX2_Blink/XLXI_2/XLXI_41" (AND) removed.
The signal "XLXI_48/MUX2_Blink/XLXI_2/XLXN_58" is unused and has been removed.
 Unused block "XLXI_48/MUX2_Blink/XLXI_2/XLXI_40" (AND) removed.
The signal "XLXI_48/MUX2_Blink/XLXI_3/XLXN_62" is unused and has been removed.
 Unused block "XLXI_48/MUX2_Blink/XLXI_3/XLXI_41" (AND) removed.
The signal "XLXI_48/MUX2_Blink/XLXI_3/XLXN_58" is unused and has been removed.
 Unused block "XLXI_48/MUX2_Blink/XLXI_3/XLXI_40" (AND) removed.
The signal "XLXI_48/MUX2_Blink/XLXI_1/XLXN_62" is unused and has been removed.
 Unused block "XLXI_48/MUX2_Blink/XLXI_1/XLXI_41" (AND) removed.
The signal "XLXI_48/MUX2_Blink/XLXI_1/XLXN_58" is unused and has been removed.
 Unused block "XLXI_48/MUX2_Blink/XLXI_1/XLXI_40" (AND) removed.
The signal "XLXI_75/XLXI_2/ALU/XLXI_7/XLXI_1/XLXI_4/XLXN_62" is unused and has
been removed.
 Unused block "XLXI_75/XLXI_2/ALU/XLXI_7/XLXI_1/XLXI_4/XLXI_41" (AND) removed.
The signal "XLXI_75/XLXI_2/ALU/XLXI_7/XLXI_2/XLXI_1/XLXN_50" is unused and has
been removed.
 Unused block "XLXI_75/XLXI_2/ALU/XLXI_7/XLXI_2/XLXI_1/XLXI_38" (AND) removed.
The signal "XLXI_75/XLXI_2/ALU/XLXI_7/XLXI_2/XLXI_3/XLXN_50" is unused and has
been removed.
 Unused block "XLXI_75/XLXI_2/ALU/XLXI_7/XLXI_2/XLXI_3/XLXI_38" (AND) removed.
The signal "XLXI_75/XLXI_2/ALU/XLXI_7/XLXI_2/XLXI_2/XLXN_62" is unused and has
been removed.
 Unused block "XLXI_75/XLXI_2/ALU/XLXI_7/XLXI_2/XLXI_2/XLXI_41" (AND) removed.
The signal "XLXI_75/XLXI_2/ALU/XLXI_7/XLXI_2/XLXI_4/XLXN_62" is unused and has
been removed.
 Unused block "XLXI_75/XLXI_2/ALU/XLXI_7/XLXI_2/XLXI_4/XLXI_41" (AND) removed.
The signal "XLXI_75/XLXI_2/ALU/XLXI_7/XLXI_3/XLXI_1/XLXN_50" is unused and has
been removed.
 Unused block "XLXI_75/XLXI_2/ALU/XLXI_7/XLXI_3/XLXI_1/XLXI_38" (AND) removed.
The signal "XLXI_75/XLXI_2/ALU/XLXI_7/XLXI_3/XLXI_3/XLXN_50" is unused and has
been removed.
 Unused block "XLXI_75/XLXI_2/ALU/XLXI_7/XLXI_3/XLXI_3/XLXI_38" (AND) removed.
The signal "XLXI_75/XLXI_2/ALU/XLXI_7/XLXI_3/XLXI_2/XLXN_62" is unused and has
been removed.
 Unused block "XLXI_75/XLXI_2/ALU/XLXI_7/XLXI_3/XLXI_2/XLXI_41" (AND) removed.
The signal "XLXI_75/XLXI_2/ALU/XLXI_7/XLXI_3/XLXI_4/XLXN_62" is unused and has
been removed.
 Unused block "XLXI_75/XLXI_2/ALU/XLXI_7/XLXI_3/XLXI_4/XLXI_41" (AND) removed.
The signal "XLXI_75/XLXI_2/ALU/XLXI_7/XLXI_4/XLXI_1/XLXN_50" is unused and has
been removed.
 Unused block "XLXI_75/XLXI_2/ALU/XLXI_7/XLXI_4/XLXI_1/XLXI_38" (AND) removed.
The signal "XLXI_75/XLXI_2/ALU/XLXI_7/XLXI_4/XLXI_3/XLXN_50" is unused and has
been removed.
 Unused block "XLXI_75/XLXI_2/ALU/XLXI_7/XLXI_4/XLXI_3/XLXI_38" (AND) removed.
The signal "XLXI_75/XLXI_2/ALU/XLXI_7/XLXI_4/XLXI_2/XLXN_62" is unused and has
been removed.
 Unused block "XLXI_75/XLXI_2/ALU/XLXI_7/XLXI_4/XLXI_2/XLXI_41" (AND) removed.
The signal "XLXI_75/XLXI_2/ALU/XLXI_7/XLXI_4/XLXI_4/XLXN_62" is unused and has
been removed.
 Unused block "XLXI_75/XLXI_2/ALU/XLXI_7/XLXI_4/XLXI_4/XLXI_41" (AND) removed.
Unused block "XLXI_50/Key_x[4]_Key_out[4]_select_75_OUT<1>_SW0" (ROM) removed.
Unused block "XLXI_50/Key_x[4]_Key_out[4]_select_75_OUT<2>_F" (ROM) removed.
Unused block "XLXI_50/Key_x[4]_Key_out[4]_select_75_OUT<2>_G" (ROM) removed.
Unused block "XLXI_50/Key_x[4]_Key_out[4]_select_75_OUT<3>_F" (ROM) removed.
Unused block "XLXI_50/Key_x[4]_Key_out[4]_select_75_OUT<3>_G" (ROM) removed.
Unused block "XLXI_50/_n0225_inv1_cepot1_INV_0" (BUF) removed.
Unused block "XLXI_50/_n03081" (ROM) removed.
Unused block "XLXI_51/Mmux_state[2]_Ai[31]_wide_mux_26_OUT1101" (ROM) removed.
Unused block "XLXI_51/Mmux_state[2]_Ai[31]_wide_mux_26_OUT1311" (ROM) removed.
Unused block "XLXI_51/Mmux_state[2]_Ai[31]_wide_mux_26_OUT1711" (ROM) removed.
Unused block "XLXI_51/Mmux_state[2]_Ai[31]_wide_mux_26_OUT2111" (ROM) removed.
Unused block "XLXI_51/Mmux_state[2]_Ai[31]_wide_mux_26_OUT2711" (ROM) removed.
Unused block "XLXI_51/Mmux_state[2]_Ai[31]_wide_mux_26_OUT3111" (ROM) removed.
Unused block "XLXI_51/Mmux_state[2]_Ai[31]_wide_mux_26_OUT411" (ROM) removed.
Unused block "XLXI_51/Mmux_state[2]_Ai[31]_wide_mux_26_OUT811" (ROM) removed.
Unused block "XLXI_51/_n0176_inv11" (ROM) removed.
Unused block "XLXI_51/_n0187_inv11" (ROM) removed.
Unused block "XLXI_65/_n0029_inv1" (ROM) removed.
Unused block "XLXI_71/_n0026_inv1" (ROM) removed.
Unused block "XLXI_71/counter_set_0" (FF) removed.
Unused block "XLXI_71/counter_set_1" (FF) removed.
Unused block "XLXI_75/XLXI_1/XST_GND" (ZERO) removed.

Optimized Block(s):
TYPE 		BLOCK
BUF 		XLXI_29
AND2 		XLXI_48/MUX1_DispData/XLXI_1/XLXI_2/XLXI_4
AND2 		XLXI_48/MUX1_DispData/XLXI_1/XLXI_2/XLXI_9
AND2 		XLXI_48/MUX1_DispData/XLXI_1/XLXI_3/XLXI_11
AND2 		XLXI_48/MUX1_DispData/XLXI_1/XLXI_3/XLXI_33
AND2 		XLXI_48/MUX1_DispData/XLXI_1/XLXI_4/XLXI_12
AND2 		XLXI_48/MUX1_DispData/XLXI_1/XLXI_4/XLXI_32
AND2 		XLXI_48/MUX1_DispData/XLXI_1/XLXI_4/XLXI_7
AND2 		XLXI_48/MUX1_DispData/XLXI_2/XLXI_1/XLXI_31
AND2 		XLXI_48/MUX1_DispData/XLXI_2/XLXI_1/XLXI_6
AND2 		XLXI_48/MUX1_DispData/XLXI_2/XLXI_2/XLXI_12
AND2 		XLXI_48/MUX1_DispData/XLXI_2/XLXI_2/XLXI_2
AND2 		XLXI_48/MUX1_DispData/XLXI_2/XLXI_2/XLXI_32
AND2 		XLXI_48/MUX1_DispData/XLXI_2/XLXI_2/XLXI_7
AND2 		XLXI_48/MUX1_DispData/XLXI_2/XLXI_3/XLXI_13
AND2 		XLXI_48/MUX1_DispData/XLXI_2/XLXI_3/XLXI_31
AND2 		XLXI_48/MUX1_DispData/XLXI_2/XLXI_3/XLXI_33
AND2 		XLXI_48/MUX1_DispData/XLXI_2/XLXI_3/XLXI_6
AND2 		XLXI_48/MUX1_DispData/XLXI_2/XLXI_3/XLXI_8
AND2 		XLXI_48/MUX1_DispData/XLXI_2/XLXI_4/XLXI_12
AND2 		XLXI_48/MUX1_DispData/XLXI_2/XLXI_4/XLXI_2
AND2 		XLXI_48/MUX1_DispData/XLXI_2/XLXI_4/XLXI_32
AND2 		XLXI_48/MUX1_DispData/XLXI_2/XLXI_4/XLXI_7
AND2 		XLXI_48/MUX1_DispData/XLXI_3/XLXI_1/XLXI_31
AND2 		XLXI_48/MUX1_DispData/XLXI_3/XLXI_1/XLXI_6
AND2 		XLXI_48/MUX1_DispData/XLXI_3/XLXI_2/XLXI_12
AND2 		XLXI_48/MUX1_DispData/XLXI_3/XLXI_2/XLXI_2
AND2 		XLXI_48/MUX1_DispData/XLXI_3/XLXI_2/XLXI_32
AND2 		XLXI_48/MUX1_DispData/XLXI_3/XLXI_2/XLXI_7
AND2 		XLXI_48/MUX1_DispData/XLXI_3/XLXI_3/XLXI_31
AND2 		XLXI_48/MUX1_DispData/XLXI_3/XLXI_3/XLXI_6
AND2 		XLXI_48/MUX1_DispData/XLXI_3/XLXI_4/XLXI_12
AND2 		XLXI_48/MUX1_DispData/XLXI_3/XLXI_4/XLXI_2
AND2 		XLXI_48/MUX1_DispData/XLXI_3/XLXI_4/XLXI_32
AND2 		XLXI_48/MUX1_DispData/XLXI_3/XLXI_4/XLXI_7
AND2 		XLXI_48/MUX1_DispData/XLXI_4/XLXI_1/XLXI_1
AND2 		XLXI_48/MUX1_DispData/XLXI_4/XLXI_1/XLXI_11
AND2 		XLXI_48/MUX1_DispData/XLXI_4/XLXI_2/XLXI_12
AND2 		XLXI_48/MUX1_DispData/XLXI_4/XLXI_2/XLXI_2
AND2 		XLXI_48/MUX1_DispData/XLXI_4/XLXI_2/XLXI_32
AND2 		XLXI_48/MUX1_DispData/XLXI_4/XLXI_2/XLXI_7
AND2 		XLXI_48/MUX1_DispData/XLXI_4/XLXI_3/XLXI_1
AND2 		XLXI_48/MUX1_DispData/XLXI_4/XLXI_3/XLXI_11
AND2 		XLXI_48/MUX1_DispData/XLXI_4/XLXI_3/XLXI_12
AND2 		XLXI_48/MUX1_DispData/XLXI_4/XLXI_3/XLXI_13
AND2 		XLXI_48/MUX1_DispData/XLXI_4/XLXI_3/XLXI_32
AND2 		XLXI_48/MUX1_DispData/XLXI_4/XLXI_4/XLXI_12
AND2 		XLXI_48/MUX1_DispData/XLXI_4/XLXI_4/XLXI_2
AND2 		XLXI_48/MUX1_DispData/XLXI_4/XLXI_4/XLXI_32
AND2 		XLXI_48/MUX1_DispData/XLXI_4/XLXI_4/XLXI_7
AND2 		XLXI_48/MUX2_Blink/XLXI_1/XLXI_13
AND2 		XLXI_48/MUX2_Blink/XLXI_1/XLXI_14
AND2 		XLXI_48/MUX2_Blink/XLXI_1/XLXI_3
AND2 		XLXI_48/MUX2_Blink/XLXI_1/XLXI_33
AND2 		XLXI_48/MUX2_Blink/XLXI_1/XLXI_34
AND2 		XLXI_48/MUX2_Blink/XLXI_1/XLXI_4
AND2 		XLXI_48/MUX2_Blink/XLXI_1/XLXI_8
AND2 		XLXI_48/MUX2_Blink/XLXI_1/XLXI_9
AND2 		XLXI_48/MUX2_Blink/XLXI_12
AND2 		XLXI_48/MUX2_Blink/XLXI_15
AND2 		XLXI_48/MUX2_Blink/XLXI_18
AND2 		XLXI_48/MUX2_Blink/XLXI_2/XLXI_1
OR4 		XLXI_48/MUX2_Blink/XLXI_2/XLXI_10
AND2 		XLXI_48/MUX2_Blink/XLXI_2/XLXI_11
AND2 		XLXI_48/MUX2_Blink/XLXI_2/XLXI_12
AND2 		XLXI_48/MUX2_Blink/XLXI_2/XLXI_13
AND2 		XLXI_48/MUX2_Blink/XLXI_2/XLXI_14
OR4 		XLXI_48/MUX2_Blink/XLXI_2/XLXI_15
AND2 		XLXI_48/MUX2_Blink/XLXI_2/XLXI_2
AND2 		XLXI_48/MUX2_Blink/XLXI_2/XLXI_3
AND2 		XLXI_48/MUX2_Blink/XLXI_2/XLXI_31
AND2 		XLXI_48/MUX2_Blink/XLXI_2/XLXI_32
AND2 		XLXI_48/MUX2_Blink/XLXI_2/XLXI_33
AND2 		XLXI_48/MUX2_Blink/XLXI_2/XLXI_34
OR4 		XLXI_48/MUX2_Blink/XLXI_2/XLXI_35
AND2 		XLXI_48/MUX2_Blink/XLXI_2/XLXI_4
OR4 		XLXI_48/MUX2_Blink/XLXI_2/XLXI_5
AND2 		XLXI_48/MUX2_Blink/XLXI_2/XLXI_6
AND2 		XLXI_48/MUX2_Blink/XLXI_2/XLXI_7
AND2 		XLXI_48/MUX2_Blink/XLXI_2/XLXI_8
AND2 		XLXI_48/MUX2_Blink/XLXI_2/XLXI_9
AND2 		XLXI_48/MUX2_Blink/XLXI_21
AND2 		XLXI_48/MUX2_Blink/XLXI_24
AND2 		XLXI_48/MUX2_Blink/XLXI_27
AND2 		XLXI_48/MUX2_Blink/XLXI_3/XLXI_13
AND2 		XLXI_48/MUX2_Blink/XLXI_3/XLXI_14
AND2 		XLXI_48/MUX2_Blink/XLXI_3/XLXI_3
AND2 		XLXI_48/MUX2_Blink/XLXI_3/XLXI_33
AND2 		XLXI_48/MUX2_Blink/XLXI_3/XLXI_34
AND2 		XLXI_48/MUX2_Blink/XLXI_3/XLXI_4
AND2 		XLXI_48/MUX2_Blink/XLXI_3/XLXI_8
AND2 		XLXI_48/MUX2_Blink/XLXI_3/XLXI_9
AND2 		XLXI_48/MUX2_Blink/XLXI_4/XLXI_1
OR4 		XLXI_48/MUX2_Blink/XLXI_4/XLXI_10
AND2 		XLXI_48/MUX2_Blink/XLXI_4/XLXI_11
AND2 		XLXI_48/MUX2_Blink/XLXI_4/XLXI_12
AND2 		XLXI_48/MUX2_Blink/XLXI_4/XLXI_13
AND2 		XLXI_48/MUX2_Blink/XLXI_4/XLXI_14
OR4 		XLXI_48/MUX2_Blink/XLXI_4/XLXI_15
AND2 		XLXI_48/MUX2_Blink/XLXI_4/XLXI_2
AND2 		XLXI_48/MUX2_Blink/XLXI_4/XLXI_3
AND2 		XLXI_48/MUX2_Blink/XLXI_4/XLXI_31
AND2 		XLXI_48/MUX2_Blink/XLXI_4/XLXI_32
AND2 		XLXI_48/MUX2_Blink/XLXI_4/XLXI_33
AND2 		XLXI_48/MUX2_Blink/XLXI_4/XLXI_34
OR4 		XLXI_48/MUX2_Blink/XLXI_4/XLXI_35
AND2 		XLXI_48/MUX2_Blink/XLXI_4/XLXI_4
OR4 		XLXI_48/MUX2_Blink/XLXI_4/XLXI_5
AND2 		XLXI_48/MUX2_Blink/XLXI_4/XLXI_6
AND2 		XLXI_48/MUX2_Blink/XLXI_4/XLXI_7
AND2 		XLXI_48/MUX2_Blink/XLXI_4/XLXI_8
AND2 		XLXI_48/MUX2_Blink/XLXI_4/XLXI_9
AND2 		XLXI_48/MUX2_Blink/XLXI_6
AND2 		XLXI_48/MUX2_Blink/XLXI_9
FDE 		XLXI_48/disp_data_11
   optimized to 0
FDE 		XLXI_48/disp_data_13
   optimized to 0
FDE 		XLXI_48/disp_data_15
   optimized to 0
FDE 		XLXI_48/disp_data_17
   optimized to 0
FDE 		XLXI_48/disp_data_19
   optimized to 0
FDE 		XLXI_48/disp_data_21
   optimized to 0
FDE 		XLXI_48/disp_data_23
   optimized to 0
FDE 		XLXI_48/disp_data_24
   optimized to 0
FDE 		XLXI_48/disp_data_26
   optimized to 0
FDE 		XLXI_48/disp_data_28
   optimized to 0
FDE 		XLXI_48/disp_data_30
   optimized to 0
FDE 		XLXI_48/disp_data_6
   optimized to 0
FDE 		XLXI_48/disp_data_9
   optimized to 0
GND 		XLXI_50/XST_GND
VCC 		XLXI_50/XST_VCC
VCC 		XLXI_54/XLXI_5/XST_VCC
AND2 		XLXI_55/M2/XLXI_16/XLXI_1/XLXI_1
AND2 		XLXI_55/M2/XLXI_16/XLXI_1/XLXI_13
AND2 		XLXI_55/M2/XLXI_16/XLXI_1/XLXI_34
AND2 		XLXI_55/M2/XLXI_16/XLXI_1/XLXI_7
AND2 		XLXI_55/M2/XLXI_16/XLXI_2/XLXI_1
AND2 		XLXI_55/M2/XLXI_16/XLXI_2/XLXI_13
AND2 		XLXI_55/M2/XLXI_16/XLXI_2/XLXI_34
AND2 		XLXI_55/M2/XLXI_16/XLXI_2/XLXI_7
GND 		XLXI_55/XLXI_10
VCC 		XLXI_55/XLXI_9
GND 		XLXI_58/XST_GND1
GND 		XLXI_59/XST_GND
VCC 		XLXI_59/XST_VCC
LUT4 		XLXI_61/Mmux_Peripheral_in101
   optimized to 0
LUT4 		XLXI_61/Mmux_Peripheral_in111
   optimized to 0
LUT4 		XLXI_61/Mmux_Peripheral_in131
   optimized to 0
LUT4 		XLXI_61/Mmux_Peripheral_in141
   optimized to 0
LUT4 		XLXI_61/Mmux_Peripheral_in151
   optimized to 0
LUT4 		XLXI_61/Mmux_Peripheral_in161
   optimized to 0
LUT4 		XLXI_61/Mmux_Peripheral_in171
   optimized to 0
LUT4 		XLXI_61/Mmux_Peripheral_in181
   optimized to 0
LUT4 		XLXI_61/Mmux_Peripheral_in191
   optimized to 0
LUT4 		XLXI_61/Mmux_Peripheral_in201
   optimized to 0
LUT4 		XLXI_61/Mmux_Peripheral_in21
   optimized to 0
LUT4 		XLXI_61/Mmux_Peripheral_in211
   optimized to 0
LUT4 		XLXI_61/Mmux_Peripheral_in221
   optimized to 0
LUT4 		XLXI_61/Mmux_Peripheral_in241
   optimized to 0
LUT4 		XLXI_61/Mmux_Peripheral_in251
   optimized to 0
LUT4 		XLXI_61/Mmux_Peripheral_in281
   optimized to 0
LUT4 		XLXI_61/Mmux_Peripheral_in291
   optimized to 0
LUT4 		XLXI_61/Mmux_Peripheral_in301
   optimized to 0
LUT4 		XLXI_61/Mmux_Peripheral_in31
   optimized to 0
LUT4 		XLXI_61/Mmux_Peripheral_in311
   optimized to 0
LUT4 		XLXI_61/Mmux_Peripheral_in321
   optimized to 0
LUT4 		XLXI_61/Mmux_Peripheral_in41
   optimized to 0
LUT4 		XLXI_61/Mmux_Peripheral_in51
   optimized to 0
LUT4 		XLXI_61/Mmux_Peripheral_in61
   optimized to 0
LUT4 		XLXI_61/Mmux_Peripheral_in71
   optimized to 0
LUT4 		XLXI_61/Mmux_Peripheral_in81
   optimized to 0
LUT4 		XLXI_61/Mmux_Peripheral_in91
   optimized to 0
LUT5 		XLXI_61/Mmux_ram_data_in101
   optimized to 0
LUT5 		XLXI_61/Mmux_ram_data_in111
   optimized to 0
LUT5 		XLXI_61/Mmux_ram_data_in131
   optimized to 0
LUT5 		XLXI_61/Mmux_ram_data_in141
   optimized to 0
LUT5 		XLXI_61/Mmux_ram_data_in151
   optimized to 0
LUT5 		XLXI_61/Mmux_ram_data_in161
   optimized to 0
LUT5 		XLXI_61/Mmux_ram_data_in171
   optimized to 0
LUT5 		XLXI_61/Mmux_ram_data_in181
   optimized to 0
LUT5 		XLXI_61/Mmux_ram_data_in191
   optimized to 0
LUT5 		XLXI_61/Mmux_ram_data_in201
   optimized to 0
LUT5 		XLXI_61/Mmux_ram_data_in21
   optimized to 0
LUT5 		XLXI_61/Mmux_ram_data_in211
   optimized to 0
LUT5 		XLXI_61/Mmux_ram_data_in221
   optimized to 0
LUT5 		XLXI_61/Mmux_ram_data_in241
   optimized to 0
LUT5 		XLXI_61/Mmux_ram_data_in251
   optimized to 0
LUT5 		XLXI_61/Mmux_ram_data_in281
   optimized to 0
LUT5 		XLXI_61/Mmux_ram_data_in291
   optimized to 0
LUT5 		XLXI_61/Mmux_ram_data_in301
   optimized to 0
LUT5 		XLXI_61/Mmux_ram_data_in31
   optimized to 0
LUT5 		XLXI_61/Mmux_ram_data_in311
   optimized to 0
LUT5 		XLXI_61/Mmux_ram_data_in321
   optimized to 0
LUT5 		XLXI_61/Mmux_ram_data_in41
   optimized to 0
LUT5 		XLXI_61/Mmux_ram_data_in51
   optimized to 0
LUT5 		XLXI_61/Mmux_ram_data_in61
   optimized to 0
LUT5 		XLXI_61/Mmux_ram_data_in71
   optimized to 0
LUT5 		XLXI_61/Mmux_ram_data_in81
   optimized to 0
LUT5 		XLXI_61/Mmux_ram_data_in91
   optimized to 0
FDCE_1 		XLXI_65/LED_10
   optimized to 0
FDCE_1 		XLXI_65/LED_11
   optimized to 0
FDCE_1 		XLXI_65/LED_12
   optimized to 0
FDCE_1 		XLXI_65/LED_13
   optimized to 0
FDCE_1 		XLXI_65/LED_14
   optimized to 0
FDCE_1 		XLXI_65/LED_15
   optimized to 0
FDCE_1 		XLXI_65/LED_4
   optimized to 0
FDCE_1 		XLXI_65/LED_6
   optimized to 0
FDCE_1 		XLXI_65/LED_7
   optimized to 0
FDCE_1 		XLXI_65/LED_8
   optimized to 0
FDCE_1 		XLXI_65/LED_9
   optimized to 0
VCC 		XLXI_65/XST_VCC
FDCE_1 		XLXI_71/LED_4
   optimized to 0
FDCE_1 		XLXI_71/LED_6
   optimized to 0
FDCE_1 		XLXI_71/LED_7
   optimized to 0
INV 		XLXI_71/LED_out<4>1_INV_0
INV 		XLXI_71/LED_out<6>1_INV_0
INV 		XLXI_71/LED_out<7>1_INV_0
LUT2 		XLXI_75/XLXI_2/ALU/XLXI_5/res<10>1
   optimized to 1
LUT2 		XLXI_75/XLXI_2/ALU/XLXI_5/res<7>1
   optimized to 1
LUT2 		XLXI_75/XLXI_2/ALU/XLXI_5/res<8>1
   optimized to 1
LUT2 		XLXI_75/XLXI_2/ALU/XLXI_5/res<9>1
   optimized to 1
AND2 		XLXI_75/XLXI_2/ALU/XLXI_7/XLXI_1/XLXI_2/XLXI_14
AND2 		XLXI_75/XLXI_2/ALU/XLXI_7/XLXI_1/XLXI_2/XLXI_34
AND2 		XLXI_75/XLXI_2/ALU/XLXI_7/XLXI_1/XLXI_2/XLXI_9
AND2 		XLXI_75/XLXI_2/ALU/XLXI_7/XLXI_1/XLXI_3/XLXI_11
AND2 		XLXI_75/XLXI_2/ALU/XLXI_7/XLXI_1/XLXI_3/XLXI_31
AND2 		XLXI_75/XLXI_2/ALU/XLXI_7/XLXI_1/XLXI_3/XLXI_32
AND2 		XLXI_75/XLXI_2/ALU/XLXI_7/XLXI_1/XLXI_3/XLXI_34
AND2 		XLXI_75/XLXI_2/ALU/XLXI_7/XLXI_1/XLXI_3/XLXI_6
AND2 		XLXI_75/XLXI_2/ALU/XLXI_7/XLXI_1/XLXI_4/XLXI_12
AND2 		XLXI_75/XLXI_2/ALU/XLXI_7/XLXI_1/XLXI_4/XLXI_14
AND2 		XLXI_75/XLXI_2/ALU/XLXI_7/XLXI_1/XLXI_4/XLXI_32
AND2 		XLXI_75/XLXI_2/ALU/XLXI_7/XLXI_1/XLXI_4/XLXI_34
AND2 		XLXI_75/XLXI_2/ALU/XLXI_7/XLXI_1/XLXI_4/XLXI_4
AND2 		XLXI_75/XLXI_2/ALU/XLXI_7/XLXI_1/XLXI_4/XLXI_9
AND2 		XLXI_75/XLXI_2/ALU/XLXI_7/XLXI_2/XLXI_1/XLXI_1
AND2 		XLXI_75/XLXI_2/ALU/XLXI_7/XLXI_2/XLXI_1/XLXI_11
AND2 		XLXI_75/XLXI_2/ALU/XLXI_7/XLXI_2/XLXI_1/XLXI_12
AND2 		XLXI_75/XLXI_2/ALU/XLXI_7/XLXI_2/XLXI_1/XLXI_14
AND2 		XLXI_75/XLXI_2/ALU/XLXI_7/XLXI_2/XLXI_1/XLXI_2
AND2 		XLXI_75/XLXI_2/ALU/XLXI_7/XLXI_2/XLXI_1/XLXI_31
AND2 		XLXI_75/XLXI_2/ALU/XLXI_7/XLXI_2/XLXI_1/XLXI_4
AND2 		XLXI_75/XLXI_2/ALU/XLXI_7/XLXI_2/XLXI_1/XLXI_6
AND2 		XLXI_75/XLXI_2/ALU/XLXI_7/XLXI_2/XLXI_1/XLXI_7
AND2 		XLXI_75/XLXI_2/ALU/XLXI_7/XLXI_2/XLXI_1/XLXI_9
AND2 		XLXI_75/XLXI_2/ALU/XLXI_7/XLXI_2/XLXI_2/XLXI_14
AND2 		XLXI_75/XLXI_2/ALU/XLXI_7/XLXI_2/XLXI_2/XLXI_2
AND2 		XLXI_75/XLXI_2/ALU/XLXI_7/XLXI_2/XLXI_2/XLXI_34
AND2 		XLXI_75/XLXI_2/ALU/XLXI_7/XLXI_2/XLXI_2/XLXI_4
AND2 		XLXI_75/XLXI_2/ALU/XLXI_7/XLXI_2/XLXI_2/XLXI_7
AND2 		XLXI_75/XLXI_2/ALU/XLXI_7/XLXI_2/XLXI_2/XLXI_9
AND2 		XLXI_75/XLXI_2/ALU/XLXI_7/XLXI_2/XLXI_3/XLXI_1
AND2 		XLXI_75/XLXI_2/ALU/XLXI_7/XLXI_2/XLXI_3/XLXI_11
AND2 		XLXI_75/XLXI_2/ALU/XLXI_7/XLXI_2/XLXI_3/XLXI_31
AND2 		XLXI_75/XLXI_2/ALU/XLXI_7/XLXI_2/XLXI_3/XLXI_6
AND2 		XLXI_75/XLXI_2/ALU/XLXI_7/XLXI_2/XLXI_4/XLXI_14
AND2 		XLXI_75/XLXI_2/ALU/XLXI_7/XLXI_2/XLXI_4/XLXI_34
AND2 		XLXI_75/XLXI_2/ALU/XLXI_7/XLXI_2/XLXI_4/XLXI_4
AND2 		XLXI_75/XLXI_2/ALU/XLXI_7/XLXI_2/XLXI_4/XLXI_9
AND2 		XLXI_75/XLXI_2/ALU/XLXI_7/XLXI_3/XLXI_1/XLXI_1
AND2 		XLXI_75/XLXI_2/ALU/XLXI_7/XLXI_3/XLXI_1/XLXI_11
AND2 		XLXI_75/XLXI_2/ALU/XLXI_7/XLXI_3/XLXI_1/XLXI_31
AND2 		XLXI_75/XLXI_2/ALU/XLXI_7/XLXI_3/XLXI_1/XLXI_6
AND2 		XLXI_75/XLXI_2/ALU/XLXI_7/XLXI_3/XLXI_2/XLXI_14
AND2 		XLXI_75/XLXI_2/ALU/XLXI_7/XLXI_3/XLXI_2/XLXI_34
AND2 		XLXI_75/XLXI_2/ALU/XLXI_7/XLXI_3/XLXI_2/XLXI_4
AND2 		XLXI_75/XLXI_2/ALU/XLXI_7/XLXI_3/XLXI_2/XLXI_9
AND2 		XLXI_75/XLXI_2/ALU/XLXI_7/XLXI_3/XLXI_3/XLXI_1
AND2 		XLXI_75/XLXI_2/ALU/XLXI_7/XLXI_3/XLXI_3/XLXI_11
AND2 		XLXI_75/XLXI_2/ALU/XLXI_7/XLXI_3/XLXI_3/XLXI_31
AND2 		XLXI_75/XLXI_2/ALU/XLXI_7/XLXI_3/XLXI_3/XLXI_6
AND2 		XLXI_75/XLXI_2/ALU/XLXI_7/XLXI_3/XLXI_4/XLXI_14
AND2 		XLXI_75/XLXI_2/ALU/XLXI_7/XLXI_3/XLXI_4/XLXI_34
AND2 		XLXI_75/XLXI_2/ALU/XLXI_7/XLXI_3/XLXI_4/XLXI_4
AND2 		XLXI_75/XLXI_2/ALU/XLXI_7/XLXI_3/XLXI_4/XLXI_9
AND2 		XLXI_75/XLXI_2/ALU/XLXI_7/XLXI_4/XLXI_1/XLXI_1
AND2 		XLXI_75/XLXI_2/ALU/XLXI_7/XLXI_4/XLXI_1/XLXI_11
AND2 		XLXI_75/XLXI_2/ALU/XLXI_7/XLXI_4/XLXI_1/XLXI_31
AND2 		XLXI_75/XLXI_2/ALU/XLXI_7/XLXI_4/XLXI_1/XLXI_6
AND2 		XLXI_75/XLXI_2/ALU/XLXI_7/XLXI_4/XLXI_2/XLXI_14
AND2 		XLXI_75/XLXI_2/ALU/XLXI_7/XLXI_4/XLXI_2/XLXI_34
AND2 		XLXI_75/XLXI_2/ALU/XLXI_7/XLXI_4/XLXI_2/XLXI_4
AND2 		XLXI_75/XLXI_2/ALU/XLXI_7/XLXI_4/XLXI_2/XLXI_9
AND2 		XLXI_75/XLXI_2/ALU/XLXI_7/XLXI_4/XLXI_3/XLXI_1
AND2 		XLXI_75/XLXI_2/ALU/XLXI_7/XLXI_4/XLXI_3/XLXI_11
AND2 		XLXI_75/XLXI_2/ALU/XLXI_7/XLXI_4/XLXI_3/XLXI_31
AND2 		XLXI_75/XLXI_2/ALU/XLXI_7/XLXI_4/XLXI_3/XLXI_6
AND2 		XLXI_75/XLXI_2/ALU/XLXI_7/XLXI_4/XLXI_4/XLXI_14
AND2 		XLXI_75/XLXI_2/ALU/XLXI_7/XLXI_4/XLXI_4/XLXI_32
AND2 		XLXI_75/XLXI_2/ALU/XLXI_7/XLXI_4/XLXI_4/XLXI_34
AND2 		XLXI_75/XLXI_2/ALU/XLXI_7/XLXI_4/XLXI_4/XLXI_4
AND2 		XLXI_75/XLXI_2/ALU/XLXI_7/XLXI_4/XLXI_4/XLXI_9
LUT2 		XLXI_75/XLXI_2/MUXD3/Mmux_o210
   optimized to 0
LUT2 		XLXI_75/XLXI_2/MUXD3/Mmux_o301
   optimized to 0
LUT2 		XLXI_75/XLXI_2/MUXD3/Mmux_o311
   optimized to 0
LUT2 		XLXI_75/XLXI_2/MUXD3/Mmux_o321
   optimized to 0

To enable printing of redundant blocks removed and signals merged, set the
detailed map report option and rerun map.

Section 6 - IOB Properties
--------------------------

+---------------------------------------------------------------------------------------------------------------------------------------------------------+
| IOB Name                           | Type             | Direction | IO Standard          | Diff  | Drive    | Slew | Reg (s)      | Resistor | IOB      |
|                                    |                  |           |                      | Term  | Strength | Rate |              |          | Delay    |
+---------------------------------------------------------------------------------------------------------------------------------------------------------+
| AN<0>                              | IOB33            | OUTPUT    | LVCMOS33             |       | 12       | SLOW |              |          |          |
| AN<1>                              | IOB33            | OUTPUT    | LVCMOS33             |       | 12       | SLOW |              |          |          |
| AN<2>                              | IOB33            | OUTPUT    | LVCMOS33             |       | 12       | SLOW |              |          |          |
| AN<3>                              | IOB33            | OUTPUT    | LVCMOS33             |       | 12       | SLOW |              |          |          |
| Buzzer                             | IOB33            | OUTPUT    | LVCMOS33             |       | 12       | SLOW |              |          |          |
| CR                                 | IOB33            | OUTPUT    | LVCMOS33             |       | 12       | SLOW |              |          |          |
| K_COL<0>                           | IOB              | INPUT     | LVCMOS18             |       |          |      |              |          |          |
| K_COL<1>                           | IOB              | INPUT     | LVCMOS18             |       |          |      |              |          |          |
| K_COL<2>                           | IOB              | INPUT     | LVCMOS18             |       |          |      |              |          |          |
| K_COL<3>                           | IOB              | INPUT     | LVCMOS18             |       |          |      |              |          |          |
| K_ROW<0>                           | IOB              | OUTPUT    | LVCMOS18             |       | 12       | SLOW |              |          |          |
| K_ROW<1>                           | IOB              | OUTPUT    | LVCMOS18             |       | 12       | SLOW |              |          |          |
| K_ROW<2>                           | IOB              | OUTPUT    | LVCMOS18             |       | 12       | SLOW |              |          |          |
| K_ROW<3>                           | IOB              | OUTPUT    | LVCMOS18             |       | 12       | SLOW |              |          |          |
| K_ROW<4>                           | IOB              | OUTPUT    | LVCMOS18             |       | 12       | SLOW |              |          |          |
| LED<0>                             | IOB33            | OUTPUT    | LVCMOS33             |       | 12       | SLOW |              |          |          |
| LED<1>                             | IOB33            | OUTPUT    | LVCMOS33             |       | 12       | SLOW |              |          |          |
| LED<2>                             | IOB33            | OUTPUT    | LVCMOS33             |       | 12       | SLOW |              |          |          |
| LED<3>                             | IOB33            | OUTPUT    | LVCMOS33             |       | 12       | SLOW |              |          |          |
| LED<4>                             | IOB33            | OUTPUT    | LVCMOS33             |       | 12       | SLOW |              |          |          |
| LED<5>                             | IOB33            | OUTPUT    | LVCMOS33             |       | 12       | SLOW |              |          |          |
| LED<6>                             | IOB33            | OUTPUT    | LVCMOS33             |       | 12       | SLOW |              |          |          |
| LED<7>                             | IOB33            | OUTPUT    | LVCMOS33             |       | 12       | SLOW |              |          |          |
| LEDCLK                             | IOB33            | OUTPUT    | LVCMOS33             |       | 12       | SLOW |              |          |          |
| LEDCLR                             | IOB33            | OUTPUT    | LVCMOS33             |       | 12       | SLOW |              |          |          |
| LEDDT                              | IOB33            | OUTPUT    | LVCMOS33             |       | 12       | SLOW |              |          |          |
| LEDEN                              | IOB33            | OUTPUT    | LVCMOS33             |       | 12       | SLOW |              |          |          |
| RDY                                | IOB33            | OUTPUT    | LVCMOS33             |       | 12       | SLOW |              |          |          |
| RSTN                               | IOB              | INPUT     | LVCMOS18             |       |          |      |              |          |          |
| SEGCLK                             | IOB33            | OUTPUT    | LVCMOS33             |       | 12       | SLOW |              |          |          |
| SEGCLR                             | IOB33            | OUTPUT    | LVCMOS33             |       | 12       | SLOW |              |          |          |
| SEGDT                              | IOB33            | OUTPUT    | LVCMOS33             |       | 12       | SLOW |              |          |          |
| SEGEN                              | IOB33            | OUTPUT    | LVCMOS33             |       | 12       | SLOW |              |          |          |
| SEGMENT<0>                         | IOB33            | OUTPUT    | LVCMOS33             |       | 12       | SLOW |              |          |          |
| SEGMENT<1>                         | IOB33            | OUTPUT    | LVCMOS33             |       | 12       | SLOW |              |          |          |
| SEGMENT<2>                         | IOB33            | OUTPUT    | LVCMOS33             |       | 12       | SLOW |              |          |          |
| SEGMENT<3>                         | IOB33            | OUTPUT    | LVCMOS33             |       | 12       | SLOW |              |          |          |
| SEGMENT<4>                         | IOB33            | OUTPUT    | LVCMOS33             |       | 12       | SLOW |              |          |          |
| SEGMENT<5>                         | IOB33            | OUTPUT    | LVCMOS33             |       | 12       | SLOW |              |          |          |
| SEGMENT<6>                         | IOB33            | OUTPUT    | LVCMOS33             |       | 12       | SLOW |              |          |          |
| SEGMENT<7>                         | IOB33            | OUTPUT    | LVCMOS33             |       | 12       | SLOW |              |          |          |
| SW<0>                              | IOB              | INPUT     | LVCMOS15             |       |          |      |              |          |          |
| SW<1>                              | IOB              | INPUT     | LVCMOS15             |       |          |      |              |          |          |
| SW<2>                              | IOB              | INPUT     | LVCMOS15             |       |          |      |              |          |          |
| SW<3>                              | IOB              | INPUT     | LVCMOS15             |       |          |      |              |          |          |
| SW<4>                              | IOB              | INPUT     | LVCMOS15             |       |          |      |              |          |          |
| SW<5>                              | IOB              | INPUT     | LVCMOS15             |       |          |      |              |          |          |
| SW<6>                              | IOB              | INPUT     | LVCMOS15             |       |          |      |              |          |          |
| SW<7>                              | IOB              | INPUT     | LVCMOS15             |       |          |      |              |          |          |
| SW<8>                              | IOB              | INPUT     | LVCMOS15             |       |          |      |              |          |          |
| SW<9>                              | IOB              | INPUT     | LVCMOS15             |       |          |      |              |          |          |
| SW<10>                             | IOB              | INPUT     | LVCMOS15             |       |          |      |              |          |          |
| SW<11>                             | IOB              | INPUT     | LVCMOS15             |       |          |      |              |          |          |
| SW<12>                             | IOB              | INPUT     | LVCMOS15             |       |          |      |              |          |          |
| SW<13>                             | IOB              | INPUT     | LVCMOS15             |       |          |      |              |          |          |
| SW<14>                             | IOB              | INPUT     | LVCMOS15             |       |          |      |              |          |          |
| SW<15>                             | IOB              | INPUT     | LVCMOS15             |       |          |      |              |          |          |
| clk_100mhz                         | IOB              | INPUT     | LVCMOS18             |       |          |      |              |          |          |
| readn                              | IOB33            | OUTPUT    | LVCMOS33             |       | 12       | SLOW |              |          |          |
+---------------------------------------------------------------------------------------------------------------------------------------------------------+

Section 7 - RPMs
----------------

Section 8 - Guide Report
------------------------
Guide not run on this design.

Section 9 - Area Group and Partition Summary
--------------------------------------------

Partition Implementation Status
-------------------------------

  No Partitions were found in this design.

-------------------------------

Area Group Information
----------------------

  No area groups were found in this design.

----------------------

Section 10 - Timing Report
--------------------------
A logic-level (pre-route) timing report can be generated by using Xilinx static
timing analysis tools, Timing Analyzer (GUI) or TRCE (command line), with the
mapped NCD and PCF files. Please note that this timing report will be generated
using estimated delay information. For accurate numbers, please generate a
timing report with the post Place and Route NCD file.

For more information about the Timing Analyzer, consult the Xilinx Timing
Analyzer Reference Manual; for more information about TRCE, consult the Xilinx
Command Line Tools User Guide "TRACE" chapter.

Section 11 - Configuration String Details
-----------------------------------------
Use the "-detail" map option to print out Configuration Strings

Section 12 - Control Set Information
------------------------------------
Use the "-detail" map option to print out Control Set Information.

Section 13 - Utilization by Hierarchy
-------------------------------------
Use the "-detail" map option to print out the Utilization by Hierarchy section.
