Release 14.7 - xst P.20131013 (nt64)
Copyright (c) 1995-2013 Xilinx, Inc.  All rights reserved.
--> Parameter TMPDIR set to xst/projnav.tmp


Total REAL time to Xst completion: 0.00 secs
Total CPU time to Xst completion: 0.33 secs
 
--> Parameter xsthdpdir set to xst


Total REAL time to Xst completion: 0.00 secs
Total CPU time to Xst completion: 0.34 secs
 
--> Reading design: Choose32_8_1.prj

TABLE OF CONTENTS
  1) Synthesis Options Summary
  2) HDL Parsing
  3) HDL Elaboration
  4) HDL Synthesis
       4.1) HDL Synthesis Report
  5) Advanced HDL Synthesis
       5.1) Advanced HDL Synthesis Report
  6) Low Level Synthesis
  7) Partition Report
  8) Design Summary
       8.1) Primitive and Black Box Usage
       8.2) Device utilization summary
       8.3) Partition Resource Summary
       8.4) Timing Report
            8.4.1) Clock Information
            8.4.2) Asynchronous Control Signals Information
            8.4.3) Timing Summary
            8.4.4) Timing Details
            8.4.5) Cross Clock Domains Report


=========================================================================
*                      Synthesis Options Summary                        *
=========================================================================
---- Source Parameters
Input File Name                    : "Choose32_8_1.prj"
Ignore Synthesis Constraint File   : NO

---- Target Parameters
Output File Name                   : "Choose32_8_1"
Output Format                      : NGC
Target Device                      : xc7k160t-2L-ffg676

---- Source Options
Top Module Name                    : Choose32_8_1
Automatic FSM Extraction           : YES
FSM Encoding Algorithm             : Auto
Safe Implementation                : No
FSM Style                          : LUT
RAM Extraction                     : Yes
RAM Style                          : Auto
ROM Extraction                     : Yes
Shift Register Extraction          : YES
ROM Style                          : Auto
Resource Sharing                   : YES
Asynchronous To Synchronous        : NO
Shift Register Minimum Size        : 2
Use DSP Block                      : Auto
Automatic Register Balancing       : No

---- Target Options
LUT Combining                      : Auto
Reduce Control Sets                : Auto
Add IO Buffers                     : YES
Global Maximum Fanout              : 100000
Add Generic Clock Buffer(BUFG)     : 32
Register Duplication               : YES
Optimize Instantiated Primitives   : NO
Use Clock Enable                   : Auto
Use Synchronous Set                : Auto
Use Synchronous Reset              : Auto
Pack IO Registers into IOBs        : Auto
Equivalent register Removal        : YES

---- General Options
Optimization Goal                  : Speed
Optimization Effort                : 1
Power Reduction                    : NO
Keep Hierarchy                     : No
Netlist Hierarchy                  : As_Optimized
RTL Output                         : Yes
Global Optimization                : AllClockNets
Read Cores                         : YES
Write Timing Constraints           : NO
Cross Clock Analysis               : NO
Hierarchy Separator                : /
Bus Delimiter                      : <>
Case Specifier                     : Maintain
Slice Utilization Ratio            : 100
BRAM Utilization Ratio             : 100
DSP48 Utilization Ratio            : 100
Auto BRAM Packing                  : NO
Slice Utilization Ratio Delta      : 5

=========================================================================


=========================================================================
*                          HDL Parsing                                  *
=========================================================================
Analyzing Verilog file "E:\test_1\logicproject\11\Top_Fsm\Choose32_8_1.v" into library work
Parsing module <Choose32_8_1>.

=========================================================================
*                            HDL Elaboration                            *
=========================================================================

Elaborating module <Choose32_8_1>.
WARNING:HDLCompiler:91 - "E:\test_1\logicproject\11\Top_Fsm\Choose32_8_1.v" Line 35: Signal <Data0> missing in the sensitivity list is added for synthesis purposes. HDL and post-synthesis simulations may differ as a result.
WARNING:HDLCompiler:91 - "E:\test_1\logicproject\11\Top_Fsm\Choose32_8_1.v" Line 36: Signal <Data1> missing in the sensitivity list is added for synthesis purposes. HDL and post-synthesis simulations may differ as a result.
WARNING:HDLCompiler:91 - "E:\test_1\logicproject\11\Top_Fsm\Choose32_8_1.v" Line 37: Signal <Data2> missing in the sensitivity list is added for synthesis purposes. HDL and post-synthesis simulations may differ as a result.
WARNING:HDLCompiler:91 - "E:\test_1\logicproject\11\Top_Fsm\Choose32_8_1.v" Line 38: Signal <Data3> missing in the sensitivity list is added for synthesis purposes. HDL and post-synthesis simulations may differ as a result.
WARNING:HDLCompiler:91 - "E:\test_1\logicproject\11\Top_Fsm\Choose32_8_1.v" Line 39: Signal <Data4> missing in the sensitivity list is added for synthesis purposes. HDL and post-synthesis simulations may differ as a result.
WARNING:HDLCompiler:91 - "E:\test_1\logicproject\11\Top_Fsm\Choose32_8_1.v" Line 40: Signal <Data5> missing in the sensitivity list is added for synthesis purposes. HDL and post-synthesis simulations may differ as a result.
WARNING:HDLCompiler:91 - "E:\test_1\logicproject\11\Top_Fsm\Choose32_8_1.v" Line 41: Signal <Data6> missing in the sensitivity list is added for synthesis purposes. HDL and post-synthesis simulations may differ as a result.
WARNING:HDLCompiler:91 - "E:\test_1\logicproject\11\Top_Fsm\Choose32_8_1.v" Line 42: Signal <Data7> missing in the sensitivity list is added for synthesis purposes. HDL and post-synthesis simulations may differ as a result.

=========================================================================
*                           HDL Synthesis                               *
=========================================================================

Synthesizing Unit <Choose32_8_1>.
    Related source file is "E:\test_1\logicproject\11\Top_Fsm\Choose32_8_1.v".
    Found 32-bit 8-to-1 multiplexer for signal <Data_out> created at line 34.
    Summary:
	inferred   1 Multiplexer(s).
Unit <Choose32_8_1> synthesized.

=========================================================================
HDL Synthesis Report

Macro Statistics
# Multiplexers                                         : 1
 32-bit 8-to-1 multiplexer                             : 1

=========================================================================

=========================================================================
*                       Advanced HDL Synthesis                          *
=========================================================================


=========================================================================
Advanced HDL Synthesis Report

Macro Statistics
# Multiplexers                                         : 1
 32-bit 8-to-1 multiplexer                             : 1

=========================================================================

=========================================================================
*                         Low Level Synthesis                           *
=========================================================================

Optimizing unit <Choose32_8_1> ...

Mapping all equations...
Building and optimizing final netlist ...
Found area constraint ratio of 100 (+ 5) on block Choose32_8_1, actual ratio is 0.

Final Macro Processing ...

=========================================================================
Final Register Report

Found no macro
=========================================================================

=========================================================================
*                           Partition Report                            *
=========================================================================

Partition Implementation Status
-------------------------------

  No Partitions were found in this design.

-------------------------------

=========================================================================
*                            Design Summary                             *
=========================================================================

Top Level Output File Name         : Choose32_8_1.ngc

Primitive and Black Box Usage:
------------------------------
# BELS                             : 96
#      LUT6                        : 64
#      MUXF7                       : 32
# IO Buffers                       : 291
#      IBUF                        : 259
#      OBUF                        : 32

Device utilization summary:
---------------------------

Selected Device : 7k160tffg676-2l 


Slice Logic Utilization: 
 Number of Slice LUTs:                   64  out of  101400     0%  
    Number used as Logic:                64  out of  101400     0%  

Slice Logic Distribution: 
 Number of LUT Flip Flop pairs used:     64
   Number with an unused Flip Flop:      64  out of     64   100%  
   Number with an unused LUT:             0  out of     64     0%  
   Number of fully used LUT-FF pairs:     0  out of     64     0%  
   Number of unique control sets:         0

IO Utilization: 
 Number of IOs:                         291
 Number of bonded IOBs:                 291  out of    400    72%  

Specific Feature Utilization:

---------------------------
Partition Resource Summary:
---------------------------

  No Partitions were found in this design.

---------------------------


=========================================================================
Timing Report

NOTE: THESE TIMING NUMBERS ARE ONLY A SYNTHESIS ESTIMATE.
      FOR ACCURATE TIMING INFORMATION PLEASE REFER TO THE TRACE REPORT
      GENERATED AFTER PLACE-and-ROUTE.

Clock Information:
------------------
No clock signals found in this design

Asynchronous Control Signals Information:
----------------------------------------
No asynchronous control signals found in this design

Timing Summary:
---------------
Speed Grade: -2

   Minimum period: No path found
   Minimum input arrival time before clock: No path found
   Maximum output required time after clock: No path found
   Maximum combinational path delay: 1.309ns

Timing Details:
---------------
All values displayed in nanoseconds (ns)

=========================================================================
Timing constraint: Default path analysis
  Total number of paths / destination ports: 416 / 32
-------------------------------------------------------------------------
Delay:               1.309ns (Levels of Logic = 4)
  Source:            choose<1> (PAD)
  Destination:       Data_out<31> (PAD)

  Data Path: choose<1> to Data_out<31>
                                Gate     Net
    Cell:in->out      fanout   Delay   Delay  Logical Name (Net Name)
    ----------------------------------------  ------------
     IBUF:I->O            64   0.000   0.749  choose_1_IBUF (choose_1_IBUF)
     LUT6:I0->O            1   0.043   0.000  Mmux_Data_out_3 (Mmux_Data_out_3)
     MUXF7:I1->O           1   0.178   0.339  Mmux_Data_out_2_f7 (Data_out_0_OBUF)
     OBUF:I->O                 0.000          Data_out_0_OBUF (Data_out<0>)
    ----------------------------------------
    Total                      1.309ns (0.221ns logic, 1.088ns route)
                                       (16.9% logic, 83.1% route)

=========================================================================

Cross Clock Domains Report:
--------------------------

=========================================================================


Total REAL time to Xst completion: 29.00 secs
Total CPU time to Xst completion: 29.18 secs
 
--> 

Total memory usage is 4745520 kilobytes

Number of errors   :    0 (   0 filtered)
Number of warnings :    8 (   0 filtered)
Number of infos    :    0 (   0 filtered)

