Release 14.7 - xst P.20131013 (nt64)
Copyright (c) 1995-2013 Xilinx, Inc.  All rights reserved.
--> Parameter TMPDIR set to xst/projnav.tmp


Total REAL time to Xst completion: 0.00 secs
Total CPU time to Xst completion: 0.09 secs
 
--> Parameter xsthdpdir set to xst


Total REAL time to Xst completion: 0.00 secs
Total CPU time to Xst completion: 0.09 secs
 
--> Reading design: Framework.prj

TABLE OF CONTENTS
  1) Synthesis Options Summary
  2) HDL Parsing
  3) HDL Elaboration
  4) HDL Synthesis
       4.1) HDL Synthesis Report
  5) Advanced HDL Synthesis
       5.1) Advanced HDL Synthesis Report
  6) Low Level Synthesis
  7) Partition Report
  8) Design Summary
       8.1) Primitive and Black Box Usage
       8.2) Device utilization summary
       8.3) Partition Resource Summary
       8.4) Timing Report
            8.4.1) Clock Information
            8.4.2) Asynchronous Control Signals Information
            8.4.3) Timing Summary
            8.4.4) Timing Details
            8.4.5) Cross Clock Domains Report


=========================================================================
*                      Synthesis Options Summary                        *
=========================================================================
---- Source Parameters
Input File Name                    : "Framework.prj"
Ignore Synthesis Constraint File   : NO

---- Target Parameters
Output File Name                   : "Framework"
Output Format                      : NGC
Target Device                      : xc7k160t-2L-ffg676

---- Source Options
Top Module Name                    : Framework
Automatic FSM Extraction           : YES
FSM Encoding Algorithm             : Auto
Safe Implementation                : No
FSM Style                          : LUT
RAM Extraction                     : Yes
RAM Style                          : Auto
ROM Extraction                     : Yes
Shift Register Extraction          : YES
ROM Style                          : Auto
Resource Sharing                   : YES
Asynchronous To Synchronous        : NO
Shift Register Minimum Size        : 2
Use DSP Block                      : Auto
Automatic Register Balancing       : No

---- Target Options
LUT Combining                      : Auto
Reduce Control Sets                : Auto
Add IO Buffers                     : YES
Global Maximum Fanout              : 100000
Add Generic Clock Buffer(BUFG)     : 32
Register Duplication               : YES
Optimize Instantiated Primitives   : NO
Use Clock Enable                   : Auto
Use Synchronous Set                : Auto
Use Synchronous Reset              : Auto
Pack IO Registers into IOBs        : Auto
Equivalent register Removal        : YES

---- General Options
Optimization Goal                  : Speed
Optimization Effort                : 1
Power Reduction                    : NO
Keep Hierarchy                     : No
Netlist Hierarchy                  : As_Optimized
RTL Output                         : Yes
Global Optimization                : AllClockNets
Read Cores                         : YES
Write Timing Constraints           : NO
Cross Clock Analysis               : NO
Hierarchy Separator                : /
Bus Delimiter                      : <>
Case Specifier                     : Maintain
Slice Utilization Ratio            : 100
BRAM Utilization Ratio             : 100
DSP48 Utilization Ratio            : 100
Auto BRAM Packing                  : NO
Slice Utilization Ratio Delta      : 5

---- Other Options
Cores Search Directories           : {"ipcore_dir"  }

=========================================================================


=========================================================================
*                          HDL Parsing                                  *
=========================================================================
WARNING:Xst:2838 - Path definition '$XILINX/vhdl/xst/nt64/unimacro' in file C:/Xilinx/14.7/ISE_DS/ISE/vhdl/xst/nt64/hdc.ini is invalid and being ignored.  Check the path and ensure that any environment variable specification is legal.
WARNING:Xst:2838 - Path definition '$XILINX/vhdl/xst/nt64/xilinxcorelib' in file C:/Xilinx/14.7/ISE_DS/ISE/vhdl/xst/nt64/hdc.ini is invalid and being ignored.  Check the path and ensure that any environment variable specification is legal.
Analyzing Verilog file "D:\v1.6.1\MUX_4.vf" into library work
Parsing module <MUX_4>.
Analyzing Verilog file "D:\v1.6.1\MUX4T1_4.vf" into library work
Parsing module <MUX4T1_4>.
Analyzing Verilog file "D:\v1.6.1\MC14495_ZJU.vf" into library work
Parsing module <MC14495_ZJU>.
Analyzing Verilog file "D:\v1.6.1\MUX_16.vf" into library work
Parsing module <MUX_4_MUSER_MUX_16>.
Parsing module <MUX_16>.
Analyzing Verilog file "D:\v1.6.1\MUX8T1_8.vf" into library work
Parsing module <MUX4T1_4_MUSER_MUX8T1_8>.
Parsing module <MUX8T1_8>.
Analyzing Verilog file "D:\v1.6.1\Hex2Seg.v" into library work
Parsing module <Hex2Seg>.
Analyzing Verilog file "D:\v1.6.1\SSeg_map.v" into library work
Parsing module <SSeg_map>.
Analyzing Verilog file "D:\v1.6.1\Seg_map.v" into library work
Parsing module <Seg_map>.
Analyzing Verilog file "D:\v1.6.1\SCPU_ctrl.v" into library work
Parsing module <SCPU_ctrl>.
Analyzing Verilog file "D:\v1.6.1\SCANSYNC_1.vf" into library work
Parsing module <MUX4T1_4_MUSER_SCANSYNC_1>.
Parsing module <MUX8T1_8_MUSER_SCANSYNC_1>.
Parsing module <SCANSYNC_1>.
Analyzing Verilog file "D:\v1.6.1\P2S_IO.v" into library work
Parsing module <P2S>.
Analyzing Verilog file "D:\v1.6.1\MUX_8.vf" into library work
Parsing module <MUX_4_MUSER_MUX_8>.
Parsing module <MUX_8>.
Analyzing Verilog file "D:\v1.6.1\MUX_64.vf" into library work
Parsing module <MUX_4_MUSER_MUX_64>.
Parsing module <MUX_16_MUSER_MUX_64>.
Parsing module <MUX_64>.
Analyzing Verilog file "D:\v1.6.1\MUX8T1_32.vf" into library work
Parsing module <MUX4T1_4_MUSER_MUX8T1_32>.
Parsing module <MUX8T1_8_MUSER_MUX8T1_32>.
Parsing module <MUX8T1_32>.
Analyzing Verilog file "D:\v1.6.1\LED_P2S_IO.v" into library work
Parsing module <LED_P2S>.
Analyzing Verilog file "D:\v1.6.1\HexTo8SEG.v" into library work
Parsing module <HexTo8SEG>.
Analyzing Verilog file "D:\v1.6.1\Data_path.v" into library work
Parsing module <Data_path>.
Analyzing Verilog file "D:\v1.6.1\VGA.v" into library work
Parsing module <VGA>.
Analyzing Verilog file "D:\v1.6.1\U8_clk_div.v" into library work
Parsing module <U8_clk_div>.
Analyzing Verilog file "D:\v1.6.1\SEnter_2_32_IO.v" into library work
Parsing module <SEnter_2_32>.
Analyzing Verilog file "D:\v1.6.1\Seg7_Dev.vf" into library work
Parsing module <MUX4T1_4_MUSER_Seg7_Dev>.
Parsing module <MUX8T1_8_MUSER_Seg7_Dev>.
Parsing module <SCANSYNC_1_MUSER_Seg7_Dev>.
Parsing module <MUX_4_MUSER_Seg7_Dev>.
Parsing module <MUX_8_MUSER_Seg7_Dev>.
Parsing module <MC14495_ZJU_MUSER_Seg7_Dev>.
Parsing module <Seg7_Dev>.
Analyzing Verilog file "D:\v1.6.1\SCPU.vf" into library work
Parsing module <SCPU>.
Analyzing Verilog file "D:\v1.6.1\SAnti_jitter_IO.v" into library work
Parsing module <SAnti_jitter>.
Analyzing Verilog file "D:\v1.6.1\ps2.v" into library work
Parsing module <ps2>.
Analyzing Verilog file "D:\v1.6.1\PIO.v" into library work
Parsing module <PIO>.
Analyzing Verilog file "D:\v1.6.1\Multi_8CH32.v" into library work
Parsing module <Multi_8CH32>.
Analyzing Verilog file "D:\v1.6.1\MIO_BUS_IO.v" into library work
Parsing module <MIO_BUS>.
Analyzing Verilog file "D:\v1.6.1\ipcore_dir\ROM_D.v" into library work
Parsing module <ROM_D>.
Analyzing Verilog file "D:\v1.6.1\ipcore_dir\RAM_B.v" into library work
Parsing module <RAM_B>.
Analyzing Verilog file "D:\v1.6.1\GPIO.v" into library work
Parsing module <GPIO>.
Analyzing Verilog file "D:\v1.6.1\Display.vf" into library work
Parsing module <MUX_4_MUSER_Display>.
Parsing module <MUX_16_MUSER_Display>.
Parsing module <MUX_64_MUSER_Display>.
Parsing module <Display>.
Analyzing Verilog file "D:\v1.6.1\Counter_3_IO.v" into library work
Parsing module <Counter_x>.
Analyzing Verilog file "D:\v1.6.1\Framework.vf" into library work
Parsing module <SCPU_MUSER_Framework>.
Parsing module <MUX4T1_4_MUSER_Framework>.
Parsing module <MUX8T1_8_MUSER_Framework>.
Parsing module <SCANSYNC_1_MUSER_Framework>.
Parsing module <MUX_4_MUSER_Framework>.
Parsing module <MUX_8_MUSER_Framework>.
Parsing module <MC14495_ZJU_MUSER_Framework>.
Parsing module <Seg7_Dev_MUSER_Framework>.
Parsing module <MUX_16_MUSER_Framework>.
Parsing module <MUX_64_MUSER_Framework>.
Parsing module <Display_MUSER_Framework>.
Parsing module <Framework>.

=========================================================================
*                            HDL Elaboration                            *
=========================================================================

Elaborating module <Framework>.

Elaborating module <SAnti_jitter>.
WARNING:HDLCompiler:1499 - "D:\v1.6.1\SAnti_jitter_IO.v" Line 21: Empty module <SAnti_jitter> remains a black box.
WARNING:HDLCompiler:1127 - "D:\v1.6.1\Framework.vf" Line 1013: Assignment to Pulse ignored, since the identifier is never used

Elaborating module <SEnter_2_32>.
WARNING:HDLCompiler:1499 - "D:\v1.6.1\SEnter_2_32_IO.v" Line 21: Empty module <SEnter_2_32> remains a black box.
WARNING:HDLCompiler:1127 - "D:\v1.6.1\Framework.vf" Line 1022: Assignment to Bi ignored, since the identifier is never used
WARNING:HDLCompiler:1127 - "D:\v1.6.1\Framework.vf" Line 1023: Assignment to blink ignored, since the identifier is never used

Elaborating module <Multi_8CH32>.

Elaborating module <MUX8T1_32>.

Elaborating module <MUX8T1_8_MUSER_MUX8T1_32>.

Elaborating module <AND2>.

Elaborating module <OR2>.

Elaborating module <INV>.

Elaborating module <MUX4T1_4_MUSER_MUX8T1_32>.

Elaborating module <OR4>.

Elaborating module <MUX8T1_8>.

Elaborating module <MUX4T1_4_MUSER_MUX8T1_8>.

Elaborating module <VCC>.

Elaborating module <GND>.

Elaborating module <BUF>.

Elaborating module <Display_MUSER_Framework>.

Elaborating module <SSeg_map>.

Elaborating module <MUX_64_MUSER_Framework>.

Elaborating module <MUX_16_MUSER_Framework>.

Elaborating module <MUX_4_MUSER_Framework>.

Elaborating module <HexTo8SEG>.

Elaborating module <Hex2Seg>.

Elaborating module <MC14495_ZJU>.

Elaborating module <AND4>.

Elaborating module <AND3>.

Elaborating module <OR3>.

Elaborating module <P2S>.
WARNING:HDLCompiler:1499 - "D:\v1.6.1\P2S_IO.v" Line 21: Empty module <P2S> remains a black box.

Elaborating module <Seg7_Dev_MUSER_Framework>.

Elaborating module <MC14495_ZJU_MUSER_Framework>.

Elaborating module <MUX_8_MUSER_Framework>.

Elaborating module <SCANSYNC_1_MUSER_Framework>.

Elaborating module <MUX8T1_8_MUSER_Framework>.

Elaborating module <MUX4T1_4_MUSER_Framework>.

Elaborating module <Seg_map>.

Elaborating module <U8_clk_div>.

Elaborating module <VGA>.

Elaborating module <ps2>.

Elaborating module <MIO_BUS>.
WARNING:HDLCompiler:1499 - "D:\v1.6.1\MIO_BUS_IO.v" Line 21: Empty module <MIO_BUS> remains a black box.

Elaborating module <Counter_x>.
WARNING:HDLCompiler:1127 - "D:\v1.6.1\Counter_3_IO.v" Line 43: Assignment to M2 ignored, since the identifier is never used
WARNING:HDLCompiler:634 - "D:\v1.6.1\Counter_3_IO.v" Line 36: Net <counter1[32]> does not have a driver.

Elaborating module <GPIO>.

Elaborating module <LED_P2S(DATA_BITS=16,DATA_COUNT_BITS=4)>.
WARNING:HDLCompiler:1499 - "D:\v1.6.1\LED_P2S_IO.v" Line 21: Empty module <LED_P2S(DATA_BITS=16,DATA_COUNT_BITS=4)> remains a black box.

Elaborating module <PIO>.

Elaborating module <ROM_D>.
WARNING:HDLCompiler:1499 - "D:\v1.6.1\ipcore_dir\ROM_D.v" Line 39: Empty module <ROM_D> remains a black box.

Elaborating module <RAM_B>.
WARNING:HDLCompiler:1499 - "D:\v1.6.1\ipcore_dir\RAM_B.v" Line 39: Empty module <RAM_B> remains a black box.

Elaborating module <SCPU_MUSER_Framework>.

Elaborating module <Data_path>.
WARNING:HDLCompiler:1499 - "D:\v1.6.1\Data_path.v" Line 21: Empty module <Data_path> remains a black box.

Elaborating module <SCPU_ctrl>.
WARNING:HDLCompiler:1499 - "D:\v1.6.1\SCPU_ctrl.v" Line 21: Empty module <SCPU_ctrl> remains a black box.
WARNING:HDLCompiler:552 - "D:\v1.6.1\Framework.vf" Line 1079: Input port clk is not connected on this instance
WARNING:HDLCompiler:552 - "D:\v1.6.1\Framework.vf" Line 1089: Input port clk is not connected on this instance
WARNING:HDLCompiler:552 - "D:\v1.6.1\Framework.vf" Line 1156: Input port MIO_ready is not connected on this instance
WARNING:Xst:2972 - "D:\v1.6.1\Framework.vf" line 1089. All outputs of instance <XLXI_34> of block <ps2> are unconnected in block <Framework>. Underlying logic will be removed.

=========================================================================
*                           HDL Synthesis                               *
=========================================================================

Synthesizing Unit <Framework>.
    Related source file is "D:\v1.6.1\Framework.vf".
WARNING:Xst:2898 - Port 'Din', unconnected in block instance 'XLXI_33', is tied to GND.
WARNING:Xst:2898 - Port 'clk', unconnected in block instance 'XLXI_33', is tied to GND.
WARNING:Xst:2898 - Port 'reset', unconnected in block instance 'XLXI_33', is tied to GND.
WARNING:Xst:2898 - Port 'clk', unconnected in block instance 'XLXI_34', is tied to GND.
WARNING:Xst:2898 - Port 'rst', unconnected in block instance 'XLXI_34', is tied to GND.
INFO:Xst:3210 - "D:\v1.6.1\Framework.vf" line 1003: Output port <pulse_out> of the instance <XLXI_1> is unconnected or connected to loadless signal.
INFO:Xst:3210 - "D:\v1.6.1\Framework.vf" line 1016: Output port <Ai> of the instance <XLXI_2> is unconnected or connected to loadless signal.
INFO:Xst:3210 - "D:\v1.6.1\Framework.vf" line 1016: Output port <Bi> of the instance <XLXI_2> is unconnected or connected to loadless signal.
INFO:Xst:3210 - "D:\v1.6.1\Framework.vf" line 1016: Output port <blink> of the instance <XLXI_2> is unconnected or connected to loadless signal.
INFO:Xst:3210 - "D:\v1.6.1\Framework.vf" line 1079: Output port <vga_x> of the instance <XLXI_33> is unconnected or connected to loadless signal.
INFO:Xst:3210 - "D:\v1.6.1\Framework.vf" line 1079: Output port <vga_y> of the instance <XLXI_33> is unconnected or connected to loadless signal.
INFO:Xst:3210 - "D:\v1.6.1\Framework.vf" line 1089: Output port <data_out> of the instance <XLXI_34> is unconnected or connected to loadless signal.
INFO:Xst:3210 - "D:\v1.6.1\Framework.vf" line 1089: Output port <ready> of the instance <XLXI_34> is unconnected or connected to loadless signal.
INFO:Xst:3210 - "D:\v1.6.1\Framework.vf" line 1130: Output port <GPIOf0> of the instance <XLXI_40> is unconnected or connected to loadless signal.
INFO:Xst:3210 - "D:\v1.6.1\Framework.vf" line 1142: Output port <counter_set> of the instance <XLXI_41> is unconnected or connected to loadless signal.
INFO:Xst:3210 - "D:\v1.6.1\Framework.vf" line 1142: Output port <GPIOf0> of the instance <XLXI_41> is unconnected or connected to loadless signal.
INFO:Xst:3210 - "D:\v1.6.1\Framework.vf" line 1156: Output port <CPU_MIO> of the instance <XLXI_49> is unconnected or connected to loadless signal.
    Summary:
	no macro.
Unit <Framework> synthesized.

Synthesizing Unit <Multi_8CH32>.
    Related source file is "D:\v1.6.1\Multi_8CH32.v".
WARNING:Xst:647 - Input <rst> is never used. This port will be preserved and left unconnected if it belongs to a top-level block or it belongs to a sub-block and the hierarchy of this sub-block is preserved.
    Found 8-bit register for signal <cpu_blink>.
    Found 8-bit register for signal <cpu_point>.
    Found 32-bit register for signal <disp_data>.
    Summary:
	inferred  48 D-type flip-flop(s).
Unit <Multi_8CH32> synthesized.

Synthesizing Unit <MUX8T1_32>.
    Related source file is "D:\v1.6.1\MUX8T1_32.vf".
    Summary:
	no macro.
Unit <MUX8T1_32> synthesized.

Synthesizing Unit <MUX8T1_8_MUSER_MUX8T1_32>.
    Related source file is "D:\v1.6.1\MUX8T1_32.vf".
    Summary:
	no macro.
Unit <MUX8T1_8_MUSER_MUX8T1_32> synthesized.

Synthesizing Unit <MUX4T1_4_MUSER_MUX8T1_32>.
    Related source file is "D:\v1.6.1\MUX8T1_32.vf".
    Summary:
	no macro.
Unit <MUX4T1_4_MUSER_MUX8T1_32> synthesized.

Synthesizing Unit <MUX8T1_8>.
    Related source file is "D:\v1.6.1\MUX8T1_8.vf".
    Summary:
	no macro.
Unit <MUX8T1_8> synthesized.

Synthesizing Unit <MUX4T1_4_MUSER_MUX8T1_8>.
    Related source file is "D:\v1.6.1\MUX8T1_8.vf".
    Summary:
	no macro.
Unit <MUX4T1_4_MUSER_MUX8T1_8> synthesized.

Synthesizing Unit <Display_MUSER_Framework>.
    Related source file is "D:\v1.6.1\Framework.vf".
    Summary:
	no macro.
Unit <Display_MUSER_Framework> synthesized.

Synthesizing Unit <SSeg_map>.
    Related source file is "D:\v1.6.1\SSeg_map.v".
WARNING:Xst:647 - Input <Disp_num<63:32>> is never used. This port will be preserved and left unconnected if it belongs to a top-level block or it belongs to a sub-block and the hierarchy of this sub-block is preserved.
    Summary:
	no macro.
Unit <SSeg_map> synthesized.

Synthesizing Unit <MUX_64_MUSER_Framework>.
    Related source file is "D:\v1.6.1\Framework.vf".
    Summary:
	no macro.
Unit <MUX_64_MUSER_Framework> synthesized.

Synthesizing Unit <MUX_16_MUSER_Framework>.
    Related source file is "D:\v1.6.1\Framework.vf".
    Summary:
	no macro.
Unit <MUX_16_MUSER_Framework> synthesized.

Synthesizing Unit <MUX_4_MUSER_Framework>.
    Related source file is "D:\v1.6.1\Framework.vf".
    Summary:
	no macro.
Unit <MUX_4_MUSER_Framework> synthesized.

Synthesizing Unit <HexTo8SEG>.
    Related source file is "D:\v1.6.1\HexTo8SEG.v".
    Summary:
	no macro.
Unit <HexTo8SEG> synthesized.

Synthesizing Unit <Hex2Seg>.
    Related source file is "D:\v1.6.1\Hex2Seg.v".
    Summary:
	no macro.
Unit <Hex2Seg> synthesized.

Synthesizing Unit <MC14495_ZJU>.
    Related source file is "D:\v1.6.1\MC14495_ZJU.vf".
    Summary:
	no macro.
Unit <MC14495_ZJU> synthesized.

Synthesizing Unit <Seg7_Dev_MUSER_Framework>.
    Related source file is "D:\v1.6.1\Framework.vf".
    Summary:
	no macro.
Unit <Seg7_Dev_MUSER_Framework> synthesized.

Synthesizing Unit <MC14495_ZJU_MUSER_Framework>.
    Related source file is "D:\v1.6.1\Framework.vf".
    Summary:
	no macro.
Unit <MC14495_ZJU_MUSER_Framework> synthesized.

Synthesizing Unit <MUX_8_MUSER_Framework>.
    Related source file is "D:\v1.6.1\Framework.vf".
    Summary:
	no macro.
Unit <MUX_8_MUSER_Framework> synthesized.

Synthesizing Unit <SCANSYNC_1_MUSER_Framework>.
    Related source file is "D:\v1.6.1\Framework.vf".
    Summary:
	no macro.
Unit <SCANSYNC_1_MUSER_Framework> synthesized.

Synthesizing Unit <MUX8T1_8_MUSER_Framework>.
    Related source file is "D:\v1.6.1\Framework.vf".
    Summary:
	no macro.
Unit <MUX8T1_8_MUSER_Framework> synthesized.

Synthesizing Unit <MUX4T1_4_MUSER_Framework>.
    Related source file is "D:\v1.6.1\Framework.vf".
    Summary:
	no macro.
Unit <MUX4T1_4_MUSER_Framework> synthesized.

Synthesizing Unit <Seg_map>.
    Related source file is "D:\v1.6.1\Seg_map.v".
    Summary:
	inferred   7 Multiplexer(s).
Unit <Seg_map> synthesized.

Synthesizing Unit <U8_clk_div>.
    Related source file is "D:\v1.6.1\U8_clk_div.v".
    Found 32-bit register for signal <clkdiv>.
    Found 32-bit adder for signal <clkdiv[31]_GND_36_o_add_0_OUT> created at line 32.
    Summary:
	inferred   1 Adder/Subtractor(s).
	inferred  32 D-type flip-flop(s).
	inferred   1 Multiplexer(s).
Unit <U8_clk_div> synthesized.

Synthesizing Unit <VGA>.
    Related source file is "D:\v1.6.1\VGA.v".
    Found 10-bit register for signal <count_v>.
    Found 10-bit register for signal <vga_x>.
    Found 9-bit register for signal <vga_y>.
    Found 1-bit register for signal <HS>.
    Found 1-bit register for signal <VS>.
    Found 10-bit register for signal <count_h>.
    Found 10-bit subtractor for signal <X> created at line 62.
    Found 10-bit adder for signal <count_h[9]_GND_37_o_add_2_OUT> created at line 43.
    Found 10-bit adder for signal <count_v[9]_GND_37_o_add_10_OUT> created at line 57.
    Found 9-bit subtractor for signal <Y<8:0>> created at line 63.
    Found 10-bit comparator lessequal for signal <n0014> created at line 64
    Found 10-bit comparator lessequal for signal <n0016> created at line 65
    WARNING:Xst:2404 -  FFs/Latches <R<11:8>> (without init value) have a constant value of 0 in block <VGA>.
    WARNING:Xst:2404 -  FFs/Latches <G<3:0>> (without init value) have a constant value of 0 in block <VGA>.
    WARNING:Xst:2404 -  FFs/Latches <B<3:0>> (without init value) have a constant value of 0 in block <VGA>.
    Summary:
	inferred   4 Adder/Subtractor(s).
	inferred  41 D-type flip-flop(s).
	inferred   2 Comparator(s).
Unit <VGA> synthesized.

Synthesizing Unit <Counter_x>.
    Related source file is "D:\v1.6.1\Counter_3_IO.v".
WARNING:Xst:647 - Input <clk1> is never used. This port will be preserved and left unconnected if it belongs to a top-level block or it belongs to a sub-block and the hierarchy of this sub-block is preserved.
WARNING:Xst:647 - Input <clk2> is never used. This port will be preserved and left unconnected if it belongs to a top-level block or it belongs to a sub-block and the hierarchy of this sub-block is preserved.
WARNING:Xst:653 - Signal <counter1<32>> is used but never assigned. This sourceless signal will be automatically connected to value GND.
WARNING:Xst:653 - Signal <counter2<32>> is used but never assigned. This sourceless signal will be automatically connected to value GND.
    Found 24-bit register for signal <counter_Ctrl>.
    Found 33-bit register for signal <counter0>.
    Found 32-bit register for signal <counter0_Lock>.
    Found 1-bit register for signal <sq0>.
    Found 1-bit register for signal <M0>.
    Found 1-bit register for signal <clr0>.
    Found 33-bit subtractor for signal <counter0[32]_GND_40_o_sub_26_OUT> created at line 77.
    Found 33-bit 4-to-1 multiplexer for signal <counter_Ctrl[2]_counter0[32]_wide_mux_26_OUT> created at line 70.
    Found 1-bit comparator not equal for signal <n0017> created at line 76
    Summary:
	inferred   1 Adder/Subtractor(s).
	inferred  92 D-type flip-flop(s).
	inferred   1 Comparator(s).
	inferred   5 Multiplexer(s).
Unit <Counter_x> synthesized.

Synthesizing Unit <GPIO>.
    Related source file is "D:\v1.6.1\GPIO.v".
    Found 2-bit register for signal <counter_set>.
    Found 16-bit register for signal <LED>.
    Found 14-bit register for signal <GPIOf0>.
    Summary:
	inferred  32 D-type flip-flop(s).
Unit <GPIO> synthesized.

Synthesizing Unit <PIO>.
    Related source file is "D:\v1.6.1\PIO.v".
    Found 2-bit register for signal <counter_set>.
    Found 8-bit register for signal <LED>.
    Found 22-bit register for signal <GPIOf0>.
    Summary:
	inferred  32 D-type flip-flop(s).
Unit <PIO> synthesized.

Synthesizing Unit <SCPU_MUSER_Framework>.
    Related source file is "D:\v1.6.1\Framework.vf".
WARNING:Xst:647 - Input <INT> is never used. This port will be preserved and left unconnected if it belongs to a top-level block or it belongs to a sub-block and the hierarchy of this sub-block is preserved.
    Summary:
	no macro.
Unit <SCPU_MUSER_Framework> synthesized.

=========================================================================
HDL Synthesis Report

Macro Statistics
# Adders/Subtractors                                   : 6
 10-bit adder                                          : 2
 10-bit subtractor                                     : 1
 32-bit adder                                          : 1
 33-bit subtractor                                     : 1
 9-bit subtractor                                      : 1
# Registers                                            : 22
 1-bit register                                        : 5
 10-bit register                                       : 3
 14-bit register                                       : 1
 16-bit register                                       : 1
 2-bit register                                        : 2
 22-bit register                                       : 1
 24-bit register                                       : 1
 32-bit register                                       : 3
 33-bit register                                       : 1
 8-bit register                                        : 3
 9-bit register                                        : 1
# Comparators                                          : 3
 1-bit comparator not equal                            : 1
 10-bit comparator lessequal                           : 2
# Multiplexers                                         : 13
 1-bit 2-to-1 multiplexer                              : 1
 33-bit 2-to-1 multiplexer                             : 4
 33-bit 4-to-1 multiplexer                             : 1
 8-bit 2-to-1 multiplexer                              : 7

=========================================================================

=========================================================================
*                       Advanced HDL Synthesis                          *
=========================================================================

Reading core <SAnti_jitter.ngc>.
Reading core <SEnter_2_32.ngc>.
Reading core <MIO_BUS.ngc>.
Reading core <ipcore_dir/RAM_B.ngc>.
Reading core <ipcore_dir/ROM_D.ngc>.
Reading core <P2S.ngc>.
Reading core <LED_P2S.ngc>.
Reading core <Data_path.ngc>.
Reading core <SCPU_ctrl.ngc>.
Loading core <SAnti_jitter> for timing and area information for instance <XLXI_1>.
Loading core <SEnter_2_32> for timing and area information for instance <XLXI_2>.
Loading core <MIO_BUS> for timing and area information for instance <XLXI_36>.
Loading core <RAM_B> for timing and area information for instance <XLXI_45>.
Loading core <ROM_D> for timing and area information for instance <XLXI_44>.
Loading core <P2S> for timing and area information for instance <XLXI_8>.
Loading core <LED_P2S> for timing and area information for instance <LED_P2S>.
Loading core <Data_path> for timing and area information for instance <XLXI_1>.
Loading core <SCPU_ctrl> for timing and area information for instance <XLXI_2>.
WARNING:Xst:1710 - FF/Latch <VS> (without init value) has a constant value of 0 in block <XLXI_33>. This FF/Latch will be trimmed during the optimization process.
WARNING:Xst:1710 - FF/Latch <HS> (without init value) has a constant value of 0 in block <XLXI_33>. This FF/Latch will be trimmed during the optimization process.
WARNING:Xst:1293 - FF/Latch <count_v_9> has a constant value of 0 in block <XLXI_33>. This FF/Latch will be trimmed during the optimization process.
WARNING:Xst:1293 - FF/Latch <count_v_8> has a constant value of 0 in block <XLXI_33>. This FF/Latch will be trimmed during the optimization process.
WARNING:Xst:1293 - FF/Latch <count_v_7> has a constant value of 0 in block <XLXI_33>. This FF/Latch will be trimmed during the optimization process.
WARNING:Xst:1293 - FF/Latch <count_v_6> has a constant value of 0 in block <XLXI_33>. This FF/Latch will be trimmed during the optimization process.
WARNING:Xst:1293 - FF/Latch <count_v_5> has a constant value of 0 in block <XLXI_33>. This FF/Latch will be trimmed during the optimization process.
WARNING:Xst:1293 - FF/Latch <count_v_4> has a constant value of 0 in block <XLXI_33>. This FF/Latch will be trimmed during the optimization process.
WARNING:Xst:1293 - FF/Latch <count_v_3> has a constant value of 0 in block <XLXI_33>. This FF/Latch will be trimmed during the optimization process.
WARNING:Xst:1293 - FF/Latch <count_v_2> has a constant value of 0 in block <XLXI_33>. This FF/Latch will be trimmed during the optimization process.
WARNING:Xst:1293 - FF/Latch <count_v_1> has a constant value of 0 in block <XLXI_33>. This FF/Latch will be trimmed during the optimization process.
WARNING:Xst:1293 - FF/Latch <count_v_0> has a constant value of 0 in block <XLXI_33>. This FF/Latch will be trimmed during the optimization process.
WARNING:Xst:1293 - FF/Latch <count_h_9> has a constant value of 0 in block <XLXI_33>. This FF/Latch will be trimmed during the optimization process.
WARNING:Xst:1293 - FF/Latch <count_h_8> has a constant value of 0 in block <XLXI_33>. This FF/Latch will be trimmed during the optimization process.
WARNING:Xst:1293 - FF/Latch <count_h_7> has a constant value of 0 in block <XLXI_33>. This FF/Latch will be trimmed during the optimization process.
WARNING:Xst:1293 - FF/Latch <count_h_6> has a constant value of 0 in block <XLXI_33>. This FF/Latch will be trimmed during the optimization process.
WARNING:Xst:1293 - FF/Latch <count_h_5> has a constant value of 0 in block <XLXI_33>. This FF/Latch will be trimmed during the optimization process.
WARNING:Xst:1293 - FF/Latch <count_h_4> has a constant value of 0 in block <XLXI_33>. This FF/Latch will be trimmed during the optimization process.
WARNING:Xst:1293 - FF/Latch <count_h_3> has a constant value of 0 in block <XLXI_33>. This FF/Latch will be trimmed during the optimization process.
WARNING:Xst:1293 - FF/Latch <count_h_2> has a constant value of 0 in block <XLXI_33>. This FF/Latch will be trimmed during the optimization process.
WARNING:Xst:1293 - FF/Latch <count_h_1> has a constant value of 0 in block <XLXI_33>. This FF/Latch will be trimmed during the optimization process.
WARNING:Xst:1293 - FF/Latch <count_h_0> has a constant value of 0 in block <XLXI_33>. This FF/Latch will be trimmed during the optimization process.
WARNING:Xst:2677 - Node <counter_Ctrl_0> of sequential type is unconnected in block <XLXI_37>.
WARNING:Xst:2677 - Node <counter_Ctrl_3> of sequential type is unconnected in block <XLXI_37>.
WARNING:Xst:2677 - Node <counter_Ctrl_4> of sequential type is unconnected in block <XLXI_37>.
WARNING:Xst:2677 - Node <counter_Ctrl_5> of sequential type is unconnected in block <XLXI_37>.
WARNING:Xst:2677 - Node <counter_Ctrl_6> of sequential type is unconnected in block <XLXI_37>.
WARNING:Xst:2677 - Node <counter_Ctrl_7> of sequential type is unconnected in block <XLXI_37>.
WARNING:Xst:2677 - Node <counter_Ctrl_8> of sequential type is unconnected in block <XLXI_37>.
WARNING:Xst:2677 - Node <counter_Ctrl_9> of sequential type is unconnected in block <XLXI_37>.
WARNING:Xst:2677 - Node <counter_Ctrl_10> of sequential type is unconnected in block <XLXI_37>.
WARNING:Xst:2677 - Node <counter_Ctrl_11> of sequential type is unconnected in block <XLXI_37>.
WARNING:Xst:2677 - Node <counter_Ctrl_12> of sequential type is unconnected in block <XLXI_37>.
WARNING:Xst:2677 - Node <counter_Ctrl_13> of sequential type is unconnected in block <XLXI_37>.
WARNING:Xst:2677 - Node <counter_Ctrl_14> of sequential type is unconnected in block <XLXI_37>.
WARNING:Xst:2677 - Node <counter_Ctrl_15> of sequential type is unconnected in block <XLXI_37>.
WARNING:Xst:2677 - Node <counter_Ctrl_16> of sequential type is unconnected in block <XLXI_37>.
WARNING:Xst:2677 - Node <counter_Ctrl_17> of sequential type is unconnected in block <XLXI_37>.
WARNING:Xst:2677 - Node <counter_Ctrl_18> of sequential type is unconnected in block <XLXI_37>.
WARNING:Xst:2677 - Node <counter_Ctrl_19> of sequential type is unconnected in block <XLXI_37>.
WARNING:Xst:2677 - Node <counter_Ctrl_20> of sequential type is unconnected in block <XLXI_37>.
WARNING:Xst:2677 - Node <counter_Ctrl_21> of sequential type is unconnected in block <XLXI_37>.
WARNING:Xst:2677 - Node <counter_Ctrl_22> of sequential type is unconnected in block <XLXI_37>.
WARNING:Xst:2677 - Node <counter_Ctrl_23> of sequential type is unconnected in block <XLXI_37>.

Synthesizing (advanced) Unit <U8_clk_div>.
The following registers are absorbed into counter <clkdiv>: 1 register on signal <clkdiv>.
Unit <U8_clk_div> synthesized (advanced).

Synthesizing (advanced) Unit <VGA>.
The following registers are absorbed into counter <count_h>: 1 register on signal <count_h>.
The following registers are absorbed into counter <count_v>: 1 register on signal <count_v>.
Unit <VGA> synthesized (advanced).
WARNING:Xst:2677 - Node <counter_Ctrl_0> of sequential type is unconnected in block <Counter_x>.
WARNING:Xst:2677 - Node <counter_Ctrl_3> of sequential type is unconnected in block <Counter_x>.
WARNING:Xst:2677 - Node <counter_Ctrl_4> of sequential type is unconnected in block <Counter_x>.
WARNING:Xst:2677 - Node <counter_Ctrl_5> of sequential type is unconnected in block <Counter_x>.
WARNING:Xst:2677 - Node <counter_Ctrl_6> of sequential type is unconnected in block <Counter_x>.
WARNING:Xst:2677 - Node <counter_Ctrl_7> of sequential type is unconnected in block <Counter_x>.
WARNING:Xst:2677 - Node <counter_Ctrl_8> of sequential type is unconnected in block <Counter_x>.
WARNING:Xst:2677 - Node <counter_Ctrl_9> of sequential type is unconnected in block <Counter_x>.
WARNING:Xst:2677 - Node <counter_Ctrl_10> of sequential type is unconnected in block <Counter_x>.
WARNING:Xst:2677 - Node <counter_Ctrl_11> of sequential type is unconnected in block <Counter_x>.
WARNING:Xst:2677 - Node <counter_Ctrl_12> of sequential type is unconnected in block <Counter_x>.
WARNING:Xst:2677 - Node <counter_Ctrl_13> of sequential type is unconnected in block <Counter_x>.
WARNING:Xst:2677 - Node <counter_Ctrl_14> of sequential type is unconnected in block <Counter_x>.
WARNING:Xst:2677 - Node <counter_Ctrl_15> of sequential type is unconnected in block <Counter_x>.
WARNING:Xst:2677 - Node <counter_Ctrl_16> of sequential type is unconnected in block <Counter_x>.
WARNING:Xst:2677 - Node <counter_Ctrl_17> of sequential type is unconnected in block <Counter_x>.
WARNING:Xst:2677 - Node <counter_Ctrl_18> of sequential type is unconnected in block <Counter_x>.
WARNING:Xst:2677 - Node <counter_Ctrl_19> of sequential type is unconnected in block <Counter_x>.
WARNING:Xst:2677 - Node <counter_Ctrl_20> of sequential type is unconnected in block <Counter_x>.
WARNING:Xst:2677 - Node <counter_Ctrl_21> of sequential type is unconnected in block <Counter_x>.
WARNING:Xst:2677 - Node <counter_Ctrl_22> of sequential type is unconnected in block <Counter_x>.
WARNING:Xst:2677 - Node <counter_Ctrl_23> of sequential type is unconnected in block <Counter_x>.

=========================================================================
Advanced HDL Synthesis Report

Macro Statistics
# Adders/Subtractors                                   : 3
 10-bit subtractor                                     : 1
 33-bit subtractor                                     : 1
 9-bit subtractor                                      : 1
# Counters                                             : 3
 10-bit up counter                                     : 2
 32-bit up counter                                     : 1
# Registers                                            : 203
 Flip-Flops                                            : 203
# Comparators                                          : 3
 1-bit comparator not equal                            : 1
 10-bit comparator lessequal                           : 2
# Multiplexers                                         : 76
 1-bit 2-to-1 multiplexer                              : 66
 33-bit 2-to-1 multiplexer                             : 2
 33-bit 4-to-1 multiplexer                             : 1
 8-bit 2-to-1 multiplexer                              : 7

=========================================================================

=========================================================================
*                         Low Level Synthesis                           *
=========================================================================
WARNING:Xst:1710 - FF/Latch <VS> (without init value) has a constant value of 0 in block <VGA>. This FF/Latch will be trimmed during the optimization process.
WARNING:Xst:1710 - FF/Latch <vga_y_8> (without init value) has a constant value of 0 in block <VGA>. This FF/Latch will be trimmed during the optimization process.
WARNING:Xst:1710 - FF/Latch <vga_y_7> (without init value) has a constant value of 0 in block <VGA>. This FF/Latch will be trimmed during the optimization process.
WARNING:Xst:1710 - FF/Latch <vga_y_6> (without init value) has a constant value of 0 in block <VGA>. This FF/Latch will be trimmed during the optimization process.
WARNING:Xst:1710 - FF/Latch <vga_y_5> (without init value) has a constant value of 0 in block <VGA>. This FF/Latch will be trimmed during the optimization process.
WARNING:Xst:1710 - FF/Latch <vga_y_4> (without init value) has a constant value of 0 in block <VGA>. This FF/Latch will be trimmed during the optimization process.
WARNING:Xst:1710 - FF/Latch <vga_y_3> (without init value) has a constant value of 0 in block <VGA>. This FF/Latch will be trimmed during the optimization process.
WARNING:Xst:1710 - FF/Latch <vga_y_2> (without init value) has a constant value of 0 in block <VGA>. This FF/Latch will be trimmed during the optimization process.
WARNING:Xst:1710 - FF/Latch <vga_y_1> (without init value) has a constant value of 0 in block <VGA>. This FF/Latch will be trimmed during the optimization process.
WARNING:Xst:1710 - FF/Latch <vga_y_0> (without init value) has a constant value of 0 in block <VGA>. This FF/Latch will be trimmed during the optimization process.
WARNING:Xst:1710 - FF/Latch <vga_x_9> (without init value) has a constant value of 0 in block <VGA>. This FF/Latch will be trimmed during the optimization process.
WARNING:Xst:1710 - FF/Latch <vga_x_8> (without init value) has a constant value of 0 in block <VGA>. This FF/Latch will be trimmed during the optimization process.
WARNING:Xst:1710 - FF/Latch <vga_x_7> (without init value) has a constant value of 0 in block <VGA>. This FF/Latch will be trimmed during the optimization process.
WARNING:Xst:1710 - FF/Latch <vga_x_6> (without init value) has a constant value of 0 in block <VGA>. This FF/Latch will be trimmed during the optimization process.
WARNING:Xst:1710 - FF/Latch <vga_x_5> (without init value) has a constant value of 0 in block <VGA>. This FF/Latch will be trimmed during the optimization process.
WARNING:Xst:1710 - FF/Latch <vga_x_4> (without init value) has a constant value of 0 in block <VGA>. This FF/Latch will be trimmed during the optimization process.
WARNING:Xst:1710 - FF/Latch <vga_x_3> (without init value) has a constant value of 0 in block <VGA>. This FF/Latch will be trimmed during the optimization process.
WARNING:Xst:1710 - FF/Latch <vga_x_2> (without init value) has a constant value of 0 in block <VGA>. This FF/Latch will be trimmed during the optimization process.
WARNING:Xst:1710 - FF/Latch <vga_x_1> (without init value) has a constant value of 0 in block <VGA>. This FF/Latch will be trimmed during the optimization process.
WARNING:Xst:1710 - FF/Latch <vga_x_0> (without init value) has a constant value of 0 in block <VGA>. This FF/Latch will be trimmed during the optimization process.
WARNING:Xst:1710 - FF/Latch <HS> (without init value) has a constant value of 0 in block <VGA>. This FF/Latch will be trimmed during the optimization process.
INFO:Xst:2261 - The FF/Latch <cpu_blink_0> in Unit <Multi_8CH32> is equivalent to the following 7 FFs/Latches, which will be removed : <cpu_blink_1> <cpu_blink_2> <cpu_blink_3> <cpu_blink_4> <cpu_blink_5> <cpu_blink_6> <cpu_blink_7> 

Optimizing unit <MC14495_ZJU> ...

Optimizing unit <MUX_4_MUSER_Framework> ...

Optimizing unit <Multi_8CH32> ...

Optimizing unit <MUX8T1_8_MUSER_MUX8T1_32> ...

Optimizing unit <MUX4T1_4_MUSER_MUX8T1_32> ...

Optimizing unit <MUX8T1_8> ...

Optimizing unit <MUX4T1_4_MUSER_MUX8T1_8> ...

Optimizing unit <SCANSYNC_1_MUSER_Framework> ...

Optimizing unit <MUX8T1_8_MUSER_Framework> ...

Optimizing unit <MUX4T1_4_MUSER_Framework> ...

Optimizing unit <MC14495_ZJU_MUSER_Framework> ...

Optimizing unit <Framework> ...

Optimizing unit <HexTo8SEG> ...

Optimizing unit <Counter_x> ...

Optimizing unit <GPIO> ...

Optimizing unit <PIO> ...

Optimizing unit <Seg7_Dev_MUSER_Framework> ...
WARNING:Xst:1426 - The value init of the FF/Latch XLXI_5/cpu_blink_0 hinder the constant cleaning in the block Framework.
   You should achieve better results by setting this init to 0.
WARNING:Xst:2677 - Node <XLXI_40/GPIOf0_13> of sequential type is unconnected in block <Framework>.
WARNING:Xst:2677 - Node <XLXI_40/GPIOf0_12> of sequential type is unconnected in block <Framework>.
WARNING:Xst:2677 - Node <XLXI_40/GPIOf0_11> of sequential type is unconnected in block <Framework>.
WARNING:Xst:2677 - Node <XLXI_40/GPIOf0_10> of sequential type is unconnected in block <Framework>.
WARNING:Xst:2677 - Node <XLXI_40/GPIOf0_9> of sequential type is unconnected in block <Framework>.
WARNING:Xst:2677 - Node <XLXI_40/GPIOf0_8> of sequential type is unconnected in block <Framework>.
WARNING:Xst:2677 - Node <XLXI_40/GPIOf0_7> of sequential type is unconnected in block <Framework>.
WARNING:Xst:2677 - Node <XLXI_40/GPIOf0_6> of sequential type is unconnected in block <Framework>.
WARNING:Xst:2677 - Node <XLXI_40/GPIOf0_5> of sequential type is unconnected in block <Framework>.
WARNING:Xst:2677 - Node <XLXI_40/GPIOf0_4> of sequential type is unconnected in block <Framework>.
WARNING:Xst:2677 - Node <XLXI_40/GPIOf0_3> of sequential type is unconnected in block <Framework>.
WARNING:Xst:2677 - Node <XLXI_40/GPIOf0_2> of sequential type is unconnected in block <Framework>.
WARNING:Xst:2677 - Node <XLXI_40/GPIOf0_1> of sequential type is unconnected in block <Framework>.
WARNING:Xst:2677 - Node <XLXI_40/GPIOf0_0> of sequential type is unconnected in block <Framework>.
WARNING:Xst:2677 - Node <XLXI_41/counter_set_1> of sequential type is unconnected in block <Framework>.
WARNING:Xst:2677 - Node <XLXI_41/counter_set_0> of sequential type is unconnected in block <Framework>.
WARNING:Xst:2677 - Node <XLXI_41/GPIOf0_21> of sequential type is unconnected in block <Framework>.
WARNING:Xst:2677 - Node <XLXI_41/GPIOf0_20> of sequential type is unconnected in block <Framework>.
WARNING:Xst:2677 - Node <XLXI_41/GPIOf0_19> of sequential type is unconnected in block <Framework>.
WARNING:Xst:2677 - Node <XLXI_41/GPIOf0_18> of sequential type is unconnected in block <Framework>.
WARNING:Xst:2677 - Node <XLXI_41/GPIOf0_17> of sequential type is unconnected in block <Framework>.
WARNING:Xst:2677 - Node <XLXI_41/GPIOf0_16> of sequential type is unconnected in block <Framework>.
WARNING:Xst:2677 - Node <XLXI_41/GPIOf0_15> of sequential type is unconnected in block <Framework>.
WARNING:Xst:2677 - Node <XLXI_41/GPIOf0_14> of sequential type is unconnected in block <Framework>.
WARNING:Xst:2677 - Node <XLXI_41/GPIOf0_13> of sequential type is unconnected in block <Framework>.
WARNING:Xst:2677 - Node <XLXI_41/GPIOf0_12> of sequential type is unconnected in block <Framework>.
WARNING:Xst:2677 - Node <XLXI_41/GPIOf0_11> of sequential type is unconnected in block <Framework>.
WARNING:Xst:2677 - Node <XLXI_41/GPIOf0_10> of sequential type is unconnected in block <Framework>.
WARNING:Xst:2677 - Node <XLXI_41/GPIOf0_9> of sequential type is unconnected in block <Framework>.
WARNING:Xst:2677 - Node <XLXI_41/GPIOf0_8> of sequential type is unconnected in block <Framework>.
WARNING:Xst:2677 - Node <XLXI_41/GPIOf0_7> of sequential type is unconnected in block <Framework>.
WARNING:Xst:2677 - Node <XLXI_41/GPIOf0_6> of sequential type is unconnected in block <Framework>.
WARNING:Xst:2677 - Node <XLXI_41/GPIOf0_5> of sequential type is unconnected in block <Framework>.
WARNING:Xst:2677 - Node <XLXI_41/GPIOf0_4> of sequential type is unconnected in block <Framework>.
WARNING:Xst:2677 - Node <XLXI_41/GPIOf0_3> of sequential type is unconnected in block <Framework>.
WARNING:Xst:2677 - Node <XLXI_41/GPIOf0_2> of sequential type is unconnected in block <Framework>.
WARNING:Xst:2677 - Node <XLXI_41/GPIOf0_1> of sequential type is unconnected in block <Framework>.
WARNING:Xst:2677 - Node <XLXI_41/GPIOf0_0> of sequential type is unconnected in block <Framework>.
INFO:Xst:2261 - The FF/Latch <XLXI_40/LED_0> in Unit <Framework> is equivalent to the following FF/Latch, which will be removed : <XLXI_41/LED_0> 
INFO:Xst:2261 - The FF/Latch <XLXI_40/LED_1> in Unit <Framework> is equivalent to the following FF/Latch, which will be removed : <XLXI_41/LED_1> 
INFO:Xst:2261 - The FF/Latch <XLXI_40/LED_2> in Unit <Framework> is equivalent to the following FF/Latch, which will be removed : <XLXI_41/LED_2> 
INFO:Xst:2261 - The FF/Latch <XLXI_40/LED_3> in Unit <Framework> is equivalent to the following FF/Latch, which will be removed : <XLXI_41/LED_3> 
INFO:Xst:2261 - The FF/Latch <XLXI_40/LED_4> in Unit <Framework> is equivalent to the following FF/Latch, which will be removed : <XLXI_41/LED_4> 
INFO:Xst:2261 - The FF/Latch <XLXI_40/LED_5> in Unit <Framework> is equivalent to the following FF/Latch, which will be removed : <XLXI_41/LED_5> 
INFO:Xst:2261 - The FF/Latch <XLXI_40/LED_6> in Unit <Framework> is equivalent to the following FF/Latch, which will be removed : <XLXI_41/LED_6> 
INFO:Xst:2261 - The FF/Latch <XLXI_40/LED_7> in Unit <Framework> is equivalent to the following FF/Latch, which will be removed : <XLXI_41/LED_7> 

Mapping all equations...
Building and optimizing final netlist ...
Found area constraint ratio of 100 (+ 5) on block Framework, actual ratio is 1.

Final Macro Processing ...

=========================================================================
Final Register Report

Macro Statistics
# Registers                                            : 161
 Flip-Flops                                            : 161

=========================================================================

=========================================================================
*                           Partition Report                            *
=========================================================================

Partition Implementation Status
-------------------------------

  No Partitions were found in this design.

-------------------------------

=========================================================================
*                            Design Summary                             *
=========================================================================

Top Level Output File Name         : Framework.ngc

Primitive and Black Box Usage:
------------------------------
# BELS                             : 5095
#      AND2                        : 923
#      AND3                        : 99
#      AND4                        : 81
#      BUF                         : 11
#      GND                         : 6
#      INV                         : 201
#      LUT1                        : 127
#      LUT2                        : 68
#      LUT3                        : 654
#      LUT4                        : 244
#      LUT5                        : 741
#      LUT6                        : 1056
#      MUXCY                       : 243
#      MUXF7                       : 19
#      OR2                         : 199
#      OR3                         : 27
#      OR4                         : 164
#      VCC                         : 5
#      XORCY                       : 227
# FlipFlops/Latches                : 1482
#      FD                          : 206
#      FDC                         : 110
#      FDCE                        : 1030
#      FDCE_1                      : 15
#      FDE                         : 88
#      FDPE_1                      : 3
#      FDR                         : 1
#      FDRE                        : 29
# RAMS                             : 1
#      RAMB36E1                    : 1
# Clock Buffers                    : 4
#      BUFG                        : 3
#      BUFGP                       : 1
# IO Buffers                       : 72
#      IBUF                        : 21
#      OBUF                        : 51

Device utilization summary:
---------------------------

Selected Device : 7k160tffg676-2l 


Slice Logic Utilization: 
 Number of Slice Registers:            1482  out of  202800     0%  
 Number of Slice LUTs:                 3091  out of  101400     3%  
    Number used as Logic:              3091  out of  101400     3%  

Slice Logic Distribution: 
 Number of LUT Flip Flop pairs used:   3177
   Number with an unused Flip Flop:    1695  out of   3177    53%  
   Number with an unused LUT:            86  out of   3177     2%  
   Number of fully used LUT-FF pairs:  1396  out of   3177    43%  
   Number of unique control sets:        25

IO Utilization: 
 Number of IOs:                          75
 Number of bonded IOBs:                  73  out of    400    18%  

Specific Feature Utilization:
 Number of Block RAM/FIFO:                1  out of    325     0%  
    Number using Block RAM only:          1
 Number of BUFG/BUFGCTRLs:                4  out of     32    12%  

---------------------------
Partition Resource Summary:
---------------------------

  No Partitions were found in this design.

---------------------------


=========================================================================
Timing Report

NOTE: THESE TIMING NUMBERS ARE ONLY A SYNTHESIS ESTIMATE.
      FOR ACCURATE TIMING INFORMATION PLEASE REFER TO THE TRACE REPORT
      GENERATED AFTER PLACE-and-ROUTE.

Clock Information:
------------------
-----------------------------------+----------------------------+-------+
Clock Signal                       | Clock buffer(FF name)      | Load  |
-----------------------------------+----------------------------+-------+
clk_100mhz                         | BUFGP                      | 262   |
clk_CPU(XLXI_26/Mmux_Clk_CPU11:O)  | BUFG(*)(XLXI_5/cpu_blink_0)| 1142  |
XLXI_26/clkdiv_6                   | BUFG                       | 35    |
XLXI_1/clk1                        | BUFG                       | 41    |
XLXI_2/push(XLXI_2/push1:O)        | NONE(*)(XLXI_2/state_0)    | 3     |
-----------------------------------+----------------------------+-------+
(*) These 2 clock signal(s) are generated by combinatorial logic,
and XST is not able to identify which are the primary clock signals.
Please use the CLOCK_SIGNAL constraint to specify the clock signal(s) generated by combinatorial logic.
INFO:Xst:2169 - HDL ADVISOR - Some clock signals were not automatically buffered by XST with BUFG/BUFR resources. Please use the buffer_type constraint in order to insert these buffers to the clock signals to help prevent skew problems.

Asynchronous Control Signals Information:
----------------------------------------
-----------------------------------+----------------------------------------------------------------------------------------------------------------------------------------------+-------+
Control Signal                     | Buffer(FF name)                                                                                                                              | Load  |
-----------------------------------+----------------------------------------------------------------------------------------------------------------------------------------------+-------+
XLXI_45/N1(XLXI_45/XST_GND:G)      | NONE(XLXI_45/U0/xst_blk_mem_generator/gnativebmg.native_blk_mem_gen/valid.cstr/ramloop[0].ram.r/v6_init.ram/NO_BMM_INFO.SP.SIMPLE_PRIM36.ram)| 2     |
-----------------------------------+----------------------------------------------------------------------------------------------------------------------------------------------+-------+

Timing Summary:
---------------
Speed Grade: -2

   Minimum period: 14.456ns (Maximum Frequency: 69.177MHz)
   Minimum input arrival time before clock: 2.109ns
   Maximum output required time after clock: 17.895ns
   Maximum combinational path delay: No path found

Timing Details:
---------------
All values displayed in nanoseconds (ns)

=========================================================================
Timing constraint: Default period analysis for Clock 'clk_100mhz'
  Clock period: 9.050ns (frequency: 110.495MHz)
  Total number of paths / destination ports: 22777 / 333
-------------------------------------------------------------------------
Delay:               9.050ns (Levels of Logic = 14)
  Source:            XLXI_1/SW_OK_6 (FF)
  Destination:       XLXI_12/XLXI_8/buffer_2 (FF)
  Source Clock:      clk_100mhz rising
  Destination Clock: clk_100mhz rising

  Data Path: XLXI_1/SW_OK_6 to XLXI_12/XLXI_8/buffer_2
                                Gate     Net
    Cell:in->out      fanout   Delay   Delay  Logical Name (Net Name)
    ----------------------------------------  ------------
     FDE:C->Q             86   0.236   0.479  SW_OK_6 (SW_OK<6>)
     end scope: 'XLXI_1:SW_OK<6>'
     INV:I->O              2   0.317   0.608  XLXI_5/MUX1_DispData/XLXI_4/XLXI_40/XLXI_1 (XLXI_5/MUX1_DispData/XLXI_4/XLXI_40/XLXN_6)
     AND2:I1->O            4   0.053   0.620  XLXI_5/MUX1_DispData/XLXI_4/XLXI_40/XLXI_4 (XLXI_5/MUX1_DispData/XLXI_4/XLXI_40/XLXN_120)
     AND2:I1->O            1   0.053   0.522  XLXI_5/MUX1_DispData/XLXI_4/XLXI_40/XLXI_13 (XLXI_5/MUX1_DispData/XLXI_4/XLXI_40/XLXN_39)
     OR4:I2->O             1   0.134   0.613  XLXI_5/MUX1_DispData/XLXI_4/XLXI_40/XLXI_16 (XLXI_5/MUX1_DispData/XLXI_4/o3<1>)
     AND2:I0->O            1   0.043   0.613  XLXI_5/MUX1_DispData/XLXI_4/XLXI_28 (XLXI_5/MUX1_DispData/XLXI_4/XLXN_47)
     OR2:I0->O            15   0.043   0.417  XLXI_5/MUX1_DispData/XLXI_4/XLXI_29 (Disp_num<29>)
     INV:I->O              8   0.317   0.561  XLXI_12/XLXI_6/HTS0/MSEG/XLXI_325 (XLXI_12/XLXI_6/HTS0/MSEG/XLXN_472)
     AND4:I2->O            2   0.134   0.500  XLXI_12/XLXI_6/HTS0/MSEG/XLXI_55 (XLXI_12/XLXI_6/HTS0/MSEG/XLXN_107)
     OR4:I3->O             1   0.161   0.603  XLXI_12/XLXI_6/HTS0/MSEG/XLXI_15 (XLXI_12/XLXI_6/HTS0/MSEG/XLXN_14)
     OR2:I1->O             1   0.053   0.613  XLXI_12/XLXI_6/HTS0/MSEG/XLXI_13 (XLXI_12/SEG_TXT<7>)
     AND2:I0->O            1   0.043   0.603  XLXI_12/XLXI_4/XLXI_7/XLXI_2/XLXI_4 (XLXI_12/XLXI_4/XLXI_7/XLXI_2/XLXN_19)
     OR2:I1->O             1   0.053   0.613  XLXI_12/XLXI_4/XLXI_7/XLXI_2/XLXI_19 (XLXI_12/XLXN_5<7>)
     begin scope: 'XLXI_12/XLXI_8:P_Data<7>'
     LUT6:I0->O            1   0.043   0.000  buffer_7_rstpot (buffer_7_rstpot)
     FD:D                     -0.000          buffer_7
    ----------------------------------------
    Total                      9.050ns (1.683ns logic, 7.367ns route)
                                       (18.6% logic, 81.4% route)

=========================================================================
Timing constraint: Default period analysis for Clock 'clk_CPU'
  Clock period: 14.456ns (frequency: 69.177MHz)
  Total number of paths / destination ports: 1183192715 / 2221
-------------------------------------------------------------------------
Delay:               7.228ns (Levels of Logic = 42)
  Source:            XLXI_49/XLXI_1/PC/Q_9 (FF)
  Destination:       XLXI_5/cpu_blink_0 (FF)
  Source Clock:      clk_CPU rising
  Destination Clock: clk_CPU falling

  Data Path: XLXI_49/XLXI_1/PC/Q_9 to XLXI_5/cpu_blink_0
                                Gate     Net
    Cell:in->out      fanout   Delay   Delay  Logical Name (Net Name)
    ----------------------------------------  ------------
     FDC:C->Q             58   0.236   0.630  PC/Q_9 (PC_out<9>)
     end scope: 'XLXI_49/XLXI_1:PC_out<9>'
     begin scope: 'XLXI_44:a<7>'
     LUT3:I0->O            1   0.043   0.613  U0/xst_options.dist_mem_inst/gen_rom.rom_inst/Mram_spo_int44116_SW0 (N10)
     LUT6:I0->O            1   0.043   0.522  U0/xst_options.dist_mem_inst/gen_rom.rom_inst/Mram_spo_int44116 (U0/xst_options.dist_mem_inst/gen_rom.rom_inst/Mram_spo_int44115)
     LUT6:I2->O          260   0.043   0.775  U0/xst_options.dist_mem_inst/gen_rom.rom_inst/Mram_spo_int441113 (spo<17>)
     end scope: 'XLXI_44:spo<17>'
     begin scope: 'XLXI_49/XLXI_1:inst_field<17>'
     LUT5:I0->O            1   0.043   0.522  U2/Mmux_R_addr_B[4]_register[31][31]_wide_mux_4_OUT_82 (U2/Mmux_R_addr_B[4]_register[31][31]_wide_mux_4_OUT_82)
     LUT6:I2->O            2   0.043   0.410  U2/Mmux_R_addr_B[4]_register[31][31]_wide_mux_4_OUT_4 (U2/Mmux_R_addr_B[4]_register[31][31]_wide_mux_4_OUT_4)
     LUT6:I4->O            4   0.043   0.367  MUXD3/Mmux_o11 (XLXN_531<0>)
     LUT6:I5->O            1   0.043   0.000  U1/ADC_32/Madd_S_Madd_lut<0> (U1/ADC_32/Madd_S_Madd_lut<0>)
     MUXCY:S->O            1   0.238   0.000  U1/ADC_32/Madd_S_Madd_cy<0> (U1/ADC_32/Madd_S_Madd_cy<0>)
     MUXCY:CI->O           1   0.013   0.000  U1/ADC_32/Madd_S_Madd_cy<1> (U1/ADC_32/Madd_S_Madd_cy<1>)
     MUXCY:CI->O           1   0.013   0.000  U1/ADC_32/Madd_S_Madd_cy<2> (U1/ADC_32/Madd_S_Madd_cy<2>)
     MUXCY:CI->O           1   0.013   0.000  U1/ADC_32/Madd_S_Madd_cy<3> (U1/ADC_32/Madd_S_Madd_cy<3>)
     MUXCY:CI->O           1   0.013   0.000  U1/ADC_32/Madd_S_Madd_cy<4> (U1/ADC_32/Madd_S_Madd_cy<4>)
     MUXCY:CI->O           1   0.013   0.000  U1/ADC_32/Madd_S_Madd_cy<5> (U1/ADC_32/Madd_S_Madd_cy<5>)
     MUXCY:CI->O           1   0.013   0.000  U1/ADC_32/Madd_S_Madd_cy<6> (U1/ADC_32/Madd_S_Madd_cy<6>)
     MUXCY:CI->O           1   0.013   0.000  U1/ADC_32/Madd_S_Madd_cy<7> (U1/ADC_32/Madd_S_Madd_cy<7>)
     MUXCY:CI->O           1   0.013   0.000  U1/ADC_32/Madd_S_Madd_cy<8> (U1/ADC_32/Madd_S_Madd_cy<8>)
     MUXCY:CI->O           1   0.013   0.000  U1/ADC_32/Madd_S_Madd_cy<9> (U1/ADC_32/Madd_S_Madd_cy<9>)
     MUXCY:CI->O           1   0.013   0.000  U1/ADC_32/Madd_S_Madd_cy<10> (U1/ADC_32/Madd_S_Madd_cy<10>)
     MUXCY:CI->O           1   0.013   0.000  U1/ADC_32/Madd_S_Madd_cy<11> (U1/ADC_32/Madd_S_Madd_cy<11>)
     MUXCY:CI->O           1   0.013   0.000  U1/ADC_32/Madd_S_Madd_cy<12> (U1/ADC_32/Madd_S_Madd_cy<12>)
     MUXCY:CI->O           1   0.013   0.000  U1/ADC_32/Madd_S_Madd_cy<13> (U1/ADC_32/Madd_S_Madd_cy<13>)
     MUXCY:CI->O           1   0.013   0.000  U1/ADC_32/Madd_S_Madd_cy<14> (U1/ADC_32/Madd_S_Madd_cy<14>)
     MUXCY:CI->O           1   0.013   0.000  U1/ADC_32/Madd_S_Madd_cy<15> (U1/ADC_32/Madd_S_Madd_cy<15>)
     MUXCY:CI->O           1   0.013   0.000  U1/ADC_32/Madd_S_Madd_cy<16> (U1/ADC_32/Madd_S_Madd_cy<16>)
     MUXCY:CI->O           1   0.013   0.000  U1/ADC_32/Madd_S_Madd_cy<17> (U1/ADC_32/Madd_S_Madd_cy<17>)
     MUXCY:CI->O           1   0.013   0.000  U1/ADC_32/Madd_S_Madd_cy<18> (U1/ADC_32/Madd_S_Madd_cy<18>)
     MUXCY:CI->O           1   0.013   0.000  U1/ADC_32/Madd_S_Madd_cy<19> (U1/ADC_32/Madd_S_Madd_cy<19>)
     MUXCY:CI->O           1   0.013   0.000  U1/ADC_32/Madd_S_Madd_cy<20> (U1/ADC_32/Madd_S_Madd_cy<20>)
     MUXCY:CI->O           1   0.013   0.000  U1/ADC_32/Madd_S_Madd_cy<21> (U1/ADC_32/Madd_S_Madd_cy<21>)
     MUXCY:CI->O           1   0.013   0.000  U1/ADC_32/Madd_S_Madd_cy<22> (U1/ADC_32/Madd_S_Madd_cy<22>)
     MUXCY:CI->O           1   0.013   0.000  U1/ADC_32/Madd_S_Madd_cy<23> (U1/ADC_32/Madd_S_Madd_cy<23>)
     MUXCY:CI->O           1   0.013   0.000  U1/ADC_32/Madd_S_Madd_cy<24> (U1/ADC_32/Madd_S_Madd_cy<24>)
     MUXCY:CI->O           1   0.013   0.000  U1/ADC_32/Madd_S_Madd_cy<25> (U1/ADC_32/Madd_S_Madd_cy<25>)
     MUXCY:CI->O           1   0.013   0.000  U1/ADC_32/Madd_S_Madd_cy<26> (U1/ADC_32/Madd_S_Madd_cy<26>)
     MUXCY:CI->O           1   0.013   0.000  U1/ADC_32/Madd_S_Madd_cy<27> (U1/ADC_32/Madd_S_Madd_cy<27>)
     XORCY:CI->O           2   0.262   0.527  U1/ADC_32/Madd_S_Madd_xor<28> (U1/S<28>)
     LUT4:I0->O           81   0.043   0.742  U1/MUXALU/Mmux_o212 (ALU_out<28>)
     end scope: 'XLXI_49/XLXI_1:ALU_out<28>'
     begin scope: 'XLXI_36:addr_bus<28>'
     LUT5:I0->O           41   0.043   0.470  Mmux_GPIOe0000000_we11 (GPIOe0000000_we)
     end scope: 'XLXI_36:GPIOe0000000_we'
     FDE:CE                    0.161          XLXI_5/cpu_point_0
    ----------------------------------------
    Total                      7.228ns (1.649ns logic, 5.579ns route)
                                       (22.8% logic, 77.2% route)

=========================================================================
Timing constraint: Default period analysis for Clock 'XLXI_26/clkdiv_6'
  Clock period: 2.221ns (frequency: 450.288MHz)
  Total number of paths / destination ports: 788 / 36
-------------------------------------------------------------------------
Delay:               2.221ns (Levels of Logic = 35)
  Source:            XLXI_37/counter0_0 (FF)
  Destination:       XLXI_37/counter0_32 (FF)
  Source Clock:      XLXI_26/clkdiv_6 rising
  Destination Clock: XLXI_26/clkdiv_6 rising

  Data Path: XLXI_37/counter0_0 to XLXI_37/counter0_32
                                Gate     Net
    Cell:in->out      fanout   Delay   Delay  Logical Name (Net Name)
    ----------------------------------------  ------------
     FDC:C->Q              4   0.236   0.367  XLXI_37/counter0_0 (XLXI_37/counter0_0)
     LUT1:I0->O            1   0.043   0.000  XLXI_37/Msub_counter0[32]_GND_40_o_sub_26_OUT_cy<0>_rt (XLXI_37/Msub_counter0[32]_GND_40_o_sub_26_OUT_cy<0>_rt)
     MUXCY:S->O            1   0.238   0.000  XLXI_37/Msub_counter0[32]_GND_40_o_sub_26_OUT_cy<0> (XLXI_37/Msub_counter0[32]_GND_40_o_sub_26_OUT_cy<0>)
     MUXCY:CI->O           1   0.013   0.000  XLXI_37/Msub_counter0[32]_GND_40_o_sub_26_OUT_cy<1> (XLXI_37/Msub_counter0[32]_GND_40_o_sub_26_OUT_cy<1>)
     MUXCY:CI->O           1   0.013   0.000  XLXI_37/Msub_counter0[32]_GND_40_o_sub_26_OUT_cy<2> (XLXI_37/Msub_counter0[32]_GND_40_o_sub_26_OUT_cy<2>)
     MUXCY:CI->O           1   0.013   0.000  XLXI_37/Msub_counter0[32]_GND_40_o_sub_26_OUT_cy<3> (XLXI_37/Msub_counter0[32]_GND_40_o_sub_26_OUT_cy<3>)
     MUXCY:CI->O           1   0.013   0.000  XLXI_37/Msub_counter0[32]_GND_40_o_sub_26_OUT_cy<4> (XLXI_37/Msub_counter0[32]_GND_40_o_sub_26_OUT_cy<4>)
     MUXCY:CI->O           1   0.013   0.000  XLXI_37/Msub_counter0[32]_GND_40_o_sub_26_OUT_cy<5> (XLXI_37/Msub_counter0[32]_GND_40_o_sub_26_OUT_cy<5>)
     MUXCY:CI->O           1   0.013   0.000  XLXI_37/Msub_counter0[32]_GND_40_o_sub_26_OUT_cy<6> (XLXI_37/Msub_counter0[32]_GND_40_o_sub_26_OUT_cy<6>)
     MUXCY:CI->O           1   0.013   0.000  XLXI_37/Msub_counter0[32]_GND_40_o_sub_26_OUT_cy<7> (XLXI_37/Msub_counter0[32]_GND_40_o_sub_26_OUT_cy<7>)
     MUXCY:CI->O           1   0.013   0.000  XLXI_37/Msub_counter0[32]_GND_40_o_sub_26_OUT_cy<8> (XLXI_37/Msub_counter0[32]_GND_40_o_sub_26_OUT_cy<8>)
     MUXCY:CI->O           1   0.013   0.000  XLXI_37/Msub_counter0[32]_GND_40_o_sub_26_OUT_cy<9> (XLXI_37/Msub_counter0[32]_GND_40_o_sub_26_OUT_cy<9>)
     MUXCY:CI->O           1   0.013   0.000  XLXI_37/Msub_counter0[32]_GND_40_o_sub_26_OUT_cy<10> (XLXI_37/Msub_counter0[32]_GND_40_o_sub_26_OUT_cy<10>)
     MUXCY:CI->O           1   0.013   0.000  XLXI_37/Msub_counter0[32]_GND_40_o_sub_26_OUT_cy<11> (XLXI_37/Msub_counter0[32]_GND_40_o_sub_26_OUT_cy<11>)
     MUXCY:CI->O           1   0.013   0.000  XLXI_37/Msub_counter0[32]_GND_40_o_sub_26_OUT_cy<12> (XLXI_37/Msub_counter0[32]_GND_40_o_sub_26_OUT_cy<12>)
     MUXCY:CI->O           1   0.013   0.000  XLXI_37/Msub_counter0[32]_GND_40_o_sub_26_OUT_cy<13> (XLXI_37/Msub_counter0[32]_GND_40_o_sub_26_OUT_cy<13>)
     MUXCY:CI->O           1   0.013   0.000  XLXI_37/Msub_counter0[32]_GND_40_o_sub_26_OUT_cy<14> (XLXI_37/Msub_counter0[32]_GND_40_o_sub_26_OUT_cy<14>)
     MUXCY:CI->O           1   0.013   0.000  XLXI_37/Msub_counter0[32]_GND_40_o_sub_26_OUT_cy<15> (XLXI_37/Msub_counter0[32]_GND_40_o_sub_26_OUT_cy<15>)
     MUXCY:CI->O           1   0.013   0.000  XLXI_37/Msub_counter0[32]_GND_40_o_sub_26_OUT_cy<16> (XLXI_37/Msub_counter0[32]_GND_40_o_sub_26_OUT_cy<16>)
     MUXCY:CI->O           1   0.013   0.000  XLXI_37/Msub_counter0[32]_GND_40_o_sub_26_OUT_cy<17> (XLXI_37/Msub_counter0[32]_GND_40_o_sub_26_OUT_cy<17>)
     MUXCY:CI->O           1   0.013   0.000  XLXI_37/Msub_counter0[32]_GND_40_o_sub_26_OUT_cy<18> (XLXI_37/Msub_counter0[32]_GND_40_o_sub_26_OUT_cy<18>)
     MUXCY:CI->O           1   0.013   0.000  XLXI_37/Msub_counter0[32]_GND_40_o_sub_26_OUT_cy<19> (XLXI_37/Msub_counter0[32]_GND_40_o_sub_26_OUT_cy<19>)
     MUXCY:CI->O           1   0.013   0.000  XLXI_37/Msub_counter0[32]_GND_40_o_sub_26_OUT_cy<20> (XLXI_37/Msub_counter0[32]_GND_40_o_sub_26_OUT_cy<20>)
     MUXCY:CI->O           1   0.013   0.000  XLXI_37/Msub_counter0[32]_GND_40_o_sub_26_OUT_cy<21> (XLXI_37/Msub_counter0[32]_GND_40_o_sub_26_OUT_cy<21>)
     MUXCY:CI->O           1   0.013   0.000  XLXI_37/Msub_counter0[32]_GND_40_o_sub_26_OUT_cy<22> (XLXI_37/Msub_counter0[32]_GND_40_o_sub_26_OUT_cy<22>)
     MUXCY:CI->O           1   0.013   0.000  XLXI_37/Msub_counter0[32]_GND_40_o_sub_26_OUT_cy<23> (XLXI_37/Msub_counter0[32]_GND_40_o_sub_26_OUT_cy<23>)
     MUXCY:CI->O           1   0.013   0.000  XLXI_37/Msub_counter0[32]_GND_40_o_sub_26_OUT_cy<24> (XLXI_37/Msub_counter0[32]_GND_40_o_sub_26_OUT_cy<24>)
     MUXCY:CI->O           1   0.013   0.000  XLXI_37/Msub_counter0[32]_GND_40_o_sub_26_OUT_cy<25> (XLXI_37/Msub_counter0[32]_GND_40_o_sub_26_OUT_cy<25>)
     MUXCY:CI->O           1   0.013   0.000  XLXI_37/Msub_counter0[32]_GND_40_o_sub_26_OUT_cy<26> (XLXI_37/Msub_counter0[32]_GND_40_o_sub_26_OUT_cy<26>)
     MUXCY:CI->O           1   0.013   0.000  XLXI_37/Msub_counter0[32]_GND_40_o_sub_26_OUT_cy<27> (XLXI_37/Msub_counter0[32]_GND_40_o_sub_26_OUT_cy<27>)
     MUXCY:CI->O           1   0.013   0.000  XLXI_37/Msub_counter0[32]_GND_40_o_sub_26_OUT_cy<28> (XLXI_37/Msub_counter0[32]_GND_40_o_sub_26_OUT_cy<28>)
     MUXCY:CI->O           1   0.013   0.000  XLXI_37/Msub_counter0[32]_GND_40_o_sub_26_OUT_cy<29> (XLXI_37/Msub_counter0[32]_GND_40_o_sub_26_OUT_cy<29>)
     MUXCY:CI->O           1   0.013   0.000  XLXI_37/Msub_counter0[32]_GND_40_o_sub_26_OUT_cy<30> (XLXI_37/Msub_counter0[32]_GND_40_o_sub_26_OUT_cy<30>)
     MUXCY:CI->O           0   0.013   0.000  XLXI_37/Msub_counter0[32]_GND_40_o_sub_26_OUT_cy<31> (XLXI_37/Msub_counter0[32]_GND_40_o_sub_26_OUT_cy<31>)
     XORCY:CI->O           1   0.262   0.613  XLXI_37/Msub_counter0[32]_GND_40_o_sub_26_OUT_xor<32> (XLXI_37/counter0[32]_GND_40_o_sub_26_OUT<32>)
     LUT6:I0->O            1   0.043   0.000  XLXI_37/Mmux_counter_Ctrl[2]_counter0[32]_wide_mux_26_OUT262 (XLXI_37/counter_Ctrl[2]_counter0[32]_wide_mux_26_OUT<32>)
     FDC:D                    -0.000          XLXI_37/counter0_32
    ----------------------------------------
    Total                      2.221ns (1.240ns logic, 0.980ns route)
                                       (55.9% logic, 44.1% route)

=========================================================================
Timing constraint: Default period analysis for Clock 'XLXI_1/clk1'
  Clock period: 2.152ns (frequency: 464.587MHz)
  Total number of paths / destination ports: 1454 / 90
-------------------------------------------------------------------------
Delay:               2.152ns (Levels of Logic = 7)
  Source:            XLXI_1/counter_8 (FF)
  Destination:       XLXI_1/Key_x_0 (FF)
  Source Clock:      XLXI_1/clk1 rising
  Destination Clock: XLXI_1/clk1 rising

  Data Path: XLXI_1/counter_8 to XLXI_1/Key_x_0
                                Gate     Net
    Cell:in->out      fanout   Delay   Delay  Logical Name (Net Name)
    ----------------------------------------  ------------
     FDRE:C->Q             3   0.236   0.615  counter_8 (counter<8>)
     LUT5:I0->O            1   0.043   0.000  Mcompar_counter[31]_GND_1_o_LessThan_5_o_lut<0> (Mcompar_counter[31]_GND_1_o_LessThan_5_o_lut<0>)
     MUXCY:S->O            1   0.238   0.000  Mcompar_counter[31]_GND_1_o_LessThan_5_o_cy<0> (Mcompar_counter[31]_GND_1_o_LessThan_5_o_cy<0>)
     MUXCY:CI->O           1   0.013   0.000  Mcompar_counter[31]_GND_1_o_LessThan_5_o_cy<1> (Mcompar_counter[31]_GND_1_o_LessThan_5_o_cy<1>)
     MUXCY:CI->O           1   0.013   0.000  Mcompar_counter[31]_GND_1_o_LessThan_5_o_cy<2> (Mcompar_counter[31]_GND_1_o_LessThan_5_o_cy<2>)
     MUXCY:CI->O           1   0.013   0.000  Mcompar_counter[31]_GND_1_o_LessThan_5_o_cy<3> (Mcompar_counter[31]_GND_1_o_LessThan_5_o_cy<3>)
     MUXCY:CI->O           8   0.013   0.378  Mcompar_counter[31]_GND_1_o_LessThan_5_o_cy<4> (Mcompar_counter[31]_GND_1_o_LessThan_5_o_cy<4>)
     INV:I->O              7   0.054   0.373  _n0225_inv1_cepot_INV_0 (_n0225_inv1_cepot)
     FDE:CE                    0.161          Key_x_0
    ----------------------------------------
    Total                      2.152ns (0.786ns logic, 1.366ns route)
                                       (36.5% logic, 63.5% route)

=========================================================================
Timing constraint: Default period analysis for Clock 'XLXI_2/push'
  Clock period: 1.069ns (frequency: 935.060MHz)
  Total number of paths / destination ports: 6 / 3
-------------------------------------------------------------------------
Delay:               1.069ns (Levels of Logic = 1)
  Source:            XLXI_2/state_0 (FF)
  Destination:       XLXI_2/state_0 (FF)
  Source Clock:      XLXI_2/push rising
  Destination Clock: XLXI_2/push rising

  Data Path: XLXI_2/state_0 to XLXI_2/state_0
                                Gate     Net
    Cell:in->out      fanout   Delay   Delay  Logical Name (Net Name)
    ----------------------------------------  ------------
     FDE:C->Q             19   0.236   0.440  state_0 (state<0>)
     INV:I->O              1   0.054   0.339  Result<0>1_INV_0 (Result<0>)
     FDE:D                    -0.000          state_0
    ----------------------------------------
    Total                      1.069ns (0.290ns logic, 0.779ns route)
                                       (27.1% logic, 72.9% route)

=========================================================================
Timing constraint: Default OFFSET IN BEFORE for Clock 'clk_100mhz'
  Total number of paths / destination ports: 1195 / 100
-------------------------------------------------------------------------
Offset:              2.089ns (Levels of Logic = 10)
  Source:            SW<2> (PAD)
  Destination:       XLXI_1/SW_OK_0 (FF)
  Destination Clock: clk_100mhz rising

  Data Path: SW<2> to XLXI_1/SW_OK_0
                                Gate     Net
    Cell:in->out      fanout   Delay   Delay  Logical Name (Net Name)
    ----------------------------------------  ------------
     IBUF:I->O             3   0.000   0.625  SW_2_IBUF (SW_2_IBUF)
     begin scope: 'XLXI_1:SW<2>'
     LUT6:I0->O            1   0.043   0.000  Mcompar_sw_temp[15]_SW[15]_not_equal_100_o_lut<0> (Mcompar_sw_temp[15]_SW[15]_not_equal_100_o_lut<0>)
     MUXCY:S->O            1   0.238   0.000  Mcompar_sw_temp[15]_SW[15]_not_equal_100_o_cy<0> (Mcompar_sw_temp[15]_SW[15]_not_equal_100_o_cy<0>)
     MUXCY:CI->O           1   0.013   0.000  Mcompar_sw_temp[15]_SW[15]_not_equal_100_o_cy<1> (Mcompar_sw_temp[15]_SW[15]_not_equal_100_o_cy<1>)
     MUXCY:CI->O           1   0.013   0.000  Mcompar_sw_temp[15]_SW[15]_not_equal_100_o_cy<2> (Mcompar_sw_temp[15]_SW[15]_not_equal_100_o_cy<2>)
     MUXCY:CI->O           1   0.013   0.000  Mcompar_sw_temp[15]_SW[15]_not_equal_100_o_cy<3> (Mcompar_sw_temp[15]_SW[15]_not_equal_100_o_cy<3>)
     MUXCY:CI->O           1   0.013   0.000  Mcompar_sw_temp[15]_SW[15]_not_equal_100_o_cy<4> (Mcompar_sw_temp[15]_SW[15]_not_equal_100_o_cy<4>)
     MUXCY:CI->O          43   0.013   0.471  Mcompar_sw_temp[15]_SW[15]_not_equal_100_o_cy<5> (sw_temp[15]_SW[15]_not_equal_100_o)
     INV:I->O             17   0.054   0.429  _n0243_inv1_cepot_cepot_INV_0 (_n0243_inv1_cepot_cepot)
     FDE:CE                    0.161          SW_OK_0
    ----------------------------------------
    Total                      2.089ns (0.563ns logic, 1.525ns route)
                                       (27.0% logic, 73.0% route)

=========================================================================
Timing constraint: Default OFFSET IN BEFORE for Clock 'XLXI_1/clk1'
  Total number of paths / destination ports: 176 / 41
-------------------------------------------------------------------------
Offset:              2.109ns (Levels of Logic = 6)
  Source:            K_COL<3> (PAD)
  Destination:       XLXI_1/Key_x_1 (FF)
  Destination Clock: XLXI_1/clk1 rising

  Data Path: K_COL<3> to XLXI_1/Key_x_1
                                Gate     Net
    Cell:in->out      fanout   Delay   Delay  Logical Name (Net Name)
    ----------------------------------------  ------------
     IBUF:I->O             6   0.000   0.550  K_COL_3_IBUF (K_COL_3_IBUF)
     begin scope: 'XLXI_1:Key_y<3>'
     LUT4:I0->O           12   0.043   0.674  out1 (n0016)
     LUT6:I0->O            3   0.043   0.362  _n0295<0>1 (_n0295<0>)
     LUT6:I5->O            1   0.043   0.350  Key_x[4]_PWR_1_o_select_74_OUT<1>1 (Key_x[4]_PWR_1_o_select_74_OUT<4>)
     LUT3:I2->O            1   0.043   0.000  Key_x_4_dpot (Key_x_4_dpot)
     FDE:D                    -0.000          Key_x_4
    ----------------------------------------
    Total                      2.109ns (0.172ns logic, 1.937ns route)
                                       (8.2% logic, 91.8% route)

=========================================================================
Timing constraint: Default OFFSET OUT AFTER for Clock 'clk_100mhz'
  Total number of paths / destination ports: 16336 / 17
-------------------------------------------------------------------------
Offset:              12.070ns (Levels of Logic = 19)
  Source:            XLXI_1/SW_OK_6 (FF)
  Destination:       SEGMENT<5> (PAD)
  Source Clock:      clk_100mhz rising

  Data Path: XLXI_1/SW_OK_6 to SEGMENT<5>
                                Gate     Net
    Cell:in->out      fanout   Delay   Delay  Logical Name (Net Name)
    ----------------------------------------  ------------
     FDE:C->Q             86   0.236   0.479  SW_OK_6 (SW_OK<6>)
     end scope: 'XLXI_1:SW_OK<6>'
     INV:I->O              2   0.317   0.608  XLXI_5/MUX1_DispData/XLXI_4/XLXI_40/XLXI_1 (XLXI_5/MUX1_DispData/XLXI_4/XLXI_40/XLXN_6)
     AND2:I1->O            4   0.053   0.620  XLXI_5/MUX1_DispData/XLXI_4/XLXI_40/XLXI_4 (XLXI_5/MUX1_DispData/XLXI_4/XLXI_40/XLXN_120)
     AND2:I1->O            1   0.053   0.522  XLXI_5/MUX1_DispData/XLXI_4/XLXI_40/XLXI_13 (XLXI_5/MUX1_DispData/XLXI_4/XLXI_40/XLXN_39)
     OR4:I2->O             1   0.134   0.613  XLXI_5/MUX1_DispData/XLXI_4/XLXI_40/XLXI_16 (XLXI_5/MUX1_DispData/XLXI_4/o3<1>)
     AND2:I0->O            1   0.043   0.613  XLXI_5/MUX1_DispData/XLXI_4/XLXI_28 (XLXI_5/MUX1_DispData/XLXI_4/XLXN_47)
     OR2:I0->O            15   0.043   0.691  XLXI_5/MUX1_DispData/XLXI_4/XLXI_29 (Disp_num<29>)
     AND2:I0->O            1   0.043   0.613  XLXI_15/XLXI_8/XLXI_1/XLXI_40/XLXI_15 (XLXI_15/XLXI_8/XLXI_1/XLXI_40/XLXN_41)
     OR4:I0->O             1   0.043   0.613  XLXI_15/XLXI_8/XLXI_1/XLXI_40/XLXI_16 (XLXI_15/XLXI_8/XLXI_1/o3<1>)
     AND2:I0->O            1   0.043   0.613  XLXI_15/XLXI_8/XLXI_1/XLXI_28 (XLXI_15/XLXI_8/XLXI_1/XLXN_47)
     OR2:I0->O             1   0.043   0.339  XLXI_15/XLXI_8/XLXI_1/XLXI_29 (XLXI_15/XLXI_8/Hex<5>)
     BUF:I->O             11   0.317   0.395  XLXI_15/XLXI_8/XLXI_9 (XLXI_15/Hex<1>)
     INV:I->O              8   0.317   0.561  XLXI_15/XLXI_3/XLXI_325 (XLXI_15/XLXI_3/XLXN_472)
     AND4:I2->O            2   0.134   0.500  XLXI_15/XLXI_3/XLXI_55 (XLXI_15/XLXI_3/XLXN_107)
     OR4:I3->O             1   0.161   0.603  XLXI_15/XLXI_3/XLXI_15 (XLXI_15/XLXI_3/XLXN_14)
     OR2:I1->O             1   0.053   0.613  XLXI_15/XLXI_3/XLXI_13 (XLXI_15/SEG_TXT<0>)
     AND2:I0->O            1   0.043   0.613  XLXI_15/XLXI_6/XLXI_1/XLXI_8 (XLXI_15/XLXI_6/XLXI_1/XLXN_20)
     OR2:I0->O             1   0.043   0.339  XLXI_15/XLXI_6/XLXI_1/XLXI_16 (SEGMENT_0_OBUF)
     OBUF:I->O                 0.000          SEGMENT_0_OBUF (SEGMENT<0>)
    ----------------------------------------
    Total                     12.070ns (2.119ns logic, 9.951ns route)
                                       (17.6% logic, 82.4% route)

=========================================================================
Timing constraint: Default OFFSET OUT AFTER for Clock 'XLXI_1/clk1'
  Total number of paths / destination ports: 6 / 6
-------------------------------------------------------------------------
Offset:              0.658ns (Levels of Logic = 2)
  Source:            XLXI_1/Key_x_4 (FF)
  Destination:       K_ROW<4> (PAD)
  Source Clock:      XLXI_1/clk1 rising

  Data Path: XLXI_1/Key_x_4 to K_ROW<4>
                                Gate     Net
    Cell:in->out      fanout   Delay   Delay  Logical Name (Net Name)
    ----------------------------------------  ------------
     FDE:C->Q             16   0.236   0.422  Key_x_4 (Key_x<4>)
     end scope: 'XLXI_1:Key_x<4>'
     OBUF:I->O                 0.000          K_ROW_4_OBUF (K_ROW<4>)
    ----------------------------------------
    Total                      0.658ns (0.236ns logic, 0.422ns route)
                                       (35.8% logic, 64.2% route)

=========================================================================
Timing constraint: Default OFFSET OUT AFTER for Clock 'clk_CPU'
  Total number of paths / destination ports: 783323307 / 19
-------------------------------------------------------------------------
Offset:              17.895ns (Levels of Logic = 61)
  Source:            XLXI_49/XLXI_1/PC/Q_9 (FF)
  Destination:       SEGMENT<5> (PAD)
  Source Clock:      clk_CPU rising

  Data Path: XLXI_49/XLXI_1/PC/Q_9 to SEGMENT<5>
                                Gate     Net
    Cell:in->out      fanout   Delay   Delay  Logical Name (Net Name)
    ----------------------------------------  ------------
     FDC:C->Q             58   0.236   0.630  PC/Q_9 (PC_out<9>)
     end scope: 'XLXI_49/XLXI_1:PC_out<9>'
     begin scope: 'XLXI_44:a<7>'
     LUT3:I0->O            1   0.043   0.613  U0/xst_options.dist_mem_inst/gen_rom.rom_inst/Mram_spo_int44116_SW0 (N10)
     LUT6:I0->O            1   0.043   0.522  U0/xst_options.dist_mem_inst/gen_rom.rom_inst/Mram_spo_int44116 (U0/xst_options.dist_mem_inst/gen_rom.rom_inst/Mram_spo_int44115)
     LUT6:I2->O          260   0.043   0.775  U0/xst_options.dist_mem_inst/gen_rom.rom_inst/Mram_spo_int441113 (spo<17>)
     end scope: 'XLXI_44:spo<17>'
     begin scope: 'XLXI_49/XLXI_1:inst_field<17>'
     LUT5:I0->O            1   0.043   0.522  U2/Mmux_R_addr_B[4]_register[31][31]_wide_mux_4_OUT_82 (U2/Mmux_R_addr_B[4]_register[31][31]_wide_mux_4_OUT_82)
     LUT6:I2->O            2   0.043   0.410  U2/Mmux_R_addr_B[4]_register[31][31]_wide_mux_4_OUT_4 (U2/Mmux_R_addr_B[4]_register[31][31]_wide_mux_4_OUT_4)
     LUT6:I4->O            4   0.043   0.367  MUXD3/Mmux_o11 (XLXN_531<0>)
     LUT6:I5->O            1   0.043   0.000  U1/ADC_32/Madd_S_Madd_lut<0> (U1/ADC_32/Madd_S_Madd_lut<0>)
     MUXCY:S->O            1   0.238   0.000  U1/ADC_32/Madd_S_Madd_cy<0> (U1/ADC_32/Madd_S_Madd_cy<0>)
     MUXCY:CI->O           1   0.014   0.000  U1/ADC_32/Madd_S_Madd_cy<1> (U1/ADC_32/Madd_S_Madd_cy<1>)
     MUXCY:CI->O           1   0.014   0.000  U1/ADC_32/Madd_S_Madd_cy<2> (U1/ADC_32/Madd_S_Madd_cy<2>)
     MUXCY:CI->O           1   0.014   0.000  U1/ADC_32/Madd_S_Madd_cy<3> (U1/ADC_32/Madd_S_Madd_cy<3>)
     MUXCY:CI->O           1   0.014   0.000  U1/ADC_32/Madd_S_Madd_cy<4> (U1/ADC_32/Madd_S_Madd_cy<4>)
     MUXCY:CI->O           1   0.014   0.000  U1/ADC_32/Madd_S_Madd_cy<5> (U1/ADC_32/Madd_S_Madd_cy<5>)
     MUXCY:CI->O           1   0.014   0.000  U1/ADC_32/Madd_S_Madd_cy<6> (U1/ADC_32/Madd_S_Madd_cy<6>)
     MUXCY:CI->O           1   0.014   0.000  U1/ADC_32/Madd_S_Madd_cy<7> (U1/ADC_32/Madd_S_Madd_cy<7>)
     MUXCY:CI->O           1   0.014   0.000  U1/ADC_32/Madd_S_Madd_cy<8> (U1/ADC_32/Madd_S_Madd_cy<8>)
     MUXCY:CI->O           1   0.014   0.000  U1/ADC_32/Madd_S_Madd_cy<9> (U1/ADC_32/Madd_S_Madd_cy<9>)
     MUXCY:CI->O           1   0.014   0.000  U1/ADC_32/Madd_S_Madd_cy<10> (U1/ADC_32/Madd_S_Madd_cy<10>)
     MUXCY:CI->O           1   0.014   0.000  U1/ADC_32/Madd_S_Madd_cy<11> (U1/ADC_32/Madd_S_Madd_cy<11>)
     MUXCY:CI->O           1   0.014   0.000  U1/ADC_32/Madd_S_Madd_cy<12> (U1/ADC_32/Madd_S_Madd_cy<12>)
     MUXCY:CI->O           1   0.014   0.000  U1/ADC_32/Madd_S_Madd_cy<13> (U1/ADC_32/Madd_S_Madd_cy<13>)
     MUXCY:CI->O           1   0.014   0.000  U1/ADC_32/Madd_S_Madd_cy<14> (U1/ADC_32/Madd_S_Madd_cy<14>)
     MUXCY:CI->O           1   0.014   0.000  U1/ADC_32/Madd_S_Madd_cy<15> (U1/ADC_32/Madd_S_Madd_cy<15>)
     MUXCY:CI->O           1   0.014   0.000  U1/ADC_32/Madd_S_Madd_cy<16> (U1/ADC_32/Madd_S_Madd_cy<16>)
     MUXCY:CI->O           1   0.014   0.000  U1/ADC_32/Madd_S_Madd_cy<17> (U1/ADC_32/Madd_S_Madd_cy<17>)
     MUXCY:CI->O           1   0.014   0.000  U1/ADC_32/Madd_S_Madd_cy<18> (U1/ADC_32/Madd_S_Madd_cy<18>)
     MUXCY:CI->O           1   0.014   0.000  U1/ADC_32/Madd_S_Madd_cy<19> (U1/ADC_32/Madd_S_Madd_cy<19>)
     MUXCY:CI->O           1   0.014   0.000  U1/ADC_32/Madd_S_Madd_cy<20> (U1/ADC_32/Madd_S_Madd_cy<20>)
     MUXCY:CI->O           1   0.014   0.000  U1/ADC_32/Madd_S_Madd_cy<21> (U1/ADC_32/Madd_S_Madd_cy<21>)
     MUXCY:CI->O           1   0.014   0.000  U1/ADC_32/Madd_S_Madd_cy<22> (U1/ADC_32/Madd_S_Madd_cy<22>)
     MUXCY:CI->O           1   0.014   0.000  U1/ADC_32/Madd_S_Madd_cy<23> (U1/ADC_32/Madd_S_Madd_cy<23>)
     MUXCY:CI->O           1   0.014   0.000  U1/ADC_32/Madd_S_Madd_cy<24> (U1/ADC_32/Madd_S_Madd_cy<24>)
     MUXCY:CI->O           1   0.014   0.000  U1/ADC_32/Madd_S_Madd_cy<25> (U1/ADC_32/Madd_S_Madd_cy<25>)
     MUXCY:CI->O           1   0.014   0.000  U1/ADC_32/Madd_S_Madd_cy<26> (U1/ADC_32/Madd_S_Madd_cy<26>)
     MUXCY:CI->O           1   0.014   0.000  U1/ADC_32/Madd_S_Madd_cy<27> (U1/ADC_32/Madd_S_Madd_cy<27>)
     MUXCY:CI->O           1   0.014   0.000  U1/ADC_32/Madd_S_Madd_cy<28> (U1/ADC_32/Madd_S_Madd_cy<28>)
     MUXCY:CI->O           1   0.014   0.000  U1/ADC_32/Madd_S_Madd_cy<29> (U1/ADC_32/Madd_S_Madd_cy<29>)
     XORCY:CI->O           2   0.262   0.527  U1/ADC_32/Madd_S_Madd_xor<30> (U1/S<30>)
     LUT4:I0->O          113   0.043   0.748  U1/MUXALU/Mmux_o242 (ALU_out<30>)
     end scope: 'XLXI_49/XLXI_1:ALU_out<30>'
     begin scope: 'XLXI_36:addr_bus<30>'
     LUT6:I1->O           32   0.043   0.733  _n00591 (_n0059)
     LUT6:I1->O           32   0.043   0.743  Mmux_Cpu_data4bus241 (Cpu_data4bus<30>)
     end scope: 'XLXI_36:Cpu_data4bus<30>'
     AND2:I0->O            1   0.043   0.603  XLXI_5/MUX1_DispData/XLXI_4/XLXI_40/XLXI_19 (XLXI_5/MUX1_DispData/XLXI_4/XLXI_40/XLXN_45)
     OR4:I1->O             1   0.053   0.613  XLXI_5/MUX1_DispData/XLXI_4/XLXI_40/XLXI_21 (XLXI_5/MUX1_DispData/XLXI_4/o3<2>)
     AND2:I0->O            1   0.043   0.613  XLXI_5/MUX1_DispData/XLXI_4/XLXI_31 (XLXI_5/MUX1_DispData/XLXI_4/XLXN_49)
     OR2:I0->O            15   0.043   0.691  XLXI_5/MUX1_DispData/XLXI_4/XLXI_32 (Disp_num<30>)
     AND2:I0->O            1   0.043   0.613  XLXI_15/XLXI_8/XLXI_1/XLXI_40/XLXI_20 (XLXI_15/XLXI_8/XLXI_1/XLXI_40/XLXN_46)
     OR4:I0->O             1   0.043   0.613  XLXI_15/XLXI_8/XLXI_1/XLXI_40/XLXI_21 (XLXI_15/XLXI_8/XLXI_1/o3<2>)
     AND2:I0->O            1   0.043   0.613  XLXI_15/XLXI_8/XLXI_1/XLXI_31 (XLXI_15/XLXI_8/XLXI_1/XLXN_49)
     OR2:I0->O             1   0.043   0.339  XLXI_15/XLXI_8/XLXI_1/XLXI_32 (XLXI_15/XLXI_8/Hex<6>)
     BUF:I->O             11   0.317   0.395  XLXI_15/XLXI_8/XLXI_8 (XLXI_15/Hex<2>)
     INV:I->O              8   0.317   0.642  XLXI_15/XLXI_3/XLXI_326 (XLXI_15/XLXI_3/XLXN_571)
     AND4:I1->O            2   0.053   0.500  XLXI_15/XLXI_3/XLXI_55 (XLXI_15/XLXI_3/XLXN_107)
     OR4:I3->O             1   0.161   0.603  XLXI_15/XLXI_3/XLXI_15 (XLXI_15/XLXI_3/XLXN_14)
     OR2:I1->O             1   0.053   0.613  XLXI_15/XLXI_3/XLXI_13 (XLXI_15/SEG_TXT<0>)
     AND2:I0->O            1   0.043   0.613  XLXI_15/XLXI_6/XLXI_1/XLXI_8 (XLXI_15/XLXI_6/XLXI_1/XLXN_20)
     OR2:I0->O             1   0.043   0.339  XLXI_15/XLXI_6/XLXI_1/XLXI_16 (SEGMENT_0_OBUF)
     OBUF:I->O                 0.000          SEGMENT_0_OBUF (SEGMENT<0>)
    ----------------------------------------
    Total                     17.895ns (2.899ns logic, 14.996ns route)
                                       (16.2% logic, 83.8% route)

=========================================================================
Timing constraint: Default OFFSET OUT AFTER for Clock 'XLXI_26/clkdiv_6'
  Total number of paths / destination ports: 1463 / 8
-------------------------------------------------------------------------
Offset:              11.308ns (Levels of Logic = 18)
  Source:            XLXI_37/counter0_29 (FF)
  Destination:       SEGMENT<5> (PAD)
  Source Clock:      XLXI_26/clkdiv_6 rising

  Data Path: XLXI_37/counter0_29 to SEGMENT<5>
                                Gate     Net
    Cell:in->out      fanout   Delay   Delay  Logical Name (Net Name)
    ----------------------------------------  ------------
     FDC:C->Q              4   0.236   0.539  XLXI_37/counter0_29 (XLXI_37/counter0_29)
     begin scope: 'XLXI_36:counter_out<29>'
     LUT6:I2->O           32   0.043   0.743  Mmux_Cpu_data4bus221 (Cpu_data4bus<29>)
     end scope: 'XLXI_36:Cpu_data4bus<29>'
     AND2:I0->O            1   0.043   0.603  XLXI_5/MUX1_DispData/XLXI_4/XLXI_40/XLXI_14 (XLXI_5/MUX1_DispData/XLXI_4/XLXI_40/XLXN_40)
     OR4:I1->O             1   0.053   0.613  XLXI_5/MUX1_DispData/XLXI_4/XLXI_40/XLXI_16 (XLXI_5/MUX1_DispData/XLXI_4/o3<1>)
     AND2:I0->O            1   0.043   0.613  XLXI_5/MUX1_DispData/XLXI_4/XLXI_28 (XLXI_5/MUX1_DispData/XLXI_4/XLXN_47)
     OR2:I0->O            15   0.043   0.691  XLXI_5/MUX1_DispData/XLXI_4/XLXI_29 (Disp_num<29>)
     AND2:I0->O            1   0.043   0.613  XLXI_15/XLXI_8/XLXI_1/XLXI_40/XLXI_15 (XLXI_15/XLXI_8/XLXI_1/XLXI_40/XLXN_41)
     OR4:I0->O             1   0.043   0.613  XLXI_15/XLXI_8/XLXI_1/XLXI_40/XLXI_16 (XLXI_15/XLXI_8/XLXI_1/o3<1>)
     AND2:I0->O            1   0.043   0.613  XLXI_15/XLXI_8/XLXI_1/XLXI_28 (XLXI_15/XLXI_8/XLXI_1/XLXN_47)
     OR2:I0->O             1   0.043   0.339  XLXI_15/XLXI_8/XLXI_1/XLXI_29 (XLXI_15/XLXI_8/Hex<5>)
     BUF:I->O             11   0.317   0.395  XLXI_15/XLXI_8/XLXI_9 (XLXI_15/Hex<1>)
     INV:I->O              8   0.317   0.561  XLXI_15/XLXI_3/XLXI_325 (XLXI_15/XLXI_3/XLXN_472)
     AND4:I2->O            2   0.134   0.500  XLXI_15/XLXI_3/XLXI_55 (XLXI_15/XLXI_3/XLXN_107)
     OR4:I3->O             1   0.161   0.603  XLXI_15/XLXI_3/XLXI_15 (XLXI_15/XLXI_3/XLXN_14)
     OR2:I1->O             1   0.053   0.613  XLXI_15/XLXI_3/XLXI_13 (XLXI_15/SEG_TXT<0>)
     AND2:I0->O            1   0.043   0.613  XLXI_15/XLXI_6/XLXI_1/XLXI_8 (XLXI_15/XLXI_6/XLXI_1/XLXN_20)
     OR2:I0->O             1   0.043   0.339  XLXI_15/XLXI_6/XLXI_1/XLXI_16 (SEGMENT_0_OBUF)
     OBUF:I->O                 0.000          SEGMENT_0_OBUF (SEGMENT<0>)
    ----------------------------------------
    Total                     11.308ns (1.701ns logic, 9.607ns route)
                                       (15.0% logic, 85.0% route)

=========================================================================

Cross Clock Domains Report:
--------------------------

Clock to Setup on destination clock XLXI_1/clk1
---------------+---------+---------+---------+---------+
               | Src:Rise| Src:Fall| Src:Rise| Src:Fall|
Source Clock   |Dest:Rise|Dest:Rise|Dest:Fall|Dest:Fall|
---------------+---------+---------+---------+---------+
XLXI_1/clk1    |    2.152|         |         |         |
clk_100mhz     |    1.292|         |         |         |
---------------+---------+---------+---------+---------+

Clock to Setup on destination clock XLXI_2/push
---------------+---------+---------+---------+---------+
               | Src:Rise| Src:Fall| Src:Rise| Src:Fall|
Source Clock   |Dest:Rise|Dest:Rise|Dest:Fall|Dest:Fall|
---------------+---------+---------+---------+---------+
XLXI_1/clk1    |    0.818|         |         |         |
XLXI_2/push    |    1.069|         |         |         |
clk_100mhz     |    1.336|         |         |         |
---------------+---------+---------+---------+---------+

Clock to Setup on destination clock XLXI_26/clkdiv_6
----------------+---------+---------+---------+---------+
                | Src:Rise| Src:Fall| Src:Rise| Src:Fall|
Source Clock    |Dest:Rise|Dest:Rise|Dest:Fall|Dest:Fall|
----------------+---------+---------+---------+---------+
XLXI_26/clkdiv_6|    2.221|         |         |         |
clk_100mhz      |    1.619|         |         |         |
clk_CPU         |         |    2.138|         |         |
----------------+---------+---------+---------+---------+

Clock to Setup on destination clock clk_100mhz
----------------+---------+---------+---------+---------+
                | Src:Rise| Src:Fall| Src:Rise| Src:Fall|
Source Clock    |Dest:Rise|Dest:Rise|Dest:Fall|Dest:Fall|
----------------+---------+---------+---------+---------+
XLXI_1/clk1     |    1.100|         |         |         |
XLXI_2/push     |    1.928|         |         |         |
XLXI_26/clkdiv_6|    8.294|         |         |         |
clk_100mhz      |    9.050|         |         |         |
clk_CPU         |   14.875|    7.576|    7.404|         |
----------------+---------+---------+---------+---------+

Clock to Setup on destination clock clk_CPU
----------------+---------+---------+---------+---------+
                | Src:Rise| Src:Fall| Src:Rise| Src:Fall|
Source Clock    |Dest:Rise|Dest:Rise|Dest:Fall|Dest:Fall|
----------------+---------+---------+---------+---------+
XLXI_26/clkdiv_6|    1.739|         |    0.897|         |
clk_100mhz      |    1.745|         |    1.610|         |
clk_CPU         |    8.326|         |    7.228|         |
----------------+---------+---------+---------+---------+

=========================================================================


Total REAL time to Xst completion: 13.00 secs
Total CPU time to Xst completion: 13.46 secs
 
--> 

Total memory usage is 435340 kilobytes

Number of errors   :    0 (   0 filtered)
Number of warnings :  161 (   0 filtered)
Number of infos    :   22 (   0 filtered)

