Running: D:\ISE\14.7\ISE_DS\ISE\bin\nt64\unwrapped\fuse.exe -intstyle ise -incremental -lib unisims_ver -lib unimacro_ver -lib xilinxcorelib_ver -lib secureip -o E:/test_1/logicproject/7/test1/Exp07-MUX/MUX4T1_4_MUX4T1_4_sch_tb_isim_beh.exe -prj E:/test_1/logicproject/7/test1/Exp07-MUX/MUX4T1_4_MUX4T1_4_sch_tb_beh.prj work.MUX4T1_4_MUX4T1_4_sch_tb work.glbl 
ISim P.20131013 (signature 0x7708f090)
Number of CPUs detected in this system: 4
Turning on mult-threading, number of parallel sub-compilation jobs: 8 
Determining compilation order of HDL files
Analyzing Verilog file "E:/test_1/logicproject/7/test1/Exp07-MUX/MUX4T1_4.vf" into library work
Analyzing Verilog file "E:/test_1/logicproject/7/test1/Exp07-MUX/test1.v" into library work
Analyzing Verilog file "D:/ISE/14.7/ISE_DS/ISE//verilog/src/glbl.v" into library work
Starting static elaboration
Completed static elaboration
Compiling module INV
Compiling module AND2
Compiling module OR4
Compiling module MUX4T1_4
Compiling module MUX4T1_4_MUX4T1_4_sch_tb
Compiling module glbl
Time Resolution for simulation is 1ps.
Waiting for 1 sub-compilation(s) to finish...
Compiled 6 Verilog Units
Built simulation executable E:/test_1/logicproject/7/test1/Exp07-MUX/MUX4T1_4_MUX4T1_4_sch_tb_isim_beh.exe
Fuse Memory Usage: 43456 KB
Fuse CPU Usage: 593 ms
