--------------------------------------------------------------------------------
Release 14.7 Trace  (nt64)
Copyright (c) 1995-2013 Xilinx, Inc.  All rights reserved.

C:\Xilinx\14.7\ISE_DS\ISE\bin\nt64\unwrapped\trce.exe -intstyle ise -v 3 -s 2L
-n 3 -fastpaths -xml Oexp02_IO.twx Oexp02_IO.ncd -o Oexp02_IO.twr Oexp02_IO.pcf
-ucf SOC-Sword.ucf

Design file:              Oexp02_IO.ncd
Physical constraint file: Oexp02_IO.pcf
Device,package,speed:     xc7k160t,ffg676,C,-2L (PRODUCTION 1.10 2013-10-13)
Report level:             verbose report

Environment Variable      Effect 
--------------------      ------ 
NONE                      No environment variables were set
--------------------------------------------------------------------------------

INFO:Timing:3412 - To improve timing, see the Timing Closure User Guide (UG612).
INFO:Timing:2752 - To get complete path coverage, use the unconstrained paths 
   option. All paths that are not constrained will be reported in the 
   unconstrained paths section(s) of the report.
INFO:Timing:3339 - The clock-to-out numbers in this timing report are based on 
   a 50 Ohm transmission line loading model.  For the details of this model, 
   and for more information on accounting for different loading conditions, 
   please see the device datasheet.

================================================================================
Timing constraint: TS_CLK_100M = PERIOD TIMEGRP "TM_CLK" 10 ns HIGH 50%;
For more information, see Period Analysis in the Timing Closure User Guide (UG612).

 5103 paths analyzed, 501 endpoints analyzed, 0 failing endpoints
 0 timing errors detected. (0 setup errors, 0 hold errors, 0 component switching limit errors)
 Minimum period is   4.192ns.
--------------------------------------------------------------------------------

Paths for end point U6/M2/sh_clk (SLICE_X49Y113.SR), 1 path
--------------------------------------------------------------------------------
Slack (setup path):     5.808ns (requirement - (data path - clock path skew + uncertainty))
  Source:               U9/rst (FF)
  Destination:          U6/M2/sh_clk (FF)
  Requirement:          10.000ns
  Data Path Delay:      3.642ns (Levels of Logic = 0)
  Clock Path Skew:      -0.515ns (0.988 - 1.503)
  Source Clock:         clk_100mhz_BUFGP rising at 0.000ns
  Destination Clock:    clk_100mhz_BUFGP rising at 10.000ns
  Clock Uncertainty:    0.035ns

  Clock Uncertainty:          0.035ns  ((TSJ^2 + TIJ^2)^1/2 + DJ) / 2 + PE
    Total System Jitter (TSJ):  0.070ns
    Total Input Jitter (TIJ):   0.000ns
    Discrete Jitter (DJ):       0.000ns
    Phase Error (PE):           0.000ns

  Maximum Data Path at Slow Process Corner: U9/rst to U6/M2/sh_clk
    Location             Delay type         Delay(ns)  Physical Resource
                                                       Logical Resource(s)
    -------------------------------------------------  -------------------
    SLICE_X100Y34.DQ     Tcko                  0.223   rst
                                                       U9/rst
    SLICE_X49Y113.SR     net (fanout=254)      3.207   rst
    SLICE_X49Y113.CLK    Trck                  0.212   U6/M2/sh_clk
                                                       U6/M2/sh_clk
    -------------------------------------------------  ---------------------------
    Total                                      3.642ns (0.435ns logic, 3.207ns route)
                                                       (11.9% logic, 88.1% route)

--------------------------------------------------------------------------------

Paths for end point U6/M2/S_0 (SLICE_X47Y70.CE), 1 path
--------------------------------------------------------------------------------
Slack (setup path):     6.357ns (requirement - (data path - clock path skew + uncertainty))
  Source:               U9/rst (FF)
  Destination:          U6/M2/S_0 (FF)
  Requirement:          10.000ns
  Data Path Delay:      3.264ns (Levels of Logic = 1)
  Clock Path Skew:      -0.344ns (0.987 - 1.331)
  Source Clock:         clk_100mhz_BUFGP rising at 0.000ns
  Destination Clock:    clk_100mhz_BUFGP rising at 10.000ns
  Clock Uncertainty:    0.035ns

  Clock Uncertainty:          0.035ns  ((TSJ^2 + TIJ^2)^1/2 + DJ) / 2 + PE
    Total System Jitter (TSJ):  0.070ns
    Total Input Jitter (TIJ):   0.000ns
    Discrete Jitter (DJ):       0.000ns
    Phase Error (PE):           0.000ns

  Maximum Data Path at Slow Process Corner: U9/rst to U6/M2/S_0
    Location             Delay type         Delay(ns)  Physical Resource
                                                       Logical Resource(s)
    -------------------------------------------------  -------------------
    SLICE_X100Y34.DQ     Tcko                  0.223   rst
                                                       U9/rst
    SLICE_X46Y71.A1      net (fanout=254)      2.599   rst
    SLICE_X46Y71.A       Tilo                  0.043   U6/M2/rst_inv
                                                       U6/M2/rst_inv1_INV_0
    SLICE_X47Y70.CE      net (fanout=2)        0.198   U6/M2/rst_inv
    SLICE_X47Y70.CLK     Tceck                 0.201   U6/M2/S<1>
                                                       U6/M2/S_0
    -------------------------------------------------  ---------------------------
    Total                                      3.264ns (0.467ns logic, 2.797ns route)
                                                       (14.3% logic, 85.7% route)

--------------------------------------------------------------------------------

Paths for end point U6/M2/S_1 (SLICE_X47Y70.CE), 1 path
--------------------------------------------------------------------------------
Slack (setup path):     6.357ns (requirement - (data path - clock path skew + uncertainty))
  Source:               U9/rst (FF)
  Destination:          U6/M2/S_1 (FF)
  Requirement:          10.000ns
  Data Path Delay:      3.264ns (Levels of Logic = 1)
  Clock Path Skew:      -0.344ns (0.987 - 1.331)
  Source Clock:         clk_100mhz_BUFGP rising at 0.000ns
  Destination Clock:    clk_100mhz_BUFGP rising at 10.000ns
  Clock Uncertainty:    0.035ns

  Clock Uncertainty:          0.035ns  ((TSJ^2 + TIJ^2)^1/2 + DJ) / 2 + PE
    Total System Jitter (TSJ):  0.070ns
    Total Input Jitter (TIJ):   0.000ns
    Discrete Jitter (DJ):       0.000ns
    Phase Error (PE):           0.000ns

  Maximum Data Path at Slow Process Corner: U9/rst to U6/M2/S_1
    Location             Delay type         Delay(ns)  Physical Resource
                                                       Logical Resource(s)
    -------------------------------------------------  -------------------
    SLICE_X100Y34.DQ     Tcko                  0.223   rst
                                                       U9/rst
    SLICE_X46Y71.A1      net (fanout=254)      2.599   rst
    SLICE_X46Y71.A       Tilo                  0.043   U6/M2/rst_inv
                                                       U6/M2/rst_inv1_INV_0
    SLICE_X47Y70.CE      net (fanout=2)        0.198   U6/M2/rst_inv
    SLICE_X47Y70.CLK     Tceck                 0.201   U6/M2/S<1>
                                                       U6/M2/S_1
    -------------------------------------------------  ---------------------------
    Total                                      3.264ns (0.467ns logic, 2.797ns route)
                                                       (14.3% logic, 85.7% route)

--------------------------------------------------------------------------------

Hold Paths: TS_CLK_100M = PERIOD TIMEGRP "TM_CLK" 10 ns HIGH 50%;
--------------------------------------------------------------------------------

Paths for end point U6/M2/sh_clk_1 (SLICE_X46Y73.B6), 1 path
--------------------------------------------------------------------------------
Slack (hold path):      0.158ns (requirement - (clock path skew + uncertainty - data path))
  Source:               U6/M2/Go_0 (FF)
  Destination:          U6/M2/sh_clk_1 (FF)
  Requirement:          0.000ns
  Data Path Delay:      0.170ns (Levels of Logic = 1)
  Clock Path Skew:      0.012ns (0.064 - 0.052)
  Source Clock:         clk_100mhz_BUFGP rising at 10.000ns
  Destination Clock:    clk_100mhz_BUFGP rising at 10.000ns
  Clock Uncertainty:    0.000ns

  Minimum Data Path at Fast Process Corner: U6/M2/Go_0 to U6/M2/sh_clk_1
    Location             Delay type         Delay(ns)  Physical Resource
                                                       Logical Resource(s)
    -------------------------------------------------  -------------------
    SLICE_X46Y74.AQ      Tcko                  0.118   U6/M2/Go<1>
                                                       U6/M2/Go_0
    SLICE_X46Y73.B6      net (fanout=5)        0.111   U6/M2/Go<0>
    SLICE_X46Y73.CLK     Tah         (-Th)     0.059   U6/M2/sh_clk_1
                                                       U6/M2/state[1]_GND_1_o_Select_19_o1
                                                       U6/M2/sh_clk_1
    -------------------------------------------------  ---------------------------
    Total                                      0.170ns (0.059ns logic, 0.111ns route)
                                                       (34.7% logic, 65.3% route)

--------------------------------------------------------------------------------

Paths for end point U6/M2/sh_clk_1 (SLICE_X46Y73.B5), 1 path
--------------------------------------------------------------------------------
Slack (hold path):      0.190ns (requirement - (clock path skew + uncertainty - data path))
  Source:               U6/M2/state_FSM_FFd1 (FF)
  Destination:          U6/M2/sh_clk_1 (FF)
  Requirement:          0.000ns
  Data Path Delay:      0.200ns (Levels of Logic = 1)
  Clock Path Skew:      0.010ns (0.064 - 0.054)
  Source Clock:         clk_100mhz_BUFGP rising at 10.000ns
  Destination Clock:    clk_100mhz_BUFGP rising at 10.000ns
  Clock Uncertainty:    0.000ns

  Minimum Data Path at Fast Process Corner: U6/M2/state_FSM_FFd1 to U6/M2/sh_clk_1
    Location             Delay type         Delay(ns)  Physical Resource
                                                       Logical Resource(s)
    -------------------------------------------------  -------------------
    SLICE_X46Y72.AQ      Tcko                  0.118   U6/M2/state_FSM_FFd1
                                                       U6/M2/state_FSM_FFd1
    SLICE_X46Y73.B5      net (fanout=5)        0.141   U6/M2/state_FSM_FFd1
    SLICE_X46Y73.CLK     Tah         (-Th)     0.059   U6/M2/sh_clk_1
                                                       U6/M2/state[1]_GND_1_o_Select_19_o1
                                                       U6/M2/sh_clk_1
    -------------------------------------------------  ---------------------------
    Total                                      0.200ns (0.059ns logic, 0.141ns route)
                                                       (29.5% logic, 70.5% route)

--------------------------------------------------------------------------------

Paths for end point U6/M2/S_0_1 (SLICE_X46Y70.D3), 1 path
--------------------------------------------------------------------------------
Slack (hold path):      0.198ns (requirement - (clock path skew + uncertainty - data path))
  Source:               U6/M2/S_0_1 (FF)
  Destination:          U6/M2/S_0_1 (FF)
  Requirement:          0.000ns
  Data Path Delay:      0.198ns (Levels of Logic = 1)
  Clock Path Skew:      0.000ns
  Source Clock:         clk_100mhz_BUFGP rising at 10.000ns
  Destination Clock:    clk_100mhz_BUFGP rising at 10.000ns
  Clock Uncertainty:    0.000ns

  Minimum Data Path at Fast Process Corner: U6/M2/S_0_1 to U6/M2/S_0_1
    Location             Delay type         Delay(ns)  Physical Resource
                                                       Logical Resource(s)
    -------------------------------------------------  -------------------
    SLICE_X46Y70.DQ      Tcko                  0.118   U6/M2/S_0_1
                                                       U6/M2/S_0_1
    SLICE_X46Y70.D3      net (fanout=1)        0.139   U6/M2/S_0_1
    SLICE_X46Y70.CLK     Tah         (-Th)     0.059   U6/M2/S_0_1
                                                       U6/M2/state[1]_PWR_1_o_select_17_OUT<0>1
                                                       U6/M2/S_0_1
    -------------------------------------------------  ---------------------------
    Total                                      0.198ns (0.059ns logic, 0.139ns route)
                                                       (29.8% logic, 70.2% route)

--------------------------------------------------------------------------------

Component Switching Limit Checks: TS_CLK_100M = PERIOD TIMEGRP "TM_CLK" 10 ns HIGH 50%;
--------------------------------------------------------------------------------
Slack: 8.161ns (period - min period limit)
  Period: 10.000ns
  Min period limit: 1.839ns (543.774MHz) (Trper_CLKA)
  Physical resource: U3/U0/xst_blk_mem_generator/gnativebmg.native_blk_mem_gen/valid.cstr/ramloop[0].ram.r/v6_init.ram/NO_BMM_INFO.SP.SIMPLE_PRIM36.ram/CLKARDCLKL
  Logical resource: U3/U0/xst_blk_mem_generator/gnativebmg.native_blk_mem_gen/valid.cstr/ramloop[0].ram.r/v6_init.ram/NO_BMM_INFO.SP.SIMPLE_PRIM36.ram/CLKARDCLKL
  Location pin: RAMB36_X3Y9.CLKARDCLKL
  Clock network: clk_100mhz_BUFGP
--------------------------------------------------------------------------------
Slack: 8.161ns (period - min period limit)
  Period: 10.000ns
  Min period limit: 1.839ns (543.774MHz) (Trper_CLKA)
  Physical resource: U3/U0/xst_blk_mem_generator/gnativebmg.native_blk_mem_gen/valid.cstr/ramloop[0].ram.r/v6_init.ram/NO_BMM_INFO.SP.SIMPLE_PRIM36.ram/CLKARDCLKU
  Logical resource: U3/U0/xst_blk_mem_generator/gnativebmg.native_blk_mem_gen/valid.cstr/ramloop[0].ram.r/v6_init.ram/NO_BMM_INFO.SP.SIMPLE_PRIM36.ram/CLKARDCLKU
  Location pin: RAMB36_X3Y9.CLKARDCLKU
  Clock network: clk_100mhz_BUFGP
--------------------------------------------------------------------------------
Slack: 8.161ns (period - min period limit)
  Period: 10.000ns
  Min period limit: 1.839ns (543.774MHz) (Trper_CLKB)
  Physical resource: U3/U0/xst_blk_mem_generator/gnativebmg.native_blk_mem_gen/valid.cstr/ramloop[0].ram.r/v6_init.ram/NO_BMM_INFO.SP.SIMPLE_PRIM36.ram/CLKBWRCLKL
  Logical resource: U3/U0/xst_blk_mem_generator/gnativebmg.native_blk_mem_gen/valid.cstr/ramloop[0].ram.r/v6_init.ram/NO_BMM_INFO.SP.SIMPLE_PRIM36.ram/CLKBWRCLKL
  Location pin: RAMB36_X3Y9.CLKBWRCLKL
  Clock network: clk_100mhz_BUFGP
--------------------------------------------------------------------------------


All constraints were met.


Data Sheet report:
-----------------
All values displayed in nanoseconds (ns)

Clock to Setup on destination clock clk_100mhz
---------------+---------+---------+---------+---------+
               | Src:Rise| Src:Fall| Src:Rise| Src:Fall|
Source Clock   |Dest:Rise|Dest:Rise|Dest:Fall|Dest:Fall|
---------------+---------+---------+---------+---------+
clk_100mhz     |    4.192|         |         |         |
---------------+---------+---------+---------+---------+


Timing summary:
---------------

Timing errors: 0  Score: 0  (Setup/Max: 0, Hold: 0)

Constraints cover 5103 paths, 0 nets, and 650 connections

Design statistics:
   Minimum period:   4.192ns{1}   (Maximum frequency: 238.550MHz)


------------------------------------Footnotes-----------------------------------
1)  The minimum period statistic assumes all single cycle delays.

Analysis completed Tue Apr 03 20:55:22 2018 
--------------------------------------------------------------------------------

Trace Settings:
-------------------------
Trace Settings 

Peak Memory Usage: 792 MB



