--------------------------------------------------------------------------------
Release 14.7 Trace  (nt64)
Copyright (c) 1995-2013 Xilinx, Inc.  All rights reserved.

C:\Xilinx\14.7\ISE_DS\ISE\bin\nt64\unwrapped\trce.exe -intstyle ise -v 3 -s 1
-n 3 -fastpaths -xml Top.twx Top.ncd -o Top.twr Top.pcf -ucf K7.ucf

Design file:              Top.ncd
Physical constraint file: Top.pcf
Device,package,speed:     xc7k160t,fbg676,C,-1 (PRODUCTION 1.10 2013-10-13)
Report level:             verbose report

Environment Variable      Effect 
--------------------      ------ 
NONE                      No environment variables were set
--------------------------------------------------------------------------------

INFO:Timing:2698 - No timing constraints found, doing default enumeration.
INFO:Timing:3412 - To improve timing, see the Timing Closure User Guide (UG612).
INFO:Timing:2752 - To get complete path coverage, use the unconstrained paths 
   option. All paths that are not constrained will be reported in the 
   unconstrained paths section(s) of the report.
INFO:Timing:3339 - The clock-to-out numbers in this timing report are based on 
   a 50 Ohm transmission line loading model.  For the details of this model, 
   and for more information on accounting for different loading conditions, 
   please see the device datasheet.



Data Sheet report:
-----------------
All values displayed in nanoseconds (ns)

Clock clk to Pad
------------+-----------------+------------+-----------------+------------+------------------+--------+
            |Max (slowest) clk|  Process   |Min (fastest) clk|  Process   |                  | Clock  |
Destination |  (edge) to PAD  |   Corner   |  (edge) to PAD  |   Corner   |Internal Clock(s) | Phase  |
------------+-----------------+------------+-----------------+------------+------------------+--------+
AN<0>       |        11.537(R)|      SLOW  |         4.113(R)|      FAST  |clk_BUFGP         |   0.000|
AN<1>       |        11.730(R)|      SLOW  |         4.099(R)|      FAST  |clk_BUFGP         |   0.000|
AN<2>       |        11.773(R)|      SLOW  |         4.138(R)|      FAST  |clk_BUFGP         |   0.000|
AN<3>       |        11.477(R)|      SLOW  |         4.192(R)|      FAST  |clk_BUFGP         |   0.000|
segment<0>  |        13.913(R)|      SLOW  |         4.427(R)|      FAST  |clk_BUFGP         |   0.000|
segment<1>  |        13.946(R)|      SLOW  |         4.363(R)|      FAST  |clk_BUFGP         |   0.000|
segment<2>  |        13.573(R)|      SLOW  |         4.387(R)|      FAST  |clk_BUFGP         |   0.000|
segment<3>  |        13.984(R)|      SLOW  |         4.272(R)|      FAST  |clk_BUFGP         |   0.000|
segment<4>  |        12.863(R)|      SLOW  |         4.288(R)|      FAST  |clk_BUFGP         |   0.000|
segment<5>  |        13.408(R)|      SLOW  |         4.388(R)|      FAST  |clk_BUFGP         |   0.000|
segment<6>  |        12.887(R)|      SLOW  |         4.302(R)|      FAST  |clk_BUFGP         |   0.000|
------------+-----------------+------------+-----------------+------------+------------------+--------+

Clock to Setup on destination clock clk
---------------+---------+---------+---------+---------+
               | Src:Rise| Src:Fall| Src:Rise| Src:Fall|
Source Clock   |Dest:Rise|Dest:Rise|Dest:Fall|Dest:Fall|
---------------+---------+---------+---------+---------+
clk            |    2.772|         |         |         |
---------------+---------+---------+---------+---------+


Analysis completed Thu Dec 20 14:52:39 2018 
--------------------------------------------------------------------------------

Trace Settings:
-------------------------
Trace Settings 

Peak Memory Usage: 5099 MB



