--------------------------------------------------------------------------------
Release 14.7 Trace  (nt64)
Copyright (c) 1995-2013 Xilinx, Inc.  All rights reserved.

C:\Xilinx\14.7\ISE_DS\ISE\bin\nt64\unwrapped\trce.exe -intstyle ise -v 3 -s 2L
-n 3 -fastpaths -xml SOCMF.twx SOCMF.ncd -o SOCMF.twr SOCMF.pcf -ucf
SOC-Sword.ucf

Design file:              SOCMF.ncd
Physical constraint file: SOCMF.pcf
Device,package,speed:     xc7k160t,ffg676,C,-2L (PRODUCTION 1.10 2013-10-13)
Report level:             verbose report

Environment Variable      Effect 
--------------------      ------ 
NONE                      No environment variables were set
--------------------------------------------------------------------------------

INFO:Timing:3412 - To improve timing, see the Timing Closure User Guide (UG612).
INFO:Timing:2752 - To get complete path coverage, use the unconstrained paths 
   option. All paths that are not constrained will be reported in the 
   unconstrained paths section(s) of the report.
INFO:Timing:3339 - The clock-to-out numbers in this timing report are based on 
   a 50 Ohm transmission line loading model.  For the details of this model, 
   and for more information on accounting for different loading conditions, 
   please see the device datasheet.

================================================================================
Timing constraint: TS_CLK_100M = PERIOD TIMEGRP "TM_CLK" 10 ns HIGH 50%;
For more information, see Period Analysis in the Timing Closure User Guide (UG612).

 5103 paths analyzed, 501 endpoints analyzed, 0 failing endpoints
 0 timing errors detected. (0 setup errors, 0 hold errors, 0 component switching limit errors)
 Minimum period is   4.067ns.
--------------------------------------------------------------------------------

Paths for end point U6/P7SEG/EN (SLICE_X47Y75.CE), 1 path
--------------------------------------------------------------------------------
Slack (setup path):     5.933ns (requirement - (data path - clock path skew + uncertainty))
  Source:               U9/rst (FF)
  Destination:          U6/P7SEG/EN (FF)
  Requirement:          10.000ns
  Data Path Delay:      3.683ns (Levels of Logic = 1)
  Clock Path Skew:      -0.349ns (0.982 - 1.331)
  Source Clock:         clk_100mhz_BUFGP rising at 0.000ns
  Destination Clock:    clk_100mhz_BUFGP rising at 10.000ns
  Clock Uncertainty:    0.035ns

  Clock Uncertainty:          0.035ns  ((TSJ^2 + TIJ^2)^1/2 + DJ) / 2 + PE
    Total System Jitter (TSJ):  0.070ns
    Total Input Jitter (TIJ):   0.000ns
    Discrete Jitter (DJ):       0.000ns
    Phase Error (PE):           0.000ns

  Maximum Data Path at Slow Process Corner: U9/rst to U6/P7SEG/EN
    Location             Delay type         Delay(ns)  Physical Resource
                                                       Logical Resource(s)
    -------------------------------------------------  -------------------
    SLICE_X100Y34.DQ     Tcko                  0.223   rst
                                                       U9/rst
    SLICE_X47Y75.A1      net (fanout=336)      2.910   rst
    SLICE_X47Y75.A       Tilo                  0.043   SEGEN_OBUF
                                                       U6/P7SEG/rst_inv1_INV_0
    SLICE_X47Y75.CE      net (fanout=2)        0.306   U6/P7SEG/rst_inv
    SLICE_X47Y75.CLK     Tceck                 0.201   SEGEN_OBUF
                                                       U6/P7SEG/EN
    -------------------------------------------------  ---------------------------
    Total                                      3.683ns (0.467ns logic, 3.216ns route)
                                                       (12.7% logic, 87.3% route)

--------------------------------------------------------------------------------

Paths for end point U6/P7SEG/S_0_1 (SLICE_X46Y75.CE), 1 path
--------------------------------------------------------------------------------
Slack (setup path):     5.956ns (requirement - (data path - clock path skew + uncertainty))
  Source:               U9/rst (FF)
  Destination:          U6/P7SEG/S_0_1 (FF)
  Requirement:          10.000ns
  Data Path Delay:      3.660ns (Levels of Logic = 1)
  Clock Path Skew:      -0.349ns (0.982 - 1.331)
  Source Clock:         clk_100mhz_BUFGP rising at 0.000ns
  Destination Clock:    clk_100mhz_BUFGP rising at 10.000ns
  Clock Uncertainty:    0.035ns

  Clock Uncertainty:          0.035ns  ((TSJ^2 + TIJ^2)^1/2 + DJ) / 2 + PE
    Total System Jitter (TSJ):  0.070ns
    Total Input Jitter (TIJ):   0.000ns
    Discrete Jitter (DJ):       0.000ns
    Phase Error (PE):           0.000ns

  Maximum Data Path at Slow Process Corner: U9/rst to U6/P7SEG/S_0_1
    Location             Delay type         Delay(ns)  Physical Resource
                                                       Logical Resource(s)
    -------------------------------------------------  -------------------
    SLICE_X100Y34.DQ     Tcko                  0.223   rst
                                                       U9/rst
    SLICE_X47Y75.A1      net (fanout=336)      2.910   rst
    SLICE_X47Y75.A       Tilo                  0.043   SEGEN_OBUF
                                                       U6/P7SEG/rst_inv1_INV_0
    SLICE_X46Y75.CE      net (fanout=2)        0.306   U6/P7SEG/rst_inv
    SLICE_X46Y75.CLK     Tceck                 0.178   U6/P7SEG/S<1>
                                                       U6/P7SEG/S_0_1
    -------------------------------------------------  ---------------------------
    Total                                      3.660ns (0.444ns logic, 3.216ns route)
                                                       (12.1% logic, 87.9% route)

--------------------------------------------------------------------------------

Paths for end point U6/P7SEG/S_0 (SLICE_X46Y75.CE), 1 path
--------------------------------------------------------------------------------
Slack (setup path):     5.956ns (requirement - (data path - clock path skew + uncertainty))
  Source:               U9/rst (FF)
  Destination:          U6/P7SEG/S_0 (FF)
  Requirement:          10.000ns
  Data Path Delay:      3.660ns (Levels of Logic = 1)
  Clock Path Skew:      -0.349ns (0.982 - 1.331)
  Source Clock:         clk_100mhz_BUFGP rising at 0.000ns
  Destination Clock:    clk_100mhz_BUFGP rising at 10.000ns
  Clock Uncertainty:    0.035ns

  Clock Uncertainty:          0.035ns  ((TSJ^2 + TIJ^2)^1/2 + DJ) / 2 + PE
    Total System Jitter (TSJ):  0.070ns
    Total Input Jitter (TIJ):   0.000ns
    Discrete Jitter (DJ):       0.000ns
    Phase Error (PE):           0.000ns

  Maximum Data Path at Slow Process Corner: U9/rst to U6/P7SEG/S_0
    Location             Delay type         Delay(ns)  Physical Resource
                                                       Logical Resource(s)
    -------------------------------------------------  -------------------
    SLICE_X100Y34.DQ     Tcko                  0.223   rst
                                                       U9/rst
    SLICE_X47Y75.A1      net (fanout=336)      2.910   rst
    SLICE_X47Y75.A       Tilo                  0.043   SEGEN_OBUF
                                                       U6/P7SEG/rst_inv1_INV_0
    SLICE_X46Y75.CE      net (fanout=2)        0.306   U6/P7SEG/rst_inv
    SLICE_X46Y75.CLK     Tceck                 0.178   U6/P7SEG/S<1>
                                                       U6/P7SEG/S_0
    -------------------------------------------------  ---------------------------
    Total                                      3.660ns (0.444ns logic, 3.216ns route)
                                                       (12.1% logic, 87.9% route)

--------------------------------------------------------------------------------

Hold Paths: TS_CLK_100M = PERIOD TIMEGRP "TM_CLK" 10 ns HIGH 50%;
--------------------------------------------------------------------------------

Paths for end point U6/P7SEG/S_0 (SLICE_X46Y75.B6), 1 path
--------------------------------------------------------------------------------
Slack (hold path):      0.148ns (requirement - (clock path skew + uncertainty - data path))
  Source:               U6/P7SEG/Go_1 (FF)
  Destination:          U6/P7SEG/S_0 (FF)
  Requirement:          0.000ns
  Data Path Delay:      0.158ns (Levels of Logic = 1)
  Clock Path Skew:      0.010ns (0.063 - 0.053)
  Source Clock:         clk_100mhz_BUFGP rising at 10.000ns
  Destination Clock:    clk_100mhz_BUFGP rising at 10.000ns
  Clock Uncertainty:    0.000ns

  Minimum Data Path at Fast Process Corner: U6/P7SEG/Go_1 to U6/P7SEG/S_0
    Location             Delay type         Delay(ns)  Physical Resource
                                                       Logical Resource(s)
    -------------------------------------------------  -------------------
    SLICE_X47Y76.CQ      Tcko                  0.100   U6/P7SEG/state_FSM_FFd1
                                                       U6/P7SEG/Go_1
    SLICE_X46Y75.B6      net (fanout=4)        0.117   U6/P7SEG/Go<1>
    SLICE_X46Y75.CLK     Tah         (-Th)     0.059   U6/P7SEG/S<1>
                                                       U6/P7SEG/state[1]_PWR_13_o_select_17_OUT<0>1
                                                       U6/P7SEG/S_0
    -------------------------------------------------  ---------------------------
    Total                                      0.158ns (0.041ns logic, 0.117ns route)
                                                       (25.9% logic, 74.1% route)

--------------------------------------------------------------------------------

Paths for end point U6/P7SEG/sh_clk (SLICE_X47Y83.C5), 1 path
--------------------------------------------------------------------------------
Slack (hold path):      0.170ns (requirement - (clock path skew + uncertainty - data path))
  Source:               U6/P7SEG/sh_clk_1 (FF)
  Destination:          U6/P7SEG/sh_clk (FF)
  Requirement:          0.000ns
  Data Path Delay:      0.170ns (Levels of Logic = 1)
  Clock Path Skew:      0.000ns
  Source Clock:         clk_100mhz_BUFGP rising at 10.000ns
  Destination Clock:    clk_100mhz_BUFGP rising at 10.000ns
  Clock Uncertainty:    0.000ns

  Minimum Data Path at Fast Process Corner: U6/P7SEG/sh_clk_1 to U6/P7SEG/sh_clk
    Location             Delay type         Delay(ns)  Physical Resource
                                                       Logical Resource(s)
    -------------------------------------------------  -------------------
    SLICE_X47Y83.BMUX    Tshcko                0.127   U6/P7SEG/sh_clk
                                                       U6/P7SEG/sh_clk_1
    SLICE_X47Y83.C5      net (fanout=1)        0.076   U6/P7SEG/sh_clk_1
    SLICE_X47Y83.CLK     Tah         (-Th)     0.033   U6/P7SEG/sh_clk
                                                       U6/P7SEG/state[1]_GND_13_o_Select_19_o1
                                                       U6/P7SEG/sh_clk
    -------------------------------------------------  ---------------------------
    Total                                      0.170ns (0.094ns logic, 0.076ns route)
                                                       (55.3% logic, 44.7% route)

--------------------------------------------------------------------------------

Paths for end point U6/P7SEG/EN (SLICE_X47Y75.D6), 1 path
--------------------------------------------------------------------------------
Slack (hold path):      0.171ns (requirement - (clock path skew + uncertainty - data path))
  Source:               U6/P7SEG/Go_0 (FF)
  Destination:          U6/P7SEG/EN (FF)
  Requirement:          0.000ns
  Data Path Delay:      0.181ns (Levels of Logic = 1)
  Clock Path Skew:      0.010ns (0.063 - 0.053)
  Source Clock:         clk_100mhz_BUFGP rising at 10.000ns
  Destination Clock:    clk_100mhz_BUFGP rising at 10.000ns
  Clock Uncertainty:    0.000ns

  Minimum Data Path at Fast Process Corner: U6/P7SEG/Go_0 to U6/P7SEG/EN
    Location             Delay type         Delay(ns)  Physical Resource
                                                       Logical Resource(s)
    -------------------------------------------------  -------------------
    SLICE_X47Y76.BQ      Tcko                  0.100   U6/P7SEG/state_FSM_FFd1
                                                       U6/P7SEG/Go_0
    SLICE_X47Y75.D6      net (fanout=5)        0.114   U6/P7SEG/Go<0>
    SLICE_X47Y75.CLK     Tah         (-Th)     0.033   SEGEN_OBUF
                                                       U6/P7SEG/state[1]_Go[1]_Select_16_o1
                                                       U6/P7SEG/EN
    -------------------------------------------------  ---------------------------
    Total                                      0.181ns (0.067ns logic, 0.114ns route)
                                                       (37.0% logic, 63.0% route)

--------------------------------------------------------------------------------

Component Switching Limit Checks: TS_CLK_100M = PERIOD TIMEGRP "TM_CLK" 10 ns HIGH 50%;
--------------------------------------------------------------------------------
Slack: 8.161ns (period - min period limit)
  Period: 10.000ns
  Min period limit: 1.839ns (543.774MHz) (Trper_CLKA)
  Physical resource: U3/U0/xst_blk_mem_generator/gnativebmg.native_blk_mem_gen/valid.cstr/ramloop[0].ram.r/v6_init.ram/NO_BMM_INFO.SP.SIMPLE_PRIM36.ram/CLKARDCLKL
  Logical resource: U3/U0/xst_blk_mem_generator/gnativebmg.native_blk_mem_gen/valid.cstr/ramloop[0].ram.r/v6_init.ram/NO_BMM_INFO.SP.SIMPLE_PRIM36.ram/CLKARDCLKL
  Location pin: RAMB36_X3Y10.CLKARDCLKL
  Clock network: clk_100mhz_BUFGP
--------------------------------------------------------------------------------
Slack: 8.161ns (period - min period limit)
  Period: 10.000ns
  Min period limit: 1.839ns (543.774MHz) (Trper_CLKA)
  Physical resource: U3/U0/xst_blk_mem_generator/gnativebmg.native_blk_mem_gen/valid.cstr/ramloop[0].ram.r/v6_init.ram/NO_BMM_INFO.SP.SIMPLE_PRIM36.ram/CLKARDCLKU
  Logical resource: U3/U0/xst_blk_mem_generator/gnativebmg.native_blk_mem_gen/valid.cstr/ramloop[0].ram.r/v6_init.ram/NO_BMM_INFO.SP.SIMPLE_PRIM36.ram/CLKARDCLKU
  Location pin: RAMB36_X3Y10.CLKARDCLKU
  Clock network: clk_100mhz_BUFGP
--------------------------------------------------------------------------------
Slack: 8.161ns (period - min period limit)
  Period: 10.000ns
  Min period limit: 1.839ns (543.774MHz) (Trper_CLKB)
  Physical resource: U3/U0/xst_blk_mem_generator/gnativebmg.native_blk_mem_gen/valid.cstr/ramloop[0].ram.r/v6_init.ram/NO_BMM_INFO.SP.SIMPLE_PRIM36.ram/CLKBWRCLKL
  Logical resource: U3/U0/xst_blk_mem_generator/gnativebmg.native_blk_mem_gen/valid.cstr/ramloop[0].ram.r/v6_init.ram/NO_BMM_INFO.SP.SIMPLE_PRIM36.ram/CLKBWRCLKL
  Location pin: RAMB36_X3Y10.CLKBWRCLKL
  Clock network: clk_100mhz_BUFGP
--------------------------------------------------------------------------------


All constraints were met.


Data Sheet report:
-----------------
All values displayed in nanoseconds (ns)

Clock to Setup on destination clock clk_100mhz
---------------+---------+---------+---------+---------+
               | Src:Rise| Src:Fall| Src:Rise| Src:Fall|
Source Clock   |Dest:Rise|Dest:Rise|Dest:Fall|Dest:Fall|
---------------+---------+---------+---------+---------+
clk_100mhz     |    4.067|         |         |         |
---------------+---------+---------+---------+---------+


Timing summary:
---------------

Timing errors: 0  Score: 0  (Setup/Max: 0, Hold: 0)

Constraints cover 5103 paths, 0 nets, and 647 connections

Design statistics:
   Minimum period:   4.067ns{1}   (Maximum frequency: 245.881MHz)


------------------------------------Footnotes-----------------------------------
1)  The minimum period statistic assumes all single cycle delays.

Analysis completed Tue May 29 20:27:27 2018 
--------------------------------------------------------------------------------

Trace Settings:
-------------------------
Trace Settings 

Peak Memory Usage: 794 MB



