--------------------------------------------------------------------------------
Release 14.7 Trace  (nt64)
Copyright (c) 1995-2013 Xilinx, Inc.  All rights reserved.

D:\ISE\ise\14.7\ISE_DS\ISE\bin\nt64\unwrapped\trce.exe -intstyle ise -v 3 -s 2L
-n 3 -fastpaths -xml OExp04_IP2CPU.twx OExp04_IP2CPU.ncd -o OExp04_IP2CPU.twr
OExp04_IP2CPU.pcf

Design file:              OExp04_IP2CPU.ncd
Physical constraint file: OExp04_IP2CPU.pcf
Device,package,speed:     xc7k160t,ffg676,C,-2L (PRODUCTION 1.10 2013-10-13)
Report level:             verbose report

Environment Variable      Effect 
--------------------      ------ 
NONE                      No environment variables were set
--------------------------------------------------------------------------------

INFO:Timing:3412 - To improve timing, see the Timing Closure User Guide (UG612).
INFO:Timing:2752 - To get complete path coverage, use the unconstrained paths 
   option. All paths that are not constrained will be reported in the 
   unconstrained paths section(s) of the report.
INFO:Timing:3339 - The clock-to-out numbers in this timing report are based on 
   a 50 Ohm transmission line loading model.  For the details of this model, 
   and for more information on accounting for different loading conditions, 
   please see the device datasheet.

================================================================================
Timing constraint: TS_CLK_100M = PERIOD TIMEGRP "TM_CLK" 10 ns HIGH 50%;
For more information, see Period Analysis in the Timing Closure User Guide (UG612).

 5103 paths analyzed, 501 endpoints analyzed, 0 failing endpoints
 0 timing errors detected. (0 setup errors, 0 hold errors, 0 component switching limit errors)
 Minimum period is   4.370ns.
--------------------------------------------------------------------------------

Paths for end point U6/P7SEG/sh_clk (SLICE_X44Y102.SR), 1 path
--------------------------------------------------------------------------------
Slack (setup path):     5.630ns (requirement - (data path - clock path skew + uncertainty))
  Source:               U9/rst (FF)
  Destination:          U6/P7SEG/sh_clk (FF)
  Requirement:          10.000ns
  Data Path Delay:      3.828ns (Levels of Logic = 0)
  Clock Path Skew:      -0.507ns (0.996 - 1.503)
  Source Clock:         clk_100mhz_BUFGP rising at 0.000ns
  Destination Clock:    clk_100mhz_BUFGP rising at 10.000ns
  Clock Uncertainty:    0.035ns

  Clock Uncertainty:          0.035ns  ((TSJ^2 + TIJ^2)^1/2 + DJ) / 2 + PE
    Total System Jitter (TSJ):  0.070ns
    Total Input Jitter (TIJ):   0.000ns
    Discrete Jitter (DJ):       0.000ns
    Phase Error (PE):           0.000ns

  Maximum Data Path at Slow Process Corner: U9/rst to U6/P7SEG/sh_clk
    Location             Delay type         Delay(ns)  Physical Resource
                                                       Logical Resource(s)
    -------------------------------------------------  -------------------
    SLICE_X99Y34.AQ      Tcko                  0.223   rst
                                                       U9/rst
    SLICE_X44Y102.SR     net (fanout=325)      3.418   rst
    SLICE_X44Y102.CLK    Trck                  0.187   U6/P7SEG/sh_clk
                                                       U6/P7SEG/sh_clk
    -------------------------------------------------  ---------------------------
    Total                                      3.828ns (0.410ns logic, 3.418ns route)
                                                       (10.7% logic, 89.3% route)

--------------------------------------------------------------------------------

Paths for end point U6/P7SEG/S_0 (SLICE_X33Y64.CE), 1 path
--------------------------------------------------------------------------------
Slack (setup path):     6.075ns (requirement - (data path - clock path skew + uncertainty))
  Source:               U9/rst (FF)
  Destination:          U6/P7SEG/S_0 (FF)
  Requirement:          10.000ns
  Data Path Delay:      3.555ns (Levels of Logic = 1)
  Clock Path Skew:      -0.335ns (0.996 - 1.331)
  Source Clock:         clk_100mhz_BUFGP rising at 0.000ns
  Destination Clock:    clk_100mhz_BUFGP rising at 10.000ns
  Clock Uncertainty:    0.035ns

  Clock Uncertainty:          0.035ns  ((TSJ^2 + TIJ^2)^1/2 + DJ) / 2 + PE
    Total System Jitter (TSJ):  0.070ns
    Total Input Jitter (TIJ):   0.000ns
    Discrete Jitter (DJ):       0.000ns
    Phase Error (PE):           0.000ns

  Maximum Data Path at Slow Process Corner: U9/rst to U6/P7SEG/S_0
    Location             Delay type         Delay(ns)  Physical Resource
                                                       Logical Resource(s)
    -------------------------------------------------  -------------------
    SLICE_X99Y34.AQ      Tcko                  0.223   rst
                                                       U9/rst
    SLICE_X32Y64.D1      net (fanout=325)      2.780   rst
    SLICE_X32Y64.D       Tilo                  0.043   SEGEN_OBUF
                                                       U6/P7SEG/rst_inv1_INV_0
    SLICE_X33Y64.CE      net (fanout=2)        0.308   U6/P7SEG/rst_inv
    SLICE_X33Y64.CLK     Tceck                 0.201   U6/P7SEG/S<1>
                                                       U6/P7SEG/S_0
    -------------------------------------------------  ---------------------------
    Total                                      3.555ns (0.467ns logic, 3.088ns route)
                                                       (13.1% logic, 86.9% route)

--------------------------------------------------------------------------------

Paths for end point U6/P7SEG/S_1 (SLICE_X33Y64.CE), 1 path
--------------------------------------------------------------------------------
Slack (setup path):     6.075ns (requirement - (data path - clock path skew + uncertainty))
  Source:               U9/rst (FF)
  Destination:          U6/P7SEG/S_1 (FF)
  Requirement:          10.000ns
  Data Path Delay:      3.555ns (Levels of Logic = 1)
  Clock Path Skew:      -0.335ns (0.996 - 1.331)
  Source Clock:         clk_100mhz_BUFGP rising at 0.000ns
  Destination Clock:    clk_100mhz_BUFGP rising at 10.000ns
  Clock Uncertainty:    0.035ns

  Clock Uncertainty:          0.035ns  ((TSJ^2 + TIJ^2)^1/2 + DJ) / 2 + PE
    Total System Jitter (TSJ):  0.070ns
    Total Input Jitter (TIJ):   0.000ns
    Discrete Jitter (DJ):       0.000ns
    Phase Error (PE):           0.000ns

  Maximum Data Path at Slow Process Corner: U9/rst to U6/P7SEG/S_1
    Location             Delay type         Delay(ns)  Physical Resource
                                                       Logical Resource(s)
    -------------------------------------------------  -------------------
    SLICE_X99Y34.AQ      Tcko                  0.223   rst
                                                       U9/rst
    SLICE_X32Y64.D1      net (fanout=325)      2.780   rst
    SLICE_X32Y64.D       Tilo                  0.043   SEGEN_OBUF
                                                       U6/P7SEG/rst_inv1_INV_0
    SLICE_X33Y64.CE      net (fanout=2)        0.308   U6/P7SEG/rst_inv
    SLICE_X33Y64.CLK     Tceck                 0.201   U6/P7SEG/S<1>
                                                       U6/P7SEG/S_1
    -------------------------------------------------  ---------------------------
    Total                                      3.555ns (0.467ns logic, 3.088ns route)
                                                       (13.1% logic, 86.9% route)

--------------------------------------------------------------------------------

Hold Paths: TS_CLK_100M = PERIOD TIMEGRP "TM_CLK" 10 ns HIGH 50%;
--------------------------------------------------------------------------------

Paths for end point U6/P7SEG/sh_clk_1 (SLICE_X35Y65.D6), 1 path
--------------------------------------------------------------------------------
Slack (hold path):      0.161ns (requirement - (clock path skew + uncertainty - data path))
  Source:               U6/P7SEG/sh_clk_1 (FF)
  Destination:          U6/P7SEG/sh_clk_1 (FF)
  Requirement:          0.000ns
  Data Path Delay:      0.161ns (Levels of Logic = 1)
  Clock Path Skew:      0.000ns
  Source Clock:         clk_100mhz_BUFGP rising at 10.000ns
  Destination Clock:    clk_100mhz_BUFGP rising at 10.000ns
  Clock Uncertainty:    0.000ns

  Minimum Data Path at Fast Process Corner: U6/P7SEG/sh_clk_1 to U6/P7SEG/sh_clk_1
    Location             Delay type         Delay(ns)  Physical Resource
                                                       Logical Resource(s)
    -------------------------------------------------  -------------------
    SLICE_X35Y65.DQ      Tcko                  0.100   U6/P7SEG/sh_clk_1
                                                       U6/P7SEG/sh_clk_1
    SLICE_X35Y65.D6      net (fanout=1)        0.094   U6/P7SEG/sh_clk_1
    SLICE_X35Y65.CLK     Tah         (-Th)     0.033   U6/P7SEG/sh_clk_1
                                                       U6/P7SEG/state[1]_GND_13_o_Select_19_o1
                                                       U6/P7SEG/sh_clk_1
    -------------------------------------------------  ---------------------------
    Total                                      0.161ns (0.067ns logic, 0.094ns route)
                                                       (41.6% logic, 58.4% route)

--------------------------------------------------------------------------------

Paths for end point U6/P7SEG/state_FSM_FFd1 (SLICE_X32Y65.D6), 1 path
--------------------------------------------------------------------------------
Slack (hold path):      0.172ns (requirement - (clock path skew + uncertainty - data path))
  Source:               U6/P7SEG/Go_0 (FF)
  Destination:          U6/P7SEG/state_FSM_FFd1 (FF)
  Requirement:          0.000ns
  Data Path Delay:      0.185ns (Levels of Logic = 1)
  Clock Path Skew:      0.013ns (0.073 - 0.060)
  Source Clock:         clk_100mhz_BUFGP rising at 10.000ns
  Destination Clock:    clk_100mhz_BUFGP rising at 10.000ns
  Clock Uncertainty:    0.000ns

  Minimum Data Path at Fast Process Corner: U6/P7SEG/Go_0 to U6/P7SEG/state_FSM_FFd1
    Location             Delay type         Delay(ns)  Physical Resource
                                                       Logical Resource(s)
    -------------------------------------------------  -------------------
    SLICE_X35Y66.BQ      Tcko                  0.100   U6/P7SEG/Go<1>
                                                       U6/P7SEG/Go_0
    SLICE_X32Y65.D6      net (fanout=5)        0.118   U6/P7SEG/Go<0>
    SLICE_X32Y65.CLK     Tah         (-Th)     0.033   U6/P7SEG/state_FSM_FFd1
                                                       U6/P7SEG/state_FSM_FFd1-In1
                                                       U6/P7SEG/state_FSM_FFd1
    -------------------------------------------------  ---------------------------
    Total                                      0.185ns (0.067ns logic, 0.118ns route)
                                                       (36.2% logic, 63.8% route)

--------------------------------------------------------------------------------

Paths for end point U6/P7SEG/sh_clk_1 (SLICE_X35Y65.D5), 1 path
--------------------------------------------------------------------------------
Slack (hold path):      0.187ns (requirement - (clock path skew + uncertainty - data path))
  Source:               U6/P7SEG/Go_0 (FF)
  Destination:          U6/P7SEG/sh_clk_1 (FF)
  Requirement:          0.000ns
  Data Path Delay:      0.200ns (Levels of Logic = 1)
  Clock Path Skew:      0.013ns (0.073 - 0.060)
  Source Clock:         clk_100mhz_BUFGP rising at 10.000ns
  Destination Clock:    clk_100mhz_BUFGP rising at 10.000ns
  Clock Uncertainty:    0.000ns

  Minimum Data Path at Fast Process Corner: U6/P7SEG/Go_0 to U6/P7SEG/sh_clk_1
    Location             Delay type         Delay(ns)  Physical Resource
                                                       Logical Resource(s)
    -------------------------------------------------  -------------------
    SLICE_X35Y66.BQ      Tcko                  0.100   U6/P7SEG/Go<1>
                                                       U6/P7SEG/Go_0
    SLICE_X35Y65.D5      net (fanout=5)        0.133   U6/P7SEG/Go<0>
    SLICE_X35Y65.CLK     Tah         (-Th)     0.033   U6/P7SEG/sh_clk_1
                                                       U6/P7SEG/state[1]_GND_13_o_Select_19_o1
                                                       U6/P7SEG/sh_clk_1
    -------------------------------------------------  ---------------------------
    Total                                      0.200ns (0.067ns logic, 0.133ns route)
                                                       (33.5% logic, 66.5% route)

--------------------------------------------------------------------------------

Component Switching Limit Checks: TS_CLK_100M = PERIOD TIMEGRP "TM_CLK" 10 ns HIGH 50%;
--------------------------------------------------------------------------------
Slack: 8.591ns (period - min period limit)
  Period: 10.000ns
  Min period limit: 1.409ns (709.723MHz) (Tbcper_I(Fmax))
  Physical resource: clk_100mhz_BUFGP/BUFG/I0
  Logical resource: clk_100mhz_BUFGP/BUFG/I0
  Location pin: BUFGCTRL_X0Y0.I0
  Clock network: clk_100mhz_BUFGP/IBUFG
--------------------------------------------------------------------------------
Slack: 9.200ns (period - (min high pulse limit / (high pulse / period)))
  Period: 10.000ns
  High pulse: 5.000ns
  High pulse limit: 0.400ns (Trpw)
  Physical resource: U8/clkdiv<3>/SR
  Logical resource: U8/clkdiv_0/SR
  Location pin: SLICE_X42Y64.SR
  Clock network: rst
--------------------------------------------------------------------------------
Slack: 9.200ns (period - (min high pulse limit / (high pulse / period)))
  Period: 10.000ns
  High pulse: 5.000ns
  High pulse limit: 0.400ns (Trpw)
  Physical resource: U8/clkdiv<3>/SR
  Logical resource: U8/clkdiv_1/SR
  Location pin: SLICE_X42Y64.SR
  Clock network: rst
--------------------------------------------------------------------------------


All constraints were met.


Data Sheet report:
-----------------
All values displayed in nanoseconds (ns)

Clock to Setup on destination clock clk_100mhz
---------------+---------+---------+---------+---------+
               | Src:Rise| Src:Fall| Src:Rise| Src:Fall|
Source Clock   |Dest:Rise|Dest:Rise|Dest:Fall|Dest:Fall|
---------------+---------+---------+---------+---------+
clk_100mhz     |    4.370|         |         |         |
---------------+---------+---------+---------+---------+


Timing summary:
---------------

Timing errors: 0  Score: 0  (Setup/Max: 0, Hold: 0)

Constraints cover 5103 paths, 0 nets, and 650 connections

Design statistics:
   Minimum period:   4.370ns{1}   (Maximum frequency: 228.833MHz)


------------------------------------Footnotes-----------------------------------
1)  The minimum period statistic assumes all single cycle delays.

Analysis completed Tue May 08 18:28:07 2018 
--------------------------------------------------------------------------------

Trace Settings:
-------------------------
Trace Settings 

Peak Memory Usage: 823 MB



