Release 14.7 - xst P.20131013 (nt64)
Copyright (c) 1995-2013 Xilinx, Inc.  All rights reserved.
--> Parameter TMPDIR set to xst/projnav.tmp


Total REAL time to Xst completion: 0.00 secs
Total CPU time to Xst completion: 0.09 secs
 
--> Parameter xsthdpdir set to xst


Total REAL time to Xst completion: 0.00 secs
Total CPU time to Xst completion: 0.09 secs
 
--> Reading design: top.prj

TABLE OF CONTENTS
  1) Synthesis Options Summary
  2) HDL Parsing
  3) HDL Elaboration
  4) HDL Synthesis
       4.1) HDL Synthesis Report
  5) Advanced HDL Synthesis
       5.1) Advanced HDL Synthesis Report
  6) Low Level Synthesis
  7) Partition Report
  8) Design Summary
       8.1) Primitive and Black Box Usage
       8.2) Device utilization summary
       8.3) Partition Resource Summary
       8.4) Timing Report
            8.4.1) Clock Information
            8.4.2) Asynchronous Control Signals Information
            8.4.3) Timing Summary
            8.4.4) Timing Details
            8.4.5) Cross Clock Domains Report


=========================================================================
*                      Synthesis Options Summary                        *
=========================================================================
---- Source Parameters
Input File Name                    : "top.prj"
Ignore Synthesis Constraint File   : NO

---- Target Parameters
Output File Name                   : "top"
Output Format                      : NGC
Target Device                      : xc7k160t-2L-ffg676

---- Source Options
Top Module Name                    : top
Automatic FSM Extraction           : YES
FSM Encoding Algorithm             : Auto
Safe Implementation                : No
FSM Style                          : LUT
RAM Extraction                     : Yes
RAM Style                          : Auto
ROM Extraction                     : Yes
Shift Register Extraction          : YES
ROM Style                          : Auto
Resource Sharing                   : YES
Asynchronous To Synchronous        : NO
Shift Register Minimum Size        : 2
Use DSP Block                      : Auto
Automatic Register Balancing       : No

---- Target Options
LUT Combining                      : Auto
Reduce Control Sets                : Auto
Add IO Buffers                     : YES
Global Maximum Fanout              : 100000
Add Generic Clock Buffer(BUFG)     : 16
Register Duplication               : YES
Optimize Instantiated Primitives   : NO
Use Clock Enable                   : Auto
Use Synchronous Set                : Auto
Use Synchronous Reset              : Auto
Pack IO Registers into IOBs        : Auto
Equivalent register Removal        : YES

---- General Options
Optimization Goal                  : Speed
Optimization Effort                : 1
Power Reduction                    : NO
Keep Hierarchy                     : No
Netlist Hierarchy                  : As_Optimized
RTL Output                         : Yes
Global Optimization                : AllClockNets
Read Cores                         : YES
Write Timing Constraints           : NO
Cross Clock Analysis               : NO
Hierarchy Separator                : /
Bus Delimiter                      : <>
Case Specifier                     : Maintain
Slice Utilization Ratio            : 100
BRAM Utilization Ratio             : 100
DSP48 Utilization Ratio            : 100
Auto BRAM Packing                  : NO
Slice Utilization Ratio Delta      : 5

---- Other Options
Cores Search Directories           : {"ipcore_dir"  }

=========================================================================


=========================================================================
*                          HDL Parsing                                  *
=========================================================================
WARNING:Xst:2838 - Path definition '$XILINX/vhdl/xst/nt64/unimacro' in file C:/Xilinx/14.7/ISE_DS/ISE/vhdl/xst/nt64/hdc.ini is invalid and being ignored.  Check the path and ensure that any environment variable specification is legal.
WARNING:Xst:2838 - Path definition '$XILINX/vhdl/xst/nt64/xilinxcorelib' in file C:/Xilinx/14.7/ISE_DS/ISE/vhdl/xst/nt64/hdc.ini is invalid and being ignored.  Check the path and ensure that any environment variable specification is legal.
Analyzing Verilog file "E:\OExp09_IP2MCPU\M_datapath_IO.v" into library work
Parsing module <M_datapath>.
Analyzing Verilog file "E:\OExp09_IP2MCPU\mulit_ctrl_IO.v" into library work
Parsing module <ctrl>.
Analyzing Verilog file "E:\OExp09_IP2MCPU\SSeg7_Dev_IO.v" into library work
Parsing module <SSeg7_Dev>.
Analyzing Verilog file "E:\OExp09_IP2MCPU\SPIO_IO.v" into library work
Parsing module <SPIO>.
Analyzing Verilog file "E:\OExp09_IP2MCPU\SEnter_2_32_IO.v" into library work
Parsing module <SEnter_2_32>.
Analyzing Verilog file "E:\OExp09_IP2MCPU\Seg7_Dev_IO.v" into library work
Parsing module <Seg7_Dev>.
Analyzing Verilog file "E:\OExp09_IP2MCPU\SAnti_jitter_IO.v" into library work
Parsing module <SAnti_jitter>.
Analyzing Verilog file "E:\OExp09_IP2MCPU\PIO_IO.v" into library work
Parsing module <PIO>.
Analyzing Verilog file "E:\OExp09_IP2MCPU\Multi_CPU.v" into library work
Parsing module <Multi_CPU>.
Analyzing Verilog file "E:\OExp09_IP2MCPU\Multi_8CH32_IO.v" into library work
Parsing module <Multi_8CH32>.
Analyzing Verilog file "E:\OExp09_IP2MCPU\MIO_BUS_IO.v" into library work
Parsing module <MIO_BUS>.
Analyzing Verilog file "E:\OExp09_IP2MCPU\ipcore_dir\RAM_B.v" into library work
Parsing module <RAM_B>.
Analyzing Verilog file "E:\OExp09_IP2MCPU\Counter_3_IO.v" into library work
Parsing module <Counter_x>.
Analyzing Verilog file "E:\OExp09_IP2MCPU\clk_div.v" into library work
Parsing module <clk_div>.
Analyzing Verilog file "E:\OExp09_IP2MCPU\top.v" into library work
Parsing module <top>.

=========================================================================
*                            HDL Elaboration                            *
=========================================================================

Elaborating module <top>.

Elaborating module <Multi_CPU>.

Elaborating module <ctrl>.
WARNING:HDLCompiler:1499 - "E:\OExp09_IP2MCPU\mulit_ctrl_IO.v" Line 21: Empty module <ctrl> remains a black box.

Elaborating module <M_datapath>.
WARNING:HDLCompiler:1499 - "E:\OExp09_IP2MCPU\M_datapath_IO.v" Line 21: Empty module <M_datapath> remains a black box.
WARNING:HDLCompiler:1127 - "E:\OExp09_IP2MCPU\top.v" Line 101: Assignment to State ignored, since the identifier is never used

Elaborating module <RAM_B>.
WARNING:HDLCompiler:1499 - "E:\OExp09_IP2MCPU\ipcore_dir\RAM_B.v" Line 39: Empty module <RAM_B> remains a black box.

Elaborating module <MIO_BUS>.
WARNING:HDLCompiler:1499 - "E:\OExp09_IP2MCPU\MIO_BUS_IO.v" Line 21: Empty module <MIO_BUS> remains a black box.

Elaborating module <Multi_8CH32>.
WARNING:HDLCompiler:1499 - "E:\OExp09_IP2MCPU\Multi_8CH32_IO.v" Line 21: Empty module <Multi_8CH32> remains a black box.

Elaborating module <SSeg7_Dev>.
WARNING:HDLCompiler:1499 - "E:\OExp09_IP2MCPU\SSeg7_Dev_IO.v" Line 21: Empty module <SSeg7_Dev> remains a black box.

Elaborating module <SPIO>.
WARNING:HDLCompiler:1499 - "E:\OExp09_IP2MCPU\SPIO_IO.v" Line 21: Empty module <SPIO> remains a black box.
WARNING:HDLCompiler:189 - "E:\OExp09_IP2MCPU\top.v" Line 174: Size mismatch in connection of port <counter_set>. Formal port size is 2-bit while actual signal size is 1-bit.
WARNING:HDLCompiler:1127 - "E:\OExp09_IP2MCPU\top.v" Line 174: Assignment to SPIO_counter_set ignored, since the identifier is never used

Elaborating module <clk_div>.

Elaborating module <SAnti_jitter>.
WARNING:HDLCompiler:1499 - "E:\OExp09_IP2MCPU\SAnti_jitter_IO.v" Line 21: Empty module <SAnti_jitter> remains a black box.
WARNING:HDLCompiler:189 - "E:\OExp09_IP2MCPU\top.v" Line 198: Size mismatch in connection of port <pulse_out>. Formal port size is 4-bit while actual signal size is 1-bit.
WARNING:HDLCompiler:1127 - "E:\OExp09_IP2MCPU\top.v" Line 198: Assignment to Pulse_Out ignored, since the identifier is never used

Elaborating module <Counter_x>.
WARNING:HDLCompiler:1499 - "E:\OExp09_IP2MCPU\Counter_3_IO.v" Line 21: Empty module <Counter_x> remains a black box.

Elaborating module <Seg7_Dev>.
WARNING:HDLCompiler:1499 - "E:\OExp09_IP2MCPU\Seg7_Dev_IO.v" Line 21: Empty module <Seg7_Dev> remains a black box.

Elaborating module <PIO>.
WARNING:HDLCompiler:1499 - "E:\OExp09_IP2MCPU\PIO_IO.v" Line 21: Empty module <PIO> remains a black box.

Elaborating module <SEnter_2_32>.
WARNING:HDLCompiler:1499 - "E:\OExp09_IP2MCPU\SEnter_2_32_IO.v" Line 21: Empty module <SEnter_2_32> remains a black box.
WARNING:HDLCompiler:1127 - "E:\OExp09_IP2MCPU\top.v" Line 246: Assignment to Ai ignored, since the identifier is never used
WARNING:HDLCompiler:1127 - "E:\OExp09_IP2MCPU\top.v" Line 247: Assignment to Bi ignored, since the identifier is never used
WARNING:HDLCompiler:1127 - "E:\OExp09_IP2MCPU\top.v" Line 248: Assignment to blink ignored, since the identifier is never used
WARNING:HDLCompiler:634 - "E:\OExp09_IP2MCPU\top.v" Line 67: Net <counter_set[1]> does not have a driver.
WARNING:HDLCompiler:634 - "E:\OExp09_IP2MCPU\top.v" Line 171: Net <SPIO_EN> does not have a driver.

=========================================================================
*                           HDL Synthesis                               *
=========================================================================

Synthesizing Unit <top>.
    Related source file is "E:\OExp09_IP2MCPU\top.v".
INFO:Xst:3210 - "E:\OExp09_IP2MCPU\top.v" line 90: Output port <state> of the instance <U1> is unconnected or connected to loadless signal.
INFO:Xst:3210 - "E:\OExp09_IP2MCPU\top.v" line 90: Output port <CPU_MIO> of the instance <U1> is unconnected or connected to loadless signal.
INFO:Xst:3210 - "E:\OExp09_IP2MCPU\top.v" line 168: Output port <counter_set> of the instance <U7> is unconnected or connected to loadless signal.
INFO:Xst:3210 - "E:\OExp09_IP2MCPU\top.v" line 168: Output port <GPIOf0> of the instance <U7> is unconnected or connected to loadless signal.
INFO:Xst:3210 - "E:\OExp09_IP2MCPU\top.v" line 190: Output port <pulse_out> of the instance <U9> is unconnected or connected to loadless signal.
INFO:Xst:3210 - "E:\OExp09_IP2MCPU\top.v" line 231: Output port <counter_set> of the instance <U71> is unconnected or connected to loadless signal.
INFO:Xst:3210 - "E:\OExp09_IP2MCPU\top.v" line 231: Output port <GPIOf0> of the instance <U71> is unconnected or connected to loadless signal.
INFO:Xst:3210 - "E:\OExp09_IP2MCPU\top.v" line 240: Output port <Ai> of the instance <M4> is unconnected or connected to loadless signal.
INFO:Xst:3210 - "E:\OExp09_IP2MCPU\top.v" line 240: Output port <Bi> of the instance <M4> is unconnected or connected to loadless signal.
INFO:Xst:3210 - "E:\OExp09_IP2MCPU\top.v" line 240: Output port <blink> of the instance <M4> is unconnected or connected to loadless signal.
WARNING:Xst:653 - Signal <counter_set> is used but never assigned. This sourceless signal will be automatically connected to value GND.
WARNING:Xst:653 - Signal <SPIO_EN> is used but never assigned. This sourceless signal will be automatically connected to value GND.
    Summary:
	no macro.
Unit <top> synthesized.

Synthesizing Unit <Multi_CPU>.
    Related source file is "E:\OExp09_IP2MCPU\Multi_CPU.v".
WARNING:Xst:647 - Input <INT> is never used. This port will be preserved and left unconnected if it belongs to a top-level block or it belongs to a sub-block and the hierarchy of this sub-block is preserved.
    Summary:
	no macro.
Unit <Multi_CPU> synthesized.

Synthesizing Unit <clk_div>.
    Related source file is "E:\OExp09_IP2MCPU\clk_div.v".
    Found 32-bit register for signal <clkdiv>.
    Found 32-bit adder for signal <clkdiv[31]_GND_10_o_add_0_OUT> created at line 34.
    Summary:
	inferred   1 Adder/Subtractor(s).
	inferred  32 D-type flip-flop(s).
	inferred   1 Multiplexer(s).
Unit <clk_div> synthesized.

=========================================================================
HDL Synthesis Report

Macro Statistics
# Adders/Subtractors                                   : 1
 32-bit adder                                          : 1
# Registers                                            : 1
 32-bit register                                       : 1
# Multiplexers                                         : 1
 1-bit 2-to-1 multiplexer                              : 1

=========================================================================

=========================================================================
*                       Advanced HDL Synthesis                          *
=========================================================================

Reading core <SAnti_jitter.ngc>.
Reading core <ipcore_dir/RAM_B.ngc>.
Reading core <MIO_BUS.ngc>.
Reading core <SSeg7_Dev.ngc>.
Reading core <SEnter_2_32.ngc>.
Reading core <Multi_8CH32.ngc>.
Reading core <SPIO.ngc>.
Reading core <Counter_x.ngc>.
Reading core <PIO.ngc>.
Reading core <Seg7_Dev.ngc>.
Reading core <M_datapath.ngc>.
Reading core <ctrl.ngc>.
Loading core <SAnti_jitter> for timing and area information for instance <U9>.
Loading core <RAM_B> for timing and area information for instance <U3>.
Loading core <MIO_BUS> for timing and area information for instance <U4>.
Loading core <SSeg7_Dev> for timing and area information for instance <U6>.
Loading core <SEnter_2_32> for timing and area information for instance <M4>.
Loading core <Multi_8CH32> for timing and area information for instance <U5>.
Loading core <SPIO> for timing and area information for instance <U7>.
Loading core <Counter_x> for timing and area information for instance <U10>.
Loading core <PIO> for timing and area information for instance <U71>.
Loading core <Seg7_Dev> for timing and area information for instance <U61>.
Loading core <M_datapath> for timing and area information for instance <U1_2>.
Loading core <ctrl> for timing and area information for instance <U1_1>.

Synthesizing (advanced) Unit <clk_div>.
The following registers are absorbed into counter <clkdiv>: 1 register on signal <clkdiv>.
Unit <clk_div> synthesized (advanced).

=========================================================================
Advanced HDL Synthesis Report

Macro Statistics
# Counters                                             : 1
 32-bit up counter                                     : 1

=========================================================================

=========================================================================
*                         Low Level Synthesis                           *
=========================================================================

Optimizing unit <top> ...

Mapping all equations...
Building and optimizing final netlist ...
Found area constraint ratio of 100 (+ 5) on block top, actual ratio is 2.
INFO:Xst:2260 - The FF/Latch <IR/Q_20> in Unit <U1/U1_2> is equivalent to the following FF/Latch : <IR/Q_20_1> 
INFO:Xst:2260 - The FF/Latch <IR/Q_21> in Unit <U1/U1_2> is equivalent to the following 3 FFs/Latches : <IR/Q_21_1> <IR/Q_21_2> <IR/Q_21_3> 
INFO:Xst:2260 - The FF/Latch <IR/Q_16> in Unit <U1/U1_2> is equivalent to the following FF/Latch : <IR/Q_16_1> 
INFO:Xst:2260 - The FF/Latch <IR/Q_22> in Unit <U1/U1_2> is equivalent to the following 3 FFs/Latches : <IR/Q_22_1> <IR/Q_22_2> <IR/Q_22_3> 
INFO:Xst:2260 - The FF/Latch <IR/Q_17> in Unit <U1/U1_2> is equivalent to the following FF/Latch : <IR/Q_17_1> 
INFO:Xst:2260 - The FF/Latch <IR/Q_25> in Unit <U1/U1_2> is equivalent to the following FF/Latch : <IR/Q_25_1> 
INFO:Xst:2260 - The FF/Latch <IR/Q_20> in Unit <U1/U1_2> is equivalent to the following FF/Latch : <IR/Q_20_1> 
INFO:Xst:2260 - The FF/Latch <IR/Q_21> in Unit <U1/U1_2> is equivalent to the following 3 FFs/Latches : <IR/Q_21_1> <IR/Q_21_2> <IR/Q_21_3> 
INFO:Xst:2260 - The FF/Latch <IR/Q_16> in Unit <U1/U1_2> is equivalent to the following FF/Latch : <IR/Q_16_1> 
INFO:Xst:2260 - The FF/Latch <IR/Q_22> in Unit <U1/U1_2> is equivalent to the following 3 FFs/Latches : <IR/Q_22_1> <IR/Q_22_2> <IR/Q_22_3> 
INFO:Xst:2260 - The FF/Latch <IR/Q_17> in Unit <U1/U1_2> is equivalent to the following FF/Latch : <IR/Q_17_1> 
INFO:Xst:2260 - The FF/Latch <IR/Q_25> in Unit <U1/U1_2> is equivalent to the following FF/Latch : <IR/Q_25_1> 

Final Macro Processing ...

=========================================================================
Final Register Report

Macro Statistics
# Registers                                            : 32
 Flip-Flops                                            : 32

=========================================================================

=========================================================================
*                           Partition Report                            *
=========================================================================

Partition Implementation Status
-------------------------------

  No Partitions were found in this design.

-------------------------------

=========================================================================
*                            Design Summary                             *
=========================================================================

Top Level Output File Name         : top.ngc

Primitive and Black Box Usage:
------------------------------
# BELS                             : 3861
#      AND2                        : 12
#      AND3                        : 99
#      AND4                        : 81
#      GND                         : 5
#      INV                         : 99
#      LUT1                        : 98
#      LUT2                        : 45
#      LUT3                        : 1205
#      LUT4                        : 242
#      LUT5                        : 335
#      LUT6                        : 1095
#      MUXCY                       : 185
#      MUXF7                       : 59
#      OR2                         : 64
#      OR3                         : 27
#      OR4                         : 36
#      VCC                         : 6
#      XOR2                        : 1
#      XORCY                       : 167
# FlipFlops/Latches                : 1679
#      FD                          : 253
#      FDC                         : 108
#      FDCE                        : 1062
#      FDCE_1                      : 22
#      FDE                         : 154
#      FDE_1                       : 36
#      FDP                         : 6
#      FDPE                        : 1
#      FDPE_1                      : 6
#      FDR                         : 2
#      FDRE                        : 29
# RAMS                             : 1
#      RAMB36E1                    : 1
# Clock Buffers                    : 5
#      BUFG                        : 4
#      BUFGP                       : 1
# IO Buffers                       : 58
#      IBUF                        : 21
#      OBUF                        : 37

Device utilization summary:
---------------------------

Selected Device : 7k160tffg676-2l 


Slice Logic Utilization: 
 Number of Slice Registers:            1679  out of  202800     0%  
 Number of Slice LUTs:                 3119  out of  101400     3%  
    Number used as Logic:              3119  out of  101400     3%  

Slice Logic Distribution: 
 Number of LUT Flip Flop pairs used:   4369
   Number with an unused Flip Flop:    2690  out of   4369    61%  
   Number with an unused LUT:          1250  out of   4369    28%  
   Number of fully used LUT-FF pairs:   429  out of   4369     9%  
   Number of unique control sets:        35

IO Utilization: 
 Number of IOs:                          59
 Number of bonded IOBs:                  59  out of    400    14%  

Specific Feature Utilization:
 Number of Block RAM/FIFO:                1  out of    325     0%  
    Number using Block RAM only:          1
 Number of BUFG/BUFGCTRLs:                5  out of     32    15%  

---------------------------
Partition Resource Summary:
---------------------------

  No Partitions were found in this design.

---------------------------


=========================================================================
Timing Report

NOTE: THESE TIMING NUMBERS ARE ONLY A SYNTHESIS ESTIMATE.
      FOR ACCURATE TIMING INFORMATION PLEASE REFER TO THE TRACE REPORT
      GENERATED AFTER PLACE-and-ROUTE.

Clock Information:
------------------
-----------------------------------+-------------------------+-------+
Clock Signal                       | Clock buffer(FF name)   | Load  |
-----------------------------------+-------------------------+-------+
clk_100mhz                         | BUFGP                   | 262   |
U9/clk1                            | BUFG                    | 41    |
M4/push(M4/push1:O)                | NONE(*)(M4/state_0)     | 3     |
IO_clk(IO_clk1:O)                  | BUFG(*)(U5/cpu_point_0) | 173   |
U8/clkdiv_6                        | BUFG                    | 35    |
Clk_CPU(U8/Mmux_Clk_CPU11:O)       | BUFG(*)(U1/U1_2/PC/Q_31)| 1166  |
-----------------------------------+-------------------------+-------+
(*) These 3 clock signal(s) are generated by combinatorial logic,
and XST is not able to identify which are the primary clock signals.
Please use the CLOCK_SIGNAL constraint to specify the clock signal(s) generated by combinatorial logic.
INFO:Xst:2169 - HDL ADVISOR - Some clock signals were not automatically buffered by XST with BUFG/BUFR resources. Please use the buffer_type constraint in order to insert these buffers to the clock signals to help prevent skew problems.

Asynchronous Control Signals Information:
----------------------------------------
-----------------------------------+-----------------------------------------------------------------------------------------------------------------------------------------+-------+
Control Signal                     | Buffer(FF name)                                                                                                                         | Load  |
-----------------------------------+-----------------------------------------------------------------------------------------------------------------------------------------+-------+
U3/N1(U3/XST_GND:G)                | NONE(U3/U0/xst_blk_mem_generator/gnativebmg.native_blk_mem_gen/valid.cstr/ramloop[0].ram.r/v6_init.ram/NO_BMM_INFO.SP.SIMPLE_PRIM36.ram)| 2     |
-----------------------------------+-----------------------------------------------------------------------------------------------------------------------------------------+-------+

Timing Summary:
---------------
Speed Grade: -2

   Minimum period: 8.251ns (Maximum Frequency: 121.196MHz)
   Minimum input arrival time before clock: 2.109ns
   Maximum output required time after clock: 7.230ns
   Maximum combinational path delay: No path found

Timing Details:
---------------
All values displayed in nanoseconds (ns)

=========================================================================
Timing constraint: Default period analysis for Clock 'clk_100mhz'
  Clock period: 4.937ns (frequency: 202.564MHz)
  Total number of paths / destination ports: 12105 / 333
-------------------------------------------------------------------------
Delay:               4.937ns (Levels of Logic = 12)
  Source:            U9/SW_OK_5 (FF)
  Destination:       U6/M2/buffer_51 (FF)
  Source Clock:      clk_100mhz rising
  Destination Clock: clk_100mhz rising

  Data Path: U9/SW_OK_5 to U6/M2/buffer_51
                                Gate     Net
    Cell:in->out      fanout   Delay   Delay  Logical Name (Net Name)
    ----------------------------------------  ------------
     FDE:C->Q            100   0.236   0.547  SW_OK_5 (SW_OK<5>)
     end scope: 'U9:SW_OK<5>'
     begin scope: 'U4:SW<5>'
     LUT6:I4->O            3   0.043   0.534  Mmux_Cpu_data4bus281 (Cpu_data4bus<5>)
     end scope: 'U4:Cpu_data4bus<5>'
     begin scope: 'U5:data6<5>'
     LUT6:I2->O            1   0.043   0.000  MUX1_DispData/Mmux_o_327 (MUX1_DispData/Mmux_o_327)
     MUXF7:I1->O          15   0.178   0.417  MUX1_DispData/Mmux_o_2_f7_26 (Disp_num<5>)
     end scope: 'U5:Disp_num<5>'
     begin scope: 'U6:Hexs<5>'
     INV:I->O              8   0.054   0.642  SM1/HTS6/MSEG/XLXI_3 (SM1/HTS6/MSEG/XLXN_62)
     AND3:I1->O            1   0.043   0.613  SM1/HTS6/MSEG/XLXI_35 (SM1/HTS6/MSEG/XLXN_172)
     OR3:I0->O             1   0.043   0.603  SM1/HTS6/MSEG/XLXI_36 (SM1/HTS6/MSEG/XLXN_212)
     OR2:I1->O             1   0.043   0.405  SM1/HTS6/MSEG/XLXI_51 (XLXN_390<51>)
     LUT6:I4->O            1   0.043   0.405  M2/mux11011 (M2/state[1]_GND_3_o_wide_mux_15_OUT<51>)
     LUT3:I1->O            1   0.043   0.000  M2/buffer_51_rstpot (M2/buffer_51_rstpot)
     FD:D                     -0.000          M2/buffer_51
    ----------------------------------------
    Total                      4.937ns (0.769ns logic, 4.168ns route)
                                       (15.6% logic, 84.4% route)

=========================================================================
Timing constraint: Default period analysis for Clock 'U9/clk1'
  Clock period: 2.152ns (frequency: 464.587MHz)
  Total number of paths / destination ports: 1454 / 90
-------------------------------------------------------------------------
Delay:               2.152ns (Levels of Logic = 7)
  Source:            U9/counter_8 (FF)
  Destination:       U9/Key_x_0 (FF)
  Source Clock:      U9/clk1 rising
  Destination Clock: U9/clk1 rising

  Data Path: U9/counter_8 to U9/Key_x_0
                                Gate     Net
    Cell:in->out      fanout   Delay   Delay  Logical Name (Net Name)
    ----------------------------------------  ------------
     FDRE:C->Q             3   0.236   0.615  counter_8 (counter<8>)
     LUT5:I0->O            1   0.043   0.000  Mcompar_counter[31]_GND_1_o_LessThan_5_o_lut<0> (Mcompar_counter[31]_GND_1_o_LessThan_5_o_lut<0>)
     MUXCY:S->O            1   0.238   0.000  Mcompar_counter[31]_GND_1_o_LessThan_5_o_cy<0> (Mcompar_counter[31]_GND_1_o_LessThan_5_o_cy<0>)
     MUXCY:CI->O           1   0.013   0.000  Mcompar_counter[31]_GND_1_o_LessThan_5_o_cy<1> (Mcompar_counter[31]_GND_1_o_LessThan_5_o_cy<1>)
     MUXCY:CI->O           1   0.013   0.000  Mcompar_counter[31]_GND_1_o_LessThan_5_o_cy<2> (Mcompar_counter[31]_GND_1_o_LessThan_5_o_cy<2>)
     MUXCY:CI->O           1   0.013   0.000  Mcompar_counter[31]_GND_1_o_LessThan_5_o_cy<3> (Mcompar_counter[31]_GND_1_o_LessThan_5_o_cy<3>)
     MUXCY:CI->O           8   0.013   0.378  Mcompar_counter[31]_GND_1_o_LessThan_5_o_cy<4> (Mcompar_counter[31]_GND_1_o_LessThan_5_o_cy<4>)
     INV:I->O              7   0.054   0.373  _n0225_inv1_cepot_INV_0 (_n0225_inv1_cepot)
     FDE:CE                    0.161          Key_x_0
    ----------------------------------------
    Total                      2.152ns (0.786ns logic, 1.366ns route)
                                       (36.5% logic, 63.5% route)

=========================================================================
Timing constraint: Default period analysis for Clock 'M4/push'
  Clock period: 1.069ns (frequency: 935.060MHz)
  Total number of paths / destination ports: 6 / 3
-------------------------------------------------------------------------
Delay:               1.069ns (Levels of Logic = 1)
  Source:            M4/state_0 (FF)
  Destination:       M4/state_0 (FF)
  Source Clock:      M4/push rising
  Destination Clock: M4/push rising

  Data Path: M4/state_0 to M4/state_0
                                Gate     Net
    Cell:in->out      fanout   Delay   Delay  Logical Name (Net Name)
    ----------------------------------------  ------------
     FDE:C->Q             19   0.236   0.440  state_0 (state<0>)
     INV:I->O              1   0.054   0.339  Result<0>1_INV_0 (Result<0>)
     FDE:D                    -0.000          state_0
    ----------------------------------------
    Total                      1.069ns (0.290ns logic, 0.779ns route)
                                       (27.1% logic, 72.9% route)

=========================================================================
Timing constraint: Default period analysis for Clock 'IO_clk'
  Clock period: 1.876ns (frequency: 533.120MHz)
  Total number of paths / destination ports: 281 / 46
-------------------------------------------------------------------------
Delay:               1.876ns (Levels of Logic = 2)
  Source:            U7/P2S_led/s_clk (FF)
  Destination:       U7/P2S_led/buffer_15 (FF)
  Source Clock:      IO_clk rising
  Destination Clock: IO_clk rising

  Data Path: U7/P2S_led/s_clk to U7/P2S_led/buffer_15
                                Gate     Net
    Cell:in->out      fanout   Delay   Delay  Logical Name (Net Name)
    ----------------------------------------  ------------
     FDC:C->Q              4   0.236   0.620  P2S_led/s_clk (led_clk)
     LUT5:I0->O            1   0.043   0.350  P2S_led/_n0103_inv1 (P2S_led/_n0103_inv1)
     LUT6:I5->O           16   0.043   0.422  P2S_led/_n0103_inv2 (P2S_led/_n0103_inv)
     FDE:CE                    0.161          P2S_led/buffer_0
    ----------------------------------------
    Total                      1.876ns (0.483ns logic, 1.393ns route)
                                       (25.7% logic, 74.3% route)

=========================================================================
Timing constraint: Default period analysis for Clock 'U8/clkdiv_6'
  Clock period: 1.958ns (frequency: 510.778MHz)
  Total number of paths / destination ports: 788 / 36
-------------------------------------------------------------------------
Delay:               1.958ns (Levels of Logic = 35)
  Source:            U10/counter0_0 (FF)
  Destination:       U10/counter0_32 (FF)
  Source Clock:      U8/clkdiv_6 rising
  Destination Clock: U8/clkdiv_6 rising

  Data Path: U10/counter0_0 to U10/counter0_32
                                Gate     Net
    Cell:in->out      fanout   Delay   Delay  Logical Name (Net Name)
    ----------------------------------------  ------------
     FDC:C->Q              4   0.236   0.367  counter0_0 (counter_out<0>)
     LUT1:I0->O            1   0.043   0.000  Msub_counter0[32]_GND_1_o_sub_26_OUT_cy<0>_rt (Msub_counter0[32]_GND_1_o_sub_26_OUT_cy<0>_rt)
     MUXCY:S->O            1   0.238   0.000  Msub_counter0[32]_GND_1_o_sub_26_OUT_cy<0> (Msub_counter0[32]_GND_1_o_sub_26_OUT_cy<0>)
     MUXCY:CI->O           1   0.013   0.000  Msub_counter0[32]_GND_1_o_sub_26_OUT_cy<1> (Msub_counter0[32]_GND_1_o_sub_26_OUT_cy<1>)
     MUXCY:CI->O           1   0.013   0.000  Msub_counter0[32]_GND_1_o_sub_26_OUT_cy<2> (Msub_counter0[32]_GND_1_o_sub_26_OUT_cy<2>)
     MUXCY:CI->O           1   0.013   0.000  Msub_counter0[32]_GND_1_o_sub_26_OUT_cy<3> (Msub_counter0[32]_GND_1_o_sub_26_OUT_cy<3>)
     MUXCY:CI->O           1   0.013   0.000  Msub_counter0[32]_GND_1_o_sub_26_OUT_cy<4> (Msub_counter0[32]_GND_1_o_sub_26_OUT_cy<4>)
     MUXCY:CI->O           1   0.013   0.000  Msub_counter0[32]_GND_1_o_sub_26_OUT_cy<5> (Msub_counter0[32]_GND_1_o_sub_26_OUT_cy<5>)
     MUXCY:CI->O           1   0.013   0.000  Msub_counter0[32]_GND_1_o_sub_26_OUT_cy<6> (Msub_counter0[32]_GND_1_o_sub_26_OUT_cy<6>)
     MUXCY:CI->O           1   0.013   0.000  Msub_counter0[32]_GND_1_o_sub_26_OUT_cy<7> (Msub_counter0[32]_GND_1_o_sub_26_OUT_cy<7>)
     MUXCY:CI->O           1   0.013   0.000  Msub_counter0[32]_GND_1_o_sub_26_OUT_cy<8> (Msub_counter0[32]_GND_1_o_sub_26_OUT_cy<8>)
     MUXCY:CI->O           1   0.013   0.000  Msub_counter0[32]_GND_1_o_sub_26_OUT_cy<9> (Msub_counter0[32]_GND_1_o_sub_26_OUT_cy<9>)
     MUXCY:CI->O           1   0.013   0.000  Msub_counter0[32]_GND_1_o_sub_26_OUT_cy<10> (Msub_counter0[32]_GND_1_o_sub_26_OUT_cy<10>)
     MUXCY:CI->O           1   0.013   0.000  Msub_counter0[32]_GND_1_o_sub_26_OUT_cy<11> (Msub_counter0[32]_GND_1_o_sub_26_OUT_cy<11>)
     MUXCY:CI->O           1   0.013   0.000  Msub_counter0[32]_GND_1_o_sub_26_OUT_cy<12> (Msub_counter0[32]_GND_1_o_sub_26_OUT_cy<12>)
     MUXCY:CI->O           1   0.013   0.000  Msub_counter0[32]_GND_1_o_sub_26_OUT_cy<13> (Msub_counter0[32]_GND_1_o_sub_26_OUT_cy<13>)
     MUXCY:CI->O           1   0.013   0.000  Msub_counter0[32]_GND_1_o_sub_26_OUT_cy<14> (Msub_counter0[32]_GND_1_o_sub_26_OUT_cy<14>)
     MUXCY:CI->O           1   0.013   0.000  Msub_counter0[32]_GND_1_o_sub_26_OUT_cy<15> (Msub_counter0[32]_GND_1_o_sub_26_OUT_cy<15>)
     MUXCY:CI->O           1   0.013   0.000  Msub_counter0[32]_GND_1_o_sub_26_OUT_cy<16> (Msub_counter0[32]_GND_1_o_sub_26_OUT_cy<16>)
     MUXCY:CI->O           1   0.013   0.000  Msub_counter0[32]_GND_1_o_sub_26_OUT_cy<17> (Msub_counter0[32]_GND_1_o_sub_26_OUT_cy<17>)
     MUXCY:CI->O           1   0.013   0.000  Msub_counter0[32]_GND_1_o_sub_26_OUT_cy<18> (Msub_counter0[32]_GND_1_o_sub_26_OUT_cy<18>)
     MUXCY:CI->O           1   0.013   0.000  Msub_counter0[32]_GND_1_o_sub_26_OUT_cy<19> (Msub_counter0[32]_GND_1_o_sub_26_OUT_cy<19>)
     MUXCY:CI->O           1   0.013   0.000  Msub_counter0[32]_GND_1_o_sub_26_OUT_cy<20> (Msub_counter0[32]_GND_1_o_sub_26_OUT_cy<20>)
     MUXCY:CI->O           1   0.013   0.000  Msub_counter0[32]_GND_1_o_sub_26_OUT_cy<21> (Msub_counter0[32]_GND_1_o_sub_26_OUT_cy<21>)
     MUXCY:CI->O           1   0.013   0.000  Msub_counter0[32]_GND_1_o_sub_26_OUT_cy<22> (Msub_counter0[32]_GND_1_o_sub_26_OUT_cy<22>)
     MUXCY:CI->O           1   0.013   0.000  Msub_counter0[32]_GND_1_o_sub_26_OUT_cy<23> (Msub_counter0[32]_GND_1_o_sub_26_OUT_cy<23>)
     MUXCY:CI->O           1   0.013   0.000  Msub_counter0[32]_GND_1_o_sub_26_OUT_cy<24> (Msub_counter0[32]_GND_1_o_sub_26_OUT_cy<24>)
     MUXCY:CI->O           1   0.013   0.000  Msub_counter0[32]_GND_1_o_sub_26_OUT_cy<25> (Msub_counter0[32]_GND_1_o_sub_26_OUT_cy<25>)
     MUXCY:CI->O           1   0.013   0.000  Msub_counter0[32]_GND_1_o_sub_26_OUT_cy<26> (Msub_counter0[32]_GND_1_o_sub_26_OUT_cy<26>)
     MUXCY:CI->O           1   0.013   0.000  Msub_counter0[32]_GND_1_o_sub_26_OUT_cy<27> (Msub_counter0[32]_GND_1_o_sub_26_OUT_cy<27>)
     MUXCY:CI->O           1   0.013   0.000  Msub_counter0[32]_GND_1_o_sub_26_OUT_cy<28> (Msub_counter0[32]_GND_1_o_sub_26_OUT_cy<28>)
     MUXCY:CI->O           1   0.013   0.000  Msub_counter0[32]_GND_1_o_sub_26_OUT_cy<29> (Msub_counter0[32]_GND_1_o_sub_26_OUT_cy<29>)
     MUXCY:CI->O           1   0.013   0.000  Msub_counter0[32]_GND_1_o_sub_26_OUT_cy<30> (Msub_counter0[32]_GND_1_o_sub_26_OUT_cy<30>)
     MUXCY:CI->O           0   0.013   0.000  Msub_counter0[32]_GND_1_o_sub_26_OUT_cy<31> (Msub_counter0[32]_GND_1_o_sub_26_OUT_cy<31>)
     XORCY:CI->O           1   0.262   0.350  Msub_counter0[32]_GND_1_o_sub_26_OUT_xor<32> (counter0[32]_GND_1_o_sub_26_OUT<32>)
     LUT6:I5->O            1   0.043   0.000  Mmux_counter_Ctrl[2]_counter0[32]_wide_mux_26_OUT261 (counter_Ctrl[2]_counter0[32]_wide_mux_26_OUT<32>)
     FDC:D                    -0.000          counter0_32
    ----------------------------------------
    Total                      1.958ns (1.240ns logic, 0.717ns route)
                                       (63.4% logic, 36.6% route)

=========================================================================
Timing constraint: Default period analysis for Clock 'Clk_CPU'
  Clock period: 8.251ns (frequency: 121.196MHz)
  Total number of paths / destination ports: 3714124 / 2233
-------------------------------------------------------------------------
Delay:               8.251ns (Levels of Logic = 41)
  Source:            U1/U1_2/U2/register_31_224 (FF)
  Destination:       U1/U1_2/PC/Q_31 (FF)
  Source Clock:      Clk_CPU rising
  Destination Clock: Clk_CPU rising

  Data Path: U1/U1_2/U2/register_31_224 to U1/U1_2/PC/Q_31
                                Gate     Net
    Cell:in->out      fanout   Delay   Delay  Logical Name (Net Name)
    ----------------------------------------  ------------
     FDCE:C->Q             3   0.236   0.625  U2/register_31_224 (U2/register_31<224>)
     LUT6:I0->O            1   0.043   0.522  U2/Mmux_R_addr_A[4]_register[31][31]_wide_mux_1_OUT_81 (U2/Mmux_R_addr_A[4]_register[31][31]_wide_mux_1_OUT_81)
     LUT6:I2->O            1   0.043   0.405  U2/Mmux_R_addr_A[4]_register[31][31]_wide_mux_1_OUT_3 (U2/Mmux_R_addr_A[4]_register[31][31]_wide_mux_1_OUT_3)
     LUT6:I4->O            4   0.043   0.422  MUX4/Mmux_o11 (XLXN_746<0>)
     LUT3:I1->O            1   0.043   0.000  U1/ADC_32/Madd_S_Madd_lut<0> (U1/ADC_32/Madd_S_Madd_lut<0>)
     MUXCY:S->O            1   0.238   0.000  U1/ADC_32/Madd_S_Madd_cy<0> (U1/ADC_32/Madd_S_Madd_cy<0>)
     MUXCY:CI->O           1   0.014   0.000  U1/ADC_32/Madd_S_Madd_cy<1> (U1/ADC_32/Madd_S_Madd_cy<1>)
     MUXCY:CI->O           1   0.014   0.000  U1/ADC_32/Madd_S_Madd_cy<2> (U1/ADC_32/Madd_S_Madd_cy<2>)
     MUXCY:CI->O           1   0.014   0.000  U1/ADC_32/Madd_S_Madd_cy<3> (U1/ADC_32/Madd_S_Madd_cy<3>)
     MUXCY:CI->O           1   0.014   0.000  U1/ADC_32/Madd_S_Madd_cy<4> (U1/ADC_32/Madd_S_Madd_cy<4>)
     MUXCY:CI->O           1   0.014   0.000  U1/ADC_32/Madd_S_Madd_cy<5> (U1/ADC_32/Madd_S_Madd_cy<5>)
     MUXCY:CI->O           1   0.014   0.000  U1/ADC_32/Madd_S_Madd_cy<6> (U1/ADC_32/Madd_S_Madd_cy<6>)
     MUXCY:CI->O           1   0.014   0.000  U1/ADC_32/Madd_S_Madd_cy<7> (U1/ADC_32/Madd_S_Madd_cy<7>)
     MUXCY:CI->O           1   0.014   0.000  U1/ADC_32/Madd_S_Madd_cy<8> (U1/ADC_32/Madd_S_Madd_cy<8>)
     MUXCY:CI->O           1   0.014   0.000  U1/ADC_32/Madd_S_Madd_cy<9> (U1/ADC_32/Madd_S_Madd_cy<9>)
     MUXCY:CI->O           1   0.014   0.000  U1/ADC_32/Madd_S_Madd_cy<10> (U1/ADC_32/Madd_S_Madd_cy<10>)
     MUXCY:CI->O           1   0.014   0.000  U1/ADC_32/Madd_S_Madd_cy<11> (U1/ADC_32/Madd_S_Madd_cy<11>)
     MUXCY:CI->O           1   0.014   0.000  U1/ADC_32/Madd_S_Madd_cy<12> (U1/ADC_32/Madd_S_Madd_cy<12>)
     MUXCY:CI->O           1   0.014   0.000  U1/ADC_32/Madd_S_Madd_cy<13> (U1/ADC_32/Madd_S_Madd_cy<13>)
     MUXCY:CI->O           1   0.014   0.000  U1/ADC_32/Madd_S_Madd_cy<14> (U1/ADC_32/Madd_S_Madd_cy<14>)
     MUXCY:CI->O           1   0.014   0.000  U1/ADC_32/Madd_S_Madd_cy<15> (U1/ADC_32/Madd_S_Madd_cy<15>)
     MUXCY:CI->O           1   0.014   0.000  U1/ADC_32/Madd_S_Madd_cy<16> (U1/ADC_32/Madd_S_Madd_cy<16>)
     MUXCY:CI->O           1   0.014   0.000  U1/ADC_32/Madd_S_Madd_cy<17> (U1/ADC_32/Madd_S_Madd_cy<17>)
     MUXCY:CI->O           1   0.014   0.000  U1/ADC_32/Madd_S_Madd_cy<18> (U1/ADC_32/Madd_S_Madd_cy<18>)
     MUXCY:CI->O           1   0.014   0.000  U1/ADC_32/Madd_S_Madd_cy<19> (U1/ADC_32/Madd_S_Madd_cy<19>)
     MUXCY:CI->O           1   0.014   0.000  U1/ADC_32/Madd_S_Madd_cy<20> (U1/ADC_32/Madd_S_Madd_cy<20>)
     MUXCY:CI->O           1   0.014   0.000  U1/ADC_32/Madd_S_Madd_cy<21> (U1/ADC_32/Madd_S_Madd_cy<21>)
     MUXCY:CI->O           1   0.014   0.000  U1/ADC_32/Madd_S_Madd_cy<22> (U1/ADC_32/Madd_S_Madd_cy<22>)
     MUXCY:CI->O           1   0.014   0.000  U1/ADC_32/Madd_S_Madd_cy<23> (U1/ADC_32/Madd_S_Madd_cy<23>)
     MUXCY:CI->O           1   0.014   0.000  U1/ADC_32/Madd_S_Madd_cy<24> (U1/ADC_32/Madd_S_Madd_cy<24>)
     MUXCY:CI->O           1   0.014   0.000  U1/ADC_32/Madd_S_Madd_cy<25> (U1/ADC_32/Madd_S_Madd_cy<25>)
     MUXCY:CI->O           1   0.014   0.000  U1/ADC_32/Madd_S_Madd_cy<26> (U1/ADC_32/Madd_S_Madd_cy<26>)
     MUXCY:CI->O           1   0.014   0.000  U1/ADC_32/Madd_S_Madd_cy<27> (U1/ADC_32/Madd_S_Madd_cy<27>)
     XORCY:CI->O           2   0.262   0.527  U1/ADC_32/Madd_S_Madd_xor<28> (U1/S<28>)
     LUT6:I2->O            1   0.043   0.350  U1/ALU_Zero/A[31]_GND_15_o_equal_1_o<31>4 (U1/ALU_Zero/A[31]_GND_15_o_equal_1_o<31>3)
     LUT6:I5->O            1   0.043   0.350  U1/ALU_Zero/A[31]_GND_15_o_equal_1_o<31>2_SW0_SW0_SW0 (N70)
     LUT6:I5->O            1   0.043   0.613  U1/ALU_Zero/A[31]_GND_15_o_equal_1_o<31>8 (zero)
     XOR2:I0->O            1   0.043   0.339  XLXI_4 (XLXN_911)
     INV:I->O              1   0.054   0.613  XLXI_7 (XLXN_887)
     AND2:I0->O            1   0.043   0.613  XLXI_5 (XLXN_905)
     OR2:I0->O             1   0.043   0.613  XLXI_11 (XLXN_910)
     AND2:I0->O           32   0.043   0.469  XLXI_6 (XLXN_929)
     FDCE:CE                   0.161          PC/Q_0
    ----------------------------------------
    Total                      8.251ns (1.789ns logic, 6.463ns route)
                                       (21.7% logic, 78.3% route)

=========================================================================
Timing constraint: Default OFFSET IN BEFORE for Clock 'clk_100mhz'
  Total number of paths / destination ports: 1195 / 100
-------------------------------------------------------------------------
Offset:              2.089ns (Levels of Logic = 10)
  Source:            SW<2> (PAD)
  Destination:       U9/SW_OK_0 (FF)
  Destination Clock: clk_100mhz rising

  Data Path: SW<2> to U9/SW_OK_0
                                Gate     Net
    Cell:in->out      fanout   Delay   Delay  Logical Name (Net Name)
    ----------------------------------------  ------------
     IBUF:I->O             3   0.000   0.625  SW_2_IBUF (SW_2_IBUF)
     begin scope: 'U9:SW<2>'
     LUT6:I0->O            1   0.043   0.000  Mcompar_sw_temp[15]_SW[15]_not_equal_100_o_lut<0> (Mcompar_sw_temp[15]_SW[15]_not_equal_100_o_lut<0>)
     MUXCY:S->O            1   0.238   0.000  Mcompar_sw_temp[15]_SW[15]_not_equal_100_o_cy<0> (Mcompar_sw_temp[15]_SW[15]_not_equal_100_o_cy<0>)
     MUXCY:CI->O           1   0.013   0.000  Mcompar_sw_temp[15]_SW[15]_not_equal_100_o_cy<1> (Mcompar_sw_temp[15]_SW[15]_not_equal_100_o_cy<1>)
     MUXCY:CI->O           1   0.013   0.000  Mcompar_sw_temp[15]_SW[15]_not_equal_100_o_cy<2> (Mcompar_sw_temp[15]_SW[15]_not_equal_100_o_cy<2>)
     MUXCY:CI->O           1   0.013   0.000  Mcompar_sw_temp[15]_SW[15]_not_equal_100_o_cy<3> (Mcompar_sw_temp[15]_SW[15]_not_equal_100_o_cy<3>)
     MUXCY:CI->O           1   0.013   0.000  Mcompar_sw_temp[15]_SW[15]_not_equal_100_o_cy<4> (Mcompar_sw_temp[15]_SW[15]_not_equal_100_o_cy<4>)
     MUXCY:CI->O          43   0.013   0.471  Mcompar_sw_temp[15]_SW[15]_not_equal_100_o_cy<5> (sw_temp[15]_SW[15]_not_equal_100_o)
     INV:I->O             17   0.054   0.429  _n0243_inv1_cepot_cepot_INV_0 (_n0243_inv1_cepot_cepot)
     FDE:CE                    0.161          SW_OK_0
    ----------------------------------------
    Total                      2.089ns (0.563ns logic, 1.525ns route)
                                       (27.0% logic, 73.0% route)

=========================================================================
Timing constraint: Default OFFSET IN BEFORE for Clock 'U9/clk1'
  Total number of paths / destination ports: 176 / 41
-------------------------------------------------------------------------
Offset:              2.109ns (Levels of Logic = 6)
  Source:            BTN_y<3> (PAD)
  Destination:       U9/Key_x_1 (FF)
  Destination Clock: U9/clk1 rising

  Data Path: BTN_y<3> to U9/Key_x_1
                                Gate     Net
    Cell:in->out      fanout   Delay   Delay  Logical Name (Net Name)
    ----------------------------------------  ------------
     IBUF:I->O             6   0.000   0.550  BTN_y_3_IBUF (BTN_y_3_IBUF)
     begin scope: 'U9:Key_y<3>'
     LUT4:I0->O           12   0.043   0.674  out1 (n0016)
     LUT6:I0->O            3   0.043   0.362  _n0295<0>1 (_n0295<0>)
     LUT6:I5->O            1   0.043   0.350  Key_x[4]_PWR_1_o_select_74_OUT<1>1 (Key_x[4]_PWR_1_o_select_74_OUT<4>)
     LUT3:I2->O            1   0.043   0.000  Key_x_4_dpot (Key_x_4_dpot)
     FDE:D                    -0.000          Key_x_4
    ----------------------------------------
    Total                      2.109ns (0.172ns logic, 1.937ns route)
                                       (8.2% logic, 91.8% route)

=========================================================================
Timing constraint: Default OFFSET OUT AFTER for Clock 'U9/clk1'
  Total number of paths / destination ports: 6 / 6
-------------------------------------------------------------------------
Offset:              0.658ns (Levels of Logic = 2)
  Source:            U9/Key_x_4 (FF)
  Destination:       BTN_x<4> (PAD)
  Source Clock:      U9/clk1 rising

  Data Path: U9/Key_x_4 to BTN_x<4>
                                Gate     Net
    Cell:in->out      fanout   Delay   Delay  Logical Name (Net Name)
    ----------------------------------------  ------------
     FDE:C->Q             16   0.236   0.422  Key_x_4 (Key_x<4>)
     end scope: 'U9:Key_x<4>'
     OBUF:I->O                 0.000          BTN_x_4_OBUF (BTN_x<4>)
    ----------------------------------------
    Total                      0.658ns (0.236ns logic, 0.422ns route)
                                       (35.8% logic, 64.2% route)

=========================================================================
Timing constraint: Default OFFSET OUT AFTER for Clock 'IO_clk'
  Total number of paths / destination ports: 1087 / 19
-------------------------------------------------------------------------
Offset:              5.448ns (Levels of Logic = 15)
  Source:            U7/LED_8 (FF)
  Destination:       SEGMENT<6> (PAD)
  Source Clock:      IO_clk falling

  Data Path: U7/LED_8 to SEGMENT<6>
                                Gate     Net
    Cell:in->out      fanout   Delay   Delay  Logical Name (Net Name)
    ----------------------------------------  ------------
     FDCE_1:C->Q           2   0.240   0.410  LED_8 (LED_out<8>)
     end scope: 'U7:LED_out<8>'
     begin scope: 'U4:led_out<8>'
     LUT6:I4->O            3   0.043   0.534  Mmux_Cpu_data4bus171 (Cpu_data4bus<24>)
     end scope: 'U4:Cpu_data4bus<24>'
     begin scope: 'U5:data6<24>'
     LUT6:I2->O            1   0.043   0.000  MUX1_DispData/Mmux_o_316 (MUX1_DispData/Mmux_o_316)
     MUXF7:I1->O          16   0.178   0.605  MUX1_DispData/Mmux_o_2_f7_15 (Disp_num<24>)
     end scope: 'U5:Disp_num<24>'
     begin scope: 'U61:Hexs<24>'
     LUT6:I2->O            1   0.043   0.000  M2/Mmux_Hexo_3 (M2/Mmux_Hexo_3)
     MUXF7:I1->O          12   0.178   0.400  M2/Mmux_Hexo_2_f7 (Hex<0>)
     INV:I->O              6   0.054   0.641  M1/XLXI_4 (M1/XLXN_24)
     AND4:I0->O            1   0.043   0.613  M1/XLXI_28 (M1/XLXN_141)
     OR4:I0->O             1   0.043   0.603  M1/XLXI_29 (M1/XLXN_211)
     OR2:I1->O             1   0.043   0.350  M1/XLXI_50 (SEG_TXT<3>)
     LUT3:I2->O            1   0.043   0.339  MUXHM/Mmux_o4 (SEGMENT<3>)
     end scope: 'U61:SEGMENT<3>'
     OBUF:I->O                 0.000          SEGMENT_3_OBUF (SEGMENT<3>)
    ----------------------------------------
    Total                      5.448ns (0.951ns logic, 4.497ns route)
                                       (17.5% logic, 82.5% route)

=========================================================================
Timing constraint: Default OFFSET OUT AFTER for Clock 'U8/clkdiv_6'
  Total number of paths / destination ports: 1463 / 8
-------------------------------------------------------------------------
Offset:              5.573ns (Levels of Logic = 15)
  Source:            U10/counter0_24 (FF)
  Destination:       SEGMENT<6> (PAD)
  Source Clock:      U8/clkdiv_6 rising

  Data Path: U10/counter0_24 to SEGMENT<6>
                                Gate     Net
    Cell:in->out      fanout   Delay   Delay  Logical Name (Net Name)
    ----------------------------------------  ------------
     FDC:C->Q              4   0.236   0.539  counter0_24 (counter_out<24>)
     end scope: 'U10:counter_out<24>'
     begin scope: 'U4:counter_out<24>'
     LUT6:I2->O            3   0.043   0.534  Mmux_Cpu_data4bus171 (Cpu_data4bus<24>)
     end scope: 'U4:Cpu_data4bus<24>'
     begin scope: 'U5:data6<24>'
     LUT6:I2->O            1   0.043   0.000  MUX1_DispData/Mmux_o_316 (MUX1_DispData/Mmux_o_316)
     MUXF7:I1->O          16   0.178   0.605  MUX1_DispData/Mmux_o_2_f7_15 (Disp_num<24>)
     end scope: 'U5:Disp_num<24>'
     begin scope: 'U61:Hexs<24>'
     LUT6:I2->O            1   0.043   0.000  M2/Mmux_Hexo_3 (M2/Mmux_Hexo_3)
     MUXF7:I1->O          12   0.178   0.400  M2/Mmux_Hexo_2_f7 (Hex<0>)
     INV:I->O              6   0.054   0.641  M1/XLXI_4 (M1/XLXN_24)
     AND4:I0->O            1   0.043   0.613  M1/XLXI_28 (M1/XLXN_141)
     OR4:I0->O             1   0.043   0.603  M1/XLXI_29 (M1/XLXN_211)
     OR2:I1->O             1   0.043   0.350  M1/XLXI_50 (SEG_TXT<3>)
     LUT3:I2->O            1   0.043   0.339  MUXHM/Mmux_o4 (SEGMENT<3>)
     end scope: 'U61:SEGMENT<3>'
     OBUF:I->O                 0.000          SEGMENT_3_OBUF (SEGMENT<3>)
    ----------------------------------------
    Total                      5.573ns (0.947ns logic, 4.626ns route)
                                       (17.0% logic, 83.0% route)

=========================================================================
Timing constraint: Default OFFSET OUT AFTER for Clock 'Clk_CPU'
  Total number of paths / destination ports: 79874 / 8
-------------------------------------------------------------------------
Offset:              7.230ns (Levels of Logic = 18)
  Source:            U1/U1_1/IorD (FF)
  Destination:       SEGMENT<6> (PAD)
  Source Clock:      Clk_CPU rising

  Data Path: U1/U1_1/IorD to SEGMENT<6>
                                Gate     Net
    Cell:in->out      fanout   Delay   Delay  Logical Name (Net Name)
    ----------------------------------------  ------------
     FDC:C->Q             33   0.236   0.625  IorD (IorD)
     end scope: 'U1/U1_1:IorD'
     begin scope: 'U1/U1_2:IorD'
     LUT3:I0->O           82   0.043   0.742  MUX5/Mmux_o251 (M_addr<31>)
     end scope: 'U1/U1_2:M_addr<31>'
     begin scope: 'U4:addr_bus<31>'
     LUT5:I0->O           32   0.043   0.743  Mmux_data_ram_rd11 (data_ram_rd)
     LUT6:I0->O            3   0.043   0.534  Mmux_Cpu_data4bus171 (Cpu_data4bus<24>)
     end scope: 'U4:Cpu_data4bus<24>'
     begin scope: 'U5:data6<24>'
     LUT6:I2->O            1   0.043   0.000  MUX1_DispData/Mmux_o_316 (MUX1_DispData/Mmux_o_316)
     MUXF7:I1->O          16   0.178   0.605  MUX1_DispData/Mmux_o_2_f7_15 (Disp_num<24>)
     end scope: 'U5:Disp_num<24>'
     begin scope: 'U61:Hexs<24>'
     LUT6:I2->O            1   0.043   0.000  M2/Mmux_Hexo_3 (M2/Mmux_Hexo_3)
     MUXF7:I1->O          12   0.178   0.400  M2/Mmux_Hexo_2_f7 (Hex<0>)
     INV:I->O              6   0.054   0.641  M1/XLXI_4 (M1/XLXN_24)
     AND4:I0->O            1   0.043   0.613  M1/XLXI_28 (M1/XLXN_141)
     OR4:I0->O             1   0.043   0.603  M1/XLXI_29 (M1/XLXN_211)
     OR2:I1->O             1   0.043   0.350  M1/XLXI_50 (SEG_TXT<3>)
     LUT3:I2->O            1   0.043   0.339  MUXHM/Mmux_o4 (SEGMENT<3>)
     end scope: 'U61:SEGMENT<3>'
     OBUF:I->O                 0.000          SEGMENT_3_OBUF (SEGMENT<3>)
    ----------------------------------------
    Total                      7.230ns (1.033ns logic, 6.197ns route)
                                       (14.3% logic, 85.7% route)

=========================================================================
Timing constraint: Default OFFSET OUT AFTER for Clock 'clk_100mhz'
  Total number of paths / destination ports: 4850 / 17
-------------------------------------------------------------------------
Offset:              5.453ns (Levels of Logic = 15)
  Source:            U9/SW_OK_5 (FF)
  Destination:       SEGMENT<6> (PAD)
  Source Clock:      clk_100mhz rising

  Data Path: U9/SW_OK_5 to SEGMENT<6>
                                Gate     Net
    Cell:in->out      fanout   Delay   Delay  Logical Name (Net Name)
    ----------------------------------------  ------------
     FDE:C->Q            100   0.236   0.547  SW_OK_5 (SW_OK<5>)
     end scope: 'U9:SW_OK<5>'
     begin scope: 'U4:SW<5>'
     LUT6:I4->O            3   0.043   0.534  Mmux_Cpu_data4bus281 (Cpu_data4bus<5>)
     end scope: 'U4:Cpu_data4bus<5>'
     begin scope: 'U5:data6<5>'
     LUT6:I2->O            1   0.043   0.000  MUX1_DispData/Mmux_o_327 (MUX1_DispData/Mmux_o_327)
     MUXF7:I1->O          15   0.178   0.483  MUX1_DispData/Mmux_o_2_f7_26 (Disp_num<5>)
     end scope: 'U5:Disp_num<5>'
     begin scope: 'U61:Hexs<5>'
     LUT6:I4->O            1   0.043   0.000  M2/Mmux_Hexo_41 (M2/Mmux_Hexo_41)
     MUXF7:I0->O          11   0.176   0.395  M2/Mmux_Hexo_2_f7_0 (Hex<1>)
     INV:I->O              8   0.054   0.642  M1/XLXI_3 (M1/XLXN_62)
     AND3:I1->O            1   0.043   0.613  M1/XLXI_35 (M1/XLXN_172)
     OR3:I0->O             1   0.043   0.603  M1/XLXI_36 (M1/XLXN_212)
     OR2:I1->O             1   0.043   0.350  M1/XLXI_51 (SEG_TXT<4>)
     LUT3:I2->O            1   0.043   0.339  MUXHM/Mmux_o5 (SEGMENT<4>)
     end scope: 'U61:SEGMENT<4>'
     OBUF:I->O                 0.000          SEGMENT_4_OBUF (SEGMENT<4>)
    ----------------------------------------
    Total                      5.453ns (0.945ns logic, 4.508ns route)
                                       (17.3% logic, 82.7% route)

=========================================================================

Cross Clock Domains Report:
--------------------------

Clock to Setup on destination clock Clk_CPU
---------------+---------+---------+---------+---------+
               | Src:Rise| Src:Fall| Src:Rise| Src:Fall|
Source Clock   |Dest:Rise|Dest:Rise|Dest:Fall|Dest:Fall|
---------------+---------+---------+---------+---------+
Clk_CPU        |    8.251|         |         |         |
IO_clk         |         |    0.693|         |         |
U8/clkdiv_6    |    0.824|         |         |         |
clk_100mhz     |    1.373|         |         |         |
---------------+---------+---------+---------+---------+

Clock to Setup on destination clock IO_clk
---------------+---------+---------+---------+---------+
               | Src:Rise| Src:Fall| Src:Rise| Src:Fall|
Source Clock   |Dest:Rise|Dest:Rise|Dest:Fall|Dest:Fall|
---------------+---------+---------+---------+---------+
Clk_CPU        |    2.760|         |    2.667|         |
IO_clk         |    1.876|    0.638|         |         |
U8/clkdiv_6    |    1.237|         |         |         |
clk_100mhz     |    1.719|         |    1.543|         |
---------------+---------+---------+---------+---------+

Clock to Setup on destination clock M4/push
---------------+---------+---------+---------+---------+
               | Src:Rise| Src:Fall| Src:Rise| Src:Fall|
Source Clock   |Dest:Rise|Dest:Rise|Dest:Fall|Dest:Fall|
---------------+---------+---------+---------+---------+
M4/push        |    1.069|         |         |         |
U9/clk1        |    0.818|         |         |         |
clk_100mhz     |    1.340|         |         |         |
---------------+---------+---------+---------+---------+

Clock to Setup on destination clock U8/clkdiv_6
---------------+---------+---------+---------+---------+
               | Src:Rise| Src:Fall| Src:Rise| Src:Fall|
Source Clock   |Dest:Rise|Dest:Rise|Dest:Fall|Dest:Fall|
---------------+---------+---------+---------+---------+
IO_clk         |    1.903|         |         |         |
U8/clkdiv_6    |    1.958|         |         |         |
clk_100mhz     |    1.621|         |         |         |
---------------+---------+---------+---------+---------+

Clock to Setup on destination clock U9/clk1
---------------+---------+---------+---------+---------+
               | Src:Rise| Src:Fall| Src:Rise| Src:Fall|
Source Clock   |Dest:Rise|Dest:Rise|Dest:Fall|Dest:Fall|
---------------+---------+---------+---------+---------+
U9/clk1        |    2.152|         |         |         |
clk_100mhz     |    1.292|         |         |         |
---------------+---------+---------+---------+---------+

Clock to Setup on destination clock clk_100mhz
---------------+---------+---------+---------+---------+
               | Src:Rise| Src:Fall| Src:Rise| Src:Fall|
Source Clock   |Dest:Rise|Dest:Rise|Dest:Fall|Dest:Fall|
---------------+---------+---------+---------+---------+
Clk_CPU        |    6.601|         |         |         |
IO_clk         |    4.164|    4.820|         |         |
M4/push        |    1.928|         |         |         |
U8/clkdiv_6    |    4.945|         |         |         |
U9/clk1        |    1.100|         |         |         |
clk_100mhz     |    4.937|         |         |         |
---------------+---------+---------+---------+---------+

=========================================================================


Total REAL time to Xst completion: 12.00 secs
Total CPU time to Xst completion: 12.66 secs
 
--> 

Total memory usage is 433388 kilobytes

Number of errors   :    0 (   0 filtered)
Number of warnings :   27 (   0 filtered)
Number of infos    :   23 (   0 filtered)

