--------------------------------------------------------------------------------
Release 14.7 Trace  (nt64)
Copyright (c) 1995-2013 Xilinx, Inc.  All rights reserved.

C:\Xilinx\14.7\ISE_DS\ISE\bin\nt64\unwrapped\trce.exe -intstyle ise -v 3 -s 2L
-n 3 -fastpaths -xml SOCMF.twx SOCMF.ncd -o SOCMF.twr SOCMF.pcf -ucf
SOC-Sword.ucf

Design file:              SOCMF.ncd
Physical constraint file: SOCMF.pcf
Device,package,speed:     xc7k160t,ffg676,C,-2L (PRODUCTION 1.10 2013-10-13)
Report level:             verbose report

Environment Variable      Effect 
--------------------      ------ 
NONE                      No environment variables were set
--------------------------------------------------------------------------------

INFO:Timing:3412 - To improve timing, see the Timing Closure User Guide (UG612).
INFO:Timing:2752 - To get complete path coverage, use the unconstrained paths 
   option. All paths that are not constrained will be reported in the 
   unconstrained paths section(s) of the report.
INFO:Timing:3339 - The clock-to-out numbers in this timing report are based on 
   a 50 Ohm transmission line loading model.  For the details of this model, 
   and for more information on accounting for different loading conditions, 
   please see the device datasheet.

================================================================================
Timing constraint: TS_CLK_100M = PERIOD TIMEGRP "TM_CLK" 10 ns HIGH 50%;
For more information, see Period Analysis in the Timing Closure User Guide (UG612).

 5103 paths analyzed, 501 endpoints analyzed, 0 failing endpoints
 0 timing errors detected. (0 setup errors, 0 hold errors, 0 component switching limit errors)
 Minimum period is   3.781ns.
--------------------------------------------------------------------------------

Paths for end point U9/CR (SLICE_X11Y48.A3), 1 path
--------------------------------------------------------------------------------
Slack (setup path):     6.219ns (requirement - (data path - clock path skew + uncertainty))
  Source:               U9/RSTN_temp (FF)
  Destination:          U9/CR (FF)
  Requirement:          10.000ns
  Data Path Delay:      3.635ns (Levels of Logic = 2)
  Clock Path Skew:      -0.111ns (1.048 - 1.159)
  Source Clock:         clk_100mhz_BUFGP rising at 0.000ns
  Destination Clock:    clk_100mhz_BUFGP rising at 10.000ns
  Clock Uncertainty:    0.035ns

  Clock Uncertainty:          0.035ns  ((TSJ^2 + TIJ^2)^1/2 + DJ) / 2 + PE
    Total System Jitter (TSJ):  0.070ns
    Total Input Jitter (TIJ):   0.000ns
    Discrete Jitter (DJ):       0.000ns
    Phase Error (PE):           0.000ns

  Maximum Data Path at Slow Process Corner: U9/RSTN_temp to U9/CR
    Location             Delay type         Delay(ns)  Physical Resource
                                                       Logical Resource(s)
    -------------------------------------------------  -------------------
    SLICE_X100Y34.BQ     Tcko                  0.223   U9/RSTN_temp
                                                       U9/RSTN_temp
    SLICE_X88Y55.B1      net (fanout=55)       1.172   U9/RSTN_temp
    SLICE_X88Y55.B       Tilo                  0.043   SW_OK<2>
                                                       U9/_n0243_inv1_cepot_rstpot
    SLICE_X11Y48.A3      net (fanout=17)       2.188   U9/_n0243_inv1_cepot_rstpot
    SLICE_X11Y48.CLK     Tas                   0.009   CR_OBUF
                                                       U9/CR_dpot1
                                                       U9/CR
    -------------------------------------------------  ---------------------------
    Total                                      3.635ns (0.275ns logic, 3.360ns route)
                                                       (7.6% logic, 92.4% route)

--------------------------------------------------------------------------------

Paths for end point U6/P7SEG/S_0_1 (SLICE_X36Y72.CE), 1 path
--------------------------------------------------------------------------------
Slack (setup path):     6.228ns (requirement - (data path - clock path skew + uncertainty))
  Source:               U9/rst (FF)
  Destination:          U6/P7SEG/S_0_1 (FF)
  Requirement:          10.000ns
  Data Path Delay:      3.393ns (Levels of Logic = 1)
  Clock Path Skew:      -0.344ns (0.987 - 1.331)
  Source Clock:         clk_100mhz_BUFGP rising at 0.000ns
  Destination Clock:    clk_100mhz_BUFGP rising at 10.000ns
  Clock Uncertainty:    0.035ns

  Clock Uncertainty:          0.035ns  ((TSJ^2 + TIJ^2)^1/2 + DJ) / 2 + PE
    Total System Jitter (TSJ):  0.070ns
    Total Input Jitter (TIJ):   0.000ns
    Discrete Jitter (DJ):       0.000ns
    Phase Error (PE):           0.000ns

  Maximum Data Path at Slow Process Corner: U9/rst to U6/P7SEG/S_0_1
    Location             Delay type         Delay(ns)  Physical Resource
                                                       Logical Resource(s)
    -------------------------------------------------  -------------------
    SLICE_X98Y34.DQ      Tcko                  0.259   rst
                                                       U9/rst
    SLICE_X36Y72.A2      net (fanout=219)      2.679   rst
    SLICE_X36Y72.A       Tilo                  0.043   U6/P7SEG/S_0_1
                                                       U6/P7SEG/rst_inv1_INV_0
    SLICE_X36Y72.CE      net (fanout=3)        0.211   U6/P7SEG/rst_inv
    SLICE_X36Y72.CLK     Tceck                 0.201   U6/P7SEG/S_0_1
                                                       U6/P7SEG/S_0_1
    -------------------------------------------------  ---------------------------
    Total                                      3.393ns (0.503ns logic, 2.890ns route)
                                                       (14.8% logic, 85.2% route)

--------------------------------------------------------------------------------

Paths for end point U6/P7SEG/S_0 (SLICE_X39Y72.CE), 1 path
--------------------------------------------------------------------------------
Slack (setup path):     6.230ns (requirement - (data path - clock path skew + uncertainty))
  Source:               U9/rst (FF)
  Destination:          U6/P7SEG/S_0 (FF)
  Requirement:          10.000ns
  Data Path Delay:      3.390ns (Levels of Logic = 1)
  Clock Path Skew:      -0.345ns (0.986 - 1.331)
  Source Clock:         clk_100mhz_BUFGP rising at 0.000ns
  Destination Clock:    clk_100mhz_BUFGP rising at 10.000ns
  Clock Uncertainty:    0.035ns

  Clock Uncertainty:          0.035ns  ((TSJ^2 + TIJ^2)^1/2 + DJ) / 2 + PE
    Total System Jitter (TSJ):  0.070ns
    Total Input Jitter (TIJ):   0.000ns
    Discrete Jitter (DJ):       0.000ns
    Phase Error (PE):           0.000ns

  Maximum Data Path at Slow Process Corner: U9/rst to U6/P7SEG/S_0
    Location             Delay type         Delay(ns)  Physical Resource
                                                       Logical Resource(s)
    -------------------------------------------------  -------------------
    SLICE_X98Y34.DQ      Tcko                  0.259   rst
                                                       U9/rst
    SLICE_X36Y72.A2      net (fanout=219)      2.679   rst
    SLICE_X36Y72.A       Tilo                  0.043   U6/P7SEG/S_0_1
                                                       U6/P7SEG/rst_inv1_INV_0
    SLICE_X39Y72.CE      net (fanout=3)        0.208   U6/P7SEG/rst_inv
    SLICE_X39Y72.CLK     Tceck                 0.201   U6/P7SEG/S<1>
                                                       U6/P7SEG/S_0
    -------------------------------------------------  ---------------------------
    Total                                      3.390ns (0.503ns logic, 2.887ns route)
                                                       (14.8% logic, 85.2% route)

--------------------------------------------------------------------------------

Hold Paths: TS_CLK_100M = PERIOD TIMEGRP "TM_CLK" 10 ns HIGH 50%;
--------------------------------------------------------------------------------

Paths for end point U6/P7SEG/state_FSM_FFd1 (SLICE_X38Y73.A6), 1 path
--------------------------------------------------------------------------------
Slack (hold path):      0.158ns (requirement - (clock path skew + uncertainty - data path))
  Source:               U6/P7SEG/Go_1 (FF)
  Destination:          U6/P7SEG/state_FSM_FFd1 (FF)
  Requirement:          0.000ns
  Data Path Delay:      0.169ns (Levels of Logic = 1)
  Clock Path Skew:      0.011ns (0.064 - 0.053)
  Source Clock:         clk_100mhz_BUFGP rising at 10.000ns
  Destination Clock:    clk_100mhz_BUFGP rising at 10.000ns
  Clock Uncertainty:    0.000ns

  Minimum Data Path at Fast Process Corner: U6/P7SEG/Go_1 to U6/P7SEG/state_FSM_FFd1
    Location             Delay type         Delay(ns)  Physical Resource
                                                       Logical Resource(s)
    -------------------------------------------------  -------------------
    SLICE_X40Y73.BQ      Tcko                  0.118   U6/P7SEG/Go<1>
                                                       U6/P7SEG/Go_1
    SLICE_X38Y73.A6      net (fanout=4)        0.110   U6/P7SEG/Go<1>
    SLICE_X38Y73.CLK     Tah         (-Th)     0.059   U6/P7SEG/state_FSM_FFd1
                                                       U6/P7SEG/state_FSM_FFd1-In1
                                                       U6/P7SEG/state_FSM_FFd1
    -------------------------------------------------  ---------------------------
    Total                                      0.169ns (0.059ns logic, 0.110ns route)
                                                       (34.9% logic, 65.1% route)

--------------------------------------------------------------------------------

Paths for end point U6/P7SEG/EN (SLICE_X38Y72.A6), 1 path
--------------------------------------------------------------------------------
Slack (hold path):      0.163ns (requirement - (clock path skew + uncertainty - data path))
  Source:               U6/P7SEG/Go_1 (FF)
  Destination:          U6/P7SEG/EN (FF)
  Requirement:          0.000ns
  Data Path Delay:      0.176ns (Levels of Logic = 1)
  Clock Path Skew:      0.013ns (0.066 - 0.053)
  Source Clock:         clk_100mhz_BUFGP rising at 10.000ns
  Destination Clock:    clk_100mhz_BUFGP rising at 10.000ns
  Clock Uncertainty:    0.000ns

  Minimum Data Path at Fast Process Corner: U6/P7SEG/Go_1 to U6/P7SEG/EN
    Location             Delay type         Delay(ns)  Physical Resource
                                                       Logical Resource(s)
    -------------------------------------------------  -------------------
    SLICE_X40Y73.BQ      Tcko                  0.118   U6/P7SEG/Go<1>
                                                       U6/P7SEG/Go_1
    SLICE_X38Y72.A6      net (fanout=4)        0.117   U6/P7SEG/Go<1>
    SLICE_X38Y72.CLK     Tah         (-Th)     0.059   SEGEN_OBUF
                                                       U6/P7SEG/state[1]_Go[1]_Select_16_o1
                                                       U6/P7SEG/EN
    -------------------------------------------------  ---------------------------
    Total                                      0.176ns (0.059ns logic, 0.117ns route)
                                                       (33.5% logic, 66.5% route)

--------------------------------------------------------------------------------

Paths for end point U6/P7SEG/S_0 (SLICE_X39Y72.A6), 1 path
--------------------------------------------------------------------------------
Slack (hold path):      0.182ns (requirement - (clock path skew + uncertainty - data path))
  Source:               U6/P7SEG/S_0_1 (FF)
  Destination:          U6/P7SEG/S_0 (FF)
  Requirement:          0.000ns
  Data Path Delay:      0.210ns (Levels of Logic = 1)
  Clock Path Skew:      0.028ns (0.316 - 0.288)
  Source Clock:         clk_100mhz_BUFGP rising at 10.000ns
  Destination Clock:    clk_100mhz_BUFGP rising at 10.000ns
  Clock Uncertainty:    0.000ns

  Minimum Data Path at Fast Process Corner: U6/P7SEG/S_0_1 to U6/P7SEG/S_0
    Location             Delay type         Delay(ns)  Physical Resource
                                                       Logical Resource(s)
    -------------------------------------------------  -------------------
    SLICE_X36Y72.AQ      Tcko                  0.100   U6/P7SEG/S_0_1
                                                       U6/P7SEG/S_0_1
    SLICE_X39Y72.A6      net (fanout=1)        0.142   U6/P7SEG/S_0_1
    SLICE_X39Y72.CLK     Tah         (-Th)     0.032   U6/P7SEG/S<1>
                                                       U6/P7SEG/state[1]_PWR_13_o_select_17_OUT<0>1
                                                       U6/P7SEG/S_0
    -------------------------------------------------  ---------------------------
    Total                                      0.210ns (0.068ns logic, 0.142ns route)
                                                       (32.4% logic, 67.6% route)

--------------------------------------------------------------------------------

Component Switching Limit Checks: TS_CLK_100M = PERIOD TIMEGRP "TM_CLK" 10 ns HIGH 50%;
--------------------------------------------------------------------------------
Slack: 8.161ns (period - min period limit)
  Period: 10.000ns
  Min period limit: 1.839ns (543.774MHz) (Trper_CLKA)
  Physical resource: U3/U0/xst_blk_mem_generator/gnativebmg.native_blk_mem_gen/valid.cstr/ramloop[0].ram.r/v6_init.ram/NO_BMM_INFO.SP.SIMPLE_PRIM36.ram/CLKARDCLKL
  Logical resource: U3/U0/xst_blk_mem_generator/gnativebmg.native_blk_mem_gen/valid.cstr/ramloop[0].ram.r/v6_init.ram/NO_BMM_INFO.SP.SIMPLE_PRIM36.ram/CLKARDCLKL
  Location pin: RAMB36_X2Y9.CLKARDCLKL
  Clock network: clk_100mhz_BUFGP
--------------------------------------------------------------------------------
Slack: 8.161ns (period - min period limit)
  Period: 10.000ns
  Min period limit: 1.839ns (543.774MHz) (Trper_CLKA)
  Physical resource: U3/U0/xst_blk_mem_generator/gnativebmg.native_blk_mem_gen/valid.cstr/ramloop[0].ram.r/v6_init.ram/NO_BMM_INFO.SP.SIMPLE_PRIM36.ram/CLKARDCLKU
  Logical resource: U3/U0/xst_blk_mem_generator/gnativebmg.native_blk_mem_gen/valid.cstr/ramloop[0].ram.r/v6_init.ram/NO_BMM_INFO.SP.SIMPLE_PRIM36.ram/CLKARDCLKU
  Location pin: RAMB36_X2Y9.CLKARDCLKU
  Clock network: clk_100mhz_BUFGP
--------------------------------------------------------------------------------
Slack: 8.161ns (period - min period limit)
  Period: 10.000ns
  Min period limit: 1.839ns (543.774MHz) (Trper_CLKB)
  Physical resource: U3/U0/xst_blk_mem_generator/gnativebmg.native_blk_mem_gen/valid.cstr/ramloop[0].ram.r/v6_init.ram/NO_BMM_INFO.SP.SIMPLE_PRIM36.ram/CLKBWRCLKL
  Logical resource: U3/U0/xst_blk_mem_generator/gnativebmg.native_blk_mem_gen/valid.cstr/ramloop[0].ram.r/v6_init.ram/NO_BMM_INFO.SP.SIMPLE_PRIM36.ram/CLKBWRCLKL
  Location pin: RAMB36_X2Y9.CLKBWRCLKL
  Clock network: clk_100mhz_BUFGP
--------------------------------------------------------------------------------


All constraints were met.


Data Sheet report:
-----------------
All values displayed in nanoseconds (ns)

Clock to Setup on destination clock clk_100mhz
---------------+---------+---------+---------+---------+
               | Src:Rise| Src:Fall| Src:Rise| Src:Fall|
Source Clock   |Dest:Rise|Dest:Rise|Dest:Fall|Dest:Fall|
---------------+---------+---------+---------+---------+
clk_100mhz     |    3.781|         |         |         |
---------------+---------+---------+---------+---------+


Timing summary:
---------------

Timing errors: 0  Score: 0  (Setup/Max: 0, Hold: 0)

Constraints cover 5103 paths, 0 nets, and 650 connections

Design statistics:
   Minimum period:   3.781ns{1}   (Maximum frequency: 264.480MHz)


------------------------------------Footnotes-----------------------------------
1)  The minimum period statistic assumes all single cycle delays.

Analysis completed Fri Jun 08 16:48:15 2018 
--------------------------------------------------------------------------------

Trace Settings:
-------------------------
Trace Settings 

Peak Memory Usage: 794 MB



