Running: D:\ISE\ise\14.7\ISE_DS\ISE\bin\nt64\unwrapped\fuse.exe -intstyle ise -incremental -lib unisims_ver -lib unimacro_ver -lib xilinxcorelib_ver -lib secureip -o C:/Users/asus/Desktop/Computer_Organization/Lab/Lab1&2/Project_File/Lab2/Oexp02_I0/HexTo8SEG_Test_isim_beh.exe -prj C:/Users/asus/Desktop/Computer_Organization/Lab/Lab1&2/Project_File/Lab2/Oexp02_I0/HexTo8SEG_Test_beh.prj work.HexTo8SEG_Test work.glbl 
ISim P.20131013 (signature 0x7708f090)
Number of CPUs detected in this system: 4
Turning on mult-threading, number of parallel sub-compilation jobs: 8 
Determining compilation order of HDL files
Analyzing Verilog file "C:/Users/asus/Desktop/Computer_Organization/Lab/Lab1&2/Project_File/Lab2/Oexp02_I0/MC14495.vf" into library work
Analyzing Verilog file "C:/Users/asus/Desktop/Computer_Organization/Lab/Lab1&2/Project_File/Lab2/Oexp02_I0/HexTo8SEG.v" into library work
Analyzing Verilog file "C:/Users/asus/Desktop/Computer_Organization/Lab/Lab1&2/Project_File/Lab2/Oexp02_I0/HexTo8SEG_Test.v" into library work
Analyzing Verilog file "D:/ISE/ise/14.7/ISE_DS/ISE//verilog/src/glbl.v" into library work
Starting static elaboration
Completed static elaboration
Compiling module INV
Compiling module AND4
Compiling module OR4
Compiling module AND3
Compiling module OR3
Compiling module AND2
Compiling module OR2
Compiling module MC14495
Compiling module Hex2Seg
Compiling module HexTo8SEG
Compiling module HexTo8SEG_Test
Compiling module glbl
Time Resolution for simulation is 1ps.
Waiting for 5 sub-compilation(s) to finish...
Compiled 12 Verilog Units
Built simulation executable C:/Users/asus/Desktop/Computer_Organization/Lab/Lab1&2/Project_File/Lab2/Oexp02_I0/HexTo8SEG_Test_isim_beh.exe
Fuse Memory Usage: 27180 KB
Fuse CPU Usage: 437 ms
