Release 14.7 - xst P.20131013 (nt64)
Copyright (c) 1995-2013 Xilinx, Inc.  All rights reserved.
--> Parameter TMPDIR set to xst/projnav.tmp


Total REAL time to Xst completion: 0.00 secs
Total CPU time to Xst completion: 0.31 secs
 
--> Parameter xsthdpdir set to xst


Total REAL time to Xst completion: 0.00 secs
Total CPU time to Xst completion: 0.31 secs
 
--> Reading design: Oexp02_IO.prj

TABLE OF CONTENTS
  1) Synthesis Options Summary
  2) HDL Parsing
  3) HDL Elaboration
  4) HDL Synthesis
       4.1) HDL Synthesis Report
  5) Advanced HDL Synthesis
       5.1) Advanced HDL Synthesis Report
  6) Low Level Synthesis
  7) Partition Report
  8) Design Summary
       8.1) Primitive and Black Box Usage
       8.2) Device utilization summary
       8.3) Partition Resource Summary
       8.4) Timing Report
            8.4.1) Clock Information
            8.4.2) Asynchronous Control Signals Information
            8.4.3) Timing Summary
            8.4.4) Timing Details
            8.4.5) Cross Clock Domains Report


=========================================================================
*                      Synthesis Options Summary                        *
=========================================================================
---- Source Parameters
Input File Name                    : "Oexp02_IO.prj"
Ignore Synthesis Constraint File   : NO

---- Target Parameters
Output File Name                   : "Oexp02_IO"
Output Format                      : NGC
Target Device                      : xc7k160t-2L-ffg676

---- Source Options
Top Module Name                    : Oexp02_IO
Automatic FSM Extraction           : YES
FSM Encoding Algorithm             : Auto
Safe Implementation                : No
FSM Style                          : LUT
RAM Extraction                     : Yes
RAM Style                          : Auto
ROM Extraction                     : Yes
Shift Register Extraction          : YES
ROM Style                          : Auto
Resource Sharing                   : YES
Asynchronous To Synchronous        : NO
Shift Register Minimum Size        : 2
Use DSP Block                      : Auto
Automatic Register Balancing       : No

---- Target Options
LUT Combining                      : Auto
Reduce Control Sets                : Auto
Add IO Buffers                     : YES
Global Maximum Fanout              : 100000
Add Generic Clock Buffer(BUFG)     : 32
Register Duplication               : YES
Optimize Instantiated Primitives   : NO
Use Clock Enable                   : Auto
Use Synchronous Set                : Auto
Use Synchronous Reset              : Auto
Pack IO Registers into IOBs        : Auto
Equivalent register Removal        : YES

---- General Options
Optimization Goal                  : Speed
Optimization Effort                : 1
Power Reduction                    : NO
Keep Hierarchy                     : No
Netlist Hierarchy                  : As_Optimized
RTL Output                         : Yes
Global Optimization                : AllClockNets
Read Cores                         : YES
Write Timing Constraints           : NO
Cross Clock Analysis               : NO
Hierarchy Separator                : /
Bus Delimiter                      : <>
Case Specifier                     : Maintain
Slice Utilization Ratio            : 100
BRAM Utilization Ratio             : 100
DSP48 Utilization Ratio            : 100
Auto BRAM Packing                  : NO
Slice Utilization Ratio Delta      : 5

---- Other Options
Cores Search Directories           : {"ipcore_dir"  }

=========================================================================


=========================================================================
*                          HDL Parsing                                  *
=========================================================================
Analyzing Verilog file "C:\Users\asus\Desktop\Computer_Organization\Lab\Lab3\OexpExp03_IP2SOC\MUX4T1.vf" into library work
Parsing module <MUX4T1>.
Analyzing Verilog file "C:\Users\asus\Desktop\Computer_Organization\Lab\Lab3\OexpExp03_IP2SOC\MUX8T1_8.vf" into library work
Parsing module <MUX4T1_MUSER_MUX8T1_8>.
Parsing module <MUX8T1_8>.
Analyzing Verilog file "C:\Users\asus\Desktop\Computer_Organization\Lab\Lab3\OexpExp03_IP2SOC\MC14495.vf" into library work
Parsing module <MC14495>.
Analyzing Verilog file "C:\Users\asus\Desktop\Computer_Organization\Lab\Lab3\OexpExp03_IP2SOC\SSeg_map.v" into library work
Parsing module <SSeg_map>.
Analyzing Verilog file "C:\Users\asus\Desktop\Computer_Organization\Lab\Lab3\OexpExp03_IP2SOC\Seg_map.v" into library work
Parsing module <Seg_map>.
Analyzing Verilog file "C:\Users\asus\Desktop\Computer_Organization\Lab\Lab3\OexpExp03_IP2SOC\Scansync.v" into library work
Parsing module <Scansync>.
Analyzing Verilog file "C:\Users\asus\Desktop\Computer_Organization\Lab\Lab3\OexpExp03_IP2SOC\P2S_IO.v" into library work
Parsing module <P2S>.
Analyzing Verilog file "C:\Users\asus\Desktop\Computer_Organization\Lab\Lab3\OexpExp03_IP2SOC\MUX8T1_32.vf" into library work
Parsing module <MUX4T1_MUSER_MUX8T1_32>.
Parsing module <MUX8T1_8_MUSER_MUX8T1_32>.
Parsing module <MUX8T1_32>.
Analyzing Verilog file "C:\Users\asus\Desktop\Computer_Organization\Lab\Lab3\OexpExp03_IP2SOC\MUX2T1_8.v" into library work
Parsing module <MUX2T1_8>.
Analyzing Verilog file "C:\Users\asus\Desktop\Computer_Organization\Lab\Lab3\OexpExp03_IP2SOC\MUX2T1_64.v" into library work
Parsing module <MUX2T1_64>.
Analyzing Verilog file "C:\Users\asus\Desktop\Computer_Organization\Lab\Lab3\OexpExp03_IP2SOC\LEDP2S_IO.v" into library work
Parsing module <LEDP2S>.
Analyzing Verilog file "C:\Users\asus\Desktop\Computer_Organization\Lab\Lab3\OexpExp03_IP2SOC\HexTo8SEG.v" into library work
Parsing module <HexTo8SEG>.
Parsing module <Hex2Seg>.
Analyzing Verilog file "C:\Users\asus\Desktop\Computer_Organization\Lab\Lab3\OexpExp03_IP2SOC\SEnter_2_32_IO.v" into library work
Parsing module <SEnter_2_32>.
Analyzing Verilog file "C:\Users\asus\Desktop\Computer_Organization\Lab\Lab3\OexpExp03_IP2SOC\Seg7_Dev.v" into library work
Parsing module <Seg7_Dev>.
Analyzing Verilog file "C:\Users\asus\Desktop\Computer_Organization\Lab\Lab3\OexpExp03_IP2SOC\SCPU.v" into library work
Parsing module <SCPU>.
Analyzing Verilog file "C:\Users\asus\Desktop\Computer_Organization\Lab\Lab3\OexpExp03_IP2SOC\SAnti_jitter_IO.v" into library work
Parsing module <SAnti_jitter>.
Analyzing Verilog file "C:\Users\asus\Desktop\Computer_Organization\Lab\Lab3\OexpExp03_IP2SOC\PIO_IO.v" into library work
Parsing module <PIO>.
Analyzing Verilog file "C:\Users\asus\Desktop\Computer_Organization\Lab\Lab3\OexpExp03_IP2SOC\Multi_8CH32.v" into library work
Parsing module <Multi_8CH32>.
Analyzing Verilog file "C:\Users\asus\Desktop\Computer_Organization\Lab\Lab3\OexpExp03_IP2SOC\MIO_BUS_IO.v" into library work
Parsing module <MIO_BUS>.
Analyzing Verilog file "C:\Users\asus\Desktop\Computer_Organization\Lab\Lab3\OexpExp03_IP2SOC\ipcore_dir\ROM_D.v" into library work
Parsing module <ROM_D>.
Analyzing Verilog file "C:\Users\asus\Desktop\Computer_Organization\Lab\Lab3\OexpExp03_IP2SOC\ipcore_dir\RAM_B.v" into library work
Parsing module <RAM_B>.
Analyzing Verilog file "C:\Users\asus\Desktop\Computer_Organization\Lab\Lab3\OexpExp03_IP2SOC\GPIO.v" into library work
Parsing module <GPIO>.
Analyzing Verilog file "C:\Users\asus\Desktop\Computer_Organization\Lab\Lab3\OexpExp03_IP2SOC\Display.v" into library work
Parsing module <Display>.
Analyzing Verilog file "C:\Users\asus\Desktop\Computer_Organization\Lab\Lab3\OexpExp03_IP2SOC\Counter_3_IO.v" into library work
Parsing module <Counter>.
Analyzing Verilog file "C:\Users\asus\Desktop\Computer_Organization\Lab\Lab3\OexpExp03_IP2SOC\clk_div.v" into library work
Parsing module <clk_div>.
Analyzing Verilog file "C:\Users\asus\Desktop\Computer_Organization\Lab\Lab3\OexpExp03_IP2SOC\Oexp02_IO.vf" into library work
Parsing module <Oexp02_IO>.

=========================================================================
*                            HDL Elaboration                            *
=========================================================================

Elaborating module <Oexp02_IO>.

Elaborating module <SEnter_2_32>.
WARNING:HDLCompiler:1499 - "C:\Users\asus\Desktop\Computer_Organization\Lab\Lab3\OexpExp03_IP2SOC\SEnter_2_32_IO.v" Line 21: Empty module <SEnter_2_32> remains a black box.
WARNING:HDLCompiler:1127 - "C:\Users\asus\Desktop\Computer_Organization\Lab\Lab3\OexpExp03_IP2SOC\Oexp02_IO.vf" Line 112: Assignment to Ai ignored, since the identifier is never used
WARNING:HDLCompiler:1127 - "C:\Users\asus\Desktop\Computer_Organization\Lab\Lab3\OexpExp03_IP2SOC\Oexp02_IO.vf" Line 113: Assignment to Bi ignored, since the identifier is never used
WARNING:HDLCompiler:1127 - "C:\Users\asus\Desktop\Computer_Organization\Lab\Lab3\OexpExp03_IP2SOC\Oexp02_IO.vf" Line 114: Assignment to blink ignored, since the identifier is never used

Elaborating module <SCPU>.
WARNING:HDLCompiler:1499 - "C:\Users\asus\Desktop\Computer_Organization\Lab\Lab3\OexpExp03_IP2SOC\SCPU.v" Line 21: Empty module <SCPU> remains a black box.

Elaborating module <ROM_D>.
WARNING:HDLCompiler:1499 - "C:\Users\asus\Desktop\Computer_Organization\Lab\Lab3\OexpExp03_IP2SOC\ipcore_dir\ROM_D.v" Line 39: Empty module <ROM_D> remains a black box.

Elaborating module <RAM_B>.
WARNING:HDLCompiler:1499 - "C:\Users\asus\Desktop\Computer_Organization\Lab\Lab3\OexpExp03_IP2SOC\ipcore_dir\RAM_B.v" Line 39: Empty module <RAM_B> remains a black box.

Elaborating module <MIO_BUS>.
WARNING:HDLCompiler:1499 - "C:\Users\asus\Desktop\Computer_Organization\Lab\Lab3\OexpExp03_IP2SOC\MIO_BUS_IO.v" Line 21: Empty module <MIO_BUS> remains a black box.

Elaborating module <Multi_8CH32>.

Elaborating module <MUX8T1_32>.

Elaborating module <MUX8T1_8_MUSER_MUX8T1_32>.

Elaborating module <MUX4T1_MUSER_MUX8T1_32>.

Elaborating module <INV>.

Elaborating module <AND2>.

Elaborating module <OR4>.

Elaborating module <OR2>.

Elaborating module <MUX8T1_8>.

Elaborating module <MUX4T1_MUSER_MUX8T1_8>.

Elaborating module <Display>.

Elaborating module <HexTo8SEG>.

Elaborating module <Hex2Seg>.

Elaborating module <MC14495>.

Elaborating module <AND4>.

Elaborating module <AND3>.

Elaborating module <OR3>.

Elaborating module <SSeg_map>.

Elaborating module <MUX2T1_64>.

Elaborating module <P2S>.
WARNING:HDLCompiler:1499 - "C:\Users\asus\Desktop\Computer_Organization\Lab\Lab3\OexpExp03_IP2SOC\P2S_IO.v" Line 21: Empty module <P2S> remains a black box.

Elaborating module <GPIO>.

Elaborating module <LEDP2S(DATA_BITS=16,DATA_COUNT_BITS=4,DIR=0)>.
WARNING:HDLCompiler:1499 - "C:\Users\asus\Desktop\Computer_Organization\Lab\Lab3\OexpExp03_IP2SOC\LEDP2S_IO.v" Line 21: Empty module <LEDP2S(DATA_BITS=16,DATA_COUNT_BITS=4,DIR=0)> remains a black box.

Elaborating module <clk_div>.

Elaborating module <SAnti_jitter>.
WARNING:HDLCompiler:1499 - "C:\Users\asus\Desktop\Computer_Organization\Lab\Lab3\OexpExp03_IP2SOC\SAnti_jitter_IO.v" Line 21: Empty module <SAnti_jitter> remains a black box.
WARNING:HDLCompiler:1127 - "C:\Users\asus\Desktop\Computer_Organization\Lab\Lab3\OexpExp03_IP2SOC\Oexp02_IO.vf" Line 216: Assignment to Pulse ignored, since the identifier is never used

Elaborating module <Counter>.
WARNING:HDLCompiler:1127 - "C:\Users\asus\Desktop\Computer_Organization\Lab\Lab3\OexpExp03_IP2SOC\Counter_3_IO.v" Line 43: Assignment to M2 ignored, since the identifier is never used
WARNING:HDLCompiler:634 - "C:\Users\asus\Desktop\Computer_Organization\Lab\Lab3\OexpExp03_IP2SOC\Counter_3_IO.v" Line 36: Net <counter1[32]> does not have a driver.

Elaborating module <Seg7_Dev>.

Elaborating module <Scansync>.

Elaborating module <Seg_map>.

Elaborating module <MUX2T1_8>.

Elaborating module <PIO>.
WARNING:HDLCompiler:1499 - "C:\Users\asus\Desktop\Computer_Organization\Lab\Lab3\OexpExp03_IP2SOC\PIO_IO.v" Line 21: Empty module <PIO> remains a black box.

Elaborating module <VCC>.

Elaborating module <GND>.

Elaborating module <BUF>.
WARNING:HDLCompiler:552 - "C:\Users\asus\Desktop\Computer_Organization\Lab\Lab3\OexpExp03_IP2SOC\Oexp02_IO.vf" Line 116: Input port MIO_ready is not connected on this instance

=========================================================================
*                           HDL Synthesis                               *
=========================================================================

Synthesizing Unit <Oexp02_IO>.
    Related source file is "C:\Users\asus\Desktop\Computer_Organization\Lab\Lab3\OexpExp03_IP2SOC\Oexp02_IO.vf".
INFO:Xst:3210 - "C:\Users\asus\Desktop\Computer_Organization\Lab\Lab3\OexpExp03_IP2SOC\Oexp02_IO.vf" line 107: Output port <Ai> of the instance <M4> is unconnected or connected to loadless signal.
INFO:Xst:3210 - "C:\Users\asus\Desktop\Computer_Organization\Lab\Lab3\OexpExp03_IP2SOC\Oexp02_IO.vf" line 107: Output port <Bi> of the instance <M4> is unconnected or connected to loadless signal.
INFO:Xst:3210 - "C:\Users\asus\Desktop\Computer_Organization\Lab\Lab3\OexpExp03_IP2SOC\Oexp02_IO.vf" line 107: Output port <blink> of the instance <M4> is unconnected or connected to loadless signal.
INFO:Xst:3210 - "C:\Users\asus\Desktop\Computer_Organization\Lab\Lab3\OexpExp03_IP2SOC\Oexp02_IO.vf" line 116: Output port <CPU_MIO> of the instance <U1> is unconnected or connected to loadless signal.
INFO:Xst:3210 - "C:\Users\asus\Desktop\Computer_Organization\Lab\Lab3\OexpExp03_IP2SOC\Oexp02_IO.vf" line 189: Output port <GPIOf0> of the instance <U7> is unconnected or connected to loadless signal.
INFO:Xst:3210 - "C:\Users\asus\Desktop\Computer_Organization\Lab\Lab3\OexpExp03_IP2SOC\Oexp02_IO.vf" line 206: Output port <pulse_out> of the instance <U9> is unconnected or connected to loadless signal.
INFO:Xst:3210 - "C:\Users\asus\Desktop\Computer_Organization\Lab\Lab3\OexpExp03_IP2SOC\Oexp02_IO.vf" line 239: Output port <counter_set> of the instance <U71> is unconnected or connected to loadless signal.
INFO:Xst:3210 - "C:\Users\asus\Desktop\Computer_Organization\Lab\Lab3\OexpExp03_IP2SOC\Oexp02_IO.vf" line 239: Output port <GPIOf0> of the instance <U71> is unconnected or connected to loadless signal.
    Summary:
	no macro.
Unit <Oexp02_IO> synthesized.

Synthesizing Unit <Multi_8CH32>.
    Related source file is "C:\Users\asus\Desktop\Computer_Organization\Lab\Lab3\OexpExp03_IP2SOC\Multi_8CH32.v".
WARNING:Xst:647 - Input <rst> is never used. This port will be preserved and left unconnected if it belongs to a top-level block or it belongs to a sub-block and the hierarchy of this sub-block is preserved.
    Found 8-bit register for signal <cpu_blink>.
    Found 8-bit register for signal <cpu_point>.
    Found 32-bit register for signal <disp_data>.
    Summary:
	inferred  48 D-type flip-flop(s).
	inferred   1 Multiplexer(s).
Unit <Multi_8CH32> synthesized.

Synthesizing Unit <MUX8T1_32>.
    Related source file is "C:\Users\asus\Desktop\Computer_Organization\Lab\Lab3\OexpExp03_IP2SOC\MUX8T1_32.vf".
    Summary:
	no macro.
Unit <MUX8T1_32> synthesized.

Synthesizing Unit <MUX8T1_8_MUSER_MUX8T1_32>.
    Related source file is "C:\Users\asus\Desktop\Computer_Organization\Lab\Lab3\OexpExp03_IP2SOC\MUX8T1_32.vf".
    Summary:
	no macro.
Unit <MUX8T1_8_MUSER_MUX8T1_32> synthesized.

Synthesizing Unit <MUX4T1_MUSER_MUX8T1_32>.
    Related source file is "C:\Users\asus\Desktop\Computer_Organization\Lab\Lab3\OexpExp03_IP2SOC\MUX8T1_32.vf".
    Summary:
	no macro.
Unit <MUX4T1_MUSER_MUX8T1_32> synthesized.

Synthesizing Unit <MUX8T1_8>.
    Related source file is "C:\Users\asus\Desktop\Computer_Organization\Lab\Lab3\OexpExp03_IP2SOC\MUX8T1_8.vf".
    Summary:
	no macro.
Unit <MUX8T1_8> synthesized.

Synthesizing Unit <MUX4T1_MUSER_MUX8T1_8>.
    Related source file is "C:\Users\asus\Desktop\Computer_Organization\Lab\Lab3\OexpExp03_IP2SOC\MUX8T1_8.vf".
    Summary:
	no macro.
Unit <MUX4T1_MUSER_MUX8T1_8> synthesized.

Synthesizing Unit <Display>.
    Related source file is "C:\Users\asus\Desktop\Computer_Organization\Lab\Lab3\OexpExp03_IP2SOC\Display.v".
    Summary:
	no macro.
Unit <Display> synthesized.

Synthesizing Unit <HexTo8SEG>.
    Related source file is "C:\Users\asus\Desktop\Computer_Organization\Lab\Lab3\OexpExp03_IP2SOC\HexTo8SEG.v".
    Summary:
	no macro.
Unit <HexTo8SEG> synthesized.

Synthesizing Unit <Hex2Seg>.
    Related source file is "C:\Users\asus\Desktop\Computer_Organization\Lab\Lab3\OexpExp03_IP2SOC\HexTo8SEG.v".
    Summary:
	no macro.
Unit <Hex2Seg> synthesized.

Synthesizing Unit <MC14495>.
    Related source file is "C:\Users\asus\Desktop\Computer_Organization\Lab\Lab3\OexpExp03_IP2SOC\MC14495.vf".
    Summary:
	no macro.
Unit <MC14495> synthesized.

Synthesizing Unit <SSeg_map>.
    Related source file is "C:\Users\asus\Desktop\Computer_Organization\Lab\Lab3\OexpExp03_IP2SOC\SSeg_map.v".
WARNING:Xst:647 - Input <Disp_num<63:32>> is never used. This port will be preserved and left unconnected if it belongs to a top-level block or it belongs to a sub-block and the hierarchy of this sub-block is preserved.
    Summary:
	no macro.
Unit <SSeg_map> synthesized.

Synthesizing Unit <MUX2T1_64>.
    Related source file is "C:\Users\asus\Desktop\Computer_Organization\Lab\Lab3\OexpExp03_IP2SOC\MUX2T1_64.v".
    Summary:
	inferred   1 Multiplexer(s).
Unit <MUX2T1_64> synthesized.

Synthesizing Unit <GPIO>.
    Related source file is "C:\Users\asus\Desktop\Computer_Organization\Lab\Lab3\OexpExp03_IP2SOC\GPIO.v".
    Found 2-bit register for signal <counter_set>.
    Found 16-bit register for signal <LED>.
    Found 14-bit register for signal <GPIOf0>.
    Summary:
	inferred  32 D-type flip-flop(s).
Unit <GPIO> synthesized.

Synthesizing Unit <clk_div>.
    Related source file is "C:\Users\asus\Desktop\Computer_Organization\Lab\Lab3\OexpExp03_IP2SOC\clk_div.v".
    Found 32-bit register for signal <clkdiv>.
    Found 32-bit adder for signal <clkdiv[31]_GND_30_o_add_0_OUT> created at line 33.
    Summary:
	inferred   1 Adder/Subtractor(s).
	inferred  32 D-type flip-flop(s).
	inferred   1 Multiplexer(s).
Unit <clk_div> synthesized.

Synthesizing Unit <Counter>.
    Related source file is "C:\Users\asus\Desktop\Computer_Organization\Lab\Lab3\OexpExp03_IP2SOC\Counter_3_IO.v".
WARNING:Xst:647 - Input <clk1> is never used. This port will be preserved and left unconnected if it belongs to a top-level block or it belongs to a sub-block and the hierarchy of this sub-block is preserved.
WARNING:Xst:647 - Input <clk2> is never used. This port will be preserved and left unconnected if it belongs to a top-level block or it belongs to a sub-block and the hierarchy of this sub-block is preserved.
WARNING:Xst:653 - Signal <counter1<32>> is used but never assigned. This sourceless signal will be automatically connected to value GND.
WARNING:Xst:653 - Signal <counter2<32>> is used but never assigned. This sourceless signal will be automatically connected to value GND.
    Found 24-bit register for signal <counter_Ctrl>.
    Found 33-bit register for signal <counter0>.
    Found 32-bit register for signal <counter0_Lock>.
    Found 1-bit register for signal <sq0>.
    Found 1-bit register for signal <M0>.
    Found 1-bit register for signal <clr0>.
    Found 33-bit subtractor for signal <counter0[32]_GND_32_o_sub_26_OUT> created at line 77.
    Found 33-bit 4-to-1 multiplexer for signal <counter_Ctrl[2]_counter0[32]_wide_mux_26_OUT> created at line 70.
    Found 1-bit comparator not equal for signal <n0017> created at line 76
    Summary:
	inferred   1 Adder/Subtractor(s).
	inferred  92 D-type flip-flop(s).
	inferred   1 Comparator(s).
	inferred   5 Multiplexer(s).
Unit <Counter> synthesized.

Synthesizing Unit <Seg7_Dev>.
    Related source file is "C:\Users\asus\Desktop\Computer_Organization\Lab\Lab3\OexpExp03_IP2SOC\Seg7_Dev.v".
    Summary:
	no macro.
Unit <Seg7_Dev> synthesized.

Synthesizing Unit <Scansync>.
    Related source file is "C:\Users\asus\Desktop\Computer_Organization\Lab\Lab3\OexpExp03_IP2SOC\Scansync.v".
    Found 8x4-bit Read Only RAM for signal <AN>
    Found 4-bit 8-to-1 multiplexer for signal <Hexo> created at line 14.
    Found 1-bit 8-to-1 multiplexer for signal <p> created at line 14.
    Found 1-bit 8-to-1 multiplexer for signal <LE> created at line 14.
    Summary:
	inferred   1 RAM(s).
	inferred   3 Multiplexer(s).
Unit <Scansync> synthesized.

Synthesizing Unit <Seg_map>.
    Related source file is "C:\Users\asus\Desktop\Computer_Organization\Lab\Lab3\OexpExp03_IP2SOC\Seg_map.v".
WARNING:Xst:647 - Input <Scan<2:2>> is never used. This port will be preserved and left unconnected if it belongs to a top-level block or it belongs to a sub-block and the hierarchy of this sub-block is preserved.
    Found 8-bit 4-to-1 multiplexer for signal <Seg_map> created at line 27.
    Summary:
	inferred   1 Multiplexer(s).
Unit <Seg_map> synthesized.

Synthesizing Unit <MUX2T1_8>.
    Related source file is "C:\Users\asus\Desktop\Computer_Organization\Lab\Lab3\OexpExp03_IP2SOC\MUX2T1_8.v".
    Summary:
	inferred   1 Multiplexer(s).
Unit <MUX2T1_8> synthesized.

=========================================================================
HDL Synthesis Report

Macro Statistics
# RAMs                                                 : 1
 8x4-bit single-port Read Only RAM                     : 1
# Adders/Subtractors                                   : 2
 32-bit adder                                          : 1
 33-bit subtractor                                     : 1
# Registers                                            : 13
 1-bit register                                        : 3
 14-bit register                                       : 1
 16-bit register                                       : 1
 2-bit register                                        : 1
 24-bit register                                       : 1
 32-bit register                                       : 3
 33-bit register                                       : 1
 8-bit register                                        : 2
# Comparators                                          : 1
 1-bit comparator not equal                            : 1
# Multiplexers                                         : 13
 1-bit 2-to-1 multiplexer                              : 1
 1-bit 8-to-1 multiplexer                              : 2
 32-bit 2-to-1 multiplexer                             : 1
 33-bit 2-to-1 multiplexer                             : 4
 33-bit 4-to-1 multiplexer                             : 1
 4-bit 8-to-1 multiplexer                              : 1
 64-bit 2-to-1 multiplexer                             : 1
 8-bit 2-to-1 multiplexer                              : 1
 8-bit 4-to-1 multiplexer                              : 1

=========================================================================

=========================================================================
*                       Advanced HDL Synthesis                          *
=========================================================================

Reading core <SAnti_jitter.ngc>.
Reading core <SEnter_2_32.ngc>.
Reading core <MIO_BUS.ngc>.
Reading core <SCPU.ngc>.
Reading core <PIO.ngc>.
Reading core <ipcore_dir/RAM_B.ngc>.
Reading core <ipcore_dir/ROM_D.ngc>.
Reading core <P2S.ngc>.
Reading core <LEDP2S.ngc>.
Loading core <SAnti_jitter> for timing and area information for instance <U9>.
Loading core <SEnter_2_32> for timing and area information for instance <M4>.
Loading core <MIO_BUS> for timing and area information for instance <U4>.
Loading core <SCPU> for timing and area information for instance <U1>.
Loading core <PIO> for timing and area information for instance <U71>.
Loading core <RAM_B> for timing and area information for instance <U3>.
Loading core <ROM_D> for timing and area information for instance <U2>.
Loading core <P2S> for timing and area information for instance <M2>.
Loading core <LEDP2S> for timing and area information for instance <P2LED>.
WARNING:Xst:2677 - Node <counter_Ctrl_0> of sequential type is unconnected in block <U10>.
WARNING:Xst:2677 - Node <counter_Ctrl_3> of sequential type is unconnected in block <U10>.
WARNING:Xst:2677 - Node <counter_Ctrl_4> of sequential type is unconnected in block <U10>.
WARNING:Xst:2677 - Node <counter_Ctrl_5> of sequential type is unconnected in block <U10>.
WARNING:Xst:2677 - Node <counter_Ctrl_6> of sequential type is unconnected in block <U10>.
WARNING:Xst:2677 - Node <counter_Ctrl_7> of sequential type is unconnected in block <U10>.
WARNING:Xst:2677 - Node <counter_Ctrl_8> of sequential type is unconnected in block <U10>.
WARNING:Xst:2677 - Node <counter_Ctrl_9> of sequential type is unconnected in block <U10>.
WARNING:Xst:2677 - Node <counter_Ctrl_10> of sequential type is unconnected in block <U10>.
WARNING:Xst:2677 - Node <counter_Ctrl_11> of sequential type is unconnected in block <U10>.
WARNING:Xst:2677 - Node <counter_Ctrl_12> of sequential type is unconnected in block <U10>.
WARNING:Xst:2677 - Node <counter_Ctrl_13> of sequential type is unconnected in block <U10>.
WARNING:Xst:2677 - Node <counter_Ctrl_14> of sequential type is unconnected in block <U10>.
WARNING:Xst:2677 - Node <counter_Ctrl_15> of sequential type is unconnected in block <U10>.
WARNING:Xst:2677 - Node <counter_Ctrl_16> of sequential type is unconnected in block <U10>.
WARNING:Xst:2677 - Node <counter_Ctrl_17> of sequential type is unconnected in block <U10>.
WARNING:Xst:2677 - Node <counter_Ctrl_18> of sequential type is unconnected in block <U10>.
WARNING:Xst:2677 - Node <counter_Ctrl_19> of sequential type is unconnected in block <U10>.
WARNING:Xst:2677 - Node <counter_Ctrl_20> of sequential type is unconnected in block <U10>.
WARNING:Xst:2677 - Node <counter_Ctrl_21> of sequential type is unconnected in block <U10>.
WARNING:Xst:2677 - Node <counter_Ctrl_22> of sequential type is unconnected in block <U10>.
WARNING:Xst:2677 - Node <counter_Ctrl_23> of sequential type is unconnected in block <U10>.

Synthesizing (advanced) Unit <Scansync>.
INFO:Xst:3218 - HDL ADVISOR - The RAM <Mram_AN> will be implemented on LUTs either because you have described an asynchronous read or because of currently unsupported block RAM features. If you have described an asynchronous read, making it synchronous would allow you to take advantage of available block RAM resources, for optimized device usage and improved timings. Please refer to your documentation for coding guidelines.
    -----------------------------------------------------------------------
    | ram_type           | Distributed                         |          |
    -----------------------------------------------------------------------
    | Port A                                                              |
    |     aspect ratio   | 8-word x 4-bit                      |          |
    |     weA            | connected to signal <GND>           | high     |
    |     addrA          | connected to signal <Scan>          |          |
    |     diA            | connected to signal <GND>           |          |
    |     doA            | connected to signal <AN>            |          |
    -----------------------------------------------------------------------
Unit <Scansync> synthesized (advanced).

Synthesizing (advanced) Unit <clk_div>.
The following registers are absorbed into counter <clkdiv>: 1 register on signal <clkdiv>.
Unit <clk_div> synthesized (advanced).
WARNING:Xst:2677 - Node <counter_Ctrl_0> of sequential type is unconnected in block <Counter>.
WARNING:Xst:2677 - Node <counter_Ctrl_3> of sequential type is unconnected in block <Counter>.
WARNING:Xst:2677 - Node <counter_Ctrl_4> of sequential type is unconnected in block <Counter>.
WARNING:Xst:2677 - Node <counter_Ctrl_5> of sequential type is unconnected in block <Counter>.
WARNING:Xst:2677 - Node <counter_Ctrl_6> of sequential type is unconnected in block <Counter>.
WARNING:Xst:2677 - Node <counter_Ctrl_7> of sequential type is unconnected in block <Counter>.
WARNING:Xst:2677 - Node <counter_Ctrl_8> of sequential type is unconnected in block <Counter>.
WARNING:Xst:2677 - Node <counter_Ctrl_9> of sequential type is unconnected in block <Counter>.
WARNING:Xst:2677 - Node <counter_Ctrl_10> of sequential type is unconnected in block <Counter>.
WARNING:Xst:2677 - Node <counter_Ctrl_11> of sequential type is unconnected in block <Counter>.
WARNING:Xst:2677 - Node <counter_Ctrl_12> of sequential type is unconnected in block <Counter>.
WARNING:Xst:2677 - Node <counter_Ctrl_13> of sequential type is unconnected in block <Counter>.
WARNING:Xst:2677 - Node <counter_Ctrl_14> of sequential type is unconnected in block <Counter>.
WARNING:Xst:2677 - Node <counter_Ctrl_15> of sequential type is unconnected in block <Counter>.
WARNING:Xst:2677 - Node <counter_Ctrl_16> of sequential type is unconnected in block <Counter>.
WARNING:Xst:2677 - Node <counter_Ctrl_17> of sequential type is unconnected in block <Counter>.
WARNING:Xst:2677 - Node <counter_Ctrl_18> of sequential type is unconnected in block <Counter>.
WARNING:Xst:2677 - Node <counter_Ctrl_19> of sequential type is unconnected in block <Counter>.
WARNING:Xst:2677 - Node <counter_Ctrl_20> of sequential type is unconnected in block <Counter>.
WARNING:Xst:2677 - Node <counter_Ctrl_21> of sequential type is unconnected in block <Counter>.
WARNING:Xst:2677 - Node <counter_Ctrl_22> of sequential type is unconnected in block <Counter>.
WARNING:Xst:2677 - Node <counter_Ctrl_23> of sequential type is unconnected in block <Counter>.

=========================================================================
Advanced HDL Synthesis Report

Macro Statistics
# RAMs                                                 : 1
 8x4-bit single-port distributed Read Only RAM         : 1
# Adders/Subtractors                                   : 1
 33-bit subtractor                                     : 1
# Counters                                             : 1
 32-bit up counter                                     : 1
# Registers                                            : 150
 Flip-Flops                                            : 150
# Comparators                                          : 1
 1-bit comparator not equal                            : 1
# Multiplexers                                         : 76
 1-bit 2-to-1 multiplexer                              : 66
 1-bit 8-to-1 multiplexer                              : 2
 32-bit 2-to-1 multiplexer                             : 1
 33-bit 2-to-1 multiplexer                             : 2
 33-bit 4-to-1 multiplexer                             : 1
 4-bit 8-to-1 multiplexer                              : 1
 64-bit 2-to-1 multiplexer                             : 1
 8-bit 2-to-1 multiplexer                              : 1
 8-bit 4-to-1 multiplexer                              : 1

=========================================================================

=========================================================================
*                         Low Level Synthesis                           *
=========================================================================
INFO:Xst:2261 - The FF/Latch <cpu_blink_0> in Unit <Multi_8CH32> is equivalent to the following 7 FFs/Latches, which will be removed : <cpu_blink_1> <cpu_blink_2> <cpu_blink_3> <cpu_blink_4> <cpu_blink_5> <cpu_blink_6> <cpu_blink_7> 

Optimizing unit <MC14495> ...

Optimizing unit <MUX8T1_8_MUSER_MUX8T1_32> ...

Optimizing unit <MUX4T1_MUSER_MUX8T1_32> ...

Optimizing unit <MUX8T1_8> ...

Optimizing unit <MUX4T1_MUSER_MUX8T1_8> ...

Optimizing unit <Oexp02_IO> ...

Optimizing unit <HexTo8SEG> ...

Optimizing unit <Multi_8CH32> ...

Optimizing unit <GPIO> ...

Optimizing unit <Counter> ...
WARNING:Xst:1426 - The value init of the FF/Latch U5/cpu_blink_0 hinder the constant cleaning in the block Oexp02_IO.
   You should achieve better results by setting this init to 0.
WARNING:Xst:2677 - Node <U7/GPIOf0_13> of sequential type is unconnected in block <Oexp02_IO>.
WARNING:Xst:2677 - Node <U7/GPIOf0_12> of sequential type is unconnected in block <Oexp02_IO>.
WARNING:Xst:2677 - Node <U7/GPIOf0_11> of sequential type is unconnected in block <Oexp02_IO>.
WARNING:Xst:2677 - Node <U7/GPIOf0_10> of sequential type is unconnected in block <Oexp02_IO>.
WARNING:Xst:2677 - Node <U7/GPIOf0_9> of sequential type is unconnected in block <Oexp02_IO>.
WARNING:Xst:2677 - Node <U7/GPIOf0_8> of sequential type is unconnected in block <Oexp02_IO>.
WARNING:Xst:2677 - Node <U7/GPIOf0_7> of sequential type is unconnected in block <Oexp02_IO>.
WARNING:Xst:2677 - Node <U7/GPIOf0_6> of sequential type is unconnected in block <Oexp02_IO>.
WARNING:Xst:2677 - Node <U7/GPIOf0_5> of sequential type is unconnected in block <Oexp02_IO>.
WARNING:Xst:2677 - Node <U7/GPIOf0_4> of sequential type is unconnected in block <Oexp02_IO>.
WARNING:Xst:2677 - Node <U7/GPIOf0_3> of sequential type is unconnected in block <Oexp02_IO>.
WARNING:Xst:2677 - Node <U7/GPIOf0_2> of sequential type is unconnected in block <Oexp02_IO>.
WARNING:Xst:2677 - Node <U7/GPIOf0_1> of sequential type is unconnected in block <Oexp02_IO>.
WARNING:Xst:2677 - Node <U7/GPIOf0_0> of sequential type is unconnected in block <Oexp02_IO>.

Mapping all equations...
Building and optimizing final netlist ...
Found area constraint ratio of 100 (+ 5) on block Oexp02_IO, actual ratio is 2.
INFO:Xst:2260 - The FF/Latch <S_0> in Unit <U6/M2> is equivalent to the following FF/Latch : <S_0_1> 
INFO:Xst:2260 - The FF/Latch <sh_clk> in Unit <U6/M2> is equivalent to the following FF/Latch : <sh_clk_1> 
INFO:Xst:2260 - The FF/Latch <S_0> in Unit <U6/M2> is equivalent to the following FF/Latch : <S_0_1> 
INFO:Xst:2260 - The FF/Latch <sh_clk> in Unit <U6/M2> is equivalent to the following FF/Latch : <sh_clk_1> 

Final Macro Processing ...

=========================================================================
Final Register Report

Macro Statistics
# Registers                                            : 161
 Flip-Flops                                            : 161

=========================================================================

=========================================================================
*                           Partition Report                            *
=========================================================================

Partition Implementation Status
-------------------------------

  No Partitions were found in this design.

-------------------------------

=========================================================================
*                            Design Summary                             *
=========================================================================

Top Level Output File Name         : Oexp02_IO.ngc

Primitive and Black Box Usage:
------------------------------
# BELS                             : 4871
#      AND2                        : 585
#      AND3                        : 108
#      AND4                        : 108
#      BUF                         : 1
#      GND                         : 5
#      INV                         : 173
#      LUT1                        : 130
#      LUT2                        : 78
#      LUT3                        : 1190
#      LUT4                        : 209
#      LUT5                        : 462
#      LUT6                        : 1041
#      MUXCY                       : 257
#      MUXF7                       : 19
#      OR2                         : 111
#      OR3                         : 27
#      OR4                         : 132
#      VCC                         : 5
#      XORCY                       : 230
# FlipFlops/Latches                : 1549
#      FD                          : 177
#      FD_1                        : 2
#      FDC                         : 68
#      FDCE                        : 1091
#      FDCE_1                      : 22
#      FDE                         : 61
#      FDE_1                       : 87
#      FDP                         : 1
#      FDPE_1                      : 6
#      FDR                         : 2
#      FDRE                        : 29
#      LD                          : 3
# RAMS                             : 1
#      RAMB36E1                    : 1
# Clock Buffers                    : 5
#      BUFG                        : 4
#      BUFGP                       : 1
# IO Buffers                       : 58
#      IBUF                        : 21
#      OBUF                        : 37

Device utilization summary:
---------------------------

Selected Device : 7k160tffg676-2l 


Slice Logic Utilization: 
 Number of Slice Registers:            1549  out of  202800     0%  
 Number of Slice LUTs:                 3283  out of  101400     3%  
    Number used as Logic:              3283  out of  101400     3%  

Slice Logic Distribution: 
 Number of LUT Flip Flop pairs used:   4390
   Number with an unused Flip Flop:    2841  out of   4390    64%  
   Number with an unused LUT:          1107  out of   4390    25%  
   Number of fully used LUT-FF pairs:   442  out of   4390    10%  
   Number of unique control sets:        35

IO Utilization: 
 Number of IOs:                          59
 Number of bonded IOBs:                  59  out of    400    14%  

Specific Feature Utilization:
 Number of Block RAM/FIFO:                1  out of    325     0%  
    Number using Block RAM only:          1
 Number of BUFG/BUFGCTRLs:                5  out of     32    15%  

---------------------------
Partition Resource Summary:
---------------------------

  No Partitions were found in this design.

---------------------------


=========================================================================
Timing Report

NOTE: THESE TIMING NUMBERS ARE ONLY A SYNTHESIS ESTIMATE.
      FOR ACCURATE TIMING INFORMATION PLEASE REFER TO THE TRACE REPORT
      GENERATED AFTER PLACE-and-ROUTE.

Clock Information:
------------------
----------------------------------------------------------------------------------------+-----------------------------------------------------------------------------------------------------------------------------------------+-------+
Clock Signal                                                                            | Clock buffer(FF name)                                                                                                                   | Load  |
----------------------------------------------------------------------------------------+-----------------------------------------------------------------------------------------------------------------------------------------+-------+
clk_100mhz                                                                              | BUFGP                                                                                                                                   | 194   |
Clk_CPU(U8/Mmux_Clk_CPU11:O)                                                            | BUFG(*)(U5/disp_data_31)                                                                                                                | 1208  |
U8/clkdiv_4                                                                             | BUFG                                                                                                                                    | 35    |
U9/clk1                                                                                 | BUFG                                                                                                                                    | 41    |
M4/push(M4/push1:O)                                                                     | NONE(*)(M4/state_0)                                                                                                                     | 3     |
U1/Controller/OPcode[5]_Fun[5]_Select_43_o(U1/Controller/OPcode[5]_Fun[5]_Select_43_o:O)| NONE(*)(U1/Controller/ALU_Control_1)                                                                                                    | 3     |
U1/Controller/PCEN                                                                      | NONE(U3/U0/xst_blk_mem_generator/gnativebmg.native_blk_mem_gen/valid.cstr/ramloop[0].ram.r/v6_init.ram/NO_BMM_INFO.SP.SIMPLE_PRIM36.ram)| 1     |
U6/M2/sh_clk                                                                            | BUFG                                                                                                                                    | 65    |
----------------------------------------------------------------------------------------+-----------------------------------------------------------------------------------------------------------------------------------------+-------+
(*) These 3 clock signal(s) are generated by combinatorial logic,
and XST is not able to identify which are the primary clock signals.
Please use the CLOCK_SIGNAL constraint to specify the clock signal(s) generated by combinatorial logic.
INFO:Xst:2169 - HDL ADVISOR - Some clock signals were not automatically buffered by XST with BUFG/BUFR resources. Please use the buffer_type constraint in order to insert these buffers to the clock signals to help prevent skew problems.

Asynchronous Control Signals Information:
----------------------------------------
-----------------------------------+-----------------------------------------------------------------------------------------------------------------------------------------+-------+
Control Signal                     | Buffer(FF name)                                                                                                                         | Load  |
-----------------------------------+-----------------------------------------------------------------------------------------------------------------------------------------+-------+
U3/N1(U3/XST_GND:G)                | NONE(U3/U0/xst_blk_mem_generator/gnativebmg.native_blk_mem_gen/valid.cstr/ramloop[0].ram.r/v6_init.ram/NO_BMM_INFO.SP.SIMPLE_PRIM36.ram)| 2     |
-----------------------------------+-----------------------------------------------------------------------------------------------------------------------------------------+-------+

Timing Summary:
---------------
Speed Grade: -2

   Minimum period: 20.787ns (Maximum Frequency: 48.106MHz)
   Minimum input arrival time before clock: 2.109ns
   Maximum output required time after clock: 14.213ns
   Maximum combinational path delay: No path found

Timing Details:
---------------
All values displayed in nanoseconds (ns)

=========================================================================
Timing constraint: Default period analysis for Clock 'clk_100mhz'
  Clock period: 2.195ns (frequency: 455.633MHz)
  Total number of paths / destination ports: 6168 / 262
-------------------------------------------------------------------------
Delay:               2.195ns (Levels of Logic = 8)
  Source:            U9/sw_temp_2 (FF)
  Destination:       U9/SW_OK_0 (FF)
  Source Clock:      clk_100mhz rising
  Destination Clock: clk_100mhz rising

  Data Path: U9/sw_temp_2 to U9/SW_OK_0
                                Gate     Net
    Cell:in->out      fanout   Delay   Delay  Logical Name (Net Name)
    ----------------------------------------  ------------
     FD:C->Q               1   0.236   0.495  sw_temp_2 (sw_temp<2>)
     LUT6:I3->O            1   0.043   0.000  Mcompar_sw_temp[15]_SW[15]_not_equal_100_o_lut<0> (Mcompar_sw_temp[15]_SW[15]_not_equal_100_o_lut<0>)
     MUXCY:S->O            1   0.238   0.000  Mcompar_sw_temp[15]_SW[15]_not_equal_100_o_cy<0> (Mcompar_sw_temp[15]_SW[15]_not_equal_100_o_cy<0>)
     MUXCY:CI->O           1   0.013   0.000  Mcompar_sw_temp[15]_SW[15]_not_equal_100_o_cy<1> (Mcompar_sw_temp[15]_SW[15]_not_equal_100_o_cy<1>)
     MUXCY:CI->O           1   0.013   0.000  Mcompar_sw_temp[15]_SW[15]_not_equal_100_o_cy<2> (Mcompar_sw_temp[15]_SW[15]_not_equal_100_o_cy<2>)
     MUXCY:CI->O           1   0.013   0.000  Mcompar_sw_temp[15]_SW[15]_not_equal_100_o_cy<3> (Mcompar_sw_temp[15]_SW[15]_not_equal_100_o_cy<3>)
     MUXCY:CI->O           1   0.013   0.000  Mcompar_sw_temp[15]_SW[15]_not_equal_100_o_cy<4> (Mcompar_sw_temp[15]_SW[15]_not_equal_100_o_cy<4>)
     MUXCY:CI->O          43   0.013   0.471  Mcompar_sw_temp[15]_SW[15]_not_equal_100_o_cy<5> (sw_temp[15]_SW[15]_not_equal_100_o)
     INV:I->O             17   0.054   0.429  _n0243_inv1_cepot_cepot_INV_0 (_n0243_inv1_cepot_cepot)
     FDE:CE                    0.161          SW_OK_0
    ----------------------------------------
    Total                      2.195ns (0.800ns logic, 1.395ns route)
                                       (36.4% logic, 63.6% route)

=========================================================================
Timing constraint: Default period analysis for Clock 'Clk_CPU'
  Clock period: 20.787ns (frequency: 48.106MHz)
  Total number of paths / destination ports: 1042282505 / 2348
-------------------------------------------------------------------------
Delay:               10.394ns (Levels of Logic = 51)
  Source:            U1/DataPath/PC/Q_9 (FF)
  Destination:       U5/disp_data_28 (FF)
  Source Clock:      Clk_CPU rising
  Destination Clock: Clk_CPU falling

  Data Path: U1/DataPath/PC/Q_9 to U5/disp_data_28
                                Gate     Net
    Cell:in->out      fanout   Delay   Delay  Logical Name (Net Name)
    ----------------------------------------  ------------
     FDCE:C->Q            50   0.236   0.628  DataPath/PC/Q_9 (PC_out<9>)
     end scope: 'U1:PC_out<9>'
     begin scope: 'U2:a<7>'
     LUT3:I0->O            3   0.043   0.615  U0/xst_options.dist_mem_inst/gen_rom.rom_inst/Mram_spo_int53116_SW0 (N20)
     LUT6:I1->O            1   0.043   0.522  U0/xst_options.dist_mem_inst/gen_rom.rom_inst/Mram_spo_int53116 (U0/xst_options.dist_mem_inst/gen_rom.rom_inst/Mram_spo_int53115)
     LUT6:I2->O          261   0.043   0.775  U0/xst_options.dist_mem_inst/gen_rom.rom_inst/Mram_spo_int531113 (spo<17>)
     end scope: 'U2:spo<17>'
     begin scope: 'U1:inst_in<17>'
     LUT5:I0->O            1   0.043   0.522  DataPath/U2/Mmux_R_addr_B[4]_register[31][31]_wide_mux_4_OUT_82 (DataPath/U2/Mmux_R_addr_B[4]_register[31][31]_wide_mux_4_OUT_82)
     LUT6:I2->O            2   0.043   0.410  DataPath/U2/Mmux_R_addr_B[4]_register[31][31]_wide_mux_4_OUT_4 (DataPath/U2/Mmux_R_addr_B[4]_register[31][31]_wide_mux_4_OUT_4)
     LUT6:I4->O            5   0.043   0.373  DataPath/MUX4/Mmux_o110 (DataPath/XLXN_531<0>)
     LUT6:I5->O            1   0.043   0.000  DataPath/U1/M0/MADC32/Madd_n0004_Madd_lut<0> (DataPath/U1/M0/MADC32/Madd_n0004_Madd_lut<0>)
     MUXCY:S->O            1   0.238   0.000  DataPath/U1/M0/MADC32/Madd_n0004_Madd_cy<0> (DataPath/U1/M0/MADC32/Madd_n0004_Madd_cy<0>)
     MUXCY:CI->O           1   0.014   0.000  DataPath/U1/M0/MADC32/Madd_n0004_Madd_cy<1> (DataPath/U1/M0/MADC32/Madd_n0004_Madd_cy<1>)
     MUXCY:CI->O           1   0.014   0.000  DataPath/U1/M0/MADC32/Madd_n0004_Madd_cy<2> (DataPath/U1/M0/MADC32/Madd_n0004_Madd_cy<2>)
     MUXCY:CI->O           1   0.014   0.000  DataPath/U1/M0/MADC32/Madd_n0004_Madd_cy<3> (DataPath/U1/M0/MADC32/Madd_n0004_Madd_cy<3>)
     MUXCY:CI->O           1   0.014   0.000  DataPath/U1/M0/MADC32/Madd_n0004_Madd_cy<4> (DataPath/U1/M0/MADC32/Madd_n0004_Madd_cy<4>)
     MUXCY:CI->O           1   0.014   0.000  DataPath/U1/M0/MADC32/Madd_n0004_Madd_cy<5> (DataPath/U1/M0/MADC32/Madd_n0004_Madd_cy<5>)
     MUXCY:CI->O           1   0.014   0.000  DataPath/U1/M0/MADC32/Madd_n0004_Madd_cy<6> (DataPath/U1/M0/MADC32/Madd_n0004_Madd_cy<6>)
     MUXCY:CI->O           1   0.014   0.000  DataPath/U1/M0/MADC32/Madd_n0004_Madd_cy<7> (DataPath/U1/M0/MADC32/Madd_n0004_Madd_cy<7>)
     MUXCY:CI->O           1   0.014   0.000  DataPath/U1/M0/MADC32/Madd_n0004_Madd_cy<8> (DataPath/U1/M0/MADC32/Madd_n0004_Madd_cy<8>)
     MUXCY:CI->O           1   0.014   0.000  DataPath/U1/M0/MADC32/Madd_n0004_Madd_cy<9> (DataPath/U1/M0/MADC32/Madd_n0004_Madd_cy<9>)
     MUXCY:CI->O           1   0.014   0.000  DataPath/U1/M0/MADC32/Madd_n0004_Madd_cy<10> (DataPath/U1/M0/MADC32/Madd_n0004_Madd_cy<10>)
     MUXCY:CI->O           1   0.014   0.000  DataPath/U1/M0/MADC32/Madd_n0004_Madd_cy<11> (DataPath/U1/M0/MADC32/Madd_n0004_Madd_cy<11>)
     MUXCY:CI->O           1   0.014   0.000  DataPath/U1/M0/MADC32/Madd_n0004_Madd_cy<12> (DataPath/U1/M0/MADC32/Madd_n0004_Madd_cy<12>)
     MUXCY:CI->O           1   0.014   0.000  DataPath/U1/M0/MADC32/Madd_n0004_Madd_cy<13> (DataPath/U1/M0/MADC32/Madd_n0004_Madd_cy<13>)
     MUXCY:CI->O           1   0.014   0.000  DataPath/U1/M0/MADC32/Madd_n0004_Madd_cy<14> (DataPath/U1/M0/MADC32/Madd_n0004_Madd_cy<14>)
     MUXCY:CI->O           1   0.014   0.000  DataPath/U1/M0/MADC32/Madd_n0004_Madd_cy<15> (DataPath/U1/M0/MADC32/Madd_n0004_Madd_cy<15>)
     MUXCY:CI->O           1   0.014   0.000  DataPath/U1/M0/MADC32/Madd_n0004_Madd_cy<16> (DataPath/U1/M0/MADC32/Madd_n0004_Madd_cy<16>)
     MUXCY:CI->O           1   0.014   0.000  DataPath/U1/M0/MADC32/Madd_n0004_Madd_cy<17> (DataPath/U1/M0/MADC32/Madd_n0004_Madd_cy<17>)
     MUXCY:CI->O           1   0.014   0.000  DataPath/U1/M0/MADC32/Madd_n0004_Madd_cy<18> (DataPath/U1/M0/MADC32/Madd_n0004_Madd_cy<18>)
     MUXCY:CI->O           1   0.014   0.000  DataPath/U1/M0/MADC32/Madd_n0004_Madd_cy<19> (DataPath/U1/M0/MADC32/Madd_n0004_Madd_cy<19>)
     MUXCY:CI->O           1   0.014   0.000  DataPath/U1/M0/MADC32/Madd_n0004_Madd_cy<20> (DataPath/U1/M0/MADC32/Madd_n0004_Madd_cy<20>)
     MUXCY:CI->O           1   0.014   0.000  DataPath/U1/M0/MADC32/Madd_n0004_Madd_cy<21> (DataPath/U1/M0/MADC32/Madd_n0004_Madd_cy<21>)
     MUXCY:CI->O           1   0.014   0.000  DataPath/U1/M0/MADC32/Madd_n0004_Madd_cy<22> (DataPath/U1/M0/MADC32/Madd_n0004_Madd_cy<22>)
     MUXCY:CI->O           1   0.014   0.000  DataPath/U1/M0/MADC32/Madd_n0004_Madd_cy<23> (DataPath/U1/M0/MADC32/Madd_n0004_Madd_cy<23>)
     MUXCY:CI->O           1   0.014   0.000  DataPath/U1/M0/MADC32/Madd_n0004_Madd_cy<24> (DataPath/U1/M0/MADC32/Madd_n0004_Madd_cy<24>)
     MUXCY:CI->O           1   0.014   0.000  DataPath/U1/M0/MADC32/Madd_n0004_Madd_cy<25> (DataPath/U1/M0/MADC32/Madd_n0004_Madd_cy<25>)
     MUXCY:CI->O           1   0.014   0.000  DataPath/U1/M0/MADC32/Madd_n0004_Madd_cy<26> (DataPath/U1/M0/MADC32/Madd_n0004_Madd_cy<26>)
     MUXCY:CI->O           1   0.014   0.000  DataPath/U1/M0/MADC32/Madd_n0004_Madd_cy<27> (DataPath/U1/M0/MADC32/Madd_n0004_Madd_cy<27>)
     MUXCY:CI->O           1   0.014   0.000  DataPath/U1/M0/MADC32/Madd_n0004_Madd_cy<28> (DataPath/U1/M0/MADC32/Madd_n0004_Madd_cy<28>)
     MUXCY:CI->O           1   0.014   0.000  DataPath/U1/M0/MADC32/Madd_n0004_Madd_cy<29> (DataPath/U1/M0/MADC32/Madd_n0004_Madd_cy<29>)
     MUXCY:CI->O           0   0.014   0.000  DataPath/U1/M0/MADC32/Madd_n0004_Madd_cy<30> (DataPath/U1/M0/MADC32/Madd_n0004_Madd_cy<30>)
     XORCY:CI->O           3   0.262   0.362  DataPath/U1/M0/MADC32/Madd_n0004_Madd_xor<31> (DataPath/U1/S<31>)
     LUT6:I5->O           84   0.043   0.742  DataPath/U1/MUX3281/Mmux_o251 (Addr_out<31>)
     end scope: 'U1:Addr_out<31>'
     begin scope: 'U4:addr_bus<31>'
     LUT5:I0->O           32   0.043   0.743  Mmux_data_ram_rd11 (data_ram_rd)
     LUT6:I0->O            2   0.043   0.608  Mmux_Cpu_data4bus311 (Cpu_data4bus<8>)
     end scope: 'U4:Cpu_data4bus<8>'
     AND2:I1->O            1   0.053   0.603  U5/MUX1_DispData/XLXI_2/XLXI_3/XLXI_9 (U5/MUX1_DispData/XLXI_2/XLXI_3/XLXN_41)
     OR4:I1->O             1   0.053   0.613  U5/MUX1_DispData/XLXI_2/XLXI_3/XLXI_55 (U5/MUX1_DispData/XLXI_2/XLXN_64<0>)
     AND2:I0->O            1   0.043   0.613  U5/MUX1_DispData/XLXI_2/XLXI_13 (U5/MUX1_DispData/XLXI_2/XLXN_77)
     OR2:I0->O            20   0.043   0.456  U5/MUX1_DispData/XLXI_2/XLXI_23 (Disp_num<8>)
     LUT3:I2->O            1   0.043   0.000  U5/Mmux_Disp_num[31]_Data0[31]_mux_1_OUT311 (U5/Disp_num[31]_Data0[31]_mux_1_OUT<8>)
     FD:D                     -0.000          U5/disp_data_8
    ----------------------------------------
    Total                     10.394ns (1.806ns logic, 8.588ns route)
                                       (17.4% logic, 82.6% route)

=========================================================================
Timing constraint: Default period analysis for Clock 'U8/clkdiv_4'
  Clock period: 2.221ns (frequency: 450.288MHz)
  Total number of paths / destination ports: 787 / 36
-------------------------------------------------------------------------
Delay:               2.221ns (Levels of Logic = 35)
  Source:            U10/counter0_0 (FF)
  Destination:       U10/counter0_32 (FF)
  Source Clock:      U8/clkdiv_4 rising
  Destination Clock: U8/clkdiv_4 rising

  Data Path: U10/counter0_0 to U10/counter0_32
                                Gate     Net
    Cell:in->out      fanout   Delay   Delay  Logical Name (Net Name)
    ----------------------------------------  ------------
     FDC:C->Q              4   0.236   0.367  U10/counter0_0 (U10/counter0_0)
     LUT1:I0->O            1   0.043   0.000  U10/Msub_counter0[32]_GND_32_o_sub_26_OUT_cy<0>_rt (U10/Msub_counter0[32]_GND_32_o_sub_26_OUT_cy<0>_rt)
     MUXCY:S->O            1   0.238   0.000  U10/Msub_counter0[32]_GND_32_o_sub_26_OUT_cy<0> (U10/Msub_counter0[32]_GND_32_o_sub_26_OUT_cy<0>)
     MUXCY:CI->O           1   0.013   0.000  U10/Msub_counter0[32]_GND_32_o_sub_26_OUT_cy<1> (U10/Msub_counter0[32]_GND_32_o_sub_26_OUT_cy<1>)
     MUXCY:CI->O           1   0.013   0.000  U10/Msub_counter0[32]_GND_32_o_sub_26_OUT_cy<2> (U10/Msub_counter0[32]_GND_32_o_sub_26_OUT_cy<2>)
     MUXCY:CI->O           1   0.013   0.000  U10/Msub_counter0[32]_GND_32_o_sub_26_OUT_cy<3> (U10/Msub_counter0[32]_GND_32_o_sub_26_OUT_cy<3>)
     MUXCY:CI->O           1   0.013   0.000  U10/Msub_counter0[32]_GND_32_o_sub_26_OUT_cy<4> (U10/Msub_counter0[32]_GND_32_o_sub_26_OUT_cy<4>)
     MUXCY:CI->O           1   0.013   0.000  U10/Msub_counter0[32]_GND_32_o_sub_26_OUT_cy<5> (U10/Msub_counter0[32]_GND_32_o_sub_26_OUT_cy<5>)
     MUXCY:CI->O           1   0.013   0.000  U10/Msub_counter0[32]_GND_32_o_sub_26_OUT_cy<6> (U10/Msub_counter0[32]_GND_32_o_sub_26_OUT_cy<6>)
     MUXCY:CI->O           1   0.013   0.000  U10/Msub_counter0[32]_GND_32_o_sub_26_OUT_cy<7> (U10/Msub_counter0[32]_GND_32_o_sub_26_OUT_cy<7>)
     MUXCY:CI->O           1   0.013   0.000  U10/Msub_counter0[32]_GND_32_o_sub_26_OUT_cy<8> (U10/Msub_counter0[32]_GND_32_o_sub_26_OUT_cy<8>)
     MUXCY:CI->O           1   0.013   0.000  U10/Msub_counter0[32]_GND_32_o_sub_26_OUT_cy<9> (U10/Msub_counter0[32]_GND_32_o_sub_26_OUT_cy<9>)
     MUXCY:CI->O           1   0.013   0.000  U10/Msub_counter0[32]_GND_32_o_sub_26_OUT_cy<10> (U10/Msub_counter0[32]_GND_32_o_sub_26_OUT_cy<10>)
     MUXCY:CI->O           1   0.013   0.000  U10/Msub_counter0[32]_GND_32_o_sub_26_OUT_cy<11> (U10/Msub_counter0[32]_GND_32_o_sub_26_OUT_cy<11>)
     MUXCY:CI->O           1   0.013   0.000  U10/Msub_counter0[32]_GND_32_o_sub_26_OUT_cy<12> (U10/Msub_counter0[32]_GND_32_o_sub_26_OUT_cy<12>)
     MUXCY:CI->O           1   0.013   0.000  U10/Msub_counter0[32]_GND_32_o_sub_26_OUT_cy<13> (U10/Msub_counter0[32]_GND_32_o_sub_26_OUT_cy<13>)
     MUXCY:CI->O           1   0.013   0.000  U10/Msub_counter0[32]_GND_32_o_sub_26_OUT_cy<14> (U10/Msub_counter0[32]_GND_32_o_sub_26_OUT_cy<14>)
     MUXCY:CI->O           1   0.013   0.000  U10/Msub_counter0[32]_GND_32_o_sub_26_OUT_cy<15> (U10/Msub_counter0[32]_GND_32_o_sub_26_OUT_cy<15>)
     MUXCY:CI->O           1   0.013   0.000  U10/Msub_counter0[32]_GND_32_o_sub_26_OUT_cy<16> (U10/Msub_counter0[32]_GND_32_o_sub_26_OUT_cy<16>)
     MUXCY:CI->O           1   0.013   0.000  U10/Msub_counter0[32]_GND_32_o_sub_26_OUT_cy<17> (U10/Msub_counter0[32]_GND_32_o_sub_26_OUT_cy<17>)
     MUXCY:CI->O           1   0.013   0.000  U10/Msub_counter0[32]_GND_32_o_sub_26_OUT_cy<18> (U10/Msub_counter0[32]_GND_32_o_sub_26_OUT_cy<18>)
     MUXCY:CI->O           1   0.013   0.000  U10/Msub_counter0[32]_GND_32_o_sub_26_OUT_cy<19> (U10/Msub_counter0[32]_GND_32_o_sub_26_OUT_cy<19>)
     MUXCY:CI->O           1   0.013   0.000  U10/Msub_counter0[32]_GND_32_o_sub_26_OUT_cy<20> (U10/Msub_counter0[32]_GND_32_o_sub_26_OUT_cy<20>)
     MUXCY:CI->O           1   0.013   0.000  U10/Msub_counter0[32]_GND_32_o_sub_26_OUT_cy<21> (U10/Msub_counter0[32]_GND_32_o_sub_26_OUT_cy<21>)
     MUXCY:CI->O           1   0.013   0.000  U10/Msub_counter0[32]_GND_32_o_sub_26_OUT_cy<22> (U10/Msub_counter0[32]_GND_32_o_sub_26_OUT_cy<22>)
     MUXCY:CI->O           1   0.013   0.000  U10/Msub_counter0[32]_GND_32_o_sub_26_OUT_cy<23> (U10/Msub_counter0[32]_GND_32_o_sub_26_OUT_cy<23>)
     MUXCY:CI->O           1   0.013   0.000  U10/Msub_counter0[32]_GND_32_o_sub_26_OUT_cy<24> (U10/Msub_counter0[32]_GND_32_o_sub_26_OUT_cy<24>)
     MUXCY:CI->O           1   0.013   0.000  U10/Msub_counter0[32]_GND_32_o_sub_26_OUT_cy<25> (U10/Msub_counter0[32]_GND_32_o_sub_26_OUT_cy<25>)
     MUXCY:CI->O           1   0.013   0.000  U10/Msub_counter0[32]_GND_32_o_sub_26_OUT_cy<26> (U10/Msub_counter0[32]_GND_32_o_sub_26_OUT_cy<26>)
     MUXCY:CI->O           1   0.013   0.000  U10/Msub_counter0[32]_GND_32_o_sub_26_OUT_cy<27> (U10/Msub_counter0[32]_GND_32_o_sub_26_OUT_cy<27>)
     MUXCY:CI->O           1   0.013   0.000  U10/Msub_counter0[32]_GND_32_o_sub_26_OUT_cy<28> (U10/Msub_counter0[32]_GND_32_o_sub_26_OUT_cy<28>)
     MUXCY:CI->O           1   0.013   0.000  U10/Msub_counter0[32]_GND_32_o_sub_26_OUT_cy<29> (U10/Msub_counter0[32]_GND_32_o_sub_26_OUT_cy<29>)
     MUXCY:CI->O           1   0.013   0.000  U10/Msub_counter0[32]_GND_32_o_sub_26_OUT_cy<30> (U10/Msub_counter0[32]_GND_32_o_sub_26_OUT_cy<30>)
     MUXCY:CI->O           0   0.013   0.000  U10/Msub_counter0[32]_GND_32_o_sub_26_OUT_cy<31> (U10/Msub_counter0[32]_GND_32_o_sub_26_OUT_cy<31>)
     XORCY:CI->O           1   0.262   0.613  U10/Msub_counter0[32]_GND_32_o_sub_26_OUT_xor<32> (U10/counter0[32]_GND_32_o_sub_26_OUT<32>)
     LUT6:I0->O            1   0.043   0.000  U10/Mmux_counter_Ctrl[2]_counter0[32]_wide_mux_26_OUT262 (U10/counter_Ctrl[2]_counter0[32]_wide_mux_26_OUT<32>)
     FDC:D                    -0.000          U10/counter0_32
    ----------------------------------------
    Total                      2.221ns (1.240ns logic, 0.980ns route)
                                       (55.9% logic, 44.1% route)

=========================================================================
Timing constraint: Default period analysis for Clock 'U9/clk1'
  Clock period: 2.152ns (frequency: 464.587MHz)
  Total number of paths / destination ports: 1454 / 90
-------------------------------------------------------------------------
Delay:               2.152ns (Levels of Logic = 7)
  Source:            U9/counter_8 (FF)
  Destination:       U9/Key_x_0 (FF)
  Source Clock:      U9/clk1 rising
  Destination Clock: U9/clk1 rising

  Data Path: U9/counter_8 to U9/Key_x_0
                                Gate     Net
    Cell:in->out      fanout   Delay   Delay  Logical Name (Net Name)
    ----------------------------------------  ------------
     FDRE:C->Q             3   0.236   0.615  counter_8 (counter<8>)
     LUT5:I0->O            1   0.043   0.000  Mcompar_counter[31]_GND_1_o_LessThan_5_o_lut<0> (Mcompar_counter[31]_GND_1_o_LessThan_5_o_lut<0>)
     MUXCY:S->O            1   0.238   0.000  Mcompar_counter[31]_GND_1_o_LessThan_5_o_cy<0> (Mcompar_counter[31]_GND_1_o_LessThan_5_o_cy<0>)
     MUXCY:CI->O           1   0.013   0.000  Mcompar_counter[31]_GND_1_o_LessThan_5_o_cy<1> (Mcompar_counter[31]_GND_1_o_LessThan_5_o_cy<1>)
     MUXCY:CI->O           1   0.013   0.000  Mcompar_counter[31]_GND_1_o_LessThan_5_o_cy<2> (Mcompar_counter[31]_GND_1_o_LessThan_5_o_cy<2>)
     MUXCY:CI->O           1   0.013   0.000  Mcompar_counter[31]_GND_1_o_LessThan_5_o_cy<3> (Mcompar_counter[31]_GND_1_o_LessThan_5_o_cy<3>)
     MUXCY:CI->O           8   0.013   0.378  Mcompar_counter[31]_GND_1_o_LessThan_5_o_cy<4> (Mcompar_counter[31]_GND_1_o_LessThan_5_o_cy<4>)
     INV:I->O              7   0.054   0.373  _n0225_inv1_cepot_INV_0 (_n0225_inv1_cepot)
     FDE:CE                    0.161          Key_x_0
    ----------------------------------------
    Total                      2.152ns (0.786ns logic, 1.366ns route)
                                       (36.5% logic, 63.5% route)

=========================================================================
Timing constraint: Default period analysis for Clock 'M4/push'
  Clock period: 1.069ns (frequency: 935.060MHz)
  Total number of paths / destination ports: 6 / 3
-------------------------------------------------------------------------
Delay:               1.069ns (Levels of Logic = 1)
  Source:            M4/state_0 (FF)
  Destination:       M4/state_0 (FF)
  Source Clock:      M4/push rising
  Destination Clock: M4/push rising

  Data Path: M4/state_0 to M4/state_0
                                Gate     Net
    Cell:in->out      fanout   Delay   Delay  Logical Name (Net Name)
    ----------------------------------------  ------------
     FDE:C->Q             19   0.236   0.440  state_0 (state<0>)
     INV:I->O              1   0.054   0.339  Result<0>1_INV_0 (Result<0>)
     FDE:D                    -0.000          state_0
    ----------------------------------------
    Total                      1.069ns (0.290ns logic, 0.779ns route)
                                       (27.1% logic, 72.9% route)

=========================================================================
Timing constraint: Default period analysis for Clock 'U6/M2/sh_clk'
  Clock period: 0.700ns (frequency: 1428.469MHz)
  Total number of paths / destination ports: 128 / 65
-------------------------------------------------------------------------
Delay:               0.700ns (Levels of Logic = 1)
  Source:            U6/M2/Q_2 (FF)
  Destination:       U6/M2/Q_3 (FF)
  Source Clock:      U6/M2/sh_clk falling
  Destination Clock: U6/M2/sh_clk falling

  Data Path: U6/M2/Q_2 to U6/M2/Q_3
                                Gate     Net
    Cell:in->out      fanout   Delay   Delay  Logical Name (Net Name)
    ----------------------------------------  ------------
     FDE_1:C->Q            3   0.240   0.417  Q_2 (Q<2>)
     LUT5:I3->O            1   0.043   0.000  mux9811 (S1_GND_1_o_wide_mux_1_OUT<3>)
     FDE_1:D                  -0.000          Q_3
    ----------------------------------------
    Total                      0.700ns (0.283ns logic, 0.417ns route)
                                       (40.4% logic, 59.6% route)

=========================================================================
Timing constraint: Default OFFSET IN BEFORE for Clock 'clk_100mhz'
  Total number of paths / destination ports: 1195 / 100
-------------------------------------------------------------------------
Offset:              2.089ns (Levels of Logic = 10)
  Source:            SW<2> (PAD)
  Destination:       U9/SW_OK_0 (FF)
  Destination Clock: clk_100mhz rising

  Data Path: SW<2> to U9/SW_OK_0
                                Gate     Net
    Cell:in->out      fanout   Delay   Delay  Logical Name (Net Name)
    ----------------------------------------  ------------
     IBUF:I->O             3   0.000   0.625  SW_2_IBUF (SW_2_IBUF)
     begin scope: 'U9:SW<2>'
     LUT6:I0->O            1   0.043   0.000  Mcompar_sw_temp[15]_SW[15]_not_equal_100_o_lut<0> (Mcompar_sw_temp[15]_SW[15]_not_equal_100_o_lut<0>)
     MUXCY:S->O            1   0.238   0.000  Mcompar_sw_temp[15]_SW[15]_not_equal_100_o_cy<0> (Mcompar_sw_temp[15]_SW[15]_not_equal_100_o_cy<0>)
     MUXCY:CI->O           1   0.013   0.000  Mcompar_sw_temp[15]_SW[15]_not_equal_100_o_cy<1> (Mcompar_sw_temp[15]_SW[15]_not_equal_100_o_cy<1>)
     MUXCY:CI->O           1   0.013   0.000  Mcompar_sw_temp[15]_SW[15]_not_equal_100_o_cy<2> (Mcompar_sw_temp[15]_SW[15]_not_equal_100_o_cy<2>)
     MUXCY:CI->O           1   0.013   0.000  Mcompar_sw_temp[15]_SW[15]_not_equal_100_o_cy<3> (Mcompar_sw_temp[15]_SW[15]_not_equal_100_o_cy<3>)
     MUXCY:CI->O           1   0.013   0.000  Mcompar_sw_temp[15]_SW[15]_not_equal_100_o_cy<4> (Mcompar_sw_temp[15]_SW[15]_not_equal_100_o_cy<4>)
     MUXCY:CI->O          43   0.013   0.471  Mcompar_sw_temp[15]_SW[15]_not_equal_100_o_cy<5> (sw_temp[15]_SW[15]_not_equal_100_o)
     INV:I->O             17   0.054   0.429  _n0243_inv1_cepot_cepot_INV_0 (_n0243_inv1_cepot_cepot)
     FDE:CE                    0.161          SW_OK_0
    ----------------------------------------
    Total                      2.089ns (0.563ns logic, 1.525ns route)
                                       (27.0% logic, 73.0% route)

=========================================================================
Timing constraint: Default OFFSET IN BEFORE for Clock 'U9/clk1'
  Total number of paths / destination ports: 176 / 41
-------------------------------------------------------------------------
Offset:              2.109ns (Levels of Logic = 6)
  Source:            K_COL<3> (PAD)
  Destination:       U9/Key_x_1 (FF)
  Destination Clock: U9/clk1 rising

  Data Path: K_COL<3> to U9/Key_x_1
                                Gate     Net
    Cell:in->out      fanout   Delay   Delay  Logical Name (Net Name)
    ----------------------------------------  ------------
     IBUF:I->O             6   0.000   0.550  K_COL_3_IBUF (K_COL_3_IBUF)
     begin scope: 'U9:Key_y<3>'
     LUT4:I0->O           12   0.043   0.674  out1 (n0016)
     LUT6:I0->O            3   0.043   0.362  _n0295<0>1 (_n0295<0>)
     LUT6:I5->O            1   0.043   0.350  Key_x[4]_PWR_1_o_select_74_OUT<1>1 (Key_x[4]_PWR_1_o_select_74_OUT<4>)
     LUT3:I2->O            1   0.043   0.000  Key_x_4_dpot (Key_x_4_dpot)
     FDE:D                    -0.000          Key_x_4
    ----------------------------------------
    Total                      2.109ns (0.172ns logic, 1.937ns route)
                                       (8.2% logic, 91.8% route)

=========================================================================
Timing constraint: Default OFFSET OUT AFTER for Clock 'clk_100mhz'
  Total number of paths / destination ports: 15043 / 16
-------------------------------------------------------------------------
Offset:              8.653ns (Levels of Logic = 15)
  Source:            U9/SW_OK_6 (FF)
  Destination:       SEGMENT<6> (PAD)
  Source Clock:      clk_100mhz rising

  Data Path: U9/SW_OK_6 to SEGMENT<6>
                                Gate     Net
    Cell:in->out      fanout   Delay   Delay  Logical Name (Net Name)
    ----------------------------------------  ------------
     FDE:C->Q             86   0.236   0.479  SW_OK_6 (SW_OK<6>)
     end scope: 'U9:SW_OK<6>'
     INV:I->O              2   0.317   0.618  U5/MUX1_DispData/XLXI_6/XLXI_3/XLXI_2 (U5/MUX1_DispData/XLXI_6/XLXI_3/XLXN_6)
     AND2:I0->O            4   0.043   0.630  U5/MUX1_DispData/XLXI_6/XLXI_3/XLXI_4 (U5/MUX1_DispData/XLXI_6/XLXI_3/XLXN_9)
     AND2:I0->O            1   0.043   0.522  U5/MUX1_DispData/XLXI_6/XLXI_3/XLXI_8 (U5/MUX1_DispData/XLXI_6/XLXI_3/XLXN_40)
     OR4:I2->O             1   0.134   0.613  U5/MUX1_DispData/XLXI_6/XLXI_3/XLXI_55 (U5/MUX1_DispData/XLXI_6/XLXN_64<0>)
     AND2:I0->O            1   0.043   0.613  U5/MUX1_DispData/XLXI_6/XLXI_13 (U5/MUX1_DispData/XLXI_6/XLXN_77)
     OR2:I0->O            20   0.043   0.628  U5/MUX1_DispData/XLXI_6/XLXI_23 (Disp_num<24>)
     LUT6:I2->O            1   0.043   0.000  U61/M2/Mmux_Hexo_3 (U61/M2/Mmux_Hexo_3)
     MUXF7:I1->O          15   0.178   0.417  U61/M2/Mmux_Hexo_2_f7 (U61/Hex<0>)
     INV:I->O              7   0.317   0.647  U61/M1/D23 (U61/M1/ND0)
     AND3:I0->O            1   0.043   0.522  U61/M1/XLXI_12 (U61/M1/XLXN_24)
     OR4:I2->O             1   0.134   0.613  U61/M1/XLXI_15 (U61/M1/XLXN_59)
     OR2:I0->O             1   0.043   0.350  U61/M1/XLXI_40 (U61/SEG_TXT<1>)
     LUT3:I2->O            1   0.043   0.339  U61/MUXHM/Mmux_o22 (SEGMENT_1_OBUF)
     OBUF:I->O                 0.000          SEGMENT_1_OBUF (SEGMENT<1>)
    ----------------------------------------
    Total                      8.653ns (1.660ns logic, 6.993ns route)
                                       (19.2% logic, 80.8% route)

=========================================================================
Timing constraint: Default OFFSET OUT AFTER for Clock 'U9/clk1'
  Total number of paths / destination ports: 6 / 6
-------------------------------------------------------------------------
Offset:              0.658ns (Levels of Logic = 2)
  Source:            U9/Key_x_4 (FF)
  Destination:       K_ROW<4> (PAD)
  Source Clock:      U9/clk1 rising

  Data Path: U9/Key_x_4 to K_ROW<4>
                                Gate     Net
    Cell:in->out      fanout   Delay   Delay  Logical Name (Net Name)
    ----------------------------------------  ------------
     FDE:C->Q             16   0.236   0.422  Key_x_4 (Key_x<4>)
     end scope: 'U9:Key_x<4>'
     OBUF:I->O                 0.000          K_ROW_4_OBUF (K_ROW<4>)
    ----------------------------------------
    Total                      0.658ns (0.236ns logic, 0.422ns route)
                                       (35.8% logic, 64.2% route)

=========================================================================
Timing constraint: Default OFFSET OUT AFTER for Clock 'Clk_CPU'
  Total number of paths / destination ports: 630700615 / 19
-------------------------------------------------------------------------
Offset:              14.213ns (Levels of Logic = 58)
  Source:            U1/DataPath/PC/Q_9 (FF)
  Destination:       SEGMENT<6> (PAD)
  Source Clock:      Clk_CPU rising

  Data Path: U1/DataPath/PC/Q_9 to SEGMENT<6>
                                Gate     Net
    Cell:in->out      fanout   Delay   Delay  Logical Name (Net Name)
    ----------------------------------------  ------------
     FDCE:C->Q            50   0.236   0.628  DataPath/PC/Q_9 (PC_out<9>)
     end scope: 'U1:PC_out<9>'
     begin scope: 'U2:a<7>'
     LUT3:I0->O            3   0.043   0.615  U0/xst_options.dist_mem_inst/gen_rom.rom_inst/Mram_spo_int53116_SW0 (N20)
     LUT6:I1->O            1   0.043   0.522  U0/xst_options.dist_mem_inst/gen_rom.rom_inst/Mram_spo_int53116 (U0/xst_options.dist_mem_inst/gen_rom.rom_inst/Mram_spo_int53115)
     LUT6:I2->O          261   0.043   0.775  U0/xst_options.dist_mem_inst/gen_rom.rom_inst/Mram_spo_int531113 (spo<17>)
     end scope: 'U2:spo<17>'
     begin scope: 'U1:inst_in<17>'
     LUT5:I0->O            1   0.043   0.522  DataPath/U2/Mmux_R_addr_B[4]_register[31][31]_wide_mux_4_OUT_82 (DataPath/U2/Mmux_R_addr_B[4]_register[31][31]_wide_mux_4_OUT_82)
     LUT6:I2->O            2   0.043   0.410  DataPath/U2/Mmux_R_addr_B[4]_register[31][31]_wide_mux_4_OUT_4 (DataPath/U2/Mmux_R_addr_B[4]_register[31][31]_wide_mux_4_OUT_4)
     LUT6:I4->O            5   0.043   0.373  DataPath/MUX4/Mmux_o110 (DataPath/XLXN_531<0>)
     LUT6:I5->O            1   0.043   0.000  DataPath/U1/M0/MADC32/Madd_n0004_Madd_lut<0> (DataPath/U1/M0/MADC32/Madd_n0004_Madd_lut<0>)
     MUXCY:S->O            1   0.238   0.000  DataPath/U1/M0/MADC32/Madd_n0004_Madd_cy<0> (DataPath/U1/M0/MADC32/Madd_n0004_Madd_cy<0>)
     MUXCY:CI->O           1   0.014   0.000  DataPath/U1/M0/MADC32/Madd_n0004_Madd_cy<1> (DataPath/U1/M0/MADC32/Madd_n0004_Madd_cy<1>)
     MUXCY:CI->O           1   0.014   0.000  DataPath/U1/M0/MADC32/Madd_n0004_Madd_cy<2> (DataPath/U1/M0/MADC32/Madd_n0004_Madd_cy<2>)
     MUXCY:CI->O           1   0.014   0.000  DataPath/U1/M0/MADC32/Madd_n0004_Madd_cy<3> (DataPath/U1/M0/MADC32/Madd_n0004_Madd_cy<3>)
     MUXCY:CI->O           1   0.014   0.000  DataPath/U1/M0/MADC32/Madd_n0004_Madd_cy<4> (DataPath/U1/M0/MADC32/Madd_n0004_Madd_cy<4>)
     MUXCY:CI->O           1   0.014   0.000  DataPath/U1/M0/MADC32/Madd_n0004_Madd_cy<5> (DataPath/U1/M0/MADC32/Madd_n0004_Madd_cy<5>)
     MUXCY:CI->O           1   0.014   0.000  DataPath/U1/M0/MADC32/Madd_n0004_Madd_cy<6> (DataPath/U1/M0/MADC32/Madd_n0004_Madd_cy<6>)
     MUXCY:CI->O           1   0.014   0.000  DataPath/U1/M0/MADC32/Madd_n0004_Madd_cy<7> (DataPath/U1/M0/MADC32/Madd_n0004_Madd_cy<7>)
     MUXCY:CI->O           1   0.014   0.000  DataPath/U1/M0/MADC32/Madd_n0004_Madd_cy<8> (DataPath/U1/M0/MADC32/Madd_n0004_Madd_cy<8>)
     MUXCY:CI->O           1   0.014   0.000  DataPath/U1/M0/MADC32/Madd_n0004_Madd_cy<9> (DataPath/U1/M0/MADC32/Madd_n0004_Madd_cy<9>)
     MUXCY:CI->O           1   0.014   0.000  DataPath/U1/M0/MADC32/Madd_n0004_Madd_cy<10> (DataPath/U1/M0/MADC32/Madd_n0004_Madd_cy<10>)
     MUXCY:CI->O           1   0.014   0.000  DataPath/U1/M0/MADC32/Madd_n0004_Madd_cy<11> (DataPath/U1/M0/MADC32/Madd_n0004_Madd_cy<11>)
     MUXCY:CI->O           1   0.014   0.000  DataPath/U1/M0/MADC32/Madd_n0004_Madd_cy<12> (DataPath/U1/M0/MADC32/Madd_n0004_Madd_cy<12>)
     MUXCY:CI->O           1   0.014   0.000  DataPath/U1/M0/MADC32/Madd_n0004_Madd_cy<13> (DataPath/U1/M0/MADC32/Madd_n0004_Madd_cy<13>)
     MUXCY:CI->O           1   0.014   0.000  DataPath/U1/M0/MADC32/Madd_n0004_Madd_cy<14> (DataPath/U1/M0/MADC32/Madd_n0004_Madd_cy<14>)
     MUXCY:CI->O           1   0.014   0.000  DataPath/U1/M0/MADC32/Madd_n0004_Madd_cy<15> (DataPath/U1/M0/MADC32/Madd_n0004_Madd_cy<15>)
     MUXCY:CI->O           1   0.014   0.000  DataPath/U1/M0/MADC32/Madd_n0004_Madd_cy<16> (DataPath/U1/M0/MADC32/Madd_n0004_Madd_cy<16>)
     MUXCY:CI->O           1   0.014   0.000  DataPath/U1/M0/MADC32/Madd_n0004_Madd_cy<17> (DataPath/U1/M0/MADC32/Madd_n0004_Madd_cy<17>)
     MUXCY:CI->O           1   0.014   0.000  DataPath/U1/M0/MADC32/Madd_n0004_Madd_cy<18> (DataPath/U1/M0/MADC32/Madd_n0004_Madd_cy<18>)
     MUXCY:CI->O           1   0.014   0.000  DataPath/U1/M0/MADC32/Madd_n0004_Madd_cy<19> (DataPath/U1/M0/MADC32/Madd_n0004_Madd_cy<19>)
     MUXCY:CI->O           1   0.014   0.000  DataPath/U1/M0/MADC32/Madd_n0004_Madd_cy<20> (DataPath/U1/M0/MADC32/Madd_n0004_Madd_cy<20>)
     MUXCY:CI->O           1   0.014   0.000  DataPath/U1/M0/MADC32/Madd_n0004_Madd_cy<21> (DataPath/U1/M0/MADC32/Madd_n0004_Madd_cy<21>)
     MUXCY:CI->O           1   0.014   0.000  DataPath/U1/M0/MADC32/Madd_n0004_Madd_cy<22> (DataPath/U1/M0/MADC32/Madd_n0004_Madd_cy<22>)
     MUXCY:CI->O           1   0.014   0.000  DataPath/U1/M0/MADC32/Madd_n0004_Madd_cy<23> (DataPath/U1/M0/MADC32/Madd_n0004_Madd_cy<23>)
     MUXCY:CI->O           1   0.014   0.000  DataPath/U1/M0/MADC32/Madd_n0004_Madd_cy<24> (DataPath/U1/M0/MADC32/Madd_n0004_Madd_cy<24>)
     MUXCY:CI->O           1   0.014   0.000  DataPath/U1/M0/MADC32/Madd_n0004_Madd_cy<25> (DataPath/U1/M0/MADC32/Madd_n0004_Madd_cy<25>)
     MUXCY:CI->O           1   0.014   0.000  DataPath/U1/M0/MADC32/Madd_n0004_Madd_cy<26> (DataPath/U1/M0/MADC32/Madd_n0004_Madd_cy<26>)
     MUXCY:CI->O           1   0.014   0.000  DataPath/U1/M0/MADC32/Madd_n0004_Madd_cy<27> (DataPath/U1/M0/MADC32/Madd_n0004_Madd_cy<27>)
     MUXCY:CI->O           1   0.014   0.000  DataPath/U1/M0/MADC32/Madd_n0004_Madd_cy<28> (DataPath/U1/M0/MADC32/Madd_n0004_Madd_cy<28>)
     MUXCY:CI->O           1   0.014   0.000  DataPath/U1/M0/MADC32/Madd_n0004_Madd_cy<29> (DataPath/U1/M0/MADC32/Madd_n0004_Madd_cy<29>)
     MUXCY:CI->O           0   0.014   0.000  DataPath/U1/M0/MADC32/Madd_n0004_Madd_cy<30> (DataPath/U1/M0/MADC32/Madd_n0004_Madd_cy<30>)
     XORCY:CI->O           3   0.262   0.362  DataPath/U1/M0/MADC32/Madd_n0004_Madd_xor<31> (DataPath/U1/S<31>)
     LUT6:I5->O           84   0.043   0.742  DataPath/U1/MUX3281/Mmux_o251 (Addr_out<31>)
     end scope: 'U1:Addr_out<31>'
     begin scope: 'U4:addr_bus<31>'
     LUT5:I0->O           32   0.043   0.743  Mmux_data_ram_rd11 (data_ram_rd)
     LUT6:I0->O            2   0.043   0.608  Mmux_Cpu_data4bus191 (Cpu_data4bus<26>)
     end scope: 'U4:Cpu_data4bus<26>'
     AND2:I1->O            1   0.053   0.603  U5/MUX1_DispData/XLXI_6/XLXI_3/XLXI_17 (U5/MUX1_DispData/XLXI_6/XLXI_3/XLXN_49)
     OR4:I1->O             1   0.053   0.613  U5/MUX1_DispData/XLXI_6/XLXI_3/XLXI_57 (U5/MUX1_DispData/XLXI_6/XLXN_64<2>)
     AND2:I0->O            1   0.043   0.613  U5/MUX1_DispData/XLXI_6/XLXI_15 (U5/MUX1_DispData/XLXI_6/XLXN_81)
     OR2:I0->O            19   0.043   0.623  U5/MUX1_DispData/XLXI_6/XLXI_25 (Disp_num<26>)
     LUT6:I2->O            1   0.043   0.000  U61/M2/Mmux_Hexo_32 (U61/M2/Mmux_Hexo_32)
     MUXF7:I1->O          14   0.178   0.411  U61/M2/Mmux_Hexo_2_f7_1 (U61/Hex<2>)
     INV:I->O              9   0.317   0.567  U61/M1/FD2 (U61/M1/ND2)
     AND4:I2->O            1   0.134   0.613  U61/M1/XLXI_5 (U61/M1/XLXN_16)
     OR4:I0->O             1   0.043   0.613  U61/M1/XLXI_9 (U61/M1/XLXN_58)
     OR2:I0->O             1   0.043   0.350  U61/M1/XLXI_39 (U61/SEG_TXT<0>)
     LUT3:I2->O            1   0.043   0.339  U61/MUXHM/Mmux_o12 (SEGMENT_0_OBUF)
     OBUF:I->O                 0.000          SEGMENT_0_OBUF (SEGMENT<0>)
    ----------------------------------------
    Total                     14.213ns (2.564ns logic, 11.649ns route)
                                       (18.0% logic, 82.0% route)

=========================================================================
Timing constraint: Default OFFSET OUT AFTER for Clock 'U8/clkdiv_4'
  Total number of paths / destination ports: 1463 / 8
-------------------------------------------------------------------------
Offset:              7.766ns (Levels of Logic = 14)
  Source:            U10/counter0_24 (FF)
  Destination:       SEGMENT<2> (PAD)
  Source Clock:      U8/clkdiv_4 rising

  Data Path: U10/counter0_24 to SEGMENT<2>
                                Gate     Net
    Cell:in->out      fanout   Delay   Delay  Logical Name (Net Name)
    ----------------------------------------  ------------
     FDC:C->Q              4   0.236   0.539  U10/counter0_24 (U10/counter0_24)
     begin scope: 'U4:counter_out<24>'
     LUT6:I2->O            2   0.043   0.608  Mmux_Cpu_data4bus171 (Cpu_data4bus<24>)
     end scope: 'U4:Cpu_data4bus<24>'
     AND2:I1->O            1   0.053   0.603  U5/MUX1_DispData/XLXI_6/XLXI_3/XLXI_9 (U5/MUX1_DispData/XLXI_6/XLXI_3/XLXN_41)
     OR4:I1->O             1   0.053   0.613  U5/MUX1_DispData/XLXI_6/XLXI_3/XLXI_55 (U5/MUX1_DispData/XLXI_6/XLXN_64<0>)
     AND2:I0->O            1   0.043   0.613  U5/MUX1_DispData/XLXI_6/XLXI_13 (U5/MUX1_DispData/XLXI_6/XLXN_77)
     OR2:I0->O            20   0.043   0.628  U5/MUX1_DispData/XLXI_6/XLXI_23 (Disp_num<24>)
     LUT6:I2->O            1   0.043   0.000  U61/M2/Mmux_Hexo_3 (U61/M2/Mmux_Hexo_3)
     MUXF7:I1->O          15   0.178   0.417  U61/M2/Mmux_Hexo_2_f7 (U61/Hex<0>)
     INV:I->O              7   0.317   0.647  U61/M1/D23 (U61/M1/ND0)
     AND3:I0->O            1   0.043   0.522  U61/M1/XLXI_12 (U61/M1/XLXN_24)
     OR4:I2->O             1   0.134   0.613  U61/M1/XLXI_15 (U61/M1/XLXN_59)
     OR2:I0->O             1   0.043   0.350  U61/M1/XLXI_40 (U61/SEG_TXT<1>)
     LUT3:I2->O            1   0.043   0.339  U61/MUXHM/Mmux_o22 (SEGMENT_1_OBUF)
     OBUF:I->O                 0.000          SEGMENT_1_OBUF (SEGMENT<1>)
    ----------------------------------------
    Total                      7.766ns (1.272ns logic, 6.494ns route)
                                       (16.4% logic, 83.6% route)

=========================================================================
Timing constraint: Default OFFSET OUT AFTER for Clock 'U1/Controller/OPcode[5]_Fun[5]_Select_43_o'
  Total number of paths / destination ports: 340962 / 8
-------------------------------------------------------------------------
Offset:              10.744ns (Levels of Logic = 50)
  Source:            U1/Controller/ALU_Control_2 (LATCH)
  Destination:       SEGMENT<4> (PAD)
  Source Clock:      U1/Controller/OPcode[5]_Fun[5]_Select_43_o falling

  Data Path: U1/Controller/ALU_Control_2 to SEGMENT<4>
                                Gate     Net
    Cell:in->out      fanout   Delay   Delay  Logical Name (Net Name)
    ----------------------------------------  ------------
     LD:G->Q              68   0.330   0.542  Controller/ALU_Control_2 (Controller/ALU_Control_2)
     LUT6:I4->O            1   0.043   0.000  DataPath/U1/M0/MADC32/Madd_n0004_Madd_lut<0> (DataPath/U1/M0/MADC32/Madd_n0004_Madd_lut<0>)
     MUXCY:S->O            1   0.238   0.000  DataPath/U1/M0/MADC32/Madd_n0004_Madd_cy<0> (DataPath/U1/M0/MADC32/Madd_n0004_Madd_cy<0>)
     MUXCY:CI->O           1   0.014   0.000  DataPath/U1/M0/MADC32/Madd_n0004_Madd_cy<1> (DataPath/U1/M0/MADC32/Madd_n0004_Madd_cy<1>)
     MUXCY:CI->O           1   0.014   0.000  DataPath/U1/M0/MADC32/Madd_n0004_Madd_cy<2> (DataPath/U1/M0/MADC32/Madd_n0004_Madd_cy<2>)
     MUXCY:CI->O           1   0.014   0.000  DataPath/U1/M0/MADC32/Madd_n0004_Madd_cy<3> (DataPath/U1/M0/MADC32/Madd_n0004_Madd_cy<3>)
     MUXCY:CI->O           1   0.014   0.000  DataPath/U1/M0/MADC32/Madd_n0004_Madd_cy<4> (DataPath/U1/M0/MADC32/Madd_n0004_Madd_cy<4>)
     MUXCY:CI->O           1   0.014   0.000  DataPath/U1/M0/MADC32/Madd_n0004_Madd_cy<5> (DataPath/U1/M0/MADC32/Madd_n0004_Madd_cy<5>)
     MUXCY:CI->O           1   0.014   0.000  DataPath/U1/M0/MADC32/Madd_n0004_Madd_cy<6> (DataPath/U1/M0/MADC32/Madd_n0004_Madd_cy<6>)
     MUXCY:CI->O           1   0.014   0.000  DataPath/U1/M0/MADC32/Madd_n0004_Madd_cy<7> (DataPath/U1/M0/MADC32/Madd_n0004_Madd_cy<7>)
     MUXCY:CI->O           1   0.014   0.000  DataPath/U1/M0/MADC32/Madd_n0004_Madd_cy<8> (DataPath/U1/M0/MADC32/Madd_n0004_Madd_cy<8>)
     MUXCY:CI->O           1   0.014   0.000  DataPath/U1/M0/MADC32/Madd_n0004_Madd_cy<9> (DataPath/U1/M0/MADC32/Madd_n0004_Madd_cy<9>)
     MUXCY:CI->O           1   0.014   0.000  DataPath/U1/M0/MADC32/Madd_n0004_Madd_cy<10> (DataPath/U1/M0/MADC32/Madd_n0004_Madd_cy<10>)
     MUXCY:CI->O           1   0.014   0.000  DataPath/U1/M0/MADC32/Madd_n0004_Madd_cy<11> (DataPath/U1/M0/MADC32/Madd_n0004_Madd_cy<11>)
     MUXCY:CI->O           1   0.014   0.000  DataPath/U1/M0/MADC32/Madd_n0004_Madd_cy<12> (DataPath/U1/M0/MADC32/Madd_n0004_Madd_cy<12>)
     MUXCY:CI->O           1   0.014   0.000  DataPath/U1/M0/MADC32/Madd_n0004_Madd_cy<13> (DataPath/U1/M0/MADC32/Madd_n0004_Madd_cy<13>)
     MUXCY:CI->O           1   0.014   0.000  DataPath/U1/M0/MADC32/Madd_n0004_Madd_cy<14> (DataPath/U1/M0/MADC32/Madd_n0004_Madd_cy<14>)
     MUXCY:CI->O           1   0.014   0.000  DataPath/U1/M0/MADC32/Madd_n0004_Madd_cy<15> (DataPath/U1/M0/MADC32/Madd_n0004_Madd_cy<15>)
     MUXCY:CI->O           1   0.014   0.000  DataPath/U1/M0/MADC32/Madd_n0004_Madd_cy<16> (DataPath/U1/M0/MADC32/Madd_n0004_Madd_cy<16>)
     MUXCY:CI->O           1   0.014   0.000  DataPath/U1/M0/MADC32/Madd_n0004_Madd_cy<17> (DataPath/U1/M0/MADC32/Madd_n0004_Madd_cy<17>)
     MUXCY:CI->O           1   0.014   0.000  DataPath/U1/M0/MADC32/Madd_n0004_Madd_cy<18> (DataPath/U1/M0/MADC32/Madd_n0004_Madd_cy<18>)
     MUXCY:CI->O           1   0.014   0.000  DataPath/U1/M0/MADC32/Madd_n0004_Madd_cy<19> (DataPath/U1/M0/MADC32/Madd_n0004_Madd_cy<19>)
     MUXCY:CI->O           1   0.014   0.000  DataPath/U1/M0/MADC32/Madd_n0004_Madd_cy<20> (DataPath/U1/M0/MADC32/Madd_n0004_Madd_cy<20>)
     MUXCY:CI->O           1   0.014   0.000  DataPath/U1/M0/MADC32/Madd_n0004_Madd_cy<21> (DataPath/U1/M0/MADC32/Madd_n0004_Madd_cy<21>)
     MUXCY:CI->O           1   0.014   0.000  DataPath/U1/M0/MADC32/Madd_n0004_Madd_cy<22> (DataPath/U1/M0/MADC32/Madd_n0004_Madd_cy<22>)
     MUXCY:CI->O           1   0.014   0.000  DataPath/U1/M0/MADC32/Madd_n0004_Madd_cy<23> (DataPath/U1/M0/MADC32/Madd_n0004_Madd_cy<23>)
     MUXCY:CI->O           1   0.014   0.000  DataPath/U1/M0/MADC32/Madd_n0004_Madd_cy<24> (DataPath/U1/M0/MADC32/Madd_n0004_Madd_cy<24>)
     MUXCY:CI->O           1   0.014   0.000  DataPath/U1/M0/MADC32/Madd_n0004_Madd_cy<25> (DataPath/U1/M0/MADC32/Madd_n0004_Madd_cy<25>)
     MUXCY:CI->O           1   0.014   0.000  DataPath/U1/M0/MADC32/Madd_n0004_Madd_cy<26> (DataPath/U1/M0/MADC32/Madd_n0004_Madd_cy<26>)
     MUXCY:CI->O           1   0.014   0.000  DataPath/U1/M0/MADC32/Madd_n0004_Madd_cy<27> (DataPath/U1/M0/MADC32/Madd_n0004_Madd_cy<27>)
     MUXCY:CI->O           1   0.014   0.000  DataPath/U1/M0/MADC32/Madd_n0004_Madd_cy<28> (DataPath/U1/M0/MADC32/Madd_n0004_Madd_cy<28>)
     MUXCY:CI->O           1   0.014   0.000  DataPath/U1/M0/MADC32/Madd_n0004_Madd_cy<29> (DataPath/U1/M0/MADC32/Madd_n0004_Madd_cy<29>)
     MUXCY:CI->O           0   0.014   0.000  DataPath/U1/M0/MADC32/Madd_n0004_Madd_cy<30> (DataPath/U1/M0/MADC32/Madd_n0004_Madd_cy<30>)
     XORCY:CI->O           3   0.262   0.362  DataPath/U1/M0/MADC32/Madd_n0004_Madd_xor<31> (DataPath/U1/S<31>)
     LUT6:I5->O           84   0.043   0.742  DataPath/U1/MUX3281/Mmux_o251 (Addr_out<31>)
     end scope: 'U1:Addr_out<31>'
     begin scope: 'U4:addr_bus<31>'
     LUT5:I0->O           32   0.043   0.743  Mmux_data_ram_rd11 (data_ram_rd)
     LUT6:I0->O            2   0.043   0.608  Mmux_Cpu_data4bus191 (Cpu_data4bus<26>)
     end scope: 'U4:Cpu_data4bus<26>'
     AND2:I1->O            1   0.053   0.603  U5/MUX1_DispData/XLXI_6/XLXI_3/XLXI_17 (U5/MUX1_DispData/XLXI_6/XLXI_3/XLXN_49)
     OR4:I1->O             1   0.053   0.613  U5/MUX1_DispData/XLXI_6/XLXI_3/XLXI_57 (U5/MUX1_DispData/XLXI_6/XLXN_64<2>)
     AND2:I0->O            1   0.043   0.613  U5/MUX1_DispData/XLXI_6/XLXI_15 (U5/MUX1_DispData/XLXI_6/XLXN_81)
     OR2:I0->O            19   0.043   0.623  U5/MUX1_DispData/XLXI_6/XLXI_25 (Disp_num<26>)
     LUT6:I2->O            1   0.043   0.000  U61/M2/Mmux_Hexo_32 (U61/M2/Mmux_Hexo_32)
     MUXF7:I1->O          14   0.178   0.411  U61/M2/Mmux_Hexo_2_f7_1 (U61/Hex<2>)
     INV:I->O              9   0.317   0.567  U61/M1/FD2 (U61/M1/ND2)
     AND4:I2->O            1   0.134   0.613  U61/M1/XLXI_5 (U61/M1/XLXN_16)
     OR4:I0->O             1   0.043   0.613  U61/M1/XLXI_9 (U61/M1/XLXN_58)
     OR2:I0->O             1   0.043   0.350  U61/M1/XLXI_39 (U61/SEG_TXT<0>)
     LUT3:I2->O            1   0.043   0.339  U61/MUXHM/Mmux_o12 (SEGMENT_0_OBUF)
     OBUF:I->O                 0.000          SEGMENT_0_OBUF (SEGMENT<0>)
    ----------------------------------------
    Total                     10.744ns (2.400ns logic, 8.344ns route)
                                       (22.3% logic, 77.7% route)

=========================================================================
Timing constraint: Default OFFSET OUT AFTER for Clock 'U6/M2/sh_clk'
  Total number of paths / destination ports: 1 / 1
-------------------------------------------------------------------------
Offset:              0.584ns (Levels of Logic = 2)
  Source:            U6/M2/Q_0 (FF)
  Destination:       SEGDT (PAD)
  Source Clock:      U6/M2/sh_clk falling

  Data Path: U6/M2/Q_0 to SEGDT
                                Gate     Net
    Cell:in->out      fanout   Delay   Delay  Logical Name (Net Name)
    ----------------------------------------  ------------
     FDE_1:C->Q            2   0.240   0.344  Q_0 (sout)
     end scope: 'U6/M2:sout'
     OBUF:I->O                 0.000          SEGDT_OBUF (SEGDT)
    ----------------------------------------
    Total                      0.584ns (0.240ns logic, 0.344ns route)
                                       (41.1% logic, 58.9% route)

=========================================================================

Cross Clock Domains Report:
--------------------------

Clock to Setup on destination clock Clk_CPU
------------------------------------------+---------+---------+---------+---------+
                                          | Src:Rise| Src:Fall| Src:Rise| Src:Fall|
Source Clock                              |Dest:Rise|Dest:Rise|Dest:Fall|Dest:Fall|
------------------------------------------+---------+---------+---------+---------+
Clk_CPU                                   |    8.779|    3.220|   10.394|         |
U1/Controller/OPcode[5]_Fun[5]_Select_43_o|         |    5.310|    6.925|         |
U8/clkdiv_4                               |    2.332|         |    3.947|         |
clk_100mhz                                |    2.336|         |    4.834|         |
------------------------------------------+---------+---------+---------+---------+

Clock to Setup on destination clock M4/push
---------------+---------+---------+---------+---------+
               | Src:Rise| Src:Fall| Src:Rise| Src:Fall|
Source Clock   |Dest:Rise|Dest:Rise|Dest:Fall|Dest:Fall|
---------------+---------+---------+---------+---------+
M4/push        |    1.069|         |         |         |
U9/clk1        |    0.818|         |         |         |
clk_100mhz     |    1.336|         |         |         |
---------------+---------+---------+---------+---------+

Clock to Setup on destination clock U1/Controller/OPcode[5]_Fun[5]_Select_43_o
---------------+---------+---------+---------+---------+
               | Src:Rise| Src:Fall| Src:Rise| Src:Fall|
Source Clock   |Dest:Rise|Dest:Rise|Dest:Fall|Dest:Fall|
---------------+---------+---------+---------+---------+
Clk_CPU        |         |         |    3.402|         |
---------------+---------+---------+---------+---------+

Clock to Setup on destination clock U1/Controller/PCEN
------------------------------------------+---------+---------+---------+---------+
                                          | Src:Rise| Src:Fall| Src:Rise| Src:Fall|
Source Clock                              |Dest:Rise|Dest:Rise|Dest:Fall|Dest:Fall|
------------------------------------------+---------+---------+---------+---------+
Clk_CPU                                   |         |         |    7.280|         |
U1/Controller/OPcode[5]_Fun[5]_Select_43_o|         |         |    3.811|         |
------------------------------------------+---------+---------+---------+---------+

Clock to Setup on destination clock U6/M2/sh_clk
------------------------------------------+---------+---------+---------+---------+
                                          | Src:Rise| Src:Fall| Src:Rise| Src:Fall|
Source Clock                              |Dest:Rise|Dest:Rise|Dest:Fall|Dest:Fall|
------------------------------------------+---------+---------+---------+---------+
Clk_CPU                                   |         |         |   13.623|         |
U1/Controller/OPcode[5]_Fun[5]_Select_43_o|         |         |   10.155|         |
U6/M2/sh_clk                              |         |         |    0.700|         |
U8/clkdiv_4                               |         |         |    7.189|         |
clk_100mhz                                |         |         |    8.064|         |
------------------------------------------+---------+---------+---------+---------+

Clock to Setup on destination clock U8/clkdiv_4
---------------+---------+---------+---------+---------+
               | Src:Rise| Src:Fall| Src:Rise| Src:Fall|
Source Clock   |Dest:Rise|Dest:Rise|Dest:Fall|Dest:Fall|
---------------+---------+---------+---------+---------+
Clk_CPU        |         |    2.133|         |         |
U8/clkdiv_4    |    2.221|         |         |         |
clk_100mhz     |    1.621|         |         |         |
---------------+---------+---------+---------+---------+

Clock to Setup on destination clock U9/clk1
---------------+---------+---------+---------+---------+
               | Src:Rise| Src:Fall| Src:Rise| Src:Fall|
Source Clock   |Dest:Rise|Dest:Rise|Dest:Fall|Dest:Fall|
---------------+---------+---------+---------+---------+
U9/clk1        |    2.152|         |         |         |
clk_100mhz     |    1.292|         |         |         |
---------------+---------+---------+---------+---------+

Clock to Setup on destination clock clk_100mhz
---------------+---------+---------+---------+---------+
               | Src:Rise| Src:Fall| Src:Rise| Src:Fall|
Source Clock   |Dest:Rise|Dest:Rise|Dest:Fall|Dest:Fall|
---------------+---------+---------+---------+---------+
M4/push        |    1.928|         |         |         |
U6/M2/sh_clk   |         |    2.068|         |         |
U9/clk1        |    1.100|         |         |         |
clk_100mhz     |    2.195|         |         |         |
---------------+---------+---------+---------+---------+

=========================================================================


Total REAL time to Xst completion: 19.00 secs
Total CPU time to Xst completion: 19.02 secs
 
--> 

Total memory usage is 471880 kilobytes

Number of errors   :    0 (   0 filtered)
Number of warnings :   82 (   0 filtered)
Number of infos    :   15 (   0 filtered)

