Running: F:\14.7\ISE_DS\ISE\bin\nt64\unwrapped\fuse.exe -intstyle ise -incremental -lib unisims_ver -lib unimacro_ver -lib xilinxcorelib_ver -lib secureip -o F:/ComputerOrganism Program/OExp02-7SEG/HexTo8Seg_Test_isim_beh.exe -prj F:/ComputerOrganism Program/OExp02-7SEG/HexTo8Seg_Test_beh.prj work.HexTo8Seg_Test work.glbl 
ISim P.20131013 (signature 0x7708f090)
Number of CPUs detected in this system: 4
Turning on mult-threading, number of parallel sub-compilation jobs: 8 
Determining compilation order of HDL files
Analyzing Verilog file "F:/ComputerOrganism Program/OExp02-7SEG/MyMC14495.v" into library work
Analyzing Verilog file "F:/ComputerOrganism Program/OExp02-7SEG/HexTo8SEG.v" into library work
Analyzing Verilog file "F:/ComputerOrganism Program/OExp02-7SEG/HexTo8Seg_Test.v" into library work
Analyzing Verilog file "F:/14.7/ISE_DS/ISE//verilog/src/glbl.v" into library work
Starting static elaboration
Completed static elaboration
Compiling module MyMC14495
Compiling module HexTo8SEG
Compiling module HexTo8Seg_Test
Compiling module glbl
Time Resolution for simulation is 1ps.
Waiting for 1 sub-compilation(s) to finish...
WARNING:Simulator - Unable to copy libPortabilityNOSH.dll to the simulation executable directory: boost::filesystem::copy_file: 系统找不到指定的路径。, "isim\HexTo8Seg_Test_isim_beh.exe.sim\libPortability.dll".
Compiled 4 Verilog Units
Built simulation executable F:/ComputerOrganism Program/OExp02-7SEG/HexTo8Seg_Test_isim_beh.exe
Fuse Memory Usage: 28036 KB
Fuse CPU Usage: 468 ms
