--------------------------------------------------------------------------------
Release 14.7 Trace  (nt64)
Copyright (c) 1995-2013 Xilinx, Inc.  All rights reserved.

C:\Xilinx\14.7\ISE_DS\ISE\bin\nt64\unwrapped\trce.exe -intstyle ise -v 3 -s 2L
-n 3 -fastpaths -xml Top12.twx Top12.ncd -o Top12.twr Top12.pcf -ucf
SOC-Sword.ucf

Design file:              Top12.ncd
Physical constraint file: Top12.pcf
Device,package,speed:     xc7k160t,ffg676,C,-2L (PRODUCTION 1.10 2013-10-13)
Report level:             verbose report

Environment Variable      Effect 
--------------------      ------ 
NONE                      No environment variables were set
--------------------------------------------------------------------------------

INFO:Timing:3412 - To improve timing, see the Timing Closure User Guide (UG612).
INFO:Timing:2752 - To get complete path coverage, use the unconstrained paths 
   option. All paths that are not constrained will be reported in the 
   unconstrained paths section(s) of the report.
INFO:Timing:3339 - The clock-to-out numbers in this timing report are based on 
   a 50 Ohm transmission line loading model.  For the details of this model, 
   and for more information on accounting for different loading conditions, 
   please see the device datasheet.

================================================================================
Timing constraint: TS_CLK_100M = PERIOD TIMEGRP "TM_CLK" 10 ns HIGH 50%;
For more information, see Period Analysis in the Timing Closure User Guide (UG612).

 5103 paths analyzed, 501 endpoints analyzed, 0 failing endpoints
 0 timing errors detected. (0 setup errors, 0 hold errors, 0 component switching limit errors)
 Minimum period is   4.096ns.
--------------------------------------------------------------------------------

Paths for end point U6/P7SEG/S_0 (SLICE_X47Y78.CE), 1 path
--------------------------------------------------------------------------------
Slack (setup path):     5.904ns (requirement - (data path - clock path skew + uncertainty))
  Source:               U9/rst (FF)
  Destination:          U6/P7SEG/S_0 (FF)
  Requirement:          10.000ns
  Data Path Delay:      3.715ns (Levels of Logic = 1)
  Clock Path Skew:      -0.346ns (0.985 - 1.331)
  Source Clock:         clk_100mhz_BUFGP rising at 0.000ns
  Destination Clock:    clk_100mhz_BUFGP rising at 10.000ns
  Clock Uncertainty:    0.035ns

  Clock Uncertainty:          0.035ns  ((TSJ^2 + TIJ^2)^1/2 + DJ) / 2 + PE
    Total System Jitter (TSJ):  0.070ns
    Total Input Jitter (TIJ):   0.000ns
    Discrete Jitter (DJ):       0.000ns
    Phase Error (PE):           0.000ns

  Maximum Data Path at Slow Process Corner: U9/rst to U6/P7SEG/S_0
    Location             Delay type         Delay(ns)  Physical Resource
                                                       Logical Resource(s)
    -------------------------------------------------  -------------------
    SLICE_X101Y34.CQ     Tcko                  0.223   rst
                                                       U9/rst
    SLICE_X46Y78.A1      net (fanout=217)      2.947   rst
    SLICE_X46Y78.A       Tilo                  0.043   SEGEN_OBUF
                                                       U6/P7SEG/rst_inv1_INV_0
    SLICE_X47Y78.CE      net (fanout=2)        0.301   U6/P7SEG/rst_inv
    SLICE_X47Y78.CLK     Tceck                 0.201   U6/P7SEG/S<1>
                                                       U6/P7SEG/S_0
    -------------------------------------------------  ---------------------------
    Total                                      3.715ns (0.467ns logic, 3.248ns route)
                                                       (12.6% logic, 87.4% route)

--------------------------------------------------------------------------------

Paths for end point U6/P7SEG/S_1 (SLICE_X47Y78.CE), 1 path
--------------------------------------------------------------------------------
Slack (setup path):     5.904ns (requirement - (data path - clock path skew + uncertainty))
  Source:               U9/rst (FF)
  Destination:          U6/P7SEG/S_1 (FF)
  Requirement:          10.000ns
  Data Path Delay:      3.715ns (Levels of Logic = 1)
  Clock Path Skew:      -0.346ns (0.985 - 1.331)
  Source Clock:         clk_100mhz_BUFGP rising at 0.000ns
  Destination Clock:    clk_100mhz_BUFGP rising at 10.000ns
  Clock Uncertainty:    0.035ns

  Clock Uncertainty:          0.035ns  ((TSJ^2 + TIJ^2)^1/2 + DJ) / 2 + PE
    Total System Jitter (TSJ):  0.070ns
    Total Input Jitter (TIJ):   0.000ns
    Discrete Jitter (DJ):       0.000ns
    Phase Error (PE):           0.000ns

  Maximum Data Path at Slow Process Corner: U9/rst to U6/P7SEG/S_1
    Location             Delay type         Delay(ns)  Physical Resource
                                                       Logical Resource(s)
    -------------------------------------------------  -------------------
    SLICE_X101Y34.CQ     Tcko                  0.223   rst
                                                       U9/rst
    SLICE_X46Y78.A1      net (fanout=217)      2.947   rst
    SLICE_X46Y78.A       Tilo                  0.043   SEGEN_OBUF
                                                       U6/P7SEG/rst_inv1_INV_0
    SLICE_X47Y78.CE      net (fanout=2)        0.301   U6/P7SEG/rst_inv
    SLICE_X47Y78.CLK     Tceck                 0.201   U6/P7SEG/S<1>
                                                       U6/P7SEG/S_1
    -------------------------------------------------  ---------------------------
    Total                                      3.715ns (0.467ns logic, 3.248ns route)
                                                       (12.6% logic, 87.4% route)

--------------------------------------------------------------------------------

Paths for end point U6/P7SEG/S_0_1 (SLICE_X46Y78.CE), 1 path
--------------------------------------------------------------------------------
Slack (setup path):     6.020ns (requirement - (data path - clock path skew + uncertainty))
  Source:               U9/rst (FF)
  Destination:          U6/P7SEG/S_0_1 (FF)
  Requirement:          10.000ns
  Data Path Delay:      3.599ns (Levels of Logic = 1)
  Clock Path Skew:      -0.346ns (0.985 - 1.331)
  Source Clock:         clk_100mhz_BUFGP rising at 0.000ns
  Destination Clock:    clk_100mhz_BUFGP rising at 10.000ns
  Clock Uncertainty:    0.035ns

  Clock Uncertainty:          0.035ns  ((TSJ^2 + TIJ^2)^1/2 + DJ) / 2 + PE
    Total System Jitter (TSJ):  0.070ns
    Total Input Jitter (TIJ):   0.000ns
    Discrete Jitter (DJ):       0.000ns
    Phase Error (PE):           0.000ns

  Maximum Data Path at Slow Process Corner: U9/rst to U6/P7SEG/S_0_1
    Location             Delay type         Delay(ns)  Physical Resource
                                                       Logical Resource(s)
    -------------------------------------------------  -------------------
    SLICE_X101Y34.CQ     Tcko                  0.223   rst
                                                       U9/rst
    SLICE_X46Y78.A1      net (fanout=217)      2.947   rst
    SLICE_X46Y78.A       Tilo                  0.043   SEGEN_OBUF
                                                       U6/P7SEG/rst_inv1_INV_0
    SLICE_X46Y78.CE      net (fanout=2)        0.208   U6/P7SEG/rst_inv
    SLICE_X46Y78.CLK     Tceck                 0.178   SEGEN_OBUF
                                                       U6/P7SEG/S_0_1
    -------------------------------------------------  ---------------------------
    Total                                      3.599ns (0.444ns logic, 3.155ns route)
                                                       (12.3% logic, 87.7% route)

--------------------------------------------------------------------------------

Hold Paths: TS_CLK_100M = PERIOD TIMEGRP "TM_CLK" 10 ns HIGH 50%;
--------------------------------------------------------------------------------

Paths for end point U6/P7SEG/sh_clk (SLICE_X46Y84.A6), 1 path
--------------------------------------------------------------------------------
Slack (hold path):      0.138ns (requirement - (clock path skew + uncertainty - data path))
  Source:               U6/P7SEG/sh_clk_1 (FF)
  Destination:          U6/P7SEG/sh_clk (FF)
  Requirement:          0.000ns
  Data Path Delay:      0.138ns (Levels of Logic = 1)
  Clock Path Skew:      0.000ns
  Source Clock:         clk_100mhz_BUFGP rising at 10.000ns
  Destination Clock:    clk_100mhz_BUFGP rising at 10.000ns
  Clock Uncertainty:    0.000ns

  Minimum Data Path at Fast Process Corner: U6/P7SEG/sh_clk_1 to U6/P7SEG/sh_clk
    Location             Delay type         Delay(ns)  Physical Resource
                                                       Logical Resource(s)
    -------------------------------------------------  -------------------
    SLICE_X46Y84.AMUX    Tshcko                0.143   U6/P7SEG/sh_clk
                                                       U6/P7SEG/sh_clk_1
    SLICE_X46Y84.A6      net (fanout=1)        0.054   U6/P7SEG/sh_clk_1
    SLICE_X46Y84.CLK     Tah         (-Th)     0.059   U6/P7SEG/sh_clk
                                                       U6/P7SEG/state[1]_GND_13_o_Select_19_o1
                                                       U6/P7SEG/sh_clk
    -------------------------------------------------  ---------------------------
    Total                                      0.138ns (0.084ns logic, 0.054ns route)
                                                       (60.9% logic, 39.1% route)

--------------------------------------------------------------------------------

Paths for end point U6/P7SEG/S_0 (SLICE_X47Y78.A5), 1 path
--------------------------------------------------------------------------------
Slack (hold path):      0.152ns (requirement - (clock path skew + uncertainty - data path))
  Source:               U6/P7SEG/S_0_1 (FF)
  Destination:          U6/P7SEG/S_0 (FF)
  Requirement:          0.000ns
  Data Path Delay:      0.163ns (Levels of Logic = 1)
  Clock Path Skew:      0.011ns (0.063 - 0.052)
  Source Clock:         clk_100mhz_BUFGP rising at 10.000ns
  Destination Clock:    clk_100mhz_BUFGP rising at 10.000ns
  Clock Uncertainty:    0.000ns

  Minimum Data Path at Fast Process Corner: U6/P7SEG/S_0_1 to U6/P7SEG/S_0
    Location             Delay type         Delay(ns)  Physical Resource
                                                       Logical Resource(s)
    -------------------------------------------------  -------------------
    SLICE_X46Y78.AQ      Tcko                  0.118   SEGEN_OBUF
                                                       U6/P7SEG/S_0_1
    SLICE_X47Y78.A5      net (fanout=1)        0.077   U6/P7SEG/S_0_1
    SLICE_X47Y78.CLK     Tah         (-Th)     0.032   U6/P7SEG/S<1>
                                                       U6/P7SEG/state[1]_PWR_13_o_select_17_OUT<0>1
                                                       U6/P7SEG/S_0
    -------------------------------------------------  ---------------------------
    Total                                      0.163ns (0.086ns logic, 0.077ns route)
                                                       (52.8% logic, 47.2% route)

--------------------------------------------------------------------------------

Paths for end point M4/readn (SLICE_X50Y34.B6), 5 paths
--------------------------------------------------------------------------------
Slack (hold path):      0.167ns (requirement - (clock path skew + uncertainty - data path))
  Source:               M4/get_D_1 (FF)
  Destination:          M4/readn (FF)
  Requirement:          0.000ns
  Data Path Delay:      0.178ns (Levels of Logic = 2)
  Clock Path Skew:      0.011ns (0.063 - 0.052)
  Source Clock:         clk_100mhz_BUFGP rising at 10.000ns
  Destination Clock:    clk_100mhz_BUFGP rising at 10.000ns
  Clock Uncertainty:    0.000ns

  Minimum Data Path at Fast Process Corner: M4/get_D_1 to M4/readn
    Location             Delay type         Delay(ns)  Physical Resource
                                                       Logical Resource(s)
    -------------------------------------------------  -------------------
    SLICE_X51Y34.BQ      Tcko                  0.100   M4/get_D<1>
                                                       M4/get_D_1
    SLICE_X50Y34.C6      net (fanout=1)        0.055   M4/get_D<1>
    SLICE_X50Y34.C       Tilo                  0.028   readn_OBUF
                                                       M4/readn_glue_set
    SLICE_X50Y34.B6      net (fanout=1)        0.054   M4/readn_glue_set
    SLICE_X50Y34.CLK     Tah         (-Th)     0.059   readn_OBUF
                                                       M4/readn_rstpot
                                                       M4/readn
    -------------------------------------------------  ---------------------------
    Total                                      0.178ns (0.069ns logic, 0.109ns route)
                                                       (38.8% logic, 61.2% route)

--------------------------------------------------------------------------------
Slack (hold path):      0.310ns (requirement - (clock path skew + uncertainty - data path))
  Source:               M4/get_D_0 (FF)
  Destination:          M4/readn (FF)
  Requirement:          0.000ns
  Data Path Delay:      0.321ns (Levels of Logic = 2)
  Clock Path Skew:      0.011ns (0.063 - 0.052)
  Source Clock:         clk_100mhz_BUFGP rising at 10.000ns
  Destination Clock:    clk_100mhz_BUFGP rising at 10.000ns
  Clock Uncertainty:    0.000ns

  Minimum Data Path at Fast Process Corner: M4/get_D_0 to M4/readn
    Location             Delay type         Delay(ns)  Physical Resource
                                                       Logical Resource(s)
    -------------------------------------------------  -------------------
    SLICE_X51Y34.AQ      Tcko                  0.100   M4/get_D<1>
                                                       M4/get_D_0
    SLICE_X50Y34.C1      net (fanout=2)        0.198   M4/get_D<0>
    SLICE_X50Y34.C       Tilo                  0.028   readn_OBUF
                                                       M4/readn_glue_set
    SLICE_X50Y34.B6      net (fanout=1)        0.054   M4/readn_glue_set
    SLICE_X50Y34.CLK     Tah         (-Th)     0.059   readn_OBUF
                                                       M4/readn_rstpot
                                                       M4/readn
    -------------------------------------------------  ---------------------------
    Total                                      0.321ns (0.069ns logic, 0.252ns route)
                                                       (21.5% logic, 78.5% route)

--------------------------------------------------------------------------------
Slack (hold path):      0.332ns (requirement - (clock path skew + uncertainty - data path))
  Source:               M4/readn (FF)
  Destination:          M4/readn (FF)
  Requirement:          0.000ns
  Data Path Delay:      0.332ns (Levels of Logic = 2)
  Clock Path Skew:      0.000ns
  Source Clock:         clk_100mhz_BUFGP rising at 10.000ns
  Destination Clock:    clk_100mhz_BUFGP rising at 10.000ns
  Clock Uncertainty:    0.000ns

  Minimum Data Path at Fast Process Corner: M4/readn to M4/readn
    Location             Delay type         Delay(ns)  Physical Resource
                                                       Logical Resource(s)
    -------------------------------------------------  -------------------
    SLICE_X50Y34.BQ      Tcko                  0.118   readn_OBUF
                                                       M4/readn
    SLICE_X50Y34.C4      net (fanout=3)        0.191   readn_OBUF
    SLICE_X50Y34.C       Tilo                  0.028   readn_OBUF
                                                       M4/readn_glue_set
    SLICE_X50Y34.B6      net (fanout=1)        0.054   M4/readn_glue_set
    SLICE_X50Y34.CLK     Tah         (-Th)     0.059   readn_OBUF
                                                       M4/readn_rstpot
                                                       M4/readn
    -------------------------------------------------  ---------------------------
    Total                                      0.332ns (0.087ns logic, 0.245ns route)
                                                       (26.2% logic, 73.8% route)

--------------------------------------------------------------------------------

Component Switching Limit Checks: TS_CLK_100M = PERIOD TIMEGRP "TM_CLK" 10 ns HIGH 50%;
--------------------------------------------------------------------------------
Slack: 8.161ns (period - min period limit)
  Period: 10.000ns
  Min period limit: 1.839ns (543.774MHz) (Trper_CLKA)
  Physical resource: U3/U0/xst_blk_mem_generator/gnativebmg.native_blk_mem_gen/valid.cstr/ramloop[0].ram.r/v6_init.ram/NO_BMM_INFO.SP.SIMPLE_PRIM36.ram/CLKARDCLKL
  Logical resource: U3/U0/xst_blk_mem_generator/gnativebmg.native_blk_mem_gen/valid.cstr/ramloop[0].ram.r/v6_init.ram/NO_BMM_INFO.SP.SIMPLE_PRIM36.ram/CLKARDCLKL
  Location pin: RAMB36_X3Y10.CLKARDCLKL
  Clock network: clk_100mhz_BUFGP
--------------------------------------------------------------------------------
Slack: 8.161ns (period - min period limit)
  Period: 10.000ns
  Min period limit: 1.839ns (543.774MHz) (Trper_CLKA)
  Physical resource: U3/U0/xst_blk_mem_generator/gnativebmg.native_blk_mem_gen/valid.cstr/ramloop[0].ram.r/v6_init.ram/NO_BMM_INFO.SP.SIMPLE_PRIM36.ram/CLKARDCLKU
  Logical resource: U3/U0/xst_blk_mem_generator/gnativebmg.native_blk_mem_gen/valid.cstr/ramloop[0].ram.r/v6_init.ram/NO_BMM_INFO.SP.SIMPLE_PRIM36.ram/CLKARDCLKU
  Location pin: RAMB36_X3Y10.CLKARDCLKU
  Clock network: clk_100mhz_BUFGP
--------------------------------------------------------------------------------
Slack: 8.161ns (period - min period limit)
  Period: 10.000ns
  Min period limit: 1.839ns (543.774MHz) (Trper_CLKB)
  Physical resource: U3/U0/xst_blk_mem_generator/gnativebmg.native_blk_mem_gen/valid.cstr/ramloop[0].ram.r/v6_init.ram/NO_BMM_INFO.SP.SIMPLE_PRIM36.ram/CLKBWRCLKL
  Logical resource: U3/U0/xst_blk_mem_generator/gnativebmg.native_blk_mem_gen/valid.cstr/ramloop[0].ram.r/v6_init.ram/NO_BMM_INFO.SP.SIMPLE_PRIM36.ram/CLKBWRCLKL
  Location pin: RAMB36_X3Y10.CLKBWRCLKL
  Clock network: clk_100mhz_BUFGP
--------------------------------------------------------------------------------


All constraints were met.


Data Sheet report:
-----------------
All values displayed in nanoseconds (ns)

Clock to Setup on destination clock clk_100mhz
---------------+---------+---------+---------+---------+
               | Src:Rise| Src:Fall| Src:Rise| Src:Fall|
Source Clock   |Dest:Rise|Dest:Rise|Dest:Fall|Dest:Fall|
---------------+---------+---------+---------+---------+
clk_100mhz     |    4.096|         |         |         |
---------------+---------+---------+---------+---------+


Timing summary:
---------------

Timing errors: 0  Score: 0  (Setup/Max: 0, Hold: 0)

Constraints cover 5103 paths, 0 nets, and 648 connections

Design statistics:
   Minimum period:   4.096ns{1}   (Maximum frequency: 244.141MHz)


------------------------------------Footnotes-----------------------------------
1)  The minimum period statistic assumes all single cycle delays.

Analysis completed Tue Jun 19 16:00:22 2018 
--------------------------------------------------------------------------------

Trace Settings:
-------------------------
Trace Settings 

Peak Memory Usage: 829 MB



