Running: K:\Xilinx\14.7\ISE_DS\ISE\bin\nt64\unwrapped\fuse.exe -intstyle ise -incremental -lib unisims_ver -lib unimacro_ver -lib xilinxcorelib_ver -lib secureip -o C:/Users/z/Documents/Projects/OrgLab/Lab4/Lab4/regs_test_isim_beh.exe -prj C:/Users/z/Documents/Projects/OrgLab/Lab4/Lab4/regs_test_beh.prj work.regs_test work.glbl 
ISim P.20131013 (signature 0x7708f090)
Number of CPUs detected in this system: 8
Turning on mult-threading, number of parallel sub-compilation jobs: 16 
Determining compilation order of HDL files
Analyzing Verilog file "C:/Users/z/Documents/Projects/OrgLab/Lab4/Lab4/regs.v" into library work
Analyzing Verilog file "C:/Users/z/Documents/Projects/OrgLab/Lab4/Lab4/regs_test.v" into library work
Analyzing Verilog file "K:/Xilinx/14.7/ISE_DS/ISE//verilog/src/glbl.v" into library work
Starting static elaboration
Completed static elaboration
Compiling module regs
Compiling module regs_test
Compiling module glbl
Time Resolution for simulation is 1ps.
Waiting for 1 sub-compilation(s) to finish...
WARNING:Simulator - Unable to copy libPortabilityNOSH.dll to the simulation executable directory: boost::filesystem::copy_file: The system cannot find the path specified, "isim\regs_test_isim_beh.exe.sim\libPortability.dll".
Compiled 3 Verilog Units
Built simulation executable C:/Users/z/Documents/Projects/OrgLab/Lab4/Lab4/regs_test_isim_beh.exe
Fuse Memory Usage: 27552 KB
Fuse CPU Usage: 359 ms
