Release 14.7 - xst P.20131013 (nt64)
Copyright (c) 1995-2013 Xilinx, Inc.  All rights reserved.
--> Parameter TMPDIR set to xst/projnav.tmp


Total REAL time to Xst completion: 0.00 secs
Total CPU time to Xst completion: 0.16 secs
 
--> Parameter xsthdpdir set to xst


Total REAL time to Xst completion: 0.00 secs
Total CPU time to Xst completion: 0.16 secs
 
--> Reading design: OrgLab1.prj

TABLE OF CONTENTS
  1) Synthesis Options Summary
  2) HDL Parsing
  3) HDL Elaboration
  4) HDL Synthesis
       4.1) HDL Synthesis Report
  5) Advanced HDL Synthesis
       5.1) Advanced HDL Synthesis Report
  6) Low Level Synthesis
  7) Partition Report
  8) Design Summary
       8.1) Primitive and Black Box Usage
       8.2) Device utilization summary
       8.3) Partition Resource Summary
       8.4) Timing Report
            8.4.1) Clock Information
            8.4.2) Asynchronous Control Signals Information
            8.4.3) Timing Summary
            8.4.4) Timing Details
            8.4.5) Cross Clock Domains Report


=========================================================================
*                      Synthesis Options Summary                        *
=========================================================================
---- Source Parameters
Input File Name                    : "OrgLab1.prj"
Ignore Synthesis Constraint File   : NO

---- Target Parameters
Output File Name                   : "OrgLab1"
Output Format                      : NGC
Target Device                      : xc7k160t-2L-ffg676

---- Source Options
Top Module Name                    : OrgLab1
Automatic FSM Extraction           : YES
FSM Encoding Algorithm             : Auto
Safe Implementation                : No
FSM Style                          : LUT
RAM Extraction                     : Yes
RAM Style                          : Auto
ROM Extraction                     : Yes
Shift Register Extraction          : YES
ROM Style                          : Auto
Resource Sharing                   : YES
Asynchronous To Synchronous        : NO
Shift Register Minimum Size        : 2
Use DSP Block                      : Auto
Automatic Register Balancing       : No

---- Target Options
LUT Combining                      : Auto
Reduce Control Sets                : Auto
Add IO Buffers                     : YES
Global Maximum Fanout              : 100000
Add Generic Clock Buffer(BUFG)     : 32
Register Duplication               : YES
Optimize Instantiated Primitives   : NO
Use Clock Enable                   : Auto
Use Synchronous Set                : Auto
Use Synchronous Reset              : Auto
Pack IO Registers into IOBs        : Auto
Equivalent register Removal        : YES

---- General Options
Optimization Goal                  : Speed
Optimization Effort                : 1
Power Reduction                    : NO
Keep Hierarchy                     : No
Netlist Hierarchy                  : As_Optimized
RTL Output                         : Yes
Global Optimization                : AllClockNets
Read Cores                         : YES
Write Timing Constraints           : NO
Cross Clock Analysis               : NO
Hierarchy Separator                : /
Bus Delimiter                      : <>
Case Specifier                     : Maintain
Slice Utilization Ratio            : 100
BRAM Utilization Ratio             : 100
DSP48 Utilization Ratio            : 100
Auto BRAM Packing                  : NO
Slice Utilization Ratio Delta      : 5

---- Other Options
Cores Search Directories           : {"ipcore_dir"  }

=========================================================================


=========================================================================
*                          HDL Parsing                                  *
=========================================================================
WARNING:Xst:2838 - Path definition '$XILINX/vhdl/xst/nt64/unimacro' in file C:/Xilinx/14.7/ISE_DS/ISE/vhdl/xst/nt64/hdc.ini is invalid and being ignored.  Check the path and ensure that any environment variable specification is legal.
WARNING:Xst:2838 - Path definition '$XILINX/vhdl/xst/nt64/xilinxcorelib' in file C:/Xilinx/14.7/ISE_DS/ISE/vhdl/xst/nt64/hdc.ini is invalid and being ignored.  Check the path and ensure that any environment variable specification is legal.
Analyzing Verilog file "D:\Lab4\Lab4\Lab4\MC14495_ZJU.vf" into library work
Parsing module <MC14495_ZJU>.
Analyzing Verilog file "D:\Lab4\Lab4\Lab4\SSeg_map.v" into library work
Parsing module <SSeg_map>.
Analyzing Verilog file "D:\Lab4\Lab4\Lab4\Seg_map.v" into library work
Parsing module <Seg_map>.
Analyzing Verilog file "D:\Lab4\Lab4\Lab4\SCPU_ctrl.v" into library work
Parsing module <SCPU_ctrl>.
Analyzing Verilog file "D:\Lab4\Lab4\Lab4\Scansync.v" into library work
Parsing module <Scansync>.
Analyzing Verilog file "D:\Lab4\Lab4\Lab4\P2S_IO.v" into library work
Parsing module <P2S>.
Analyzing Verilog file "D:\Lab4\Lab4\Lab4\MUX2T1_8.v" into library work
Parsing module <MUX2T1_8>.
Analyzing Verilog file "D:\Lab4\Lab4\Lab4\MUX2T1_64.v" into library work
Parsing module <MUX2T1_64>.
Analyzing Verilog file "D:\Lab4\Lab4\Lab4\LED_P2S_IO.v" into library work
Parsing module <LED_P2S>.
Analyzing Verilog file "D:\Lab4\Lab4\Lab4\HexTo8SEG.v" into library work
Parsing module <HexTo8SEG>.
WARNING:HDLCompiler:248 - "D:\Lab4\Lab4\Lab4\HexTo8SEG.v" Line 12: Block identifier is required on this block
Analyzing Verilog file "D:\Lab4\Lab4\Lab4\Data_path.v" into library work
Parsing module <Data_path>.
Analyzing Verilog file "D:\Lab4\Lab4\Lab4\SSeg7_Dev.vf" into library work
Parsing module <SSeg7_Dev>.
Analyzing Verilog file "D:\Lab4\Lab4\Lab4\SPIO.v" into library work
Parsing module <SPIO>.
Analyzing Verilog file "D:\Lab4\Lab4\Lab4\SEnter_2_32_IO.v" into library work
Parsing module <SEnter_2_32>.
Analyzing Verilog file "D:\Lab4\Lab4\Lab4\Seg7_Dev.vf" into library work
Parsing module <MC14495_ZJU_MUSER_Seg7_Dev>.
Parsing module <Seg7_Dev>.
Analyzing Verilog file "D:\Lab4\Lab4\Lab4\SCPU.vf" into library work
Parsing module <SCPU>.
Analyzing Verilog file "D:\Lab4\Lab4\Lab4\SAnti_jitter_IO.v" into library work
Parsing module <SAnti_jitter>.
Analyzing Verilog file "D:\Lab4\Lab4\Lab4\PIO_IO.v" into library work
Parsing module <PIO>.
Analyzing Verilog file "D:\Lab4\Lab4\Lab4\Multi_8CH32_IO.v" into library work
Parsing module <Multi_8CH32>.
Analyzing Verilog file "D:\Lab4\Lab4\Lab4\MIO_BUS_IO.v" into library work
Parsing module <MIO_BUS>.
Analyzing Verilog file "D:\Lab4\Lab4\Lab4\ipcore_dir\ROM_D.v" into library work
Parsing module <ROM_D>.
Analyzing Verilog file "D:\Lab4\Lab4\Lab4\ipcore_dir\RAM_B.v" into library work
Parsing module <RAM_B>.
Analyzing Verilog file "D:\Lab4\Lab4\Lab4\Counter_3_IO.v" into library work
Parsing module <Counter_x>.
Analyzing Verilog file "D:\Lab4\Lab4\Lab4\clk_div.v" into library work
Parsing module <clk_div>.
Analyzing Verilog file "D:\Lab4\Lab4\Lab4\OrgLab1.vf" into library work
Parsing module <SCPU_MUSER_OrgLab1>.
Parsing module <MC14495_ZJU_MUSER_OrgLab1>.
Parsing module <Seg7_Dev_MUSER_OrgLab1>.
Parsing module <SSeg7_Dev_MUSER_OrgLab1>.
Parsing module <OrgLab1>.

=========================================================================
*                            HDL Elaboration                            *
=========================================================================

Elaborating module <OrgLab1>.

Elaborating module <SAnti_jitter>.
WARNING:HDLCompiler:1499 - "D:\Lab4\Lab4\Lab4\SAnti_jitter_IO.v" Line 21: Empty module <SAnti_jitter> remains a black box.
WARNING:HDLCompiler:1127 - "D:\Lab4\Lab4\Lab4\OrgLab1.vf" Line 512: Assignment to Pulse ignored, since the identifier is never used

Elaborating module <clk_div>.

Elaborating module <SEnter_2_32>.
WARNING:HDLCompiler:1499 - "D:\Lab4\Lab4\Lab4\SEnter_2_32_IO.v" Line 21: Empty module <SEnter_2_32> remains a black box.
WARNING:HDLCompiler:1127 - "D:\Lab4\Lab4\Lab4\OrgLab1.vf" Line 525: Assignment to Ai ignored, since the identifier is never used
WARNING:HDLCompiler:1127 - "D:\Lab4\Lab4\Lab4\OrgLab1.vf" Line 526: Assignment to Bi ignored, since the identifier is never used
WARNING:HDLCompiler:1127 - "D:\Lab4\Lab4\Lab4\OrgLab1.vf" Line 527: Assignment to blink ignored, since the identifier is never used

Elaborating module <SSeg7_Dev_MUSER_OrgLab1>.

Elaborating module <HexTo8SEG>.

Elaborating module <MC14495_ZJU>.

Elaborating module <INV>.

Elaborating module <AND4>.

Elaborating module <OR4>.

Elaborating module <AND3>.

Elaborating module <OR3>.

Elaborating module <AND2>.

Elaborating module <OR2>.

Elaborating module <SSeg_map>.

Elaborating module <MUX2T1_64>.

Elaborating module <P2S>.
WARNING:HDLCompiler:1499 - "D:\Lab4\Lab4\Lab4\P2S_IO.v" Line 21: Empty module <P2S> remains a black box.

Elaborating module <Multi_8CH32>.
WARNING:HDLCompiler:1499 - "D:\Lab4\Lab4\Lab4\Multi_8CH32_IO.v" Line 21: Empty module <Multi_8CH32> remains a black box.

Elaborating module <SPIO>.

Elaborating module <LED_P2S(DATA_BITS=16,DATA_COUNT_BITS=4)>.
WARNING:HDLCompiler:1499 - "D:\Lab4\Lab4\Lab4\LED_P2S_IO.v" Line 21: Empty module <LED_P2S(DATA_BITS=16,DATA_COUNT_BITS=4)> remains a black box.

Elaborating module <VCC>.

Elaborating module <GND>.

Elaborating module <PIO>.
WARNING:HDLCompiler:1499 - "D:\Lab4\Lab4\Lab4\PIO_IO.v" Line 21: Empty module <PIO> remains a black box.

Elaborating module <Seg7_Dev_MUSER_OrgLab1>.

Elaborating module <MC14495_ZJU_MUSER_OrgLab1>.

Elaborating module <Seg_map>.

Elaborating module <MUX2T1_8>.

Elaborating module <Scansync>.

Elaborating module <BUF>.

Elaborating module <RAM_B>.
WARNING:HDLCompiler:1499 - "D:\Lab4\Lab4\Lab4\ipcore_dir\RAM_B.v" Line 39: Empty module <RAM_B> remains a black box.

Elaborating module <ROM_D>.
WARNING:HDLCompiler:1499 - "D:\Lab4\Lab4\Lab4\ipcore_dir\ROM_D.v" Line 39: Empty module <ROM_D> remains a black box.

Elaborating module <MIO_BUS>.
WARNING:HDLCompiler:1499 - "D:\Lab4\Lab4\Lab4\MIO_BUS_IO.v" Line 21: Empty module <MIO_BUS> remains a black box.

Elaborating module <Counter_x>.
WARNING:HDLCompiler:1127 - "D:\Lab4\Lab4\Lab4\Counter_3_IO.v" Line 43: Assignment to M2 ignored, since the identifier is never used
WARNING:HDLCompiler:634 - "D:\Lab4\Lab4\Lab4\Counter_3_IO.v" Line 36: Net <counter1[32]> does not have a driver.

Elaborating module <SCPU_MUSER_OrgLab1>.

Elaborating module <SCPU_ctrl>.
WARNING:HDLCompiler:1499 - "D:\Lab4\Lab4\Lab4\SCPU_ctrl.v" Line 21: Empty module <SCPU_ctrl> remains a black box.

Elaborating module <Data_path>.
WARNING:HDLCompiler:1499 - "D:\Lab4\Lab4\Lab4\Data_path.v" Line 21: Empty module <Data_path> remains a black box.
WARNING:HDLCompiler:634 - "D:\Lab4\Lab4\Lab4\OrgLab1.vf" Line 496: Net <XLXN_151[63]> does not have a driver.
WARNING:HDLCompiler:552 - "D:\Lab4\Lab4\Lab4\OrgLab1.vf" Line 631: Input port MIO_ready is not connected on this instance

=========================================================================
*                           HDL Synthesis                               *
=========================================================================

Synthesizing Unit <OrgLab1>.
    Related source file is "D:\Lab4\Lab4\Lab4\OrgLab1.vf".
INFO:Xst:3210 - "D:\Lab4\Lab4\Lab4\OrgLab1.vf" line 502: Output port <pulse_out> of the instance <XLXI_1> is unconnected or connected to loadless signal.
INFO:Xst:3210 - "D:\Lab4\Lab4\Lab4\OrgLab1.vf" line 520: Output port <Ai> of the instance <XLXI_3> is unconnected or connected to loadless signal.
INFO:Xst:3210 - "D:\Lab4\Lab4\Lab4\OrgLab1.vf" line 520: Output port <Bi> of the instance <XLXI_3> is unconnected or connected to loadless signal.
INFO:Xst:3210 - "D:\Lab4\Lab4\Lab4\OrgLab1.vf" line 520: Output port <blink> of the instance <XLXI_3> is unconnected or connected to loadless signal.
INFO:Xst:3210 - "D:\Lab4\Lab4\Lab4\OrgLab1.vf" line 558: Output port <GPIOf0> of the instance <XLXI_6> is unconnected or connected to loadless signal.
INFO:Xst:3210 - "D:\Lab4\Lab4\Lab4\OrgLab1.vf" line 574: Output port <counter_set> of the instance <XLXI_13> is unconnected or connected to loadless signal.
INFO:Xst:3210 - "D:\Lab4\Lab4\Lab4\OrgLab1.vf" line 574: Output port <GPIOf0> of the instance <XLXI_13> is unconnected or connected to loadless signal.
INFO:Xst:3210 - "D:\Lab4\Lab4\Lab4\OrgLab1.vf" line 631: Output port <CPU_MIO> of the instance <XLXI_21> is unconnected or connected to loadless signal.
WARNING:Xst:653 - Signal <XLXN_151> is used but never assigned. This sourceless signal will be automatically connected to value GND.
    Summary:
	no macro.
Unit <OrgLab1> synthesized.

Synthesizing Unit <clk_div>.
    Related source file is "D:\Lab4\Lab4\Lab4\clk_div.v".
    Found 32-bit register for signal <clkdiv>.
    Found 32-bit adder for signal <clkdiv[31]_GND_3_o_add_0_OUT> created at line 32.
    Summary:
	inferred   1 Adder/Subtractor(s).
	inferred  32 D-type flip-flop(s).
	inferred   1 Multiplexer(s).
Unit <clk_div> synthesized.

Synthesizing Unit <SSeg7_Dev_MUSER_OrgLab1>.
    Related source file is "D:\Lab4\Lab4\Lab4\OrgLab1.vf".
    Summary:
	no macro.
Unit <SSeg7_Dev_MUSER_OrgLab1> synthesized.

Synthesizing Unit <HexTo8SEG>.
    Related source file is "D:\Lab4\Lab4\Lab4\HexTo8SEG.v".
    Summary:
	no macro.
Unit <HexTo8SEG> synthesized.

Synthesizing Unit <MC14495_ZJU>.
    Related source file is "D:\Lab4\Lab4\Lab4\MC14495_ZJU.vf".
    Summary:
	no macro.
Unit <MC14495_ZJU> synthesized.

Synthesizing Unit <SSeg_map>.
    Related source file is "D:\Lab4\Lab4\Lab4\SSeg_map.v".
    Summary:
	no macro.
Unit <SSeg_map> synthesized.

Synthesizing Unit <MUX2T1_64>.
    Related source file is "D:\Lab4\Lab4\Lab4\MUX2T1_64.v".
    Summary:
	inferred   1 Multiplexer(s).
Unit <MUX2T1_64> synthesized.

Synthesizing Unit <SPIO>.
    Related source file is "D:\Lab4\Lab4\Lab4\SPIO.v".
    Found 2-bit register for signal <counter_set>.
    Found 16-bit register for signal <LED>.
    Found 14-bit register for signal <GPIOf0>.
    Summary:
	inferred  32 D-type flip-flop(s).
Unit <SPIO> synthesized.

Synthesizing Unit <Seg7_Dev_MUSER_OrgLab1>.
    Related source file is "D:\Lab4\Lab4\Lab4\OrgLab1.vf".
    Summary:
	no macro.
Unit <Seg7_Dev_MUSER_OrgLab1> synthesized.

Synthesizing Unit <MC14495_ZJU_MUSER_OrgLab1>.
    Related source file is "D:\Lab4\Lab4\Lab4\OrgLab1.vf".
    Summary:
	no macro.
Unit <MC14495_ZJU_MUSER_OrgLab1> synthesized.

Synthesizing Unit <Seg_map>.
    Related source file is "D:\Lab4\Lab4\Lab4\Seg_map.v".
    Summary:
	inferred   7 Multiplexer(s).
Unit <Seg_map> synthesized.

Synthesizing Unit <MUX2T1_8>.
    Related source file is "D:\Lab4\Lab4\Lab4\MUX2T1_8.v".
    Summary:
	inferred   1 Multiplexer(s).
Unit <MUX2T1_8> synthesized.

Synthesizing Unit <Scansync>.
    Related source file is "D:\Lab4\Lab4\Lab4\Scansync.v".
    Found 8x4-bit Read Only RAM for signal <AN>
    Found 4-bit 8-to-1 multiplexer for signal <Hexo> created at line 10.
    Found 1-bit 8-to-1 multiplexer for signal <p> created at line 20.
    Found 1-bit 8-to-1 multiplexer for signal <LE> created at line 21.
    Summary:
	inferred   1 RAM(s).
	inferred   3 Multiplexer(s).
Unit <Scansync> synthesized.

Synthesizing Unit <Counter_x>.
    Related source file is "D:\Lab4\Lab4\Lab4\Counter_3_IO.v".
WARNING:Xst:647 - Input <clk1> is never used. This port will be preserved and left unconnected if it belongs to a top-level block or it belongs to a sub-block and the hierarchy of this sub-block is preserved.
WARNING:Xst:647 - Input <clk2> is never used. This port will be preserved and left unconnected if it belongs to a top-level block or it belongs to a sub-block and the hierarchy of this sub-block is preserved.
WARNING:Xst:653 - Signal <counter1<32>> is used but never assigned. This sourceless signal will be automatically connected to value GND.
WARNING:Xst:653 - Signal <counter2<32>> is used but never assigned. This sourceless signal will be automatically connected to value GND.
    Found 24-bit register for signal <counter_Ctrl>.
    Found 33-bit register for signal <counter0>.
    Found 32-bit register for signal <counter0_Lock>.
    Found 1-bit register for signal <sq0>.
    Found 1-bit register for signal <M0>.
    Found 1-bit register for signal <clr0>.
    Found 33-bit subtractor for signal <counter0[32]_GND_34_o_sub_26_OUT> created at line 77.
    Found 33-bit 4-to-1 multiplexer for signal <counter_Ctrl[2]_counter0[32]_wide_mux_26_OUT> created at line 70.
    Found 1-bit comparator not equal for signal <n0017> created at line 76
    Summary:
	inferred   1 Adder/Subtractor(s).
	inferred  92 D-type flip-flop(s).
	inferred   1 Comparator(s).
	inferred   5 Multiplexer(s).
Unit <Counter_x> synthesized.

Synthesizing Unit <SCPU_MUSER_OrgLab1>.
    Related source file is "D:\Lab4\Lab4\Lab4\OrgLab1.vf".
WARNING:Xst:647 - Input <INT> is never used. This port will be preserved and left unconnected if it belongs to a top-level block or it belongs to a sub-block and the hierarchy of this sub-block is preserved.
    Summary:
	no macro.
Unit <SCPU_MUSER_OrgLab1> synthesized.

=========================================================================
HDL Synthesis Report

Macro Statistics
# RAMs                                                 : 1
 8x4-bit single-port Read Only RAM                     : 1
# Adders/Subtractors                                   : 2
 32-bit adder                                          : 1
 33-bit subtractor                                     : 1
# Registers                                            : 10
 1-bit register                                        : 3
 14-bit register                                       : 1
 16-bit register                                       : 1
 2-bit register                                        : 1
 24-bit register                                       : 1
 32-bit register                                       : 2
 33-bit register                                       : 1
# Comparators                                          : 1
 1-bit comparator not equal                            : 1
# Multiplexers                                         : 18
 1-bit 2-to-1 multiplexer                              : 1
 1-bit 8-to-1 multiplexer                              : 2
 33-bit 2-to-1 multiplexer                             : 4
 33-bit 4-to-1 multiplexer                             : 1
 4-bit 8-to-1 multiplexer                              : 1
 64-bit 2-to-1 multiplexer                             : 1
 8-bit 2-to-1 multiplexer                              : 8

=========================================================================

=========================================================================
*                       Advanced HDL Synthesis                          *
=========================================================================

Reading core <SAnti_jitter.ngc>.
Reading core <SEnter_2_32.ngc>.
Reading core <MIO_BUS.ngc>.
Reading core <Multi_8CH32.ngc>.
Reading core <PIO.ngc>.
Reading core <ipcore_dir/RAM_B.ngc>.
Reading core <ipcore_dir/ROM_D.ngc>.
Reading core <P2S.ngc>.
Reading core <LED_P2S.ngc>.
Reading core <Data_path.ngc>.
Reading core <SCPU_ctrl.ngc>.
Loading core <SAnti_jitter> for timing and area information for instance <XLXI_1>.
Loading core <SEnter_2_32> for timing and area information for instance <XLXI_3>.
Loading core <MIO_BUS> for timing and area information for instance <XLXI_19>.
Loading core <Multi_8CH32> for timing and area information for instance <XLXI_5>.
Loading core <PIO> for timing and area information for instance <XLXI_13>.
Loading core <RAM_B> for timing and area information for instance <XLXI_17>.
Loading core <ROM_D> for timing and area information for instance <XLXI_18>.
Loading core <P2S> for timing and area information for instance <XLXI_4>.
Loading core <LED_P2S> for timing and area information for instance <m>.
Loading core <Data_path> for timing and area information for instance <XLXI_3>.
Loading core <SCPU_ctrl> for timing and area information for instance <XLXI_2>.
WARNING:Xst:2677 - Node <counter_Ctrl_0> of sequential type is unconnected in block <XLXI_20>.
WARNING:Xst:2677 - Node <counter_Ctrl_3> of sequential type is unconnected in block <XLXI_20>.
WARNING:Xst:2677 - Node <counter_Ctrl_4> of sequential type is unconnected in block <XLXI_20>.
WARNING:Xst:2677 - Node <counter_Ctrl_5> of sequential type is unconnected in block <XLXI_20>.
WARNING:Xst:2677 - Node <counter_Ctrl_6> of sequential type is unconnected in block <XLXI_20>.
WARNING:Xst:2677 - Node <counter_Ctrl_7> of sequential type is unconnected in block <XLXI_20>.
WARNING:Xst:2677 - Node <counter_Ctrl_8> of sequential type is unconnected in block <XLXI_20>.
WARNING:Xst:2677 - Node <counter_Ctrl_9> of sequential type is unconnected in block <XLXI_20>.
WARNING:Xst:2677 - Node <counter_Ctrl_10> of sequential type is unconnected in block <XLXI_20>.
WARNING:Xst:2677 - Node <counter_Ctrl_11> of sequential type is unconnected in block <XLXI_20>.
WARNING:Xst:2677 - Node <counter_Ctrl_12> of sequential type is unconnected in block <XLXI_20>.
WARNING:Xst:2677 - Node <counter_Ctrl_13> of sequential type is unconnected in block <XLXI_20>.
WARNING:Xst:2677 - Node <counter_Ctrl_14> of sequential type is unconnected in block <XLXI_20>.
WARNING:Xst:2677 - Node <counter_Ctrl_15> of sequential type is unconnected in block <XLXI_20>.
WARNING:Xst:2677 - Node <counter_Ctrl_16> of sequential type is unconnected in block <XLXI_20>.
WARNING:Xst:2677 - Node <counter_Ctrl_17> of sequential type is unconnected in block <XLXI_20>.
WARNING:Xst:2677 - Node <counter_Ctrl_18> of sequential type is unconnected in block <XLXI_20>.
WARNING:Xst:2677 - Node <counter_Ctrl_19> of sequential type is unconnected in block <XLXI_20>.
WARNING:Xst:2677 - Node <counter_Ctrl_20> of sequential type is unconnected in block <XLXI_20>.
WARNING:Xst:2677 - Node <counter_Ctrl_21> of sequential type is unconnected in block <XLXI_20>.
WARNING:Xst:2677 - Node <counter_Ctrl_22> of sequential type is unconnected in block <XLXI_20>.
WARNING:Xst:2677 - Node <counter_Ctrl_23> of sequential type is unconnected in block <XLXI_20>.

Synthesizing (advanced) Unit <Scansync>.
INFO:Xst:3218 - HDL ADVISOR - The RAM <Mram_AN> will be implemented on LUTs either because you have described an asynchronous read or because of currently unsupported block RAM features. If you have described an asynchronous read, making it synchronous would allow you to take advantage of available block RAM resources, for optimized device usage and improved timings. Please refer to your documentation for coding guidelines.
    -----------------------------------------------------------------------
    | ram_type           | Distributed                         |          |
    -----------------------------------------------------------------------
    | Port A                                                              |
    |     aspect ratio   | 8-word x 4-bit                      |          |
    |     weA            | connected to signal <GND>           | high     |
    |     addrA          | connected to signal <Scan>          |          |
    |     diA            | connected to signal <GND>           |          |
    |     doA            | connected to signal <AN>            |          |
    -----------------------------------------------------------------------
Unit <Scansync> synthesized (advanced).

Synthesizing (advanced) Unit <clk_div>.
The following registers are absorbed into counter <clkdiv>: 1 register on signal <clkdiv>.
Unit <clk_div> synthesized (advanced).
WARNING:Xst:2677 - Node <counter_Ctrl_0> of sequential type is unconnected in block <Counter_x>.
WARNING:Xst:2677 - Node <counter_Ctrl_3> of sequential type is unconnected in block <Counter_x>.
WARNING:Xst:2677 - Node <counter_Ctrl_4> of sequential type is unconnected in block <Counter_x>.
WARNING:Xst:2677 - Node <counter_Ctrl_5> of sequential type is unconnected in block <Counter_x>.
WARNING:Xst:2677 - Node <counter_Ctrl_6> of sequential type is unconnected in block <Counter_x>.
WARNING:Xst:2677 - Node <counter_Ctrl_7> of sequential type is unconnected in block <Counter_x>.
WARNING:Xst:2677 - Node <counter_Ctrl_8> of sequential type is unconnected in block <Counter_x>.
WARNING:Xst:2677 - Node <counter_Ctrl_9> of sequential type is unconnected in block <Counter_x>.
WARNING:Xst:2677 - Node <counter_Ctrl_10> of sequential type is unconnected in block <Counter_x>.
WARNING:Xst:2677 - Node <counter_Ctrl_11> of sequential type is unconnected in block <Counter_x>.
WARNING:Xst:2677 - Node <counter_Ctrl_12> of sequential type is unconnected in block <Counter_x>.
WARNING:Xst:2677 - Node <counter_Ctrl_13> of sequential type is unconnected in block <Counter_x>.
WARNING:Xst:2677 - Node <counter_Ctrl_14> of sequential type is unconnected in block <Counter_x>.
WARNING:Xst:2677 - Node <counter_Ctrl_15> of sequential type is unconnected in block <Counter_x>.
WARNING:Xst:2677 - Node <counter_Ctrl_16> of sequential type is unconnected in block <Counter_x>.
WARNING:Xst:2677 - Node <counter_Ctrl_17> of sequential type is unconnected in block <Counter_x>.
WARNING:Xst:2677 - Node <counter_Ctrl_18> of sequential type is unconnected in block <Counter_x>.
WARNING:Xst:2677 - Node <counter_Ctrl_19> of sequential type is unconnected in block <Counter_x>.
WARNING:Xst:2677 - Node <counter_Ctrl_20> of sequential type is unconnected in block <Counter_x>.
WARNING:Xst:2677 - Node <counter_Ctrl_21> of sequential type is unconnected in block <Counter_x>.
WARNING:Xst:2677 - Node <counter_Ctrl_22> of sequential type is unconnected in block <Counter_x>.
WARNING:Xst:2677 - Node <counter_Ctrl_23> of sequential type is unconnected in block <Counter_x>.

=========================================================================
Advanced HDL Synthesis Report

Macro Statistics
# RAMs                                                 : 1
 8x4-bit single-port distributed Read Only RAM         : 1
# Adders/Subtractors                                   : 1
 33-bit subtractor                                     : 1
# Counters                                             : 1
 32-bit up counter                                     : 1
# Registers                                            : 102
 Flip-Flops                                            : 102
# Comparators                                          : 1
 1-bit comparator not equal                            : 1
# Multiplexers                                         : 81
 1-bit 2-to-1 multiplexer                              : 66
 1-bit 8-to-1 multiplexer                              : 2
 33-bit 2-to-1 multiplexer                             : 2
 33-bit 4-to-1 multiplexer                             : 1
 4-bit 8-to-1 multiplexer                              : 1
 64-bit 2-to-1 multiplexer                             : 1
 8-bit 2-to-1 multiplexer                              : 8

=========================================================================

=========================================================================
*                         Low Level Synthesis                           *
=========================================================================

Optimizing unit <MC14495_ZJU> ...

Optimizing unit <MC14495_ZJU_MUSER_OrgLab1> ...

Optimizing unit <OrgLab1> ...

Optimizing unit <HexTo8SEG> ...

Optimizing unit <SPIO> ...

Optimizing unit <Counter_x> ...

Optimizing unit <Seg7_Dev_MUSER_OrgLab1> ...
WARNING:Xst:2677 - Node <XLXI_6/GPIOf0_13> of sequential type is unconnected in block <OrgLab1>.
WARNING:Xst:2677 - Node <XLXI_6/GPIOf0_12> of sequential type is unconnected in block <OrgLab1>.
WARNING:Xst:2677 - Node <XLXI_6/GPIOf0_11> of sequential type is unconnected in block <OrgLab1>.
WARNING:Xst:2677 - Node <XLXI_6/GPIOf0_10> of sequential type is unconnected in block <OrgLab1>.
WARNING:Xst:2677 - Node <XLXI_6/GPIOf0_9> of sequential type is unconnected in block <OrgLab1>.
WARNING:Xst:2677 - Node <XLXI_6/GPIOf0_8> of sequential type is unconnected in block <OrgLab1>.
WARNING:Xst:2677 - Node <XLXI_6/GPIOf0_7> of sequential type is unconnected in block <OrgLab1>.
WARNING:Xst:2677 - Node <XLXI_6/GPIOf0_6> of sequential type is unconnected in block <OrgLab1>.
WARNING:Xst:2677 - Node <XLXI_6/GPIOf0_5> of sequential type is unconnected in block <OrgLab1>.
WARNING:Xst:2677 - Node <XLXI_6/GPIOf0_4> of sequential type is unconnected in block <OrgLab1>.
WARNING:Xst:2677 - Node <XLXI_6/GPIOf0_3> of sequential type is unconnected in block <OrgLab1>.
WARNING:Xst:2677 - Node <XLXI_6/GPIOf0_2> of sequential type is unconnected in block <OrgLab1>.
WARNING:Xst:2677 - Node <XLXI_6/GPIOf0_1> of sequential type is unconnected in block <OrgLab1>.
WARNING:Xst:2677 - Node <XLXI_6/GPIOf0_0> of sequential type is unconnected in block <OrgLab1>.

Mapping all equations...
Building and optimizing final netlist ...
Found area constraint ratio of 100 (+ 5) on block OrgLab1, actual ratio is 1.

Final Macro Processing ...

=========================================================================
Final Register Report

Macro Statistics
# Registers                                            : 120
 Flip-Flops                                            : 120

=========================================================================

=========================================================================
*                           Partition Report                            *
=========================================================================

Partition Implementation Status
-------------------------------

  No Partitions were found in this design.

-------------------------------

=========================================================================
*                            Design Summary                             *
=========================================================================

Top Level Output File Name         : OrgLab1.ngc

Primitive and Black Box Usage:
------------------------------
# BELS                             : 4055
#      AND2                        : 11
#      AND3                        : 99
#      AND4                        : 81
#      BUF                         : 1
#      GND                         : 6
#      INV                         : 109
#      LUT1                        : 126
#      LUT2                        : 74
#      LUT3                        : 726
#      LUT4                        : 243
#      LUT5                        : 741
#      LUT6                        : 1164
#      MUXCY                       : 243
#      MUXF7                       : 73
#      OR2                         : 63
#      OR3                         : 27
#      OR4                         : 36
#      VCC                         : 5
#      XORCY                       : 227
# FlipFlops/Latches                : 1521
#      FD                          : 206
#      FDC                         : 109
#      FDCE                        : 1031
#      FDCE_1                      : 22
#      FDE                         : 95
#      FDE_1                       : 22
#      FDPE_1                      : 6
#      FDR                         : 1
#      FDRE                        : 29
# RAMS                             : 1
#      RAMB36E1                    : 1
# Clock Buffers                    : 4
#      BUFG                        : 3
#      BUFGP                       : 1
# IO Buffers                       : 58
#      IBUF                        : 21
#      OBUF                        : 37

Device utilization summary:
---------------------------

Selected Device : 7k160tffg676-2l 


Slice Logic Utilization: 
 Number of Slice Registers:            1521  out of  202800     0%  
 Number of Slice LUTs:                 3183  out of  101400     3%  
    Number used as Logic:              3183  out of  101400     3%  

Slice Logic Distribution: 
 Number of LUT Flip Flop pairs used:   3307
   Number with an unused Flip Flop:    1786  out of   3307    54%  
   Number with an unused LUT:           124  out of   3307     3%  
   Number of fully used LUT-FF pairs:  1397  out of   3307    42%  
   Number of unique control sets:        28

IO Utilization: 
 Number of IOs:                          59
 Number of bonded IOBs:                  59  out of    400    14%  

Specific Feature Utilization:
 Number of Block RAM/FIFO:                1  out of    325     0%  
    Number using Block RAM only:          1
 Number of BUFG/BUFGCTRLs:                4  out of     32    12%  

---------------------------
Partition Resource Summary:
---------------------------

  No Partitions were found in this design.

---------------------------


=========================================================================
Timing Report

NOTE: THESE TIMING NUMBERS ARE ONLY A SYNTHESIS ESTIMATE.
      FOR ACCURATE TIMING INFORMATION PLEASE REFER TO THE TRACE REPORT
      GENERATED AFTER PLACE-and-ROUTE.

Clock Information:
------------------
-----------------------------------+------------------------+-------+
Clock Signal                       | Clock buffer(FF name)  | Load  |
-----------------------------------+------------------------+-------+
clk_100mhz                         | BUFGP                  | 262   |
Clk_CPU(XLXI_2/Mmux_Clk_CPU11:O)   | BUFG(*)(XLXI_6/LED_15) | 1181  |
XLXI_2/clkdiv_6                    | BUFG                   | 35    |
XLXI_1/clk1                        | BUFG                   | 41    |
XLXI_3/push(XLXI_3/push1:O)        | NONE(*)(XLXI_3/state_0)| 3     |
-----------------------------------+------------------------+-------+
(*) These 2 clock signal(s) are generated by combinatorial logic,
and XST is not able to identify which are the primary clock signals.
Please use the CLOCK_SIGNAL constraint to specify the clock signal(s) generated by combinatorial logic.
INFO:Xst:2169 - HDL ADVISOR - Some clock signals were not automatically buffered by XST with BUFG/BUFR resources. Please use the buffer_type constraint in order to insert these buffers to the clock signals to help prevent skew problems.

Asynchronous Control Signals Information:
----------------------------------------
-----------------------------------+----------------------------------------------------------------------------------------------------------------------------------------------+-------+
Control Signal                     | Buffer(FF name)                                                                                                                              | Load  |
-----------------------------------+----------------------------------------------------------------------------------------------------------------------------------------------+-------+
XLXI_17/N1(XLXI_17/XST_GND:G)      | NONE(XLXI_17/U0/xst_blk_mem_generator/gnativebmg.native_blk_mem_gen/valid.cstr/ramloop[0].ram.r/v6_init.ram/NO_BMM_INFO.SP.SIMPLE_PRIM36.ram)| 2     |
-----------------------------------+----------------------------------------------------------------------------------------------------------------------------------------------+-------+

Timing Summary:
---------------
Speed Grade: -2

   Minimum period: 14.458ns (Maximum Frequency: 69.164MHz)
   Minimum input arrival time before clock: 2.109ns
   Maximum output required time after clock: 12.557ns
   Maximum combinational path delay: No path found

Timing Details:
---------------
All values displayed in nanoseconds (ns)

=========================================================================
Timing constraint: Default period analysis for Clock 'clk_100mhz'
  Clock period: 5.485ns (frequency: 182.323MHz)
  Total number of paths / destination ports: 12105 / 333
-------------------------------------------------------------------------
Delay:               5.485ns (Levels of Logic = 12)
  Source:            XLXI_1/SW_OK_0 (FF)
  Destination:       XLXI_4/XLXI_4/buffer_60 (FF)
  Source Clock:      clk_100mhz rising
  Destination Clock: clk_100mhz rising

  Data Path: XLXI_1/SW_OK_0 to XLXI_4/XLXI_4/buffer_60
                                Gate     Net
    Cell:in->out      fanout   Delay   Delay  Logical Name (Net Name)
    ----------------------------------------  ------------
     FDE:C->Q             74   0.236   0.543  SW_OK_0 (SW_OK<0>)
     end scope: 'XLXI_1:SW_OK<0>'
     begin scope: 'XLXI_19:SW<0>'
     LUT6:I4->O           32   0.043   0.652  Mmux_Cpu_data4bus11 (Cpu_data4bus<0>)
     end scope: 'XLXI_19:Cpu_data4bus<0>'
     begin scope: 'XLXI_5:data6<0>'
     LUT6:I2->O            1   0.043   0.000  MUX1_DispData/Mmux_o_3 (MUX1_DispData/Mmux_o_3)
     MUXF7:I1->O          16   0.178   0.422  MUX1_DispData/Mmux_o_2_f7 (Disp_num<0>)
     end scope: 'XLXI_5:Disp_num<0>'
     INV:I->O              6   0.317   0.641  XLXI_4/XLXI_1/[0].mc/XLXI_4 (XLXI_4/XLXI_1/[0].mc/XLXN_24)
     AND4:I0->O            2   0.043   0.527  XLXI_4/XLXI_1/[0].mc/XLXI_6 (XLXI_4/XLXI_1/[0].mc/XLXN_26)
     OR4:I2->O             1   0.134   0.603  XLXI_4/XLXI_1/[0].mc/XLXI_29 (XLXI_4/XLXI_1/[0].mc/XLXN_211)
     OR2:I1->O             1   0.053   0.350  XLXI_4/XLXI_1/[0].mc/XLXI_50 (XLXI_4/XLXN_26<60>)
     LUT3:I2->O            1   0.043   0.613  XLXI_4/XLXI_3/Mmux_o571 (XLXI_4/XLXN_16<60>)
     begin scope: 'XLXI_4/XLXI_4:P_Data<60>'
     LUT6:I0->O            1   0.043   0.000  buffer_60_rstpot (buffer_60_rstpot)
     FD:D                     -0.000          buffer_60
    ----------------------------------------
    Total                      5.485ns (1.133ns logic, 4.352ns route)
                                       (20.7% logic, 79.3% route)

=========================================================================
Timing constraint: Default period analysis for Clock 'Clk_CPU'
  Clock period: 14.458ns (frequency: 69.164MHz)
  Total number of paths / destination ports: 1204987677 / 2292
-------------------------------------------------------------------------
Delay:               7.229ns (Levels of Logic = 42)
  Source:            XLXI_21/XLXI_3/PC/Q_9 (FF)
  Destination:       XLXI_5/cpu_point_0 (FF)
  Source Clock:      Clk_CPU rising
  Destination Clock: Clk_CPU falling

  Data Path: XLXI_21/XLXI_3/PC/Q_9 to XLXI_5/cpu_point_0
                                Gate     Net
    Cell:in->out      fanout   Delay   Delay  Logical Name (Net Name)
    ----------------------------------------  ------------
     FDC:C->Q             58   0.236   0.630  PC/Q_9 (PC_out<9>)
     end scope: 'XLXI_21/XLXI_3:PC_out<9>'
     begin scope: 'XLXI_18:a<7>'
     LUT3:I0->O            1   0.043   0.613  U0/xst_options.dist_mem_inst/gen_rom.rom_inst/Mram_spo_int44116_SW0 (N10)
     LUT6:I0->O            1   0.043   0.522  U0/xst_options.dist_mem_inst/gen_rom.rom_inst/Mram_spo_int44116 (U0/xst_options.dist_mem_inst/gen_rom.rom_inst/Mram_spo_int44115)
     LUT6:I2->O          260   0.043   0.775  U0/xst_options.dist_mem_inst/gen_rom.rom_inst/Mram_spo_int441113 (spo<17>)
     end scope: 'XLXI_18:spo<17>'
     begin scope: 'XLXI_21/XLXI_3:inst_field<17>'
     LUT5:I0->O            1   0.043   0.522  U2/Mmux_R_addr_B[4]_register[31][31]_wide_mux_4_OUT_82 (U2/Mmux_R_addr_B[4]_register[31][31]_wide_mux_4_OUT_82)
     LUT6:I2->O            2   0.043   0.410  U2/Mmux_R_addr_B[4]_register[31][31]_wide_mux_4_OUT_4 (U2/Mmux_R_addr_B[4]_register[31][31]_wide_mux_4_OUT_4)
     LUT6:I4->O            4   0.043   0.367  MUXD3/Mmux_o11 (XLXN_531<0>)
     LUT6:I5->O            1   0.043   0.000  U1/ADC_32/Madd_S_Madd_lut<0> (U1/ADC_32/Madd_S_Madd_lut<0>)
     MUXCY:S->O            1   0.238   0.000  U1/ADC_32/Madd_S_Madd_cy<0> (U1/ADC_32/Madd_S_Madd_cy<0>)
     MUXCY:CI->O           1   0.013   0.000  U1/ADC_32/Madd_S_Madd_cy<1> (U1/ADC_32/Madd_S_Madd_cy<1>)
     MUXCY:CI->O           1   0.013   0.000  U1/ADC_32/Madd_S_Madd_cy<2> (U1/ADC_32/Madd_S_Madd_cy<2>)
     MUXCY:CI->O           1   0.013   0.000  U1/ADC_32/Madd_S_Madd_cy<3> (U1/ADC_32/Madd_S_Madd_cy<3>)
     MUXCY:CI->O           1   0.013   0.000  U1/ADC_32/Madd_S_Madd_cy<4> (U1/ADC_32/Madd_S_Madd_cy<4>)
     MUXCY:CI->O           1   0.013   0.000  U1/ADC_32/Madd_S_Madd_cy<5> (U1/ADC_32/Madd_S_Madd_cy<5>)
     MUXCY:CI->O           1   0.013   0.000  U1/ADC_32/Madd_S_Madd_cy<6> (U1/ADC_32/Madd_S_Madd_cy<6>)
     MUXCY:CI->O           1   0.013   0.000  U1/ADC_32/Madd_S_Madd_cy<7> (U1/ADC_32/Madd_S_Madd_cy<7>)
     MUXCY:CI->O           1   0.013   0.000  U1/ADC_32/Madd_S_Madd_cy<8> (U1/ADC_32/Madd_S_Madd_cy<8>)
     MUXCY:CI->O           1   0.013   0.000  U1/ADC_32/Madd_S_Madd_cy<9> (U1/ADC_32/Madd_S_Madd_cy<9>)
     MUXCY:CI->O           1   0.013   0.000  U1/ADC_32/Madd_S_Madd_cy<10> (U1/ADC_32/Madd_S_Madd_cy<10>)
     MUXCY:CI->O           1   0.013   0.000  U1/ADC_32/Madd_S_Madd_cy<11> (U1/ADC_32/Madd_S_Madd_cy<11>)
     MUXCY:CI->O           1   0.013   0.000  U1/ADC_32/Madd_S_Madd_cy<12> (U1/ADC_32/Madd_S_Madd_cy<12>)
     MUXCY:CI->O           1   0.013   0.000  U1/ADC_32/Madd_S_Madd_cy<13> (U1/ADC_32/Madd_S_Madd_cy<13>)
     MUXCY:CI->O           1   0.013   0.000  U1/ADC_32/Madd_S_Madd_cy<14> (U1/ADC_32/Madd_S_Madd_cy<14>)
     MUXCY:CI->O           1   0.013   0.000  U1/ADC_32/Madd_S_Madd_cy<15> (U1/ADC_32/Madd_S_Madd_cy<15>)
     MUXCY:CI->O           1   0.013   0.000  U1/ADC_32/Madd_S_Madd_cy<16> (U1/ADC_32/Madd_S_Madd_cy<16>)
     MUXCY:CI->O           1   0.013   0.000  U1/ADC_32/Madd_S_Madd_cy<17> (U1/ADC_32/Madd_S_Madd_cy<17>)
     MUXCY:CI->O           1   0.013   0.000  U1/ADC_32/Madd_S_Madd_cy<18> (U1/ADC_32/Madd_S_Madd_cy<18>)
     MUXCY:CI->O           1   0.013   0.000  U1/ADC_32/Madd_S_Madd_cy<19> (U1/ADC_32/Madd_S_Madd_cy<19>)
     MUXCY:CI->O           1   0.013   0.000  U1/ADC_32/Madd_S_Madd_cy<20> (U1/ADC_32/Madd_S_Madd_cy<20>)
     MUXCY:CI->O           1   0.013   0.000  U1/ADC_32/Madd_S_Madd_cy<21> (U1/ADC_32/Madd_S_Madd_cy<21>)
     MUXCY:CI->O           1   0.013   0.000  U1/ADC_32/Madd_S_Madd_cy<22> (U1/ADC_32/Madd_S_Madd_cy<22>)
     MUXCY:CI->O           1   0.013   0.000  U1/ADC_32/Madd_S_Madd_cy<23> (U1/ADC_32/Madd_S_Madd_cy<23>)
     MUXCY:CI->O           1   0.013   0.000  U1/ADC_32/Madd_S_Madd_cy<24> (U1/ADC_32/Madd_S_Madd_cy<24>)
     MUXCY:CI->O           1   0.013   0.000  U1/ADC_32/Madd_S_Madd_cy<25> (U1/ADC_32/Madd_S_Madd_cy<25>)
     MUXCY:CI->O           1   0.013   0.000  U1/ADC_32/Madd_S_Madd_cy<26> (U1/ADC_32/Madd_S_Madd_cy<26>)
     MUXCY:CI->O           1   0.013   0.000  U1/ADC_32/Madd_S_Madd_cy<27> (U1/ADC_32/Madd_S_Madd_cy<27>)
     XORCY:CI->O           2   0.262   0.527  U1/ADC_32/Madd_S_Madd_xor<28> (U1/S<28>)
     LUT4:I0->O           81   0.043   0.742  U1/MUXALU/Mmux_o212 (ALU_out<28>)
     end scope: 'XLXI_21/XLXI_3:ALU_out<28>'
     begin scope: 'XLXI_19:addr_bus<28>'
     LUT5:I0->O           48   0.043   0.472  Mmux_GPIOe0000000_we11 (GPIOe0000000_we)
     end scope: 'XLXI_19:GPIOe0000000_we'
     begin scope: 'XLXI_5:EN'
     FDE:CE                    0.161          cpu_point_0
    ----------------------------------------
    Total                      7.229ns (1.649ns logic, 5.581ns route)
                                       (22.8% logic, 77.2% route)

=========================================================================
Timing constraint: Default period analysis for Clock 'XLXI_2/clkdiv_6'
  Clock period: 2.221ns (frequency: 450.288MHz)
  Total number of paths / destination ports: 787 / 36
-------------------------------------------------------------------------
Delay:               2.221ns (Levels of Logic = 35)
  Source:            XLXI_20/counter0_0 (FF)
  Destination:       XLXI_20/counter0_32 (FF)
  Source Clock:      XLXI_2/clkdiv_6 rising
  Destination Clock: XLXI_2/clkdiv_6 rising

  Data Path: XLXI_20/counter0_0 to XLXI_20/counter0_32
                                Gate     Net
    Cell:in->out      fanout   Delay   Delay  Logical Name (Net Name)
    ----------------------------------------  ------------
     FDC:C->Q              4   0.236   0.367  XLXI_20/counter0_0 (XLXI_20/counter0_0)
     LUT1:I0->O            1   0.043   0.000  XLXI_20/Msub_counter0[32]_GND_34_o_sub_26_OUT_cy<0>_rt (XLXI_20/Msub_counter0[32]_GND_34_o_sub_26_OUT_cy<0>_rt)
     MUXCY:S->O            1   0.238   0.000  XLXI_20/Msub_counter0[32]_GND_34_o_sub_26_OUT_cy<0> (XLXI_20/Msub_counter0[32]_GND_34_o_sub_26_OUT_cy<0>)
     MUXCY:CI->O           1   0.013   0.000  XLXI_20/Msub_counter0[32]_GND_34_o_sub_26_OUT_cy<1> (XLXI_20/Msub_counter0[32]_GND_34_o_sub_26_OUT_cy<1>)
     MUXCY:CI->O           1   0.013   0.000  XLXI_20/Msub_counter0[32]_GND_34_o_sub_26_OUT_cy<2> (XLXI_20/Msub_counter0[32]_GND_34_o_sub_26_OUT_cy<2>)
     MUXCY:CI->O           1   0.013   0.000  XLXI_20/Msub_counter0[32]_GND_34_o_sub_26_OUT_cy<3> (XLXI_20/Msub_counter0[32]_GND_34_o_sub_26_OUT_cy<3>)
     MUXCY:CI->O           1   0.013   0.000  XLXI_20/Msub_counter0[32]_GND_34_o_sub_26_OUT_cy<4> (XLXI_20/Msub_counter0[32]_GND_34_o_sub_26_OUT_cy<4>)
     MUXCY:CI->O           1   0.013   0.000  XLXI_20/Msub_counter0[32]_GND_34_o_sub_26_OUT_cy<5> (XLXI_20/Msub_counter0[32]_GND_34_o_sub_26_OUT_cy<5>)
     MUXCY:CI->O           1   0.013   0.000  XLXI_20/Msub_counter0[32]_GND_34_o_sub_26_OUT_cy<6> (XLXI_20/Msub_counter0[32]_GND_34_o_sub_26_OUT_cy<6>)
     MUXCY:CI->O           1   0.013   0.000  XLXI_20/Msub_counter0[32]_GND_34_o_sub_26_OUT_cy<7> (XLXI_20/Msub_counter0[32]_GND_34_o_sub_26_OUT_cy<7>)
     MUXCY:CI->O           1   0.013   0.000  XLXI_20/Msub_counter0[32]_GND_34_o_sub_26_OUT_cy<8> (XLXI_20/Msub_counter0[32]_GND_34_o_sub_26_OUT_cy<8>)
     MUXCY:CI->O           1   0.013   0.000  XLXI_20/Msub_counter0[32]_GND_34_o_sub_26_OUT_cy<9> (XLXI_20/Msub_counter0[32]_GND_34_o_sub_26_OUT_cy<9>)
     MUXCY:CI->O           1   0.013   0.000  XLXI_20/Msub_counter0[32]_GND_34_o_sub_26_OUT_cy<10> (XLXI_20/Msub_counter0[32]_GND_34_o_sub_26_OUT_cy<10>)
     MUXCY:CI->O           1   0.013   0.000  XLXI_20/Msub_counter0[32]_GND_34_o_sub_26_OUT_cy<11> (XLXI_20/Msub_counter0[32]_GND_34_o_sub_26_OUT_cy<11>)
     MUXCY:CI->O           1   0.013   0.000  XLXI_20/Msub_counter0[32]_GND_34_o_sub_26_OUT_cy<12> (XLXI_20/Msub_counter0[32]_GND_34_o_sub_26_OUT_cy<12>)
     MUXCY:CI->O           1   0.013   0.000  XLXI_20/Msub_counter0[32]_GND_34_o_sub_26_OUT_cy<13> (XLXI_20/Msub_counter0[32]_GND_34_o_sub_26_OUT_cy<13>)
     MUXCY:CI->O           1   0.013   0.000  XLXI_20/Msub_counter0[32]_GND_34_o_sub_26_OUT_cy<14> (XLXI_20/Msub_counter0[32]_GND_34_o_sub_26_OUT_cy<14>)
     MUXCY:CI->O           1   0.013   0.000  XLXI_20/Msub_counter0[32]_GND_34_o_sub_26_OUT_cy<15> (XLXI_20/Msub_counter0[32]_GND_34_o_sub_26_OUT_cy<15>)
     MUXCY:CI->O           1   0.013   0.000  XLXI_20/Msub_counter0[32]_GND_34_o_sub_26_OUT_cy<16> (XLXI_20/Msub_counter0[32]_GND_34_o_sub_26_OUT_cy<16>)
     MUXCY:CI->O           1   0.013   0.000  XLXI_20/Msub_counter0[32]_GND_34_o_sub_26_OUT_cy<17> (XLXI_20/Msub_counter0[32]_GND_34_o_sub_26_OUT_cy<17>)
     MUXCY:CI->O           1   0.013   0.000  XLXI_20/Msub_counter0[32]_GND_34_o_sub_26_OUT_cy<18> (XLXI_20/Msub_counter0[32]_GND_34_o_sub_26_OUT_cy<18>)
     MUXCY:CI->O           1   0.013   0.000  XLXI_20/Msub_counter0[32]_GND_34_o_sub_26_OUT_cy<19> (XLXI_20/Msub_counter0[32]_GND_34_o_sub_26_OUT_cy<19>)
     MUXCY:CI->O           1   0.013   0.000  XLXI_20/Msub_counter0[32]_GND_34_o_sub_26_OUT_cy<20> (XLXI_20/Msub_counter0[32]_GND_34_o_sub_26_OUT_cy<20>)
     MUXCY:CI->O           1   0.013   0.000  XLXI_20/Msub_counter0[32]_GND_34_o_sub_26_OUT_cy<21> (XLXI_20/Msub_counter0[32]_GND_34_o_sub_26_OUT_cy<21>)
     MUXCY:CI->O           1   0.013   0.000  XLXI_20/Msub_counter0[32]_GND_34_o_sub_26_OUT_cy<22> (XLXI_20/Msub_counter0[32]_GND_34_o_sub_26_OUT_cy<22>)
     MUXCY:CI->O           1   0.013   0.000  XLXI_20/Msub_counter0[32]_GND_34_o_sub_26_OUT_cy<23> (XLXI_20/Msub_counter0[32]_GND_34_o_sub_26_OUT_cy<23>)
     MUXCY:CI->O           1   0.013   0.000  XLXI_20/Msub_counter0[32]_GND_34_o_sub_26_OUT_cy<24> (XLXI_20/Msub_counter0[32]_GND_34_o_sub_26_OUT_cy<24>)
     MUXCY:CI->O           1   0.013   0.000  XLXI_20/Msub_counter0[32]_GND_34_o_sub_26_OUT_cy<25> (XLXI_20/Msub_counter0[32]_GND_34_o_sub_26_OUT_cy<25>)
     MUXCY:CI->O           1   0.013   0.000  XLXI_20/Msub_counter0[32]_GND_34_o_sub_26_OUT_cy<26> (XLXI_20/Msub_counter0[32]_GND_34_o_sub_26_OUT_cy<26>)
     MUXCY:CI->O           1   0.013   0.000  XLXI_20/Msub_counter0[32]_GND_34_o_sub_26_OUT_cy<27> (XLXI_20/Msub_counter0[32]_GND_34_o_sub_26_OUT_cy<27>)
     MUXCY:CI->O           1   0.013   0.000  XLXI_20/Msub_counter0[32]_GND_34_o_sub_26_OUT_cy<28> (XLXI_20/Msub_counter0[32]_GND_34_o_sub_26_OUT_cy<28>)
     MUXCY:CI->O           1   0.013   0.000  XLXI_20/Msub_counter0[32]_GND_34_o_sub_26_OUT_cy<29> (XLXI_20/Msub_counter0[32]_GND_34_o_sub_26_OUT_cy<29>)
     MUXCY:CI->O           1   0.013   0.000  XLXI_20/Msub_counter0[32]_GND_34_o_sub_26_OUT_cy<30> (XLXI_20/Msub_counter0[32]_GND_34_o_sub_26_OUT_cy<30>)
     MUXCY:CI->O           0   0.013   0.000  XLXI_20/Msub_counter0[32]_GND_34_o_sub_26_OUT_cy<31> (XLXI_20/Msub_counter0[32]_GND_34_o_sub_26_OUT_cy<31>)
     XORCY:CI->O           1   0.262   0.613  XLXI_20/Msub_counter0[32]_GND_34_o_sub_26_OUT_xor<32> (XLXI_20/counter0[32]_GND_34_o_sub_26_OUT<32>)
     LUT6:I0->O            1   0.043   0.000  XLXI_20/Mmux_counter_Ctrl[2]_counter0[32]_wide_mux_26_OUT262 (XLXI_20/counter_Ctrl[2]_counter0[32]_wide_mux_26_OUT<32>)
     FDC:D                    -0.000          XLXI_20/counter0_32
    ----------------------------------------
    Total                      2.221ns (1.240ns logic, 0.980ns route)
                                       (55.9% logic, 44.1% route)

=========================================================================
Timing constraint: Default period analysis for Clock 'XLXI_1/clk1'
  Clock period: 2.152ns (frequency: 464.587MHz)
  Total number of paths / destination ports: 1454 / 90
-------------------------------------------------------------------------
Delay:               2.152ns (Levels of Logic = 7)
  Source:            XLXI_1/counter_8 (FF)
  Destination:       XLXI_1/Key_x_0 (FF)
  Source Clock:      XLXI_1/clk1 rising
  Destination Clock: XLXI_1/clk1 rising

  Data Path: XLXI_1/counter_8 to XLXI_1/Key_x_0
                                Gate     Net
    Cell:in->out      fanout   Delay   Delay  Logical Name (Net Name)
    ----------------------------------------  ------------
     FDRE:C->Q             3   0.236   0.615  counter_8 (counter<8>)
     LUT5:I0->O            1   0.043   0.000  Mcompar_counter[31]_GND_1_o_LessThan_5_o_lut<0> (Mcompar_counter[31]_GND_1_o_LessThan_5_o_lut<0>)
     MUXCY:S->O            1   0.238   0.000  Mcompar_counter[31]_GND_1_o_LessThan_5_o_cy<0> (Mcompar_counter[31]_GND_1_o_LessThan_5_o_cy<0>)
     MUXCY:CI->O           1   0.013   0.000  Mcompar_counter[31]_GND_1_o_LessThan_5_o_cy<1> (Mcompar_counter[31]_GND_1_o_LessThan_5_o_cy<1>)
     MUXCY:CI->O           1   0.013   0.000  Mcompar_counter[31]_GND_1_o_LessThan_5_o_cy<2> (Mcompar_counter[31]_GND_1_o_LessThan_5_o_cy<2>)
     MUXCY:CI->O           1   0.013   0.000  Mcompar_counter[31]_GND_1_o_LessThan_5_o_cy<3> (Mcompar_counter[31]_GND_1_o_LessThan_5_o_cy<3>)
     MUXCY:CI->O           8   0.013   0.378  Mcompar_counter[31]_GND_1_o_LessThan_5_o_cy<4> (Mcompar_counter[31]_GND_1_o_LessThan_5_o_cy<4>)
     INV:I->O              7   0.054   0.373  _n0225_inv1_cepot_INV_0 (_n0225_inv1_cepot)
     FDE:CE                    0.161          Key_x_0
    ----------------------------------------
    Total                      2.152ns (0.786ns logic, 1.366ns route)
                                       (36.5% logic, 63.5% route)

=========================================================================
Timing constraint: Default period analysis for Clock 'XLXI_3/push'
  Clock period: 1.069ns (frequency: 935.060MHz)
  Total number of paths / destination ports: 6 / 3
-------------------------------------------------------------------------
Delay:               1.069ns (Levels of Logic = 1)
  Source:            XLXI_3/state_0 (FF)
  Destination:       XLXI_3/state_0 (FF)
  Source Clock:      XLXI_3/push rising
  Destination Clock: XLXI_3/push rising

  Data Path: XLXI_3/state_0 to XLXI_3/state_0
                                Gate     Net
    Cell:in->out      fanout   Delay   Delay  Logical Name (Net Name)
    ----------------------------------------  ------------
     FDE:C->Q             19   0.236   0.440  state_0 (state<0>)
     INV:I->O              1   0.054   0.339  Result<0>1_INV_0 (Result<0>)
     FDE:D                    -0.000          state_0
    ----------------------------------------
    Total                      1.069ns (0.290ns logic, 0.779ns route)
                                       (27.1% logic, 72.9% route)

=========================================================================
Timing constraint: Default OFFSET IN BEFORE for Clock 'clk_100mhz'
  Total number of paths / destination ports: 1195 / 100
-------------------------------------------------------------------------
Offset:              2.089ns (Levels of Logic = 10)
  Source:            SW<2> (PAD)
  Destination:       XLXI_1/SW_OK_0 (FF)
  Destination Clock: clk_100mhz rising

  Data Path: SW<2> to XLXI_1/SW_OK_0
                                Gate     Net
    Cell:in->out      fanout   Delay   Delay  Logical Name (Net Name)
    ----------------------------------------  ------------
     IBUF:I->O             3   0.000   0.625  SW_2_IBUF (SW_2_IBUF)
     begin scope: 'XLXI_1:SW<2>'
     LUT6:I0->O            1   0.043   0.000  Mcompar_sw_temp[15]_SW[15]_not_equal_100_o_lut<0> (Mcompar_sw_temp[15]_SW[15]_not_equal_100_o_lut<0>)
     MUXCY:S->O            1   0.238   0.000  Mcompar_sw_temp[15]_SW[15]_not_equal_100_o_cy<0> (Mcompar_sw_temp[15]_SW[15]_not_equal_100_o_cy<0>)
     MUXCY:CI->O           1   0.013   0.000  Mcompar_sw_temp[15]_SW[15]_not_equal_100_o_cy<1> (Mcompar_sw_temp[15]_SW[15]_not_equal_100_o_cy<1>)
     MUXCY:CI->O           1   0.013   0.000  Mcompar_sw_temp[15]_SW[15]_not_equal_100_o_cy<2> (Mcompar_sw_temp[15]_SW[15]_not_equal_100_o_cy<2>)
     MUXCY:CI->O           1   0.013   0.000  Mcompar_sw_temp[15]_SW[15]_not_equal_100_o_cy<3> (Mcompar_sw_temp[15]_SW[15]_not_equal_100_o_cy<3>)
     MUXCY:CI->O           1   0.013   0.000  Mcompar_sw_temp[15]_SW[15]_not_equal_100_o_cy<4> (Mcompar_sw_temp[15]_SW[15]_not_equal_100_o_cy<4>)
     MUXCY:CI->O          43   0.013   0.471  Mcompar_sw_temp[15]_SW[15]_not_equal_100_o_cy<5> (sw_temp[15]_SW[15]_not_equal_100_o)
     INV:I->O             17   0.054   0.429  _n0243_inv1_cepot_cepot_INV_0 (_n0243_inv1_cepot_cepot)
     FDE:CE                    0.161          SW_OK_0
    ----------------------------------------
    Total                      2.089ns (0.563ns logic, 1.525ns route)
                                       (27.0% logic, 73.0% route)

=========================================================================
Timing constraint: Default OFFSET IN BEFORE for Clock 'XLXI_1/clk1'
  Total number of paths / destination ports: 176 / 41
-------------------------------------------------------------------------
Offset:              2.109ns (Levels of Logic = 6)
  Source:            BTN_y<3> (PAD)
  Destination:       XLXI_1/Key_x_1 (FF)
  Destination Clock: XLXI_1/clk1 rising

  Data Path: BTN_y<3> to XLXI_1/Key_x_1
                                Gate     Net
    Cell:in->out      fanout   Delay   Delay  Logical Name (Net Name)
    ----------------------------------------  ------------
     IBUF:I->O             6   0.000   0.550  BTN_y_3_IBUF (BTN_y_3_IBUF)
     begin scope: 'XLXI_1:Key_y<3>'
     LUT4:I0->O           12   0.043   0.674  out1 (n0016)
     LUT6:I0->O            3   0.043   0.362  _n0295<0>1 (_n0295<0>)
     LUT6:I5->O            1   0.043   0.350  Key_x[4]_PWR_1_o_select_74_OUT<1>1 (Key_x[4]_PWR_1_o_select_74_OUT<4>)
     LUT3:I2->O            1   0.043   0.000  Key_x_4_dpot (Key_x_4_dpot)
     FDE:D                    -0.000          Key_x_4
    ----------------------------------------
    Total                      2.109ns (0.172ns logic, 1.937ns route)
                                       (8.2% logic, 91.8% route)

=========================================================================
Timing constraint: Default OFFSET OUT AFTER for Clock 'clk_100mhz'
  Total number of paths / destination ports: 4850 / 17
-------------------------------------------------------------------------
Offset:              5.804ns (Levels of Logic = 14)
  Source:            XLXI_1/SW_OK_15 (FF)
  Destination:       SEGMENT<3> (PAD)
  Source Clock:      clk_100mhz rising

  Data Path: XLXI_1/SW_OK_15 to SEGMENT<3>
                                Gate     Net
    Cell:in->out      fanout   Delay   Delay  Logical Name (Net Name)
    ----------------------------------------  ------------
     FDE:C->Q             80   0.236   0.544  SW_OK_15 (SW_OK<15>)
     end scope: 'XLXI_1:SW_OK<15>'
     begin scope: 'XLXI_19:SW<15>'
     LUT6:I4->O            2   0.043   0.527  Mmux_Cpu_data4bus71 (Cpu_data4bus<15>)
     end scope: 'XLXI_19:Cpu_data4bus<15>'
     begin scope: 'XLXI_5:data6<15>'
     LUT6:I2->O            1   0.043   0.000  MUX1_DispData/Mmux_o_36 (MUX1_DispData/Mmux_o_36)
     MUXF7:I1->O          12   0.178   0.556  MUX1_DispData/Mmux_o_2_f7_5 (Disp_num<15>)
     end scope: 'XLXI_5:Disp_num<15>'
     LUT6:I3->O            1   0.043   0.000  XLXI_14/XLXI_7/Mmux_Hexo_43 (XLXI_14/XLXI_7/Mmux_Hexo_43)
     MUXF7:I0->O           8   0.176   0.378  XLXI_14/XLXI_7/Mmux_Hexo_2_f7_2 (XLXI_14/XLXN_18<3>)
     INV:I->O             11   0.317   0.551  XLXI_14/XLXI_3/XLXI_1 (XLXI_14/XLXI_3/XLXN_14)
     AND4:I3->O            2   0.161   0.500  XLXI_14/XLXI_3/XLXI_5 (XLXI_14/XLXI_3/XLXN_119)
     OR4:I3->O             1   0.161   0.603  XLXI_14/XLXI_3/XLXI_17 (XLXI_14/XLXI_3/XLXN_208)
     OR2:I1->O             1   0.053   0.350  XLXI_14/XLXI_3/XLXI_47 (XLXI_14/XLXN_23<0>)
     LUT3:I2->O            1   0.043   0.339  XLXI_14/XLXI_5/Mmux_o1 (SEGMENT_0_OBUF)
     OBUF:I->O                 0.000          SEGMENT_0_OBUF (SEGMENT<0>)
    ----------------------------------------
    Total                      5.804ns (1.454ns logic, 4.350ns route)
                                       (25.1% logic, 74.9% route)

=========================================================================
Timing constraint: Default OFFSET OUT AFTER for Clock 'XLXI_1/clk1'
  Total number of paths / destination ports: 6 / 6
-------------------------------------------------------------------------
Offset:              0.658ns (Levels of Logic = 2)
  Source:            XLXI_1/Key_x_4 (FF)
  Destination:       BTN_x<4> (PAD)
  Source Clock:      XLXI_1/clk1 rising

  Data Path: XLXI_1/Key_x_4 to BTN_x<4>
                                Gate     Net
    Cell:in->out      fanout   Delay   Delay  Logical Name (Net Name)
    ----------------------------------------  ------------
     FDE:C->Q             16   0.236   0.422  Key_x_4 (Key_x<4>)
     end scope: 'XLXI_1:Key_x<4>'
     OBUF:I->O                 0.000          BTN_x_4_OBUF (BTN_x<4>)
    ----------------------------------------
    Total                      0.658ns (0.236ns logic, 0.422ns route)
                                       (35.8% logic, 64.2% route)

=========================================================================
Timing constraint: Default OFFSET OUT AFTER for Clock 'Clk_CPU'
  Total number of paths / destination ports: 783323307 / 19
-------------------------------------------------------------------------
Offset:              12.557ns (Levels of Logic = 56)
  Source:            XLXI_21/XLXI_3/PC/Q_9 (FF)
  Destination:       SEGMENT<5> (PAD)
  Source Clock:      Clk_CPU rising

  Data Path: XLXI_21/XLXI_3/PC/Q_9 to SEGMENT<5>
                                Gate     Net
    Cell:in->out      fanout   Delay   Delay  Logical Name (Net Name)
    ----------------------------------------  ------------
     FDC:C->Q             58   0.236   0.630  PC/Q_9 (PC_out<9>)
     end scope: 'XLXI_21/XLXI_3:PC_out<9>'
     begin scope: 'XLXI_18:a<7>'
     LUT3:I0->O            1   0.043   0.613  U0/xst_options.dist_mem_inst/gen_rom.rom_inst/Mram_spo_int44116_SW0 (N10)
     LUT6:I0->O            1   0.043   0.522  U0/xst_options.dist_mem_inst/gen_rom.rom_inst/Mram_spo_int44116 (U0/xst_options.dist_mem_inst/gen_rom.rom_inst/Mram_spo_int44115)
     LUT6:I2->O          260   0.043   0.775  U0/xst_options.dist_mem_inst/gen_rom.rom_inst/Mram_spo_int441113 (spo<17>)
     end scope: 'XLXI_18:spo<17>'
     begin scope: 'XLXI_21/XLXI_3:inst_field<17>'
     LUT5:I0->O            1   0.043   0.522  U2/Mmux_R_addr_B[4]_register[31][31]_wide_mux_4_OUT_82 (U2/Mmux_R_addr_B[4]_register[31][31]_wide_mux_4_OUT_82)
     LUT6:I2->O            2   0.043   0.410  U2/Mmux_R_addr_B[4]_register[31][31]_wide_mux_4_OUT_4 (U2/Mmux_R_addr_B[4]_register[31][31]_wide_mux_4_OUT_4)
     LUT6:I4->O            4   0.043   0.367  MUXD3/Mmux_o11 (XLXN_531<0>)
     LUT6:I5->O            1   0.043   0.000  U1/ADC_32/Madd_S_Madd_lut<0> (U1/ADC_32/Madd_S_Madd_lut<0>)
     MUXCY:S->O            1   0.238   0.000  U1/ADC_32/Madd_S_Madd_cy<0> (U1/ADC_32/Madd_S_Madd_cy<0>)
     MUXCY:CI->O           1   0.014   0.000  U1/ADC_32/Madd_S_Madd_cy<1> (U1/ADC_32/Madd_S_Madd_cy<1>)
     MUXCY:CI->O           1   0.014   0.000  U1/ADC_32/Madd_S_Madd_cy<2> (U1/ADC_32/Madd_S_Madd_cy<2>)
     MUXCY:CI->O           1   0.014   0.000  U1/ADC_32/Madd_S_Madd_cy<3> (U1/ADC_32/Madd_S_Madd_cy<3>)
     MUXCY:CI->O           1   0.014   0.000  U1/ADC_32/Madd_S_Madd_cy<4> (U1/ADC_32/Madd_S_Madd_cy<4>)
     MUXCY:CI->O           1   0.014   0.000  U1/ADC_32/Madd_S_Madd_cy<5> (U1/ADC_32/Madd_S_Madd_cy<5>)
     MUXCY:CI->O           1   0.014   0.000  U1/ADC_32/Madd_S_Madd_cy<6> (U1/ADC_32/Madd_S_Madd_cy<6>)
     MUXCY:CI->O           1   0.014   0.000  U1/ADC_32/Madd_S_Madd_cy<7> (U1/ADC_32/Madd_S_Madd_cy<7>)
     MUXCY:CI->O           1   0.014   0.000  U1/ADC_32/Madd_S_Madd_cy<8> (U1/ADC_32/Madd_S_Madd_cy<8>)
     MUXCY:CI->O           1   0.014   0.000  U1/ADC_32/Madd_S_Madd_cy<9> (U1/ADC_32/Madd_S_Madd_cy<9>)
     MUXCY:CI->O           1   0.014   0.000  U1/ADC_32/Madd_S_Madd_cy<10> (U1/ADC_32/Madd_S_Madd_cy<10>)
     MUXCY:CI->O           1   0.014   0.000  U1/ADC_32/Madd_S_Madd_cy<11> (U1/ADC_32/Madd_S_Madd_cy<11>)
     MUXCY:CI->O           1   0.014   0.000  U1/ADC_32/Madd_S_Madd_cy<12> (U1/ADC_32/Madd_S_Madd_cy<12>)
     MUXCY:CI->O           1   0.014   0.000  U1/ADC_32/Madd_S_Madd_cy<13> (U1/ADC_32/Madd_S_Madd_cy<13>)
     MUXCY:CI->O           1   0.014   0.000  U1/ADC_32/Madd_S_Madd_cy<14> (U1/ADC_32/Madd_S_Madd_cy<14>)
     MUXCY:CI->O           1   0.014   0.000  U1/ADC_32/Madd_S_Madd_cy<15> (U1/ADC_32/Madd_S_Madd_cy<15>)
     MUXCY:CI->O           1   0.014   0.000  U1/ADC_32/Madd_S_Madd_cy<16> (U1/ADC_32/Madd_S_Madd_cy<16>)
     MUXCY:CI->O           1   0.014   0.000  U1/ADC_32/Madd_S_Madd_cy<17> (U1/ADC_32/Madd_S_Madd_cy<17>)
     MUXCY:CI->O           1   0.014   0.000  U1/ADC_32/Madd_S_Madd_cy<18> (U1/ADC_32/Madd_S_Madd_cy<18>)
     MUXCY:CI->O           1   0.014   0.000  U1/ADC_32/Madd_S_Madd_cy<19> (U1/ADC_32/Madd_S_Madd_cy<19>)
     MUXCY:CI->O           1   0.014   0.000  U1/ADC_32/Madd_S_Madd_cy<20> (U1/ADC_32/Madd_S_Madd_cy<20>)
     MUXCY:CI->O           1   0.014   0.000  U1/ADC_32/Madd_S_Madd_cy<21> (U1/ADC_32/Madd_S_Madd_cy<21>)
     MUXCY:CI->O           1   0.014   0.000  U1/ADC_32/Madd_S_Madd_cy<22> (U1/ADC_32/Madd_S_Madd_cy<22>)
     MUXCY:CI->O           1   0.014   0.000  U1/ADC_32/Madd_S_Madd_cy<23> (U1/ADC_32/Madd_S_Madd_cy<23>)
     MUXCY:CI->O           1   0.014   0.000  U1/ADC_32/Madd_S_Madd_cy<24> (U1/ADC_32/Madd_S_Madd_cy<24>)
     MUXCY:CI->O           1   0.014   0.000  U1/ADC_32/Madd_S_Madd_cy<25> (U1/ADC_32/Madd_S_Madd_cy<25>)
     MUXCY:CI->O           1   0.014   0.000  U1/ADC_32/Madd_S_Madd_cy<26> (U1/ADC_32/Madd_S_Madd_cy<26>)
     MUXCY:CI->O           1   0.014   0.000  U1/ADC_32/Madd_S_Madd_cy<27> (U1/ADC_32/Madd_S_Madd_cy<27>)
     MUXCY:CI->O           1   0.014   0.000  U1/ADC_32/Madd_S_Madd_cy<28> (U1/ADC_32/Madd_S_Madd_cy<28>)
     MUXCY:CI->O           1   0.014   0.000  U1/ADC_32/Madd_S_Madd_cy<29> (U1/ADC_32/Madd_S_Madd_cy<29>)
     XORCY:CI->O           2   0.262   0.527  U1/ADC_32/Madd_S_Madd_xor<30> (U1/S<30>)
     LUT4:I0->O          113   0.043   0.748  U1/MUXALU/Mmux_o242 (ALU_out<30>)
     end scope: 'XLXI_21/XLXI_3:ALU_out<30>'
     begin scope: 'XLXI_19:addr_bus<30>'
     LUT6:I1->O           32   0.043   0.733  _n00591 (_n0059)
     LUT6:I1->O           32   0.043   0.652  Mmux_Cpu_data4bus191 (Cpu_data4bus<26>)
     end scope: 'XLXI_19:Cpu_data4bus<26>'
     begin scope: 'XLXI_5:data6<26>'
     LUT6:I2->O            1   0.043   0.000  MUX1_DispData/Mmux_o_318 (MUX1_DispData/Mmux_o_318)
     MUXF7:I1->O          15   0.178   0.600  MUX1_DispData/Mmux_o_2_f7_17 (Disp_num<26>)
     end scope: 'XLXI_5:Disp_num<26>'
     LUT6:I2->O            1   0.043   0.000  XLXI_14/XLXI_7/Mmux_Hexo_32 (XLXI_14/XLXI_7/Mmux_Hexo_32)
     MUXF7:I1->O          11   0.178   0.395  XLXI_14/XLXI_7/Mmux_Hexo_2_f7_1 (XLXI_14/XLXN_18<2>)
     INV:I->O              8   0.317   0.642  XLXI_14/XLXI_3/XLXI_2 (XLXI_14/XLXI_3/XLXN_61)
     AND4:I1->O            2   0.053   0.500  XLXI_14/XLXI_3/XLXI_5 (XLXI_14/XLXI_3/XLXN_119)
     OR4:I3->O             1   0.161   0.603  XLXI_14/XLXI_3/XLXI_17 (XLXI_14/XLXI_3/XLXN_208)
     OR2:I1->O             1   0.053   0.350  XLXI_14/XLXI_3/XLXI_47 (XLXI_14/XLXN_23<0>)
     LUT3:I2->O            1   0.043   0.339  XLXI_14/XLXI_5/Mmux_o1 (SEGMENT_0_OBUF)
     OBUF:I->O                 0.000          SEGMENT_0_OBUF (SEGMENT<0>)
    ----------------------------------------
    Total                     12.557ns (2.627ns logic, 9.930ns route)
                                       (20.9% logic, 79.1% route)

=========================================================================
Timing constraint: Default OFFSET OUT AFTER for Clock 'XLXI_2/clkdiv_6'
  Total number of paths / destination ports: 1463 / 8
-------------------------------------------------------------------------
Offset:              5.970ns (Levels of Logic = 13)
  Source:            XLXI_20/counter0_25 (FF)
  Destination:       SEGMENT<3> (PAD)
  Source Clock:      XLXI_2/clkdiv_6 rising

  Data Path: XLXI_20/counter0_25 to SEGMENT<3>
                                Gate     Net
    Cell:in->out      fanout   Delay   Delay  Logical Name (Net Name)
    ----------------------------------------  ------------
     FDC:C->Q              4   0.236   0.539  XLXI_20/counter0_25 (XLXI_20/counter0_25)
     begin scope: 'XLXI_19:counter_out<25>'
     LUT6:I2->O           32   0.043   0.652  Mmux_Cpu_data4bus181 (Cpu_data4bus<25>)
     end scope: 'XLXI_19:Cpu_data4bus<25>'
     begin scope: 'XLXI_5:data6<25>'
     LUT6:I2->O            1   0.043   0.000  MUX1_DispData/Mmux_o_317 (MUX1_DispData/Mmux_o_317)
     MUXF7:I1->O          15   0.178   0.600  MUX1_DispData/Mmux_o_2_f7_16 (Disp_num<25>)
     end scope: 'XLXI_5:Disp_num<25>'
     LUT6:I2->O            1   0.043   0.000  XLXI_14/XLXI_7/Mmux_Hexo_31 (XLXI_14/XLXI_7/Mmux_Hexo_31)
     MUXF7:I1->O          11   0.178   0.395  XLXI_14/XLXI_7/Mmux_Hexo_2_f7_0 (XLXI_14/XLXN_18<1>)
     INV:I->O              8   0.317   0.561  XLXI_14/XLXI_3/XLXI_3 (XLXI_14/XLXI_3/XLXN_62)
     AND4:I2->O            2   0.134   0.500  XLXI_14/XLXI_3/XLXI_5 (XLXI_14/XLXI_3/XLXN_119)
     OR4:I3->O             1   0.161   0.603  XLXI_14/XLXI_3/XLXI_17 (XLXI_14/XLXI_3/XLXN_208)
     OR2:I1->O             1   0.053   0.350  XLXI_14/XLXI_3/XLXI_47 (XLXI_14/XLXN_23<0>)
     LUT3:I2->O            1   0.043   0.339  XLXI_14/XLXI_5/Mmux_o1 (SEGMENT_0_OBUF)
     OBUF:I->O                 0.000          SEGMENT_0_OBUF (SEGMENT<0>)
    ----------------------------------------
    Total                      5.970ns (1.429ns logic, 4.541ns route)
                                       (23.9% logic, 76.1% route)

=========================================================================

Cross Clock Domains Report:
--------------------------

Clock to Setup on destination clock Clk_CPU
---------------+---------+---------+---------+---------+
               | Src:Rise| Src:Fall| Src:Rise| Src:Fall|
Source Clock   |Dest:Rise|Dest:Rise|Dest:Fall|Dest:Fall|
---------------+---------+---------+---------+---------+
Clk_CPU        |    8.326|         |    7.229|         |
XLXI_2/clkdiv_6|    1.739|         |    0.897|         |
clk_100mhz     |    1.749|         |    1.611|         |
---------------+---------+---------+---------+---------+

Clock to Setup on destination clock XLXI_1/clk1
---------------+---------+---------+---------+---------+
               | Src:Rise| Src:Fall| Src:Rise| Src:Fall|
Source Clock   |Dest:Rise|Dest:Rise|Dest:Fall|Dest:Fall|
---------------+---------+---------+---------+---------+
XLXI_1/clk1    |    2.152|         |         |         |
clk_100mhz     |    1.292|         |         |         |
---------------+---------+---------+---------+---------+

Clock to Setup on destination clock XLXI_2/clkdiv_6
---------------+---------+---------+---------+---------+
               | Src:Rise| Src:Fall| Src:Rise| Src:Fall|
Source Clock   |Dest:Rise|Dest:Rise|Dest:Fall|Dest:Fall|
---------------+---------+---------+---------+---------+
Clk_CPU        |         |    2.138|         |         |
XLXI_2/clkdiv_6|    2.221|         |         |         |
clk_100mhz     |    1.619|         |         |         |
---------------+---------+---------+---------+---------+

Clock to Setup on destination clock XLXI_3/push
---------------+---------+---------+---------+---------+
               | Src:Rise| Src:Fall| Src:Rise| Src:Fall|
Source Clock   |Dest:Rise|Dest:Rise|Dest:Fall|Dest:Fall|
---------------+---------+---------+---------+---------+
XLXI_1/clk1    |    0.818|         |         |         |
XLXI_3/push    |    1.069|         |         |         |
clk_100mhz     |    1.340|         |         |         |
---------------+---------+---------+---------+---------+

Clock to Setup on destination clock clk_100mhz
---------------+---------+---------+---------+---------+
               | Src:Rise| Src:Fall| Src:Rise| Src:Fall|
Source Clock   |Dest:Rise|Dest:Rise|Dest:Fall|Dest:Fall|
---------------+---------+---------+---------+---------+
Clk_CPU        |   12.074|    4.601|    7.404|         |
XLXI_1/clk1    |    1.100|         |         |         |
XLXI_2/clkdiv_6|    5.493|         |         |         |
XLXI_3/push    |    1.928|         |         |         |
clk_100mhz     |    5.485|         |         |         |
---------------+---------+---------+---------+---------+

=========================================================================


Total REAL time to Xst completion: 14.00 secs
Total CPU time to Xst completion: 13.75 secs
 
--> 

Total memory usage is 435140 kilobytes

Number of errors   :    0 (   0 filtered)
Number of warnings :   86 (   0 filtered)
Number of infos    :   10 (   0 filtered)

