Release 14.7 Map P.20131013 (nt64)
Xilinx Mapping Report File for Design 'Oexp02_IO'

Design Information
------------------
Command Line   : map -intstyle ise -p xc7k160t-ffg676-2L -w -logic_opt off -ol
high -t 1 -xt 0 -register_duplication off -r 4 -mt off -ir off -pr off -lc off
-power off -o Oexp02_IO_map.ncd Oexp02_IO.ngd Oexp02_IO.pcf 
Target Device  : xc7k160t
Target Package : ffg676
Target Speed   : -2l
Mapper Version : kintex7 -- $Revision: 1.55 $
Mapped Date    : Tue Mar 13 19:45:58 2018

Design Summary
--------------
Number of errors:      0
Number of warnings:    1
Slice Logic Utilization:
  Number of Slice Registers:                   392 out of 202,800    1%
    Number used as Flip Flops:                 392
    Number used as Latches:                      0
    Number used as Latch-thrus:                  0
    Number used as AND/OR logics:                0
  Number of Slice LUTs:                        873 out of 101,400    1%
    Number used as logic:                      868 out of 101,400    1%
      Number using O6 output only:             682
      Number using O5 output only:              93
      Number using O5 and O6:                   93
      Number used as ROM:                        0
    Number used as Memory:                       0 out of  35,000    0%
    Number used exclusively as route-thrus:      5
      Number with same-slice register load:      1
      Number with same-slice carry load:         4
      Number with other load:                    0

Slice Logic Distribution:
  Number of occupied Slices:                   338 out of  25,350    1%
  Number of LUT Flip Flop pairs used:          917
    Number with an unused Flip Flop:           536 out of     917   58%
    Number with an unused LUT:                  44 out of     917    4%
    Number of fully used LUT-FF pairs:         337 out of     917   36%
    Number of unique control sets:              16
    Number of slice register sites lost
      to control set restrictions:              48 out of 202,800    1%

  A LUT Flip Flop pair for this architecture represents one LUT paired with
  one Flip Flop within a slice.  A control set is a unique combination of
  clock, reset, set, and enable signals for a registered element.
  The Slice Logic Distribution report is not meaningful if the design is
  over-mapped for a non-slice resource or if Placement fails.
  OVERMAPPING of BRAM resources should be ignored if the design is
  over-mapped for a non-BRAM resource or if placement fails.

IO Utilization:
  Number of bonded IOBs:                        59 out of     400   14%
    Number of LOCed IOBs:                       59 out of      59  100%

Specific Feature Utilization:
  Number of RAMB36E1/FIFO36E1s:                  1 out of     325    1%
    Number using RAMB36E1 only:                  1
    Number using FIFO36E1 only:                  0
  Number of RAMB18E1/FIFO18E1s:                  0 out of     650    0%
  Number of BUFG/BUFGCTRLs:                      3 out of      32    9%
    Number used as BUFGs:                        3
    Number used as BUFGCTRLs:                    0
  Number of IDELAYE2/IDELAYE2_FINEDELAYs:        0 out of     400    0%
  Number of ILOGICE2/ILOGICE3/ISERDESE2s:        0 out of     400    0%
  Number of ODELAYE2/ODELAYE2_FINEDELAYs:        0 out of     150    0%
  Number of OLOGICE2/OLOGICE3/OSERDESE2s:        0 out of     400    0%
  Number of PHASER_IN/PHASER_IN_PHYs:            0 out of      32    0%
  Number of PHASER_OUT/PHASER_OUT_PHYs:          0 out of      32    0%
  Number of BSCANs:                              0 out of       4    0%
  Number of BUFHCEs:                             0 out of     120    0%
  Number of BUFRs:                               0 out of      32    0%
  Number of CAPTUREs:                            0 out of       1    0%
  Number of DNA_PORTs:                           0 out of       1    0%
  Number of DSP48E1s:                            0 out of     600    0%
  Number of EFUSE_USRs:                          0 out of       1    0%
  Number of FRAME_ECCs:                          0 out of       1    0%
  Number of GTXE2_CHANNELs:                      0 out of       8    0%
  Number of GTXE2_COMMONs:                       0 out of       2    0%
  Number of IBUFDS_GTE2s:                        0 out of       4    0%
  Number of ICAPs:                               0 out of       2    0%
  Number of IDELAYCTRLs:                         0 out of       8    0%
  Number of IN_FIFOs:                            0 out of      32    0%
  Number of MMCME2_ADVs:                         0 out of       8    0%
  Number of OUT_FIFOs:                           0 out of      32    0%
  Number of PCIE_2_1s:                           0 out of       1    0%
  Number of PHASER_REFs:                         0 out of       8    0%
  Number of PHY_CONTROLs:                        0 out of       8    0%
  Number of PLLE2_ADVs:                          0 out of       8    0%
  Number of STARTUPs:                            0 out of       1    0%
  Number of XADCs:                               0 out of       1    0%

Average Fanout of Non-Clock Nets:                3.46

Peak Memory Usage:  1120 MB
Total REAL time to MAP completion:  48 secs 
Total CPU time to MAP completion:   48 secs 

Table of Contents
-----------------
Section 1 - Errors
Section 2 - Warnings
Section 3 - Informational
Section 4 - Removed Logic Summary
Section 5 - Removed Logic
Section 6 - IOB Properties
Section 7 - RPMs
Section 8 - Guide Report
Section 9 - Area Group and Partition Summary
Section 10 - Timing Report
Section 11 - Configuration String Information
Section 12 - Control Set Information
Section 13 - Utilization by Hierarchy

Section 1 - Errors
------------------

Section 2 - Warnings
--------------------
WARNING:Security:42 - Your software subscription period has lapsed. Your current
version of Xilinx tools will continue to function, but you no longer qualify for
Xilinx software updates or new releases.
WARNING:PhysDesignRules:372 - Gated clock. Clock net M4/push is sourced by a
   combinatorial pin. This is not good design practice. Use the CE pin to
   control the loading of data into the flip-flop.

Section 3 - Informational
-------------------------
INFO:Security:54 - 'xc7k160t' is a WebPack part.
INFO:LIT:243 - Logical network XLXI_17/counter_set<1> has no load.
INFO:LIT:395 - The above info message is repeated 23 more times for the
   following (max. 5 shown):
   XLXI_17/counter_set<0>,
   XLXI_17/GPIOf0<21>,
   XLXI_17/GPIOf0<20>,
   XLXI_17/GPIOf0<19>,
   XLXI_17/GPIOf0<18>
   To see the details of these info messages, please use the -detail switch.
INFO:LIT:244 - All of the single ended outputs in this design are using slew
   rate limited output drivers. The delay on speed critical single ended outputs
   can be dramatically reduced by designating them as fast outputs.
INFO:Pack:1716 - Initializing temperature to 100.000 Celsius. (default - Range:
   0.000 to 100.000 Celsius)
INFO:Pack:1720 - Initializing voltage to 0.970 Volts. (default - Range: 0.970 to
   1.030 Volts)
INFO:Map:215 - The Interim Design Summary has been generated in the MAP Report
   (.mrp).
INFO:Pack:1650 - Map created a placed design.

Section 4 - Removed Logic Summary
---------------------------------
  83 block(s) removed
 190 block(s) optimized away
  83 signal(s) removed

Section 5 - Removed Logic
-------------------------

The trimmed logic report below shows the logic removed from your design due to
sourceless or loadless signals, and VCC or ground connections.  If the removal
of a signal or symbol results in the subsequent removal of an additional signal
or symbol, the message explaining that second removal will be indented.  This
indentation will be repeated as a chain of related logic is removed.

To quickly locate the original cause for the removal of a chain of logic, look
above the place where that logic is listed in the trimming report, then locate
the lines that are least indented (begin at the leftmost edge).

The signal "U9/pulse_out<3>" is sourceless and has been removed.
 Sourceless block "U9/pulse_out_3_rstpot" (ROM) removed.
  The signal "U9/pulse_out_3_rstpot" is sourceless and has been removed.
   Sourceless block "U9/pulse_out_3" (FF) removed.
The signal "U9/Key_out_4_dpot" is sourceless and has been removed.
 Sourceless block "U9/Key_out_4" (FF) removed.
  The signal "Key_out<4>" is sourceless and has been removed.
   Sourceless block "U9/Key_out_4_dpot" (ROM) removed.
The signal "XLXI_17/counter_set<1>" is sourceless and has been removed.
The signal "XLXI_17/counter_set<0>" is sourceless and has been removed.
The signal "XLXI_17/GPIOf0<21>" is sourceless and has been removed.
The signal "XLXI_17/GPIOf0<20>" is sourceless and has been removed.
The signal "XLXI_17/GPIOf0<19>" is sourceless and has been removed.
The signal "XLXI_17/GPIOf0<18>" is sourceless and has been removed.
The signal "XLXI_17/GPIOf0<17>" is sourceless and has been removed.
The signal "XLXI_17/GPIOf0<16>" is sourceless and has been removed.
The signal "XLXI_17/GPIOf0<15>" is sourceless and has been removed.
The signal "XLXI_17/GPIOf0<14>" is sourceless and has been removed.
The signal "XLXI_17/GPIOf0<13>" is sourceless and has been removed.
The signal "XLXI_17/GPIOf0<12>" is sourceless and has been removed.
The signal "XLXI_17/GPIOf0<11>" is sourceless and has been removed.
The signal "XLXI_17/GPIOf0<10>" is sourceless and has been removed.
The signal "XLXI_17/GPIOf0<9>" is sourceless and has been removed.
The signal "XLXI_17/GPIOf0<8>" is sourceless and has been removed.
The signal "XLXI_17/GPIOf0<7>" is sourceless and has been removed.
The signal "XLXI_17/GPIOf0<6>" is sourceless and has been removed.
The signal "XLXI_17/GPIOf0<5>" is sourceless and has been removed.
The signal "XLXI_17/GPIOf0<4>" is sourceless and has been removed.
The signal "XLXI_17/GPIOf0<3>" is sourceless and has been removed.
The signal "XLXI_17/GPIOf0<2>" is sourceless and has been removed.
The signal "XLXI_17/GPIOf0<1>" is sourceless and has been removed.
The signal "XLXI_17/GPIOf0<0>" is sourceless and has been removed.
The signal "XLXI_17/_n0026_inv" is sourceless and has been removed.
 Sourceless block "XLXI_17/GPIOf0_0" (FF) removed.
 Sourceless block "XLXI_17/GPIOf0_1" (FF) removed.
 Sourceless block "XLXI_17/GPIOf0_2" (FF) removed.
 Sourceless block "XLXI_17/GPIOf0_3" (FF) removed.
 Sourceless block "XLXI_17/GPIOf0_4" (FF) removed.
 Sourceless block "XLXI_17/GPIOf0_5" (FF) removed.
 Sourceless block "XLXI_17/GPIOf0_6" (FF) removed.
 Sourceless block "XLXI_17/GPIOf0_7" (FF) removed.
 Sourceless block "XLXI_17/GPIOf0_8" (FF) removed.
 Sourceless block "XLXI_17/GPIOf0_9" (FF) removed.
 Sourceless block "XLXI_17/GPIOf0_10" (FF) removed.
 Sourceless block "XLXI_17/GPIOf0_11" (FF) removed.
 Sourceless block "XLXI_17/GPIOf0_12" (FF) removed.
 Sourceless block "XLXI_17/GPIOf0_13" (FF) removed.
 Sourceless block "XLXI_17/GPIOf0_14" (FF) removed.
 Sourceless block "XLXI_17/GPIOf0_15" (FF) removed.
 Sourceless block "XLXI_17/GPIOf0_16" (FF) removed.
 Sourceless block "XLXI_17/GPIOf0_17" (FF) removed.
 Sourceless block "XLXI_17/GPIOf0_18" (FF) removed.
 Sourceless block "XLXI_17/GPIOf0_19" (FF) removed.
 Sourceless block "XLXI_17/GPIOf0_20" (FF) removed.
 Sourceless block "XLXI_17/GPIOf0_21" (FF) removed.

The trimmed logic reported below is either:
   1. part of a cycle
   2. part of disabled logic
   3. a side-effect of other trimmed logic

The signal "U5/MUX1_DispData/XLXI_6/XLXI_4/XLXN_8" is unused and has been
removed.
 Unused block "U5/MUX1_DispData/XLXI_6/XLXI_4/XLXI_3" (AND) removed.
  The signal "U5/MUX1_DispData/XLXI_6/XLXI_4/XLXN_6" is unused and has been
removed.
   Unused block "U5/MUX1_DispData/XLXI_6/XLXI_4/XLXI_2" (BUF) removed.
The signal "U5/MUX1_DispData/XLXI_6/XLXI_4/XLXN_9" is unused and has been
removed.
 Unused block "U5/MUX1_DispData/XLXI_6/XLXI_4/XLXI_4" (AND) removed.
The signal "U5/MUX1_DispData/XLXI_6/XLXI_3/XLXN_8" is unused and has been
removed.
 Unused block "U5/MUX1_DispData/XLXI_6/XLXI_3/XLXI_3" (AND) removed.
  The signal "U5/MUX1_DispData/XLXI_6/XLXI_3/XLXN_6" is unused and has been
removed.
   Unused block "U5/MUX1_DispData/XLXI_6/XLXI_3/XLXI_2" (BUF) removed.
The signal "U5/MUX1_DispData/XLXI_6/XLXI_3/XLXN_9" is unused and has been
removed.
 Unused block "U5/MUX1_DispData/XLXI_6/XLXI_3/XLXI_4" (AND) removed.
The signal "U5/MUX1_DispData/XLXI_6/XLXI_2/XLXN_10" is unused and has been
removed.
 Unused block "U5/MUX1_DispData/XLXI_6/XLXI_2/XLXI_5" (AND) removed.
The signal "U5/MUX1_DispData/XLXI_6/XLXI_2/XLXN_11" is unused and has been
removed.
 Unused block "U5/MUX1_DispData/XLXI_6/XLXI_2/XLXI_6" (AND) removed.
The signal "U5/MUX1_DispData/XLXI_6/XLXI_1/XLXN_10" is unused and has been
removed.
 Unused block "U5/MUX1_DispData/XLXI_6/XLXI_1/XLXI_5" (AND) removed.
The signal "U5/MUX1_DispData/XLXI_6/XLXI_1/XLXN_11" is unused and has been
removed.
 Unused block "U5/MUX1_DispData/XLXI_6/XLXI_1/XLXI_6" (AND) removed.
The signal "U5/MUX1_DispData/XLXI_5/XLXI_4/XLXN_8" is unused and has been
removed.
 Unused block "U5/MUX1_DispData/XLXI_5/XLXI_4/XLXI_3" (AND) removed.
  The signal "U5/MUX1_DispData/XLXI_5/XLXI_4/XLXN_6" is unused and has been
removed.
   Unused block "U5/MUX1_DispData/XLXI_5/XLXI_4/XLXI_2" (BUF) removed.
The signal "U5/MUX1_DispData/XLXI_5/XLXI_4/XLXN_9" is unused and has been
removed.
 Unused block "U5/MUX1_DispData/XLXI_5/XLXI_4/XLXI_4" (AND) removed.
The signal "U5/MUX1_DispData/XLXI_5/XLXI_3/XLXN_8" is unused and has been
removed.
 Unused block "U5/MUX1_DispData/XLXI_5/XLXI_3/XLXI_3" (AND) removed.
  The signal "U5/MUX1_DispData/XLXI_5/XLXI_3/XLXN_6" is unused and has been
removed.
   Unused block "U5/MUX1_DispData/XLXI_5/XLXI_3/XLXI_2" (BUF) removed.
The signal "U5/MUX1_DispData/XLXI_5/XLXI_3/XLXN_9" is unused and has been
removed.
 Unused block "U5/MUX1_DispData/XLXI_5/XLXI_3/XLXI_4" (AND) removed.
The signal "U5/MUX1_DispData/XLXI_5/XLXI_2/XLXN_10" is unused and has been
removed.
 Unused block "U5/MUX1_DispData/XLXI_5/XLXI_2/XLXI_5" (AND) removed.
The signal "U5/MUX1_DispData/XLXI_5/XLXI_2/XLXN_11" is unused and has been
removed.
 Unused block "U5/MUX1_DispData/XLXI_5/XLXI_2/XLXI_6" (AND) removed.
The signal "U5/MUX1_DispData/XLXI_5/XLXI_1/XLXN_10" is unused and has been
removed.
 Unused block "U5/MUX1_DispData/XLXI_5/XLXI_1/XLXI_5" (AND) removed.
The signal "U5/MUX1_DispData/XLXI_5/XLXI_1/XLXN_11" is unused and has been
removed.
 Unused block "U5/MUX1_DispData/XLXI_5/XLXI_1/XLXI_6" (AND) removed.
The signal "U5/MUX1_DispData/XLXI_2/XLXI_4/XLXN_8" is unused and has been
removed.
 Unused block "U5/MUX1_DispData/XLXI_2/XLXI_4/XLXI_3" (AND) removed.
  The signal "U5/MUX1_DispData/XLXI_2/XLXI_4/XLXN_6" is unused and has been
removed.
   Unused block "U5/MUX1_DispData/XLXI_2/XLXI_4/XLXI_2" (BUF) removed.
The signal "U5/MUX1_DispData/XLXI_2/XLXI_4/XLXN_9" is unused and has been
removed.
 Unused block "U5/MUX1_DispData/XLXI_2/XLXI_4/XLXI_4" (AND) removed.
The signal "U5/MUX1_DispData/XLXI_2/XLXI_3/XLXN_8" is unused and has been
removed.
 Unused block "U5/MUX1_DispData/XLXI_2/XLXI_3/XLXI_3" (AND) removed.
  The signal "U5/MUX1_DispData/XLXI_2/XLXI_3/XLXN_6" is unused and has been
removed.
   Unused block "U5/MUX1_DispData/XLXI_2/XLXI_3/XLXI_2" (BUF) removed.
The signal "U5/MUX1_DispData/XLXI_2/XLXI_3/XLXN_9" is unused and has been
removed.
 Unused block "U5/MUX1_DispData/XLXI_2/XLXI_3/XLXI_4" (AND) removed.
The signal "U5/MUX1_DispData/XLXI_2/XLXI_2/XLXN_10" is unused and has been
removed.
 Unused block "U5/MUX1_DispData/XLXI_2/XLXI_2/XLXI_5" (AND) removed.
The signal "U5/MUX1_DispData/XLXI_2/XLXI_2/XLXN_11" is unused and has been
removed.
 Unused block "U5/MUX1_DispData/XLXI_2/XLXI_2/XLXI_6" (AND) removed.
The signal "U5/MUX1_DispData/XLXI_2/XLXI_1/XLXN_10" is unused and has been
removed.
 Unused block "U5/MUX1_DispData/XLXI_2/XLXI_1/XLXI_5" (AND) removed.
The signal "U5/MUX1_DispData/XLXI_2/XLXI_1/XLXN_11" is unused and has been
removed.
 Unused block "U5/MUX1_DispData/XLXI_2/XLXI_1/XLXI_6" (AND) removed.
The signal "U5/MUX1_DispData/XLXI_1/XLXI_4/XLXN_8" is unused and has been
removed.
 Unused block "U5/MUX1_DispData/XLXI_1/XLXI_4/XLXI_3" (AND) removed.
  The signal "U5/MUX1_DispData/XLXI_1/XLXI_4/XLXN_6" is unused and has been
removed.
   Unused block "U5/MUX1_DispData/XLXI_1/XLXI_4/XLXI_2" (BUF) removed.
The signal "U5/MUX1_DispData/XLXI_1/XLXI_4/XLXN_9" is unused and has been
removed.
 Unused block "U5/MUX1_DispData/XLXI_1/XLXI_4/XLXI_4" (AND) removed.
The signal "U5/MUX1_DispData/XLXI_1/XLXI_3/XLXN_8" is unused and has been
removed.
 Unused block "U5/MUX1_DispData/XLXI_1/XLXI_3/XLXI_3" (AND) removed.
  The signal "U5/MUX1_DispData/XLXI_1/XLXI_3/XLXN_6" is unused and has been
removed.
   Unused block "U5/MUX1_DispData/XLXI_1/XLXI_3/XLXI_2" (BUF) removed.
The signal "U5/MUX1_DispData/XLXI_1/XLXI_3/XLXN_9" is unused and has been
removed.
 Unused block "U5/MUX1_DispData/XLXI_1/XLXI_3/XLXI_4" (AND) removed.
The signal "U5/MUX1_DispData/XLXI_1/XLXI_2/XLXN_10" is unused and has been
removed.
 Unused block "U5/MUX1_DispData/XLXI_1/XLXI_2/XLXI_5" (AND) removed.
The signal "U5/MUX1_DispData/XLXI_1/XLXI_2/XLXN_11" is unused and has been
removed.
 Unused block "U5/MUX1_DispData/XLXI_1/XLXI_2/XLXI_6" (AND) removed.
The signal "U5/MUX1_DispData/XLXI_1/XLXI_1/XLXN_10" is unused and has been
removed.
 Unused block "U5/MUX1_DispData/XLXI_1/XLXI_1/XLXI_5" (AND) removed.
The signal "U5/MUX1_DispData/XLXI_1/XLXI_1/XLXN_11" is unused and has been
removed.
 Unused block "U5/MUX1_DispData/XLXI_1/XLXI_1/XLXI_6" (AND) removed.
The signal "U5/MUX2_Blink/XLXI_4/XLXN_8" is unused and has been removed.
 Unused block "U5/MUX2_Blink/XLXI_4/XLXI_3" (AND) removed.
  The signal "U5/MUX2_Blink/XLXI_4/XLXN_6" is unused and has been removed.
   Unused block "U5/MUX2_Blink/XLXI_4/XLXI_2" (BUF) removed.
  The signal "U5/MUX2_Blink/XLXI_4/XLXN_5" is unused and has been removed.
   Unused block "U5/MUX2_Blink/XLXI_4/XLXI_1" (BUF) removed.
The signal "U5/MUX2_Blink/XLXI_4/XLXN_10" is unused and has been removed.
 Unused block "U5/MUX2_Blink/XLXI_4/XLXI_5" (AND) removed.
The signal "U5/MUX2_Blink/XLXI_4/XLXN_11" is unused and has been removed.
 Unused block "U5/MUX2_Blink/XLXI_4/XLXI_6" (AND) removed.
The signal "U5/MUX2_Blink/XLXI_4/XLXN_9" is unused and has been removed.
 Unused block "U5/MUX2_Blink/XLXI_4/XLXI_4" (AND) removed.
The signal "U5/MUX2_Blink/XLXI_3/XLXN_8" is unused and has been removed.
 Unused block "U5/MUX2_Blink/XLXI_3/XLXI_3" (AND) removed.
  The signal "U5/MUX2_Blink/XLXI_3/XLXN_6" is unused and has been removed.
   Unused block "U5/MUX2_Blink/XLXI_3/XLXI_2" (BUF) removed.
The signal "U5/MUX2_Blink/XLXI_3/XLXN_11" is unused and has been removed.
 Unused block "U5/MUX2_Blink/XLXI_3/XLXI_6" (AND) removed.
The signal "U5/MUX2_Blink/XLXI_3/XLXN_9" is unused and has been removed.
 Unused block "U5/MUX2_Blink/XLXI_3/XLXI_4" (AND) removed.
The signal "U5/MUX2_Blink/XLXI_2/XLXN_10" is unused and has been removed.
 Unused block "U5/MUX2_Blink/XLXI_2/XLXI_5" (AND) removed.
The signal "U5/MUX2_Blink/XLXI_2/XLXN_11" is unused and has been removed.
 Unused block "U5/MUX2_Blink/XLXI_2/XLXI_6" (AND) removed.
The signal "U5/MUX2_Blink/XLXI_1/XLXN_10" is unused and has been removed.
 Unused block "U5/MUX2_Blink/XLXI_1/XLXI_5" (AND) removed.
The signal "U5/MUX2_Blink/XLXI_1/XLXN_11" is unused and has been removed.
 Unused block "U5/MUX2_Blink/XLXI_1/XLXI_6" (AND) removed.
Unused block "XLXI_17/_n0026_inv1" (ROM) removed.
Unused block "XLXI_17/counter_set_0" (FF) removed.
Unused block "XLXI_17/counter_set_1" (FF) removed.

Optimized Block(s):
TYPE 		BLOCK
GND 		U3/XST_GND
VCC 		U3/XST_VCC
AND2 		U5/MUX1_DispData/XLXI_1/XLXI_1/XLXI_10
AND2 		U5/MUX1_DispData/XLXI_1/XLXI_1/XLXI_13
AND2 		U5/MUX1_DispData/XLXI_1/XLXI_1/XLXI_14
AND2 		U5/MUX1_DispData/XLXI_1/XLXI_1/XLXI_17
AND2 		U5/MUX1_DispData/XLXI_1/XLXI_1/XLXI_18
AND2 		U5/MUX1_DispData/XLXI_1/XLXI_1/XLXI_21
AND2 		U5/MUX1_DispData/XLXI_1/XLXI_1/XLXI_22
AND2 		U5/MUX1_DispData/XLXI_1/XLXI_1/XLXI_9
AND2 		U5/MUX1_DispData/XLXI_1/XLXI_2/XLXI_10
AND2 		U5/MUX1_DispData/XLXI_1/XLXI_2/XLXI_13
AND2 		U5/MUX1_DispData/XLXI_1/XLXI_2/XLXI_14
AND2 		U5/MUX1_DispData/XLXI_1/XLXI_2/XLXI_17
AND2 		U5/MUX1_DispData/XLXI_1/XLXI_2/XLXI_18
AND2 		U5/MUX1_DispData/XLXI_1/XLXI_2/XLXI_21
AND2 		U5/MUX1_DispData/XLXI_1/XLXI_2/XLXI_22
AND2 		U5/MUX1_DispData/XLXI_1/XLXI_2/XLXI_9
AND2 		U5/MUX1_DispData/XLXI_1/XLXI_3/XLXI_11
AND2 		U5/MUX1_DispData/XLXI_1/XLXI_3/XLXI_12
AND2 		U5/MUX1_DispData/XLXI_1/XLXI_3/XLXI_15
AND2 		U5/MUX1_DispData/XLXI_1/XLXI_3/XLXI_16
AND2 		U5/MUX1_DispData/XLXI_1/XLXI_3/XLXI_19
AND2 		U5/MUX1_DispData/XLXI_1/XLXI_3/XLXI_20
AND2 		U5/MUX1_DispData/XLXI_1/XLXI_3/XLXI_7
AND2 		U5/MUX1_DispData/XLXI_1/XLXI_3/XLXI_8
AND2 		U5/MUX1_DispData/XLXI_1/XLXI_4/XLXI_11
AND2 		U5/MUX1_DispData/XLXI_1/XLXI_4/XLXI_12
AND2 		U5/MUX1_DispData/XLXI_1/XLXI_4/XLXI_15
AND2 		U5/MUX1_DispData/XLXI_1/XLXI_4/XLXI_16
AND2 		U5/MUX1_DispData/XLXI_1/XLXI_4/XLXI_19
AND2 		U5/MUX1_DispData/XLXI_1/XLXI_4/XLXI_20
AND2 		U5/MUX1_DispData/XLXI_1/XLXI_4/XLXI_7
AND2 		U5/MUX1_DispData/XLXI_1/XLXI_4/XLXI_8
AND2 		U5/MUX1_DispData/XLXI_2/XLXI_1/XLXI_10
AND2 		U5/MUX1_DispData/XLXI_2/XLXI_1/XLXI_13
AND2 		U5/MUX1_DispData/XLXI_2/XLXI_1/XLXI_14
AND2 		U5/MUX1_DispData/XLXI_2/XLXI_1/XLXI_17
AND2 		U5/MUX1_DispData/XLXI_2/XLXI_1/XLXI_18
AND2 		U5/MUX1_DispData/XLXI_2/XLXI_1/XLXI_21
AND2 		U5/MUX1_DispData/XLXI_2/XLXI_1/XLXI_22
AND2 		U5/MUX1_DispData/XLXI_2/XLXI_1/XLXI_9
AND2 		U5/MUX1_DispData/XLXI_2/XLXI_2/XLXI_10
AND2 		U5/MUX1_DispData/XLXI_2/XLXI_2/XLXI_13
AND2 		U5/MUX1_DispData/XLXI_2/XLXI_2/XLXI_14
AND2 		U5/MUX1_DispData/XLXI_2/XLXI_2/XLXI_17
AND2 		U5/MUX1_DispData/XLXI_2/XLXI_2/XLXI_18
AND2 		U5/MUX1_DispData/XLXI_2/XLXI_2/XLXI_21
AND2 		U5/MUX1_DispData/XLXI_2/XLXI_2/XLXI_22
AND2 		U5/MUX1_DispData/XLXI_2/XLXI_2/XLXI_9
AND2 		U5/MUX1_DispData/XLXI_2/XLXI_3/XLXI_11
AND2 		U5/MUX1_DispData/XLXI_2/XLXI_3/XLXI_12
AND2 		U5/MUX1_DispData/XLXI_2/XLXI_3/XLXI_15
AND2 		U5/MUX1_DispData/XLXI_2/XLXI_3/XLXI_16
AND2 		U5/MUX1_DispData/XLXI_2/XLXI_3/XLXI_19
AND2 		U5/MUX1_DispData/XLXI_2/XLXI_3/XLXI_20
AND2 		U5/MUX1_DispData/XLXI_2/XLXI_3/XLXI_7
AND2 		U5/MUX1_DispData/XLXI_2/XLXI_3/XLXI_8
AND2 		U5/MUX1_DispData/XLXI_2/XLXI_4/XLXI_11
AND2 		U5/MUX1_DispData/XLXI_2/XLXI_4/XLXI_12
AND2 		U5/MUX1_DispData/XLXI_2/XLXI_4/XLXI_15
AND2 		U5/MUX1_DispData/XLXI_2/XLXI_4/XLXI_16
AND2 		U5/MUX1_DispData/XLXI_2/XLXI_4/XLXI_19
AND2 		U5/MUX1_DispData/XLXI_2/XLXI_4/XLXI_20
AND2 		U5/MUX1_DispData/XLXI_2/XLXI_4/XLXI_7
AND2 		U5/MUX1_DispData/XLXI_2/XLXI_4/XLXI_8
AND2 		U5/MUX1_DispData/XLXI_5/XLXI_1/XLXI_10
AND2 		U5/MUX1_DispData/XLXI_5/XLXI_1/XLXI_13
AND2 		U5/MUX1_DispData/XLXI_5/XLXI_1/XLXI_14
AND2 		U5/MUX1_DispData/XLXI_5/XLXI_1/XLXI_17
AND2 		U5/MUX1_DispData/XLXI_5/XLXI_1/XLXI_18
AND2 		U5/MUX1_DispData/XLXI_5/XLXI_1/XLXI_21
AND2 		U5/MUX1_DispData/XLXI_5/XLXI_1/XLXI_22
AND2 		U5/MUX1_DispData/XLXI_5/XLXI_1/XLXI_9
AND2 		U5/MUX1_DispData/XLXI_5/XLXI_2/XLXI_10
AND2 		U5/MUX1_DispData/XLXI_5/XLXI_2/XLXI_13
AND2 		U5/MUX1_DispData/XLXI_5/XLXI_2/XLXI_14
AND2 		U5/MUX1_DispData/XLXI_5/XLXI_2/XLXI_17
AND2 		U5/MUX1_DispData/XLXI_5/XLXI_2/XLXI_18
AND2 		U5/MUX1_DispData/XLXI_5/XLXI_2/XLXI_21
AND2 		U5/MUX1_DispData/XLXI_5/XLXI_2/XLXI_22
AND2 		U5/MUX1_DispData/XLXI_5/XLXI_2/XLXI_9
AND2 		U5/MUX1_DispData/XLXI_5/XLXI_3/XLXI_11
AND2 		U5/MUX1_DispData/XLXI_5/XLXI_3/XLXI_12
AND2 		U5/MUX1_DispData/XLXI_5/XLXI_3/XLXI_15
AND2 		U5/MUX1_DispData/XLXI_5/XLXI_3/XLXI_16
AND2 		U5/MUX1_DispData/XLXI_5/XLXI_3/XLXI_19
AND2 		U5/MUX1_DispData/XLXI_5/XLXI_3/XLXI_20
AND2 		U5/MUX1_DispData/XLXI_5/XLXI_3/XLXI_7
AND2 		U5/MUX1_DispData/XLXI_5/XLXI_3/XLXI_8
AND2 		U5/MUX1_DispData/XLXI_5/XLXI_4/XLXI_11
AND2 		U5/MUX1_DispData/XLXI_5/XLXI_4/XLXI_12
AND2 		U5/MUX1_DispData/XLXI_5/XLXI_4/XLXI_15
AND2 		U5/MUX1_DispData/XLXI_5/XLXI_4/XLXI_16
AND2 		U5/MUX1_DispData/XLXI_5/XLXI_4/XLXI_19
AND2 		U5/MUX1_DispData/XLXI_5/XLXI_4/XLXI_20
AND2 		U5/MUX1_DispData/XLXI_5/XLXI_4/XLXI_7
AND2 		U5/MUX1_DispData/XLXI_5/XLXI_4/XLXI_8
AND2 		U5/MUX1_DispData/XLXI_6/XLXI_1/XLXI_10
AND2 		U5/MUX1_DispData/XLXI_6/XLXI_1/XLXI_13
AND2 		U5/MUX1_DispData/XLXI_6/XLXI_1/XLXI_14
AND2 		U5/MUX1_DispData/XLXI_6/XLXI_1/XLXI_17
AND2 		U5/MUX1_DispData/XLXI_6/XLXI_1/XLXI_18
AND2 		U5/MUX1_DispData/XLXI_6/XLXI_1/XLXI_21
AND2 		U5/MUX1_DispData/XLXI_6/XLXI_1/XLXI_22
AND2 		U5/MUX1_DispData/XLXI_6/XLXI_1/XLXI_9
AND2 		U5/MUX1_DispData/XLXI_6/XLXI_2/XLXI_10
AND2 		U5/MUX1_DispData/XLXI_6/XLXI_2/XLXI_13
AND2 		U5/MUX1_DispData/XLXI_6/XLXI_2/XLXI_14
AND2 		U5/MUX1_DispData/XLXI_6/XLXI_2/XLXI_17
AND2 		U5/MUX1_DispData/XLXI_6/XLXI_2/XLXI_18
AND2 		U5/MUX1_DispData/XLXI_6/XLXI_2/XLXI_21
AND2 		U5/MUX1_DispData/XLXI_6/XLXI_2/XLXI_22
AND2 		U5/MUX1_DispData/XLXI_6/XLXI_2/XLXI_9
AND2 		U5/MUX1_DispData/XLXI_6/XLXI_3/XLXI_11
AND2 		U5/MUX1_DispData/XLXI_6/XLXI_3/XLXI_12
AND2 		U5/MUX1_DispData/XLXI_6/XLXI_3/XLXI_15
AND2 		U5/MUX1_DispData/XLXI_6/XLXI_3/XLXI_16
AND2 		U5/MUX1_DispData/XLXI_6/XLXI_3/XLXI_19
AND2 		U5/MUX1_DispData/XLXI_6/XLXI_3/XLXI_20
AND2 		U5/MUX1_DispData/XLXI_6/XLXI_3/XLXI_7
AND2 		U5/MUX1_DispData/XLXI_6/XLXI_3/XLXI_8
AND2 		U5/MUX1_DispData/XLXI_6/XLXI_4/XLXI_11
AND2 		U5/MUX1_DispData/XLXI_6/XLXI_4/XLXI_12
AND2 		U5/MUX1_DispData/XLXI_6/XLXI_4/XLXI_15
AND2 		U5/MUX1_DispData/XLXI_6/XLXI_4/XLXI_16
AND2 		U5/MUX1_DispData/XLXI_6/XLXI_4/XLXI_19
AND2 		U5/MUX1_DispData/XLXI_6/XLXI_4/XLXI_20
AND2 		U5/MUX1_DispData/XLXI_6/XLXI_4/XLXI_7
AND2 		U5/MUX1_DispData/XLXI_6/XLXI_4/XLXI_8
AND2 		U5/MUX2_Blink/XLXI_1/XLXI_10
AND2 		U5/MUX2_Blink/XLXI_1/XLXI_13
AND2 		U5/MUX2_Blink/XLXI_1/XLXI_14
AND2 		U5/MUX2_Blink/XLXI_1/XLXI_17
AND2 		U5/MUX2_Blink/XLXI_1/XLXI_18
AND2 		U5/MUX2_Blink/XLXI_1/XLXI_21
AND2 		U5/MUX2_Blink/XLXI_1/XLXI_22
AND2 		U5/MUX2_Blink/XLXI_1/XLXI_9
AND2 		U5/MUX2_Blink/XLXI_17
AND2 		U5/MUX2_Blink/XLXI_18
AND2 		U5/MUX2_Blink/XLXI_19
AND2 		U5/MUX2_Blink/XLXI_2/XLXI_10
AND2 		U5/MUX2_Blink/XLXI_2/XLXI_13
AND2 		U5/MUX2_Blink/XLXI_2/XLXI_14
AND2 		U5/MUX2_Blink/XLXI_2/XLXI_17
AND2 		U5/MUX2_Blink/XLXI_2/XLXI_18
AND2 		U5/MUX2_Blink/XLXI_2/XLXI_21
AND2 		U5/MUX2_Blink/XLXI_2/XLXI_22
AND2 		U5/MUX2_Blink/XLXI_2/XLXI_9
AND2 		U5/MUX2_Blink/XLXI_22
AND2 		U5/MUX2_Blink/XLXI_3/XLXI_10
AND2 		U5/MUX2_Blink/XLXI_3/XLXI_11
AND2 		U5/MUX2_Blink/XLXI_3/XLXI_12
AND2 		U5/MUX2_Blink/XLXI_3/XLXI_14
AND2 		U5/MUX2_Blink/XLXI_3/XLXI_15
AND2 		U5/MUX2_Blink/XLXI_3/XLXI_16
AND2 		U5/MUX2_Blink/XLXI_3/XLXI_18
AND2 		U5/MUX2_Blink/XLXI_3/XLXI_19
AND2 		U5/MUX2_Blink/XLXI_3/XLXI_20
AND2 		U5/MUX2_Blink/XLXI_3/XLXI_22
AND2 		U5/MUX2_Blink/XLXI_3/XLXI_7
AND2 		U5/MUX2_Blink/XLXI_3/XLXI_8
AND2 		U5/MUX2_Blink/XLXI_4/XLXI_10
AND2 		U5/MUX2_Blink/XLXI_4/XLXI_11
AND2 		U5/MUX2_Blink/XLXI_4/XLXI_12
AND2 		U5/MUX2_Blink/XLXI_4/XLXI_13
AND2 		U5/MUX2_Blink/XLXI_4/XLXI_14
AND2 		U5/MUX2_Blink/XLXI_4/XLXI_15
AND2 		U5/MUX2_Blink/XLXI_4/XLXI_16
AND2 		U5/MUX2_Blink/XLXI_4/XLXI_17
AND2 		U5/MUX2_Blink/XLXI_4/XLXI_18
AND2 		U5/MUX2_Blink/XLXI_4/XLXI_19
AND2 		U5/MUX2_Blink/XLXI_4/XLXI_20
AND2 		U5/MUX2_Blink/XLXI_4/XLXI_21
AND2 		U5/MUX2_Blink/XLXI_4/XLXI_22
OR4 		U5/MUX2_Blink/XLXI_4/XLXI_55
OR4 		U5/MUX2_Blink/XLXI_4/XLXI_56
OR4 		U5/MUX2_Blink/XLXI_4/XLXI_57
OR4 		U5/MUX2_Blink/XLXI_4/XLXI_58
AND2 		U5/MUX2_Blink/XLXI_4/XLXI_7
AND2 		U5/MUX2_Blink/XLXI_4/XLXI_8
AND2 		U5/MUX2_Blink/XLXI_4/XLXI_9
GND 		U6/M2/XST_GND
VCC 		U6/M2/XST_VCC
VCC 		U7/P2LED/XST_VCC
GND 		U9/XST_GND
VCC 		U9/XST_VCC
GND 		XLXI_15
BUF 		XLXI_18
VCC 		XLXI_7

To enable printing of redundant blocks removed and signals merged, set the
detailed map report option and rerun map.

Section 6 - IOB Properties
--------------------------

+---------------------------------------------------------------------------------------------------------------------------------------------------------+
| IOB Name                           | Type             | Direction | IO Standard          | Diff  | Drive    | Slew | Reg (s)      | Resistor | IOB      |
|                                    |                  |           |                      | Term  | Strength | Rate |              |          | Delay    |
+---------------------------------------------------------------------------------------------------------------------------------------------------------+
| AN<0>                              | IOB33            | OUTPUT    | LVCMOS33             |       | 12       | SLOW |              |          |          |
| AN<1>                              | IOB33            | OUTPUT    | LVCMOS33             |       | 12       | SLOW |              |          |          |
| AN<2>                              | IOB33            | OUTPUT    | LVCMOS33             |       | 12       | SLOW |              |          |          |
| AN<3>                              | IOB33            | OUTPUT    | LVCMOS33             |       | 12       | SLOW |              |          |          |
| Buzzer                             | IOB33            | OUTPUT    | LVCMOS33             |       | 12       | SLOW |              |          |          |
| CR                                 | IOB33            | OUTPUT    | LVCMOS33             |       | 12       | SLOW |              |          |          |
| K_COL<0>                           | IOB              | INPUT     | LVCMOS18             |       |          |      |              |          |          |
| K_COL<1>                           | IOB              | INPUT     | LVCMOS18             |       |          |      |              |          |          |
| K_COL<2>                           | IOB              | INPUT     | LVCMOS18             |       |          |      |              |          |          |
| K_COL<3>                           | IOB              | INPUT     | LVCMOS18             |       |          |      |              |          |          |
| K_ROW<0>                           | IOB              | OUTPUT    | LVCMOS18             |       | 12       | SLOW |              |          |          |
| K_ROW<1>                           | IOB              | OUTPUT    | LVCMOS18             |       | 12       | SLOW |              |          |          |
| K_ROW<2>                           | IOB              | OUTPUT    | LVCMOS18             |       | 12       | SLOW |              |          |          |
| K_ROW<3>                           | IOB              | OUTPUT    | LVCMOS18             |       | 12       | SLOW |              |          |          |
| K_ROW<4>                           | IOB              | OUTPUT    | LVCMOS18             |       | 12       | SLOW |              |          |          |
| LED<0>                             | IOB33            | OUTPUT    | LVCMOS33             |       | 12       | SLOW |              |          |          |
| LED<1>                             | IOB33            | OUTPUT    | LVCMOS33             |       | 12       | SLOW |              |          |          |
| LED<2>                             | IOB33            | OUTPUT    | LVCMOS33             |       | 12       | SLOW |              |          |          |
| LED<3>                             | IOB33            | OUTPUT    | LVCMOS33             |       | 12       | SLOW |              |          |          |
| LED<4>                             | IOB33            | OUTPUT    | LVCMOS33             |       | 12       | SLOW |              |          |          |
| LED<5>                             | IOB33            | OUTPUT    | LVCMOS33             |       | 12       | SLOW |              |          |          |
| LED<6>                             | IOB33            | OUTPUT    | LVCMOS33             |       | 12       | SLOW |              |          |          |
| LED<7>                             | IOB33            | OUTPUT    | LVCMOS33             |       | 12       | SLOW |              |          |          |
| LEDCLK                             | IOB33            | OUTPUT    | LVCMOS33             |       | 12       | SLOW |              |          |          |
| LEDCLR                             | IOB33            | OUTPUT    | LVCMOS33             |       | 12       | SLOW |              |          |          |
| LEDDT                              | IOB33            | OUTPUT    | LVCMOS33             |       | 12       | SLOW |              |          |          |
| LEDEN                              | IOB33            | OUTPUT    | LVCMOS33             |       | 12       | SLOW |              |          |          |
| RDY                                | IOB33            | OUTPUT    | LVCMOS33             |       | 12       | SLOW |              |          |          |
| RSTN                               | IOB              | INPUT     | LVCMOS18             |       |          |      |              |          |          |
| SEGCLK                             | IOB33            | OUTPUT    | LVCMOS33             |       | 12       | SLOW |              |          |          |
| SEGCLR                             | IOB33            | OUTPUT    | LVCMOS33             |       | 12       | SLOW |              |          |          |
| SEGDT                              | IOB33            | OUTPUT    | LVCMOS33             |       | 12       | SLOW |              |          |          |
| SEGEN                              | IOB33            | OUTPUT    | LVCMOS33             |       | 12       | SLOW |              |          |          |
| SEGMENT<0>                         | IOB33            | OUTPUT    | LVCMOS33             |       | 12       | SLOW |              |          |          |
| SEGMENT<1>                         | IOB33            | OUTPUT    | LVCMOS33             |       | 12       | SLOW |              |          |          |
| SEGMENT<2>                         | IOB33            | OUTPUT    | LVCMOS33             |       | 12       | SLOW |              |          |          |
| SEGMENT<3>                         | IOB33            | OUTPUT    | LVCMOS33             |       | 12       | SLOW |              |          |          |
| SEGMENT<4>                         | IOB33            | OUTPUT    | LVCMOS33             |       | 12       | SLOW |              |          |          |
| SEGMENT<5>                         | IOB33            | OUTPUT    | LVCMOS33             |       | 12       | SLOW |              |          |          |
| SEGMENT<6>                         | IOB33            | OUTPUT    | LVCMOS33             |       | 12       | SLOW |              |          |          |
| SEGMENT<7>                         | IOB33            | OUTPUT    | LVCMOS33             |       | 12       | SLOW |              |          |          |
| SW<0>                              | IOB              | INPUT     | LVCMOS15             |       |          |      |              |          |          |
| SW<1>                              | IOB              | INPUT     | LVCMOS15             |       |          |      |              |          |          |
| SW<2>                              | IOB              | INPUT     | LVCMOS15             |       |          |      |              |          |          |
| SW<3>                              | IOB              | INPUT     | LVCMOS15             |       |          |      |              |          |          |
| SW<4>                              | IOB              | INPUT     | LVCMOS15             |       |          |      |              |          |          |
| SW<5>                              | IOB              | INPUT     | LVCMOS15             |       |          |      |              |          |          |
| SW<6>                              | IOB              | INPUT     | LVCMOS15             |       |          |      |              |          |          |
| SW<7>                              | IOB              | INPUT     | LVCMOS15             |       |          |      |              |          |          |
| SW<8>                              | IOB              | INPUT     | LVCMOS15             |       |          |      |              |          |          |
| SW<9>                              | IOB              | INPUT     | LVCMOS15             |       |          |      |              |          |          |
| SW<10>                             | IOB              | INPUT     | LVCMOS15             |       |          |      |              |          |          |
| SW<11>                             | IOB              | INPUT     | LVCMOS15             |       |          |      |              |          |          |
| SW<12>                             | IOB              | INPUT     | LVCMOS15             |       |          |      |              |          |          |
| SW<13>                             | IOB              | INPUT     | LVCMOS15             |       |          |      |              |          |          |
| SW<14>                             | IOB              | INPUT     | LVCMOS15             |       |          |      |              |          |          |
| SW<15>                             | IOB              | INPUT     | LVCMOS15             |       |          |      |              |          |          |
| clk_100mhz                         | IOB              | INPUT     | LVCMOS18             |       |          |      |              |          |          |
| readn                              | IOB33            | OUTPUT    | LVCMOS33             |       | 12       | SLOW |              |          |          |
+---------------------------------------------------------------------------------------------------------------------------------------------------------+

Section 7 - RPMs
----------------

Section 8 - Guide Report
------------------------
Guide not run on this design.

Section 9 - Area Group and Partition Summary
--------------------------------------------

Partition Implementation Status
-------------------------------

  No Partitions were found in this design.

-------------------------------

Area Group Information
----------------------

  No area groups were found in this design.

----------------------

Section 10 - Timing Report
--------------------------
A logic-level (pre-route) timing report can be generated by using Xilinx static
timing analysis tools, Timing Analyzer (GUI) or TRCE (command line), with the
mapped NCD and PCF files. Please note that this timing report will be generated
using estimated delay information. For accurate numbers, please generate a
timing report with the post Place and Route NCD file.

For more information about the Timing Analyzer, consult the Xilinx Timing
Analyzer Reference Manual; for more information about TRCE, consult the Xilinx
Command Line Tools User Guide "TRACE" chapter.

Section 11 - Configuration String Details
-----------------------------------------
Use the "-detail" map option to print out Configuration Strings

Section 12 - Control Set Information
------------------------------------
Use the "-detail" map option to print out Control Set Information.

Section 13 - Utilization by Hierarchy
-------------------------------------
Use the "-detail" map option to print out the Utilization by Hierarchy section.
