Release 14.7 - xst P.20131013 (nt64)
Copyright (c) 1995-2013 Xilinx, Inc.  All rights reserved.
--> Parameter TMPDIR set to xst/projnav.tmp


Total REAL time to Xst completion: 0.00 secs
Total CPU time to Xst completion: 0.20 secs
 
--> Parameter xsthdpdir set to xst


Total REAL time to Xst completion: 0.00 secs
Total CPU time to Xst completion: 0.20 secs
 
--> Reading design: OExp04_IP2CPU.prj

TABLE OF CONTENTS
  1) Synthesis Options Summary
  2) HDL Parsing
  3) HDL Elaboration
  4) HDL Synthesis
       4.1) HDL Synthesis Report
  5) Advanced HDL Synthesis
       5.1) Advanced HDL Synthesis Report
  6) Low Level Synthesis
  7) Partition Report
  8) Design Summary
       8.1) Primitive and Black Box Usage
       8.2) Device utilization summary
       8.3) Partition Resource Summary
       8.4) Timing Report
            8.4.1) Clock Information
            8.4.2) Asynchronous Control Signals Information
            8.4.3) Timing Summary
            8.4.4) Timing Details
            8.4.5) Cross Clock Domains Report


=========================================================================
*                      Synthesis Options Summary                        *
=========================================================================
---- Source Parameters
Input File Name                    : "OExp04_IP2CPU.prj"
Ignore Synthesis Constraint File   : NO

---- Target Parameters
Output File Name                   : "OExp04_IP2CPU"
Output Format                      : NGC
Target Device                      : xc7k160t-2L-ffg676

---- Source Options
Top Module Name                    : OExp04_IP2CPU
Automatic FSM Extraction           : YES
FSM Encoding Algorithm             : Auto
Safe Implementation                : No
FSM Style                          : LUT
RAM Extraction                     : Yes
RAM Style                          : Auto
ROM Extraction                     : Yes
Shift Register Extraction          : YES
ROM Style                          : Auto
Resource Sharing                   : YES
Asynchronous To Synchronous        : NO
Shift Register Minimum Size        : 2
Use DSP Block                      : Auto
Automatic Register Balancing       : No

---- Target Options
LUT Combining                      : Auto
Reduce Control Sets                : Auto
Add IO Buffers                     : YES
Global Maximum Fanout              : 100000
Add Generic Clock Buffer(BUFG)     : 32
Register Duplication               : YES
Optimize Instantiated Primitives   : NO
Use Clock Enable                   : Auto
Use Synchronous Set                : Auto
Use Synchronous Reset              : Auto
Pack IO Registers into IOBs        : Auto
Equivalent register Removal        : YES

---- General Options
Optimization Goal                  : Speed
Optimization Effort                : 1
Power Reduction                    : NO
Keep Hierarchy                     : No
Netlist Hierarchy                  : As_Optimized
RTL Output                         : Yes
Global Optimization                : AllClockNets
Read Cores                         : YES
Write Timing Constraints           : NO
Cross Clock Analysis               : NO
Hierarchy Separator                : /
Bus Delimiter                      : <>
Case Specifier                     : Maintain
Slice Utilization Ratio            : 100
BRAM Utilization Ratio             : 100
DSP48 Utilization Ratio            : 100
Auto BRAM Packing                  : NO
Slice Utilization Ratio Delta      : 5

---- Other Options
Cores Search Directories           : {"ipcore_dir"  }

=========================================================================

WARNING:UtilitiesC:240 - The message file "G:\Lab7\Oxp7_Test/_xmsgs/xst.xmsgs" is corrupt, therefore all message will be marked as new.

=========================================================================
*                          HDL Parsing                                  *
=========================================================================
Analyzing Verilog file "G:\Lab7\Oxp7_Test\Regs.v" into library work
Parsing module <Regs>.
Analyzing Verilog file "G:\Lab7\Oxp7_Test\REG32.v" into library work
Parsing module <REG32>.
Analyzing Verilog file "G:\Lab7\Oxp7_Test\MUX4T1_32.v" into library work
Parsing module <MUX4T1_32>.
Analyzing Verilog file "G:\Lab7\Oxp7_Test\MUX2T1_5.v" into library work
Parsing module <MUX2T1_5>.
Analyzing Verilog file "G:\Lab7\Oxp7_Test\MUX2T1_32.v" into library work
Parsing module <MUX2T1_32>.
Analyzing Verilog file "G:\Lab7\Oxp7_Test\Ext_u.v" into library work
Parsing module <Ext_u>.
Analyzing Verilog file "G:\Lab7\Oxp7_Test\Ext_32.v" into library work
Parsing module <Ext_32>.
Analyzing Verilog file "G:\Lab7\Oxp7_Test\ALU_v.v" into library work
Parsing module <ALU>.
WARNING:HDLCompiler:751 - "G:\Lab7\Oxp7_Test\ALU_v.v" Line 26: Redeclaration of ansi port res is not allowed
Analyzing Verilog file "G:\Lab7\Oxp7_Test\ADD.v" into library work
Parsing module <ADD>.
Analyzing Verilog file "G:\Lab7\Oxp7_Test\SCPU_ctrl.v" into library work
Parsing module <SCPU_ctrl>.
Analyzing Verilog file "G:\Lab7\Oxp7_Test\Data_path.vf" into library work
Parsing module <Data_path>.
Analyzing Verilog file "G:\Lab7\Oxp7_Test\SCPU.vf" into library work
Parsing module <Data_path_MUSER_SCPU>.
Parsing module <SCPU>.
Analyzing Verilog file "G:\Lab7\Oxp7_Test\ipcore_dir\ROM_D.v" into library work
Parsing module <ROM_D>.
Analyzing Verilog file "G:\Lab7\Oxp7_Test\ipcore_dir\RAM_B.v" into library work
Parsing module <RAM_B>.
Analyzing Verilog file "G:\Lab7\Oxp7_Test\codes\SEnter_2_32_IO.v" into library work
Parsing module <SEnter_2_32>.
Analyzing Verilog file "G:\Lab7\Oxp7_Test\codes\Seg7_Dev_IO.v" into library work
Parsing module <Seg7_Dev>.
Analyzing Verilog file "G:\Lab7\Oxp7_Test\codes\SAnti_jitter_IO.v" into library work
Parsing module <SAnti_jitter>.
Analyzing Verilog file "G:\Lab7\Oxp7_Test\codes\PIO_IO.v" into library work
Parsing module <PIO>.
Analyzing Verilog file "G:\Lab7\Oxp7_Test\codes\Multi_8CH32_IO.v" into library work
Parsing module <Multi_8CH32>.
Analyzing Verilog file "G:\Lab7\Oxp7_Test\codes\MIO_BUS_IO.v" into library work
Parsing module <MIO_BUS>.
Analyzing Verilog file "G:\Lab7\Oxp7_Test\codes\GPIO_IO.v" into library work
Parsing module <GPIO>.
Analyzing Verilog file "G:\Lab7\Oxp7_Test\codes\Display_IO.v" into library work
Parsing module <Display>.
Analyzing Verilog file "G:\Lab7\Oxp7_Test\codes\Counter_3_IO.v" into library work
Parsing module <Counter>.
Analyzing Verilog file "G:\Lab7\Oxp7_Test\codes\clk_div.v" into library work
Parsing module <clk_div>.
Analyzing Verilog file "G:\Lab7\Oxp7_Test\OExp04_IP2CPU.vf" into library work
Parsing module <OExp04_IP2CPU>.

=========================================================================
*                            HDL Elaboration                            *
=========================================================================

Elaborating module <OExp04_IP2CPU>.

Elaborating module <SEnter_2_32>.
WARNING:HDLCompiler:1499 - "G:\Lab7\Oxp7_Test\codes\SEnter_2_32_IO.v" Line 21: Empty module <SEnter_2_32> remains a black box.
WARNING:HDLCompiler:1127 - "G:\Lab7\Oxp7_Test\OExp04_IP2CPU.vf" Line 117: Assignment to Ai ignored, since the identifier is never used
WARNING:HDLCompiler:1127 - "G:\Lab7\Oxp7_Test\OExp04_IP2CPU.vf" Line 118: Assignment to Bi ignored, since the identifier is never used
WARNING:HDLCompiler:1127 - "G:\Lab7\Oxp7_Test\OExp04_IP2CPU.vf" Line 119: Assignment to blink ignored, since the identifier is never used

Elaborating module <SCPU>.

Elaborating module <SCPU_ctrl>.

Elaborating module <Data_path_MUSER_SCPU>.

Elaborating module <ADD>.

Elaborating module <Ext_32>.

Elaborating module <MUX2T1_5>.

Elaborating module <REG32>.

Elaborating module <ALU>.
WARNING:HDLCompiler:413 - "G:\Lab7\Oxp7_Test\ALU_v.v" Line 49: Result of 32-bit expression is truncated to fit in 1-bit target.

Elaborating module <Regs>.

Elaborating module <VCC>.

Elaborating module <GND>.

Elaborating module <MUX4T1_32>.

Elaborating module <Ext_u>.

Elaborating module <MUX2T1_32>.
WARNING:HDLCompiler:552 - "G:\Lab7\Oxp7_Test\SCPU.vf" Line 133: Input port I3[31] is not connected on this instance

Elaborating module <ROM_D>.
WARNING:HDLCompiler:1499 - "G:\Lab7\Oxp7_Test\ipcore_dir\ROM_D.v" Line 39: Empty module <ROM_D> remains a black box.

Elaborating module <RAM_B>.
WARNING:HDLCompiler:1499 - "G:\Lab7\Oxp7_Test\ipcore_dir\RAM_B.v" Line 39: Empty module <RAM_B> remains a black box.

Elaborating module <MIO_BUS>.
WARNING:HDLCompiler:1499 - "G:\Lab7\Oxp7_Test\codes\MIO_BUS_IO.v" Line 21: Empty module <MIO_BUS> remains a black box.

Elaborating module <Multi_8CH32>.
WARNING:HDLCompiler:1499 - "G:\Lab7\Oxp7_Test\codes\Multi_8CH32_IO.v" Line 21: Empty module <Multi_8CH32> remains a black box.

Elaborating module <Display>.
WARNING:HDLCompiler:1499 - "G:\Lab7\Oxp7_Test\codes\Display_IO.v" Line 21: Empty module <Display> remains a black box.

Elaborating module <GPIO>.
WARNING:HDLCompiler:1499 - "G:\Lab7\Oxp7_Test\codes\GPIO_IO.v" Line 21: Empty module <GPIO> remains a black box.

Elaborating module <clk_div>.

Elaborating module <SAnti_jitter>.
WARNING:HDLCompiler:1499 - "G:\Lab7\Oxp7_Test\codes\SAnti_jitter_IO.v" Line 21: Empty module <SAnti_jitter> remains a black box.
WARNING:HDLCompiler:1127 - "G:\Lab7\Oxp7_Test\OExp04_IP2CPU.vf" Line 220: Assignment to Pulse ignored, since the identifier is never used

Elaborating module <Counter>.
WARNING:HDLCompiler:1127 - "G:\Lab7\Oxp7_Test\codes\Counter_3_IO.v" Line 43: Assignment to M2 ignored, since the identifier is never used
WARNING:HDLCompiler:634 - "G:\Lab7\Oxp7_Test\codes\Counter_3_IO.v" Line 36: Net <counter1[32]> does not have a driver.

Elaborating module <Seg7_Dev>.
WARNING:HDLCompiler:1499 - "G:\Lab7\Oxp7_Test\codes\Seg7_Dev_IO.v" Line 21: Empty module <Seg7_Dev> remains a black box.

Elaborating module <PIO>.
WARNING:HDLCompiler:1499 - "G:\Lab7\Oxp7_Test\codes\PIO_IO.v" Line 21: Empty module <PIO> remains a black box.

Elaborating module <BUF>.

Elaborating module <INV>.
WARNING:HDLCompiler:634 - "G:\Lab7\Oxp7_Test\OExp04_IP2CPU.vf" Line 65: Net <Addr_out[31]> does not have a driver.
WARNING:HDLCompiler:634 - "G:\Lab7\Oxp7_Test\OExp04_IP2CPU.vf" Line 71: Net <Counter_out[31]> does not have a driver.
WARNING:HDLCompiler:634 - "G:\Lab7\Oxp7_Test\OExp04_IP2CPU.vf" Line 73: Net <Data_in[31]> does not have a driver.
WARNING:HDLCompiler:634 - "G:\Lab7\Oxp7_Test\OExp04_IP2CPU.vf" Line 74: Net <Data_out[31]> does not have a driver.
WARNING:HDLCompiler:634 - "G:\Lab7\Oxp7_Test\OExp04_IP2CPU.vf" Line 85: Net <rst> does not have a driver.
WARNING:HDLCompiler:552 - "G:\Lab7\Oxp7_Test\OExp04_IP2CPU.vf" Line 121: Input port MIO_ready is not connected on this instance

=========================================================================
*                           HDL Synthesis                               *
=========================================================================

Synthesizing Unit <OExp04_IP2CPU>.
    Related source file is "G:\Lab7\Oxp7_Test\OExp04_IP2CPU.vf".
WARNING:Xst:37 - Detected unknown constraint/property "VeriModel". This constraint/property is not supported by the current software release and will be ignored.
WARNING:Xst:37 - Detected unknown constraint/property "VeriModel". This constraint/property is not supported by the current software release and will be ignored.
WARNING:Xst:2898 - Port 'MIO_ready', unconnected in block instance 'U1', is tied to GND.
INFO:Xst:3210 - "G:\Lab7\Oxp7_Test\OExp04_IP2CPU.vf" line 112: Output port <Ai> of the instance <M4> is unconnected or connected to loadless signal.
INFO:Xst:3210 - "G:\Lab7\Oxp7_Test\OExp04_IP2CPU.vf" line 112: Output port <Bi> of the instance <M4> is unconnected or connected to loadless signal.
INFO:Xst:3210 - "G:\Lab7\Oxp7_Test\OExp04_IP2CPU.vf" line 112: Output port <blink> of the instance <M4> is unconnected or connected to loadless signal.
INFO:Xst:3210 - "G:\Lab7\Oxp7_Test\OExp04_IP2CPU.vf" line 121: Output port <CPU_MIO> of the instance <U1> is unconnected or connected to loadless signal.
INFO:Xst:3210 - "G:\Lab7\Oxp7_Test\OExp04_IP2CPU.vf" line 192: Output port <GPIOf0> of the instance <U7> is unconnected or connected to loadless signal.
INFO:Xst:3210 - "G:\Lab7\Oxp7_Test\OExp04_IP2CPU.vf" line 210: Output port <pulse_out> of the instance <U9> is unconnected or connected to loadless signal.
INFO:Xst:3210 - "G:\Lab7\Oxp7_Test\OExp04_IP2CPU.vf" line 243: Output port <counter_set> of the instance <U71> is unconnected or connected to loadless signal.
INFO:Xst:3210 - "G:\Lab7\Oxp7_Test\OExp04_IP2CPU.vf" line 243: Output port <GPIOf0> of the instance <U71> is unconnected or connected to loadless signal.
WARNING:Xst:653 - Signal <Addr_out> is used but never assigned. This sourceless signal will be automatically connected to value GND.
WARNING:Xst:653 - Signal <Counter_out> is used but never assigned. This sourceless signal will be automatically connected to value GND.
WARNING:Xst:653 - Signal <Data_in> is used but never assigned. This sourceless signal will be automatically connected to value GND.
WARNING:Xst:653 - Signal <Data_out> is used but never assigned. This sourceless signal will be automatically connected to value GND.
WARNING:Xst:653 - Signal <rst> is used but never assigned. This sourceless signal will be automatically connected to value GND.
    Summary:
	no macro.
Unit <OExp04_IP2CPU> synthesized.

Synthesizing Unit <SCPU>.
    Related source file is "G:\Lab7\Oxp7_Test\SCPU.vf".
WARNING:Xst:647 - Input <INT> is never used. This port will be preserved and left unconnected if it belongs to a top-level block or it belongs to a sub-block and the hierarchy of this sub-block is preserved.
INFO:Xst:3210 - "G:\Lab7\Oxp7_Test\SCPU.vf" line 198: Output port <overflow> of the instance <XLXI_4> is unconnected or connected to loadless signal.
    Summary:
	no macro.
Unit <SCPU> synthesized.

Synthesizing Unit <SCPU_ctrl>.
    Related source file is "G:\Lab7\Oxp7_Test\SCPU_ctrl.v".
WARNING:Xst:647 - Input <MIO_ready> is never used. This port will be preserved and left unconnected if it belongs to a top-level block or it belongs to a sub-block and the hierarchy of this sub-block is preserved.
WARNING:Xst:653 - Signal <CPU_MIO> is used but never assigned. This sourceless signal will be automatically connected to value GND.
    Found 1-bit 4-to-1 multiplexer for signal <_n0100> created at line 21.
WARNING:Xst:737 - Found 1-bit latch for signal <ALU_Control<1>>. Latches may be generated from incomplete case or if statements. We do not recommend the use of latches in FPGA/CPLD designs, as they may lead to timing problems.
WARNING:Xst:737 - Found 1-bit latch for signal <ALU_Control<0>>. Latches may be generated from incomplete case or if statements. We do not recommend the use of latches in FPGA/CPLD designs, as they may lead to timing problems.
WARNING:Xst:737 - Found 1-bit latch for signal <ALUSrc_A>. Latches may be generated from incomplete case or if statements. We do not recommend the use of latches in FPGA/CPLD designs, as they may lead to timing problems.
WARNING:Xst:737 - Found 1-bit latch for signal <ALU_Control<2>>. Latches may be generated from incomplete case or if statements. We do not recommend the use of latches in FPGA/CPLD designs, as they may lead to timing problems.
    Summary:
	inferred   4 Latch(s).
	inferred  17 Multiplexer(s).
Unit <SCPU_ctrl> synthesized.

Synthesizing Unit <Data_path_MUSER_SCPU>.
    Related source file is "G:\Lab7\Oxp7_Test\SCPU.vf".
WARNING:Xst:2898 - Port 'I3', unconnected in block instance 'XLXI_21', is tied to GND.
INFO:Xst:3210 - "G:\Lab7\Oxp7_Test\SCPU.vf" line 98: Output port <Co> of the instance <U1_1> is unconnected or connected to loadless signal.
    Summary:
	no macro.
Unit <Data_path_MUSER_SCPU> synthesized.

Synthesizing Unit <ADD>.
    Related source file is "G:\Lab7\Oxp7_Test\ADD.v".
    Found 32-bit adder for signal <c> created at line 27.
    Summary:
	inferred   1 Adder/Subtractor(s).
Unit <ADD> synthesized.

Synthesizing Unit <Ext_32>.
    Related source file is "G:\Lab7\Oxp7_Test\Ext_32.v".
    Summary:
	no macro.
Unit <Ext_32> synthesized.

Synthesizing Unit <MUX2T1_5>.
    Related source file is "G:\Lab7\Oxp7_Test\MUX2T1_5.v".
    Summary:
	inferred   1 Multiplexer(s).
Unit <MUX2T1_5> synthesized.

Synthesizing Unit <REG32>.
    Related source file is "G:\Lab7\Oxp7_Test\REG32.v".
    Found 32-bit register for signal <Q>.
    Summary:
	inferred  32 D-type flip-flop(s).
Unit <REG32> synthesized.

Synthesizing Unit <ALU>.
    Related source file is "G:\Lab7\Oxp7_Test\ALU_v.v".
        one = 32'b00000000000000000000000000000001
        zero_0 = 32'b00000000000000000000000000000000
WARNING:Xst:653 - Signal <Co> is used but never assigned. This sourceless signal will be automatically connected to value GND.
    Found 32-bit subtractor for signal <res_sub> created at line 31.
    Found 32-bit adder for signal <res_add> created at line 30.
    Found 32-bit shifter logical right for signal <res_srl> created at line 25
    Found 32-bit 8-to-1 multiplexer for signal <res> created at line 37.
    Found 32-bit comparator greater for signal <A[31]_B[31]_LessThan_7_o> created at line 34
    Summary:
	inferred   1 Adder/Subtractor(s).
	inferred   1 Comparator(s).
	inferred  12 Multiplexer(s).
	inferred   1 Combinational logic shifter(s).
Unit <ALU> synthesized.

Synthesizing Unit <Regs>.
    Related source file is "G:\Lab7\Oxp7_Test\Regs.v".
    Found 992-bit register for signal <n0051[991:0]>.
    Found 32-bit 31-to-1 multiplexer for signal <reg_Rd_addr_A[4]_register[31][31]_wide_mux_1_OUT> created at line 29.
    Found 32-bit 31-to-1 multiplexer for signal <reg_Rt_addr_B[4]_register[31][31]_wide_mux_4_OUT> created at line 30.
    Summary:
	inferred 992 D-type flip-flop(s).
	inferred  35 Multiplexer(s).
Unit <Regs> synthesized.

Synthesizing Unit <MUX4T1_32>.
    Related source file is "G:\Lab7\Oxp7_Test\MUX4T1_32.v".
    Found 32-bit 4-to-1 multiplexer for signal <o> created at line 27.
    Summary:
	inferred   1 Multiplexer(s).
Unit <MUX4T1_32> synthesized.

Synthesizing Unit <Ext_u>.
    Related source file is "G:\Lab7\Oxp7_Test\Ext_u.v".
    Summary:
	no macro.
Unit <Ext_u> synthesized.

Synthesizing Unit <MUX2T1_32>.
    Related source file is "G:\Lab7\Oxp7_Test\MUX2T1_32.v".
    Summary:
	inferred   1 Multiplexer(s).
Unit <MUX2T1_32> synthesized.

Synthesizing Unit <clk_div>.
    Related source file is "G:\Lab7\Oxp7_Test\codes\clk_div.v".
    Found 32-bit register for signal <clkdiv>.
    Found 32-bit adder for signal <clkdiv[31]_GND_27_o_add_0_OUT> created at line 33.
    Summary:
	inferred   1 Adder/Subtractor(s).
	inferred  32 D-type flip-flop(s).
	inferred   1 Multiplexer(s).
Unit <clk_div> synthesized.

Synthesizing Unit <Counter>.
    Related source file is "G:\Lab7\Oxp7_Test\codes\Counter_3_IO.v".
WARNING:Xst:647 - Input <clk1> is never used. This port will be preserved and left unconnected if it belongs to a top-level block or it belongs to a sub-block and the hierarchy of this sub-block is preserved.
WARNING:Xst:647 - Input <clk2> is never used. This port will be preserved and left unconnected if it belongs to a top-level block or it belongs to a sub-block and the hierarchy of this sub-block is preserved.
WARNING:Xst:653 - Signal <counter1<32>> is used but never assigned. This sourceless signal will be automatically connected to value GND.
WARNING:Xst:653 - Signal <counter2<32>> is used but never assigned. This sourceless signal will be automatically connected to value GND.
    Found 24-bit register for signal <counter_Ctrl>.
    Found 33-bit register for signal <counter0>.
    Found 32-bit register for signal <counter0_Lock>.
    Found 1-bit register for signal <sq0>.
    Found 1-bit register for signal <M0>.
    Found 1-bit register for signal <clr0>.
    Found 33-bit subtractor for signal <counter0[32]_GND_29_o_sub_26_OUT> created at line 77.
    Found 33-bit 4-to-1 multiplexer for signal <counter_Ctrl[2]_counter0[32]_wide_mux_26_OUT> created at line 70.
    Found 1-bit comparator not equal for signal <n0017> created at line 76
    Summary:
	inferred   1 Adder/Subtractor(s).
	inferred  92 D-type flip-flop(s).
	inferred   1 Comparator(s).
	inferred   5 Multiplexer(s).
Unit <Counter> synthesized.

=========================================================================
HDL Synthesis Report

Macro Statistics
# Adders/Subtractors                                   : 5
 32-bit adder                                          : 3
 32-bit addsub                                         : 1
 33-bit subtractor                                     : 1
# Registers                                            : 9
 1-bit register                                        : 3
 24-bit register                                       : 1
 32-bit register                                       : 3
 33-bit register                                       : 1
 992-bit register                                      : 1
# Latches                                              : 4
 1-bit latch                                           : 4
# Comparators                                          : 2
 1-bit comparator not equal                            : 1
 32-bit comparator greater                             : 1
# Multiplexers                                         : 76
 1-bit 2-to-1 multiplexer                              : 17
 1-bit 4-to-1 multiplexer                              : 1
 32-bit 2-to-1 multiplexer                             : 46
 32-bit 31-to-1 multiplexer                            : 2
 32-bit 4-to-1 multiplexer                             : 3
 33-bit 2-to-1 multiplexer                             : 4
 33-bit 4-to-1 multiplexer                             : 1
 5-bit 2-to-1 multiplexer                              : 2
# Logic shifters                                       : 1
 32-bit shifter logical right                          : 1
# Xors                                                 : 1
 32-bit xor2                                           : 1

=========================================================================
INFO:Xst:1767 - HDL ADVISOR - Resource sharing has identified that some arithmetic operations in this design can share the same physical resources for reduced device utilization. For improved clock frequency you may try to disable resource sharing.

=========================================================================
*                       Advanced HDL Synthesis                          *
=========================================================================

Reading core <SAnti_jitter.ngc>.
Reading core <SEnter_2_32.ngc>.
Reading core <MIO_BUS.ngc>.
Reading core <Display.ngc>.
Reading core <Multi_8CH32.ngc>.
Reading core <GPIO.ngc>.
Reading core <ipcore_dir/RAM_B.ngc>.
Reading core <PIO.ngc>.
Reading core <Seg7_Dev.ngc>.
Reading core <ipcore_dir/ROM_D.ngc>.
Loading core <SAnti_jitter> for timing and area information for instance <U9>.
Loading core <SEnter_2_32> for timing and area information for instance <M4>.
Loading core <MIO_BUS> for timing and area information for instance <U4>.
Loading core <Display> for timing and area information for instance <U6>.
Loading core <Multi_8CH32> for timing and area information for instance <U5>.
Loading core <GPIO> for timing and area information for instance <U7>.
Loading core <RAM_B> for timing and area information for instance <U3>.
Loading core <PIO> for timing and area information for instance <U71>.
Loading core <Seg7_Dev> for timing and area information for instance <U61>.
Loading core <ROM_D> for timing and area information for instance <U2>.
WARNING:Xst:2677 - Node <counter_Ctrl_0> of sequential type is unconnected in block <U10>.
WARNING:Xst:2677 - Node <counter_Ctrl_3> of sequential type is unconnected in block <U10>.
WARNING:Xst:2677 - Node <counter_Ctrl_4> of sequential type is unconnected in block <U10>.
WARNING:Xst:2677 - Node <counter_Ctrl_5> of sequential type is unconnected in block <U10>.
WARNING:Xst:2677 - Node <counter_Ctrl_6> of sequential type is unconnected in block <U10>.
WARNING:Xst:2677 - Node <counter_Ctrl_7> of sequential type is unconnected in block <U10>.
WARNING:Xst:2677 - Node <counter_Ctrl_8> of sequential type is unconnected in block <U10>.
WARNING:Xst:2677 - Node <counter_Ctrl_9> of sequential type is unconnected in block <U10>.
WARNING:Xst:2677 - Node <counter_Ctrl_10> of sequential type is unconnected in block <U10>.
WARNING:Xst:2677 - Node <counter_Ctrl_11> of sequential type is unconnected in block <U10>.
WARNING:Xst:2677 - Node <counter_Ctrl_12> of sequential type is unconnected in block <U10>.
WARNING:Xst:2677 - Node <counter_Ctrl_13> of sequential type is unconnected in block <U10>.
WARNING:Xst:2677 - Node <counter_Ctrl_14> of sequential type is unconnected in block <U10>.
WARNING:Xst:2677 - Node <counter_Ctrl_15> of sequential type is unconnected in block <U10>.
WARNING:Xst:2677 - Node <counter_Ctrl_16> of sequential type is unconnected in block <U10>.
WARNING:Xst:2677 - Node <counter_Ctrl_17> of sequential type is unconnected in block <U10>.
WARNING:Xst:2677 - Node <counter_Ctrl_18> of sequential type is unconnected in block <U10>.
WARNING:Xst:2677 - Node <counter_Ctrl_19> of sequential type is unconnected in block <U10>.
WARNING:Xst:2677 - Node <counter_Ctrl_20> of sequential type is unconnected in block <U10>.
WARNING:Xst:2677 - Node <counter_Ctrl_21> of sequential type is unconnected in block <U10>.
WARNING:Xst:2677 - Node <counter_Ctrl_22> of sequential type is unconnected in block <U10>.
WARNING:Xst:2677 - Node <counter_Ctrl_23> of sequential type is unconnected in block <U10>.

Synthesizing (advanced) Unit <clk_div>.
The following registers are absorbed into counter <clkdiv>: 1 register on signal <clkdiv>.
Unit <clk_div> synthesized (advanced).
WARNING:Xst:2677 - Node <counter_Ctrl_0> of sequential type is unconnected in block <Counter>.
WARNING:Xst:2677 - Node <counter_Ctrl_3> of sequential type is unconnected in block <Counter>.
WARNING:Xst:2677 - Node <counter_Ctrl_4> of sequential type is unconnected in block <Counter>.
WARNING:Xst:2677 - Node <counter_Ctrl_5> of sequential type is unconnected in block <Counter>.
WARNING:Xst:2677 - Node <counter_Ctrl_6> of sequential type is unconnected in block <Counter>.
WARNING:Xst:2677 - Node <counter_Ctrl_7> of sequential type is unconnected in block <Counter>.
WARNING:Xst:2677 - Node <counter_Ctrl_8> of sequential type is unconnected in block <Counter>.
WARNING:Xst:2677 - Node <counter_Ctrl_9> of sequential type is unconnected in block <Counter>.
WARNING:Xst:2677 - Node <counter_Ctrl_10> of sequential type is unconnected in block <Counter>.
WARNING:Xst:2677 - Node <counter_Ctrl_11> of sequential type is unconnected in block <Counter>.
WARNING:Xst:2677 - Node <counter_Ctrl_12> of sequential type is unconnected in block <Counter>.
WARNING:Xst:2677 - Node <counter_Ctrl_13> of sequential type is unconnected in block <Counter>.
WARNING:Xst:2677 - Node <counter_Ctrl_14> of sequential type is unconnected in block <Counter>.
WARNING:Xst:2677 - Node <counter_Ctrl_15> of sequential type is unconnected in block <Counter>.
WARNING:Xst:2677 - Node <counter_Ctrl_16> of sequential type is unconnected in block <Counter>.
WARNING:Xst:2677 - Node <counter_Ctrl_17> of sequential type is unconnected in block <Counter>.
WARNING:Xst:2677 - Node <counter_Ctrl_18> of sequential type is unconnected in block <Counter>.
WARNING:Xst:2677 - Node <counter_Ctrl_19> of sequential type is unconnected in block <Counter>.
WARNING:Xst:2677 - Node <counter_Ctrl_20> of sequential type is unconnected in block <Counter>.
WARNING:Xst:2677 - Node <counter_Ctrl_21> of sequential type is unconnected in block <Counter>.
WARNING:Xst:2677 - Node <counter_Ctrl_22> of sequential type is unconnected in block <Counter>.
WARNING:Xst:2677 - Node <counter_Ctrl_23> of sequential type is unconnected in block <Counter>.

=========================================================================
Advanced HDL Synthesis Report

Macro Statistics
# Adders/Subtractors                                   : 4
 32-bit adder                                          : 2
 32-bit addsub                                         : 1
 33-bit subtractor                                     : 1
# Counters                                             : 1
 32-bit up counter                                     : 1
# Registers                                            : 1094
 Flip-Flops                                            : 1094
# Comparators                                          : 2
 1-bit comparator not equal                            : 1
 32-bit comparator greater                             : 1
# Multiplexers                                         : 139
 1-bit 2-to-1 multiplexer                              : 82
 1-bit 4-to-1 multiplexer                              : 1
 32-bit 2-to-1 multiplexer                             : 46
 32-bit 31-to-1 multiplexer                            : 2
 32-bit 4-to-1 multiplexer                             : 3
 33-bit 2-to-1 multiplexer                             : 2
 33-bit 4-to-1 multiplexer                             : 1
 5-bit 2-to-1 multiplexer                              : 2
# Logic shifters                                       : 1
 32-bit shifter logical right                          : 1
# Xors                                                 : 1
 32-bit xor2                                           : 1

=========================================================================

=========================================================================
*                         Low Level Synthesis                           *
=========================================================================

Optimizing unit <REG32> ...

Optimizing unit <OExp04_IP2CPU> ...

Optimizing unit <Data_path_MUSER_SCPU> ...

Optimizing unit <ALU> ...

Optimizing unit <Regs> ...

Optimizing unit <SCPU_ctrl> ...
WARNING:Xst:1294 - Latch <ALUSrc_A> is equivalent to a wire in block <SCPU_ctrl>.
WARNING:Xst:1294 - Latch <ALU_Control_1> is equivalent to a wire in block <SCPU_ctrl>.
WARNING:Xst:1294 - Latch <ALU_Control_2> is equivalent to a wire in block <SCPU_ctrl>.
WARNING:Xst:1294 - Latch <ALU_Control_0> is equivalent to a wire in block <SCPU_ctrl>.

Optimizing unit <Counter> ...

Mapping all equations...
Building and optimizing final netlist ...
Found area constraint ratio of 100 (+ 5) on block OExp04_IP2CPU, actual ratio is 3.
INFO:Xst:2260 - The FF/Latch <P7SEG/sh_clk> in Unit <U6> is equivalent to the following FF/Latch : <P7SEG/sh_clk_1> 
INFO:Xst:2260 - The FF/Latch <P7SEG/S_0> in Unit <U6> is equivalent to the following FF/Latch : <P7SEG/S_0_1> 
INFO:Xst:2260 - The FF/Latch <P7SEG/sh_clk> in Unit <U6> is equivalent to the following FF/Latch : <P7SEG/sh_clk_1> 
INFO:Xst:2260 - The FF/Latch <P7SEG/S_0> in Unit <U6> is equivalent to the following FF/Latch : <P7SEG/S_0_1> 

Final Macro Processing ...

=========================================================================
Final Register Report

Macro Statistics
# Registers                                            : 1126
 Flip-Flops                                            : 1126

=========================================================================

=========================================================================
*                           Partition Report                            *
=========================================================================

Partition Implementation Status
-------------------------------

  No Partitions were found in this design.

-------------------------------

=========================================================================
*                            Design Summary                             *
=========================================================================

Top Level Output File Name         : OExp04_IP2CPU.ngc

Primitive and Black Box Usage:
------------------------------
# BELS                             : 4380
#      AND2                        : 10
#      AND3                        : 99
#      AND4                        : 81
#      BUF                         : 1
#      GND                         : 5
#      INV                         : 101
#      LUT1                        : 129
#      LUT2                        : 92
#      LUT3                        : 1153
#      LUT4                        : 285
#      LUT5                        : 521
#      LUT6                        : 1205
#      MUXCY                       : 273
#      MUXF7                       : 64
#      OR2                         : 63
#      OR3                         : 27
#      OR4                         : 36
#      VCC                         : 5
#      XORCY                       : 230
# FlipFlops/Latches                : 1532
#      FD                          : 128
#      FDC                         : 100
#      FDCE                        : 1027
#      FDCE_1                      : 22
#      FDE                         : 101
#      FDE_1                       : 118
#      FDPE_1                      : 6
#      FDR                         : 1
#      FDRE                        : 29
# RAMS                             : 1
#      RAMB36E1                    : 1
# Clock Buffers                    : 5
#      BUFG                        : 4
#      BUFGP                       : 1
# IO Buffers                       : 58
#      IBUF                        : 21
#      OBUF                        : 37

Device utilization summary:
---------------------------

Selected Device : 7k160tffg676-2l 


Slice Logic Utilization: 
 Number of Slice Registers:            1532  out of  202800     0%  
 Number of Slice LUTs:                 3486  out of  101400     3%  
    Number used as Logic:              3486  out of  101400     3%  

Slice Logic Distribution: 
 Number of LUT Flip Flop pairs used:   4631
   Number with an unused Flip Flop:    3099  out of   4631    66%  
   Number with an unused LUT:          1145  out of   4631    24%  
   Number of fully used LUT-FF pairs:   387  out of   4631     8%  
   Number of unique control sets:        32

IO Utilization: 
 Number of IOs:                          59
 Number of bonded IOBs:                  59  out of    400    14%  

Specific Feature Utilization:
 Number of Block RAM/FIFO:                1  out of    325     0%  
    Number using Block RAM only:          1
 Number of BUFG/BUFGCTRLs:                5  out of     32    15%  

---------------------------
Partition Resource Summary:
---------------------------

  No Partitions were found in this design.

---------------------------


=========================================================================
Timing Report

NOTE: THESE TIMING NUMBERS ARE ONLY A SYNTHESIS ESTIMATE.
      FOR ACCURATE TIMING INFORMATION PLEASE REFER TO THE TRACE REPORT
      GENERATED AFTER PLACE-and-ROUTE.

Clock Information:
------------------
-----------------------------------+----------------------------------------+-------+
Clock Signal                       | Clock buffer(FF name)                  | Load  |
-----------------------------------+----------------------------------------+-------+
clk_100mhz                         | BUFGP                                  | 194   |
Clk_CPU(U8/Mmux_Clk_CPU11:O)       | BUFG(*)(U1/XLXI_4/U2_2/register_31_991)| 1178  |
U8/clkdiv_4                        | BUFG                                   | 35    |
U9/clk1                            | BUFG                                   | 41    |
M4/push(M4/push1:O)                | NONE(*)(M4/state_0)                    | 3     |
U6/P7SEG/sh_clk                    | BUFG                                   | 65    |
U7/ledclk                          | NONE(U7/P7SEG/Q_16)                    | 17    |
-----------------------------------+----------------------------------------+-------+
(*) These 2 clock signal(s) are generated by combinatorial logic,
and XST is not able to identify which are the primary clock signals.
Please use the CLOCK_SIGNAL constraint to specify the clock signal(s) generated by combinatorial logic.
INFO:Xst:2169 - HDL ADVISOR - Some clock signals were not automatically buffered by XST with BUFG/BUFR resources. Please use the buffer_type constraint in order to insert these buffers to the clock signals to help prevent skew problems.

Asynchronous Control Signals Information:
----------------------------------------
-----------------------------------+-----------------------------------------------------------------------------------------------------------------------------------------+-------+
Control Signal                     | Buffer(FF name)                                                                                                                         | Load  |
-----------------------------------+-----------------------------------------------------------------------------------------------------------------------------------------+-------+
U3/N1(U3/XST_GND:G)                | NONE(U3/U0/xst_blk_mem_generator/gnativebmg.native_blk_mem_gen/valid.cstr/ramloop[0].ram.r/v6_init.ram/NO_BMM_INFO.SP.SIMPLE_PRIM36.ram)| 2     |
-----------------------------------+-----------------------------------------------------------------------------------------------------------------------------------------+-------+

Timing Summary:
---------------
Speed Grade: -2

   Minimum period: 17.340ns (Maximum Frequency: 57.671MHz)
   Minimum input arrival time before clock: 2.109ns
   Maximum output required time after clock: 7.006ns
   Maximum combinational path delay: No path found

Timing Details:
---------------
All values displayed in nanoseconds (ns)

=========================================================================
Timing constraint: Default period analysis for Clock 'clk_100mhz'
  Clock period: 2.195ns (frequency: 455.633MHz)
  Total number of paths / destination ports: 6161 / 256
-------------------------------------------------------------------------
Delay:               2.195ns (Levels of Logic = 8)
  Source:            U9/sw_temp_2 (FF)
  Destination:       U9/SW_OK_0 (FF)
  Source Clock:      clk_100mhz rising
  Destination Clock: clk_100mhz rising

  Data Path: U9/sw_temp_2 to U9/SW_OK_0
                                Gate     Net
    Cell:in->out      fanout   Delay   Delay  Logical Name (Net Name)
    ----------------------------------------  ------------
     FD:C->Q               1   0.236   0.495  sw_temp_2 (sw_temp<2>)
     LUT6:I3->O            1   0.043   0.000  Mcompar_sw_temp[15]_SW[15]_not_equal_100_o_lut<0> (Mcompar_sw_temp[15]_SW[15]_not_equal_100_o_lut<0>)
     MUXCY:S->O            1   0.238   0.000  Mcompar_sw_temp[15]_SW[15]_not_equal_100_o_cy<0> (Mcompar_sw_temp[15]_SW[15]_not_equal_100_o_cy<0>)
     MUXCY:CI->O           1   0.013   0.000  Mcompar_sw_temp[15]_SW[15]_not_equal_100_o_cy<1> (Mcompar_sw_temp[15]_SW[15]_not_equal_100_o_cy<1>)
     MUXCY:CI->O           1   0.013   0.000  Mcompar_sw_temp[15]_SW[15]_not_equal_100_o_cy<2> (Mcompar_sw_temp[15]_SW[15]_not_equal_100_o_cy<2>)
     MUXCY:CI->O           1   0.013   0.000  Mcompar_sw_temp[15]_SW[15]_not_equal_100_o_cy<3> (Mcompar_sw_temp[15]_SW[15]_not_equal_100_o_cy<3>)
     MUXCY:CI->O           1   0.013   0.000  Mcompar_sw_temp[15]_SW[15]_not_equal_100_o_cy<4> (Mcompar_sw_temp[15]_SW[15]_not_equal_100_o_cy<4>)
     MUXCY:CI->O          43   0.013   0.471  Mcompar_sw_temp[15]_SW[15]_not_equal_100_o_cy<5> (sw_temp[15]_SW[15]_not_equal_100_o)
     INV:I->O             17   0.054   0.429  _n0243_inv1_cepot_cepot_INV_0 (_n0243_inv1_cepot_cepot)
     FDE:CE                    0.161          SW_OK_0
    ----------------------------------------
    Total                      2.195ns (0.800ns logic, 1.395ns route)
                                       (36.4% logic, 63.6% route)

=========================================================================
Timing constraint: Default period analysis for Clock 'Clk_CPU'
  Clock period: 17.340ns (frequency: 57.671MHz)
  Total number of paths / destination ports: 50335460669 / 2330
-------------------------------------------------------------------------
Delay:               8.670ns (Levels of Logic = 45)
  Source:            U1/XLXI_4/PC/Q_9 (FF)
  Destination:       U3/U0/xst_blk_mem_generator/gnativebmg.native_blk_mem_gen/valid.cstr/ramloop[0].ram.r/v6_init.ram/NO_BMM_INFO.SP.SIMPLE_PRIM36.ram (RAM)
  Source Clock:      Clk_CPU rising
  Destination Clock: Clk_CPU falling

  Data Path: U1/XLXI_4/PC/Q_9 to U3/U0/xst_blk_mem_generator/gnativebmg.native_blk_mem_gen/valid.cstr/ramloop[0].ram.r/v6_init.ram/NO_BMM_INFO.SP.SIMPLE_PRIM36.ram
                                Gate     Net
    Cell:in->out      fanout   Delay   Delay  Logical Name (Net Name)
    ----------------------------------------  ------------
     FDC:C->Q             58   0.236   0.630  U1/XLXI_4/PC/Q_9 (U1/XLXI_4/PC/Q_9)
     begin scope: 'U2:a<7>'
     LUT3:I0->O            1   0.043   0.613  U0/xst_options.dist_mem_inst/gen_rom.rom_inst/Mram_spo_int44116_SW0 (N10)
     LUT6:I0->O            1   0.043   0.522  U0/xst_options.dist_mem_inst/gen_rom.rom_inst/Mram_spo_int44116 (U0/xst_options.dist_mem_inst/gen_rom.rom_inst/Mram_spo_int44115)
     LUT6:I2->O          261   0.043   0.522  U0/xst_options.dist_mem_inst/gen_rom.rom_inst/Mram_spo_int441113 (spo<17>)
     end scope: 'U2:spo<17>'
     LUT5:I4->O            1   0.043   0.522  U1/XLXI_4/U2_2/Mmux_reg_Rt_addr_B[4]_register[31][31]_wide_mux_4_OUT_847 (U1/XLXI_4/U2_2/Mmux_reg_Rt_addr_B[4]_register[31][31]_wide_mux_4_OUT_847)
     LUT6:I2->O            2   0.043   0.410  U1/XLXI_4/U2_2/Mmux_reg_Rt_addr_B[4]_register[31][31]_wide_mux_4_OUT_415 (U1/XLXI_4/U2_2/Mmux_reg_Rt_addr_B[4]_register[31][31]_wide_mux_4_OUT_415)
     LUT6:I4->O            8   0.043   0.652  U1/XLXI_4/XLXI_21/Mmux_o161 (U1/XLXI_4/XLXN_4<23>)
     LUT6:I0->O            3   0.043   0.507  U1/XLXI_4/U1_1/Sh221 (U1/XLXI_4/U1_1/Sh22)
     LUT6:I3->O            3   0.043   0.362  U1/XLXI_4/U1_1/Sh501 (U1/XLXI_4/U1_1/Sh50)
     LUT6:I5->O            1   0.043   0.405  U1/XLXI_4/U1_1/Mmux_res7_A234 (U1/XLXI_4/U1_1/Mmux_res7_A235)
     LUT5:I3->O            1   0.043   0.350  U1/XLXI_4/U1_1/Mmux_res7_A236 (U1/XLXI_4/U1_1/Mmux_res7_rs_A<2>)
     LUT5:I4->O            1   0.043   0.000  U1/XLXI_4/U1_1/Mmux_res7_rs_lut<2> (U1/XLXI_4/U1_1/Mmux_res7_rs_lut<2>)
     MUXCY:S->O            1   0.238   0.000  U1/XLXI_4/U1_1/Mmux_res7_rs_cy<2> (U1/XLXI_4/U1_1/Mmux_res7_rs_cy<2>)
     MUXCY:CI->O           1   0.013   0.000  U1/XLXI_4/U1_1/Mmux_res7_rs_cy<3> (U1/XLXI_4/U1_1/Mmux_res7_rs_cy<3>)
     MUXCY:CI->O           1   0.013   0.000  U1/XLXI_4/U1_1/Mmux_res7_rs_cy<4> (U1/XLXI_4/U1_1/Mmux_res7_rs_cy<4>)
     MUXCY:CI->O           1   0.013   0.000  U1/XLXI_4/U1_1/Mmux_res7_rs_cy<5> (U1/XLXI_4/U1_1/Mmux_res7_rs_cy<5>)
     MUXCY:CI->O           1   0.013   0.000  U1/XLXI_4/U1_1/Mmux_res7_rs_cy<6> (U1/XLXI_4/U1_1/Mmux_res7_rs_cy<6>)
     MUXCY:CI->O           1   0.013   0.000  U1/XLXI_4/U1_1/Mmux_res7_rs_cy<7> (U1/XLXI_4/U1_1/Mmux_res7_rs_cy<7>)
     MUXCY:CI->O           1   0.013   0.000  U1/XLXI_4/U1_1/Mmux_res7_rs_cy<8> (U1/XLXI_4/U1_1/Mmux_res7_rs_cy<8>)
     MUXCY:CI->O           1   0.013   0.000  U1/XLXI_4/U1_1/Mmux_res7_rs_cy<9> (U1/XLXI_4/U1_1/Mmux_res7_rs_cy<9>)
     MUXCY:CI->O           1   0.013   0.000  U1/XLXI_4/U1_1/Mmux_res7_rs_cy<10> (U1/XLXI_4/U1_1/Mmux_res7_rs_cy<10>)
     MUXCY:CI->O           1   0.013   0.000  U1/XLXI_4/U1_1/Mmux_res7_rs_cy<11> (U1/XLXI_4/U1_1/Mmux_res7_rs_cy<11>)
     MUXCY:CI->O           1   0.013   0.000  U1/XLXI_4/U1_1/Mmux_res7_rs_cy<12> (U1/XLXI_4/U1_1/Mmux_res7_rs_cy<12>)
     MUXCY:CI->O           1   0.013   0.000  U1/XLXI_4/U1_1/Mmux_res7_rs_cy<13> (U1/XLXI_4/U1_1/Mmux_res7_rs_cy<13>)
     MUXCY:CI->O           1   0.013   0.000  U1/XLXI_4/U1_1/Mmux_res7_rs_cy<14> (U1/XLXI_4/U1_1/Mmux_res7_rs_cy<14>)
     MUXCY:CI->O           1   0.013   0.000  U1/XLXI_4/U1_1/Mmux_res7_rs_cy<15> (U1/XLXI_4/U1_1/Mmux_res7_rs_cy<15>)
     MUXCY:CI->O           1   0.013   0.000  U1/XLXI_4/U1_1/Mmux_res7_rs_cy<16> (U1/XLXI_4/U1_1/Mmux_res7_rs_cy<16>)
     MUXCY:CI->O           1   0.013   0.000  U1/XLXI_4/U1_1/Mmux_res7_rs_cy<17> (U1/XLXI_4/U1_1/Mmux_res7_rs_cy<17>)
     MUXCY:CI->O           1   0.013   0.000  U1/XLXI_4/U1_1/Mmux_res7_rs_cy<18> (U1/XLXI_4/U1_1/Mmux_res7_rs_cy<18>)
     MUXCY:CI->O           1   0.014   0.000  U1/XLXI_4/U1_1/Mmux_res7_rs_cy<19> (U1/XLXI_4/U1_1/Mmux_res7_rs_cy<19>)
     MUXCY:CI->O           1   0.013   0.000  U1/XLXI_4/U1_1/Mmux_res7_rs_cy<20> (U1/XLXI_4/U1_1/Mmux_res7_rs_cy<20>)
     MUXCY:CI->O           1   0.013   0.000  U1/XLXI_4/U1_1/Mmux_res7_rs_cy<21> (U1/XLXI_4/U1_1/Mmux_res7_rs_cy<21>)
     MUXCY:CI->O           1   0.013   0.000  U1/XLXI_4/U1_1/Mmux_res7_rs_cy<22> (U1/XLXI_4/U1_1/Mmux_res7_rs_cy<22>)
     MUXCY:CI->O           1   0.013   0.000  U1/XLXI_4/U1_1/Mmux_res7_rs_cy<23> (U1/XLXI_4/U1_1/Mmux_res7_rs_cy<23>)
     MUXCY:CI->O           1   0.013   0.000  U1/XLXI_4/U1_1/Mmux_res7_rs_cy<24> (U1/XLXI_4/U1_1/Mmux_res7_rs_cy<24>)
     MUXCY:CI->O           1   0.013   0.000  U1/XLXI_4/U1_1/Mmux_res7_rs_cy<25> (U1/XLXI_4/U1_1/Mmux_res7_rs_cy<25>)
     MUXCY:CI->O           1   0.013   0.000  U1/XLXI_4/U1_1/Mmux_res7_rs_cy<26> (U1/XLXI_4/U1_1/Mmux_res7_rs_cy<26>)
     MUXCY:CI->O           1   0.013   0.000  U1/XLXI_4/U1_1/Mmux_res7_rs_cy<27> (U1/XLXI_4/U1_1/Mmux_res7_rs_cy<27>)
     MUXCY:CI->O           1   0.013   0.000  U1/XLXI_4/U1_1/Mmux_res7_rs_cy<28> (U1/XLXI_4/U1_1/Mmux_res7_rs_cy<28>)
     MUXCY:CI->O           1   0.013   0.000  U1/XLXI_4/U1_1/Mmux_res7_rs_cy<29> (U1/XLXI_4/U1_1/Mmux_res7_rs_cy<29>)
     MUXCY:CI->O           0   0.013   0.000  U1/XLXI_4/U1_1/Mmux_res7_rs_cy<30> (U1/XLXI_4/U1_1/Mmux_res7_rs_cy<30>)
     XORCY:CI->O          83   0.262   0.661  U1/XLXI_4/U1_1/Mmux_res7_rs_xor<31> (XLXN_108<31>)
     begin scope: 'U4:addr_bus<31>'
     LUT5:I1->O            1   0.043   0.339  Mmux_ram_data_in321 (ram_data_in<9>)
     end scope: 'U4:ram_data_in<9>'
     begin scope: 'U3:dina<9>'
     RAMB36E1:DIADI9           0.543          U0/xst_blk_mem_generator/gnativebmg.native_blk_mem_gen/valid.cstr/ramloop[0].ram.r/v6_init.ram/NO_BMM_INFO.SP.SIMPLE_PRIM36.ram
    ----------------------------------------
    Total                      8.670ns (2.173ns logic, 6.497ns route)
                                       (25.1% logic, 74.9% route)

=========================================================================
Timing constraint: Default period analysis for Clock 'U8/clkdiv_4'
  Clock period: 2.216ns (frequency: 451.325MHz)
  Total number of paths / destination ports: 787 / 36
-------------------------------------------------------------------------
Delay:               2.216ns (Levels of Logic = 35)
  Source:            U10/counter0_0 (FF)
  Destination:       U10/counter0_32 (FF)
  Source Clock:      U8/clkdiv_4 rising
  Destination Clock: U8/clkdiv_4 rising

  Data Path: U10/counter0_0 to U10/counter0_32
                                Gate     Net
    Cell:in->out      fanout   Delay   Delay  Logical Name (Net Name)
    ----------------------------------------  ------------
     FDC:C->Q              3   0.236   0.362  U10/counter0_0 (U10/counter0_0)
     LUT1:I0->O            1   0.043   0.000  U10/Msub_counter0[32]_GND_29_o_sub_26_OUT_cy<0>_rt (U10/Msub_counter0[32]_GND_29_o_sub_26_OUT_cy<0>_rt)
     MUXCY:S->O            1   0.238   0.000  U10/Msub_counter0[32]_GND_29_o_sub_26_OUT_cy<0> (U10/Msub_counter0[32]_GND_29_o_sub_26_OUT_cy<0>)
     MUXCY:CI->O           1   0.013   0.000  U10/Msub_counter0[32]_GND_29_o_sub_26_OUT_cy<1> (U10/Msub_counter0[32]_GND_29_o_sub_26_OUT_cy<1>)
     MUXCY:CI->O           1   0.013   0.000  U10/Msub_counter0[32]_GND_29_o_sub_26_OUT_cy<2> (U10/Msub_counter0[32]_GND_29_o_sub_26_OUT_cy<2>)
     MUXCY:CI->O           1   0.013   0.000  U10/Msub_counter0[32]_GND_29_o_sub_26_OUT_cy<3> (U10/Msub_counter0[32]_GND_29_o_sub_26_OUT_cy<3>)
     MUXCY:CI->O           1   0.013   0.000  U10/Msub_counter0[32]_GND_29_o_sub_26_OUT_cy<4> (U10/Msub_counter0[32]_GND_29_o_sub_26_OUT_cy<4>)
     MUXCY:CI->O           1   0.013   0.000  U10/Msub_counter0[32]_GND_29_o_sub_26_OUT_cy<5> (U10/Msub_counter0[32]_GND_29_o_sub_26_OUT_cy<5>)
     MUXCY:CI->O           1   0.013   0.000  U10/Msub_counter0[32]_GND_29_o_sub_26_OUT_cy<6> (U10/Msub_counter0[32]_GND_29_o_sub_26_OUT_cy<6>)
     MUXCY:CI->O           1   0.013   0.000  U10/Msub_counter0[32]_GND_29_o_sub_26_OUT_cy<7> (U10/Msub_counter0[32]_GND_29_o_sub_26_OUT_cy<7>)
     MUXCY:CI->O           1   0.013   0.000  U10/Msub_counter0[32]_GND_29_o_sub_26_OUT_cy<8> (U10/Msub_counter0[32]_GND_29_o_sub_26_OUT_cy<8>)
     MUXCY:CI->O           1   0.013   0.000  U10/Msub_counter0[32]_GND_29_o_sub_26_OUT_cy<9> (U10/Msub_counter0[32]_GND_29_o_sub_26_OUT_cy<9>)
     MUXCY:CI->O           1   0.013   0.000  U10/Msub_counter0[32]_GND_29_o_sub_26_OUT_cy<10> (U10/Msub_counter0[32]_GND_29_o_sub_26_OUT_cy<10>)
     MUXCY:CI->O           1   0.013   0.000  U10/Msub_counter0[32]_GND_29_o_sub_26_OUT_cy<11> (U10/Msub_counter0[32]_GND_29_o_sub_26_OUT_cy<11>)
     MUXCY:CI->O           1   0.013   0.000  U10/Msub_counter0[32]_GND_29_o_sub_26_OUT_cy<12> (U10/Msub_counter0[32]_GND_29_o_sub_26_OUT_cy<12>)
     MUXCY:CI->O           1   0.013   0.000  U10/Msub_counter0[32]_GND_29_o_sub_26_OUT_cy<13> (U10/Msub_counter0[32]_GND_29_o_sub_26_OUT_cy<13>)
     MUXCY:CI->O           1   0.013   0.000  U10/Msub_counter0[32]_GND_29_o_sub_26_OUT_cy<14> (U10/Msub_counter0[32]_GND_29_o_sub_26_OUT_cy<14>)
     MUXCY:CI->O           1   0.013   0.000  U10/Msub_counter0[32]_GND_29_o_sub_26_OUT_cy<15> (U10/Msub_counter0[32]_GND_29_o_sub_26_OUT_cy<15>)
     MUXCY:CI->O           1   0.013   0.000  U10/Msub_counter0[32]_GND_29_o_sub_26_OUT_cy<16> (U10/Msub_counter0[32]_GND_29_o_sub_26_OUT_cy<16>)
     MUXCY:CI->O           1   0.013   0.000  U10/Msub_counter0[32]_GND_29_o_sub_26_OUT_cy<17> (U10/Msub_counter0[32]_GND_29_o_sub_26_OUT_cy<17>)
     MUXCY:CI->O           1   0.013   0.000  U10/Msub_counter0[32]_GND_29_o_sub_26_OUT_cy<18> (U10/Msub_counter0[32]_GND_29_o_sub_26_OUT_cy<18>)
     MUXCY:CI->O           1   0.013   0.000  U10/Msub_counter0[32]_GND_29_o_sub_26_OUT_cy<19> (U10/Msub_counter0[32]_GND_29_o_sub_26_OUT_cy<19>)
     MUXCY:CI->O           1   0.013   0.000  U10/Msub_counter0[32]_GND_29_o_sub_26_OUT_cy<20> (U10/Msub_counter0[32]_GND_29_o_sub_26_OUT_cy<20>)
     MUXCY:CI->O           1   0.013   0.000  U10/Msub_counter0[32]_GND_29_o_sub_26_OUT_cy<21> (U10/Msub_counter0[32]_GND_29_o_sub_26_OUT_cy<21>)
     MUXCY:CI->O           1   0.013   0.000  U10/Msub_counter0[32]_GND_29_o_sub_26_OUT_cy<22> (U10/Msub_counter0[32]_GND_29_o_sub_26_OUT_cy<22>)
     MUXCY:CI->O           1   0.013   0.000  U10/Msub_counter0[32]_GND_29_o_sub_26_OUT_cy<23> (U10/Msub_counter0[32]_GND_29_o_sub_26_OUT_cy<23>)
     MUXCY:CI->O           1   0.013   0.000  U10/Msub_counter0[32]_GND_29_o_sub_26_OUT_cy<24> (U10/Msub_counter0[32]_GND_29_o_sub_26_OUT_cy<24>)
     MUXCY:CI->O           1   0.013   0.000  U10/Msub_counter0[32]_GND_29_o_sub_26_OUT_cy<25> (U10/Msub_counter0[32]_GND_29_o_sub_26_OUT_cy<25>)
     MUXCY:CI->O           1   0.013   0.000  U10/Msub_counter0[32]_GND_29_o_sub_26_OUT_cy<26> (U10/Msub_counter0[32]_GND_29_o_sub_26_OUT_cy<26>)
     MUXCY:CI->O           1   0.013   0.000  U10/Msub_counter0[32]_GND_29_o_sub_26_OUT_cy<27> (U10/Msub_counter0[32]_GND_29_o_sub_26_OUT_cy<27>)
     MUXCY:CI->O           1   0.013   0.000  U10/Msub_counter0[32]_GND_29_o_sub_26_OUT_cy<28> (U10/Msub_counter0[32]_GND_29_o_sub_26_OUT_cy<28>)
     MUXCY:CI->O           1   0.013   0.000  U10/Msub_counter0[32]_GND_29_o_sub_26_OUT_cy<29> (U10/Msub_counter0[32]_GND_29_o_sub_26_OUT_cy<29>)
     MUXCY:CI->O           1   0.013   0.000  U10/Msub_counter0[32]_GND_29_o_sub_26_OUT_cy<30> (U10/Msub_counter0[32]_GND_29_o_sub_26_OUT_cy<30>)
     MUXCY:CI->O           0   0.013   0.000  U10/Msub_counter0[32]_GND_29_o_sub_26_OUT_cy<31> (U10/Msub_counter0[32]_GND_29_o_sub_26_OUT_cy<31>)
     XORCY:CI->O           1   0.262   0.613  U10/Msub_counter0[32]_GND_29_o_sub_26_OUT_xor<32> (U10/counter0[32]_GND_29_o_sub_26_OUT<32>)
     LUT6:I0->O            1   0.043   0.000  U10/Mmux_counter_Ctrl[2]_counter0[32]_wide_mux_26_OUT262 (U10/counter_Ctrl[2]_counter0[32]_wide_mux_26_OUT<32>)
     FDC:D                    -0.000          U10/counter0_32
    ----------------------------------------
    Total                      2.216ns (1.240ns logic, 0.975ns route)
                                       (56.0% logic, 44.0% route)

=========================================================================
Timing constraint: Default period analysis for Clock 'U9/clk1'
  Clock period: 2.152ns (frequency: 464.587MHz)
  Total number of paths / destination ports: 1454 / 90
-------------------------------------------------------------------------
Delay:               2.152ns (Levels of Logic = 7)
  Source:            U9/counter_8 (FF)
  Destination:       U9/Key_x_0 (FF)
  Source Clock:      U9/clk1 rising
  Destination Clock: U9/clk1 rising

  Data Path: U9/counter_8 to U9/Key_x_0
                                Gate     Net
    Cell:in->out      fanout   Delay   Delay  Logical Name (Net Name)
    ----------------------------------------  ------------
     FDRE:C->Q             3   0.236   0.615  counter_8 (counter<8>)
     LUT5:I0->O            1   0.043   0.000  Mcompar_counter[31]_GND_1_o_LessThan_5_o_lut<0> (Mcompar_counter[31]_GND_1_o_LessThan_5_o_lut<0>)
     MUXCY:S->O            1   0.238   0.000  Mcompar_counter[31]_GND_1_o_LessThan_5_o_cy<0> (Mcompar_counter[31]_GND_1_o_LessThan_5_o_cy<0>)
     MUXCY:CI->O           1   0.013   0.000  Mcompar_counter[31]_GND_1_o_LessThan_5_o_cy<1> (Mcompar_counter[31]_GND_1_o_LessThan_5_o_cy<1>)
     MUXCY:CI->O           1   0.013   0.000  Mcompar_counter[31]_GND_1_o_LessThan_5_o_cy<2> (Mcompar_counter[31]_GND_1_o_LessThan_5_o_cy<2>)
     MUXCY:CI->O           1   0.013   0.000  Mcompar_counter[31]_GND_1_o_LessThan_5_o_cy<3> (Mcompar_counter[31]_GND_1_o_LessThan_5_o_cy<3>)
     MUXCY:CI->O           8   0.013   0.378  Mcompar_counter[31]_GND_1_o_LessThan_5_o_cy<4> (Mcompar_counter[31]_GND_1_o_LessThan_5_o_cy<4>)
     INV:I->O              7   0.054   0.373  _n0225_inv1_cepot_INV_0 (_n0225_inv1_cepot)
     FDE:CE                    0.161          Key_x_0
    ----------------------------------------
    Total                      2.152ns (0.786ns logic, 1.366ns route)
                                       (36.5% logic, 63.5% route)

=========================================================================
Timing constraint: Default period analysis for Clock 'M4/push'
  Clock period: 1.069ns (frequency: 935.060MHz)
  Total number of paths / destination ports: 6 / 3
-------------------------------------------------------------------------
Delay:               1.069ns (Levels of Logic = 1)
  Source:            M4/state_0 (FF)
  Destination:       M4/state_0 (FF)
  Source Clock:      M4/push rising
  Destination Clock: M4/push rising

  Data Path: M4/state_0 to M4/state_0
                                Gate     Net
    Cell:in->out      fanout   Delay   Delay  Logical Name (Net Name)
    ----------------------------------------  ------------
     FDE:C->Q             19   0.236   0.440  state_0 (state<0>)
     INV:I->O              1   0.054   0.339  Result<0>1_INV_0 (Result<0>)
     FDE:D                    -0.000          state_0
    ----------------------------------------
    Total                      1.069ns (0.290ns logic, 0.779ns route)
                                       (27.1% logic, 72.9% route)

=========================================================================
Timing constraint: Default period analysis for Clock 'U6/P7SEG/sh_clk'
  Clock period: 0.700ns (frequency: 1428.469MHz)
  Total number of paths / destination ports: 128 / 65
-------------------------------------------------------------------------
Delay:               0.700ns (Levels of Logic = 1)
  Source:            U6/P7SEG/Q_63 (FF)
  Destination:       U6/P7SEG/Q_62 (FF)
  Source Clock:      U6/P7SEG/sh_clk falling
  Destination Clock: U6/P7SEG/sh_clk falling

  Data Path: U6/P7SEG/Q_63 to U6/P7SEG/Q_62
                                Gate     Net
    Cell:in->out      fanout   Delay   Delay  Logical Name (Net Name)
    ----------------------------------------  ------------
     FDE_1:C->Q            3   0.240   0.417  P7SEG/Q_63 (P7SEG/Q<63>)
     LUT5:I3->O            1   0.043   0.000  P7SEG/mux12312 (P7SEG/S1_GND_13_o_wide_mux_1_OUT<62>)
     FDE_1:D                  -0.000          P7SEG/Q_62
    ----------------------------------------
    Total                      0.700ns (0.283ns logic, 0.417ns route)
                                       (40.4% logic, 59.6% route)

=========================================================================
Timing constraint: Default period analysis for Clock 'U7/ledclk'
  Clock period: 0.700ns (frequency: 1428.469MHz)
  Total number of paths / destination ports: 32 / 17
-------------------------------------------------------------------------
Delay:               0.700ns (Levels of Logic = 1)
  Source:            U7/P7SEG/Q_14 (FF)
  Destination:       U7/P7SEG/Q_15 (FF)
  Source Clock:      U7/ledclk falling
  Destination Clock: U7/ledclk falling

  Data Path: U7/P7SEG/Q_14 to U7/P7SEG/Q_15
                                Gate     Net
    Cell:in->out      fanout   Delay   Delay  Logical Name (Net Name)
    ----------------------------------------  ------------
     FDE_1:C->Q            3   0.240   0.417  P7SEG/Q_14 (P7SEG/Q<14>)
     LUT5:I3->O            1   0.043   0.000  P7SEG/mux2311 (P7SEG/S1_PData[15]_wide_mux_1_OUT<15>)
     FDE_1:D                  -0.000          P7SEG/Q_15
    ----------------------------------------
    Total                      0.700ns (0.283ns logic, 0.417ns route)
                                       (40.4% logic, 59.6% route)

=========================================================================
Timing constraint: Default OFFSET IN BEFORE for Clock 'clk_100mhz'
  Total number of paths / destination ports: 1195 / 100
-------------------------------------------------------------------------
Offset:              2.089ns (Levels of Logic = 10)
  Source:            SW<2> (PAD)
  Destination:       U9/SW_OK_0 (FF)
  Destination Clock: clk_100mhz rising

  Data Path: SW<2> to U9/SW_OK_0
                                Gate     Net
    Cell:in->out      fanout   Delay   Delay  Logical Name (Net Name)
    ----------------------------------------  ------------
     IBUF:I->O             3   0.000   0.625  SW_2_IBUF (SW_2_IBUF)
     begin scope: 'U9:SW<2>'
     LUT6:I0->O            1   0.043   0.000  Mcompar_sw_temp[15]_SW[15]_not_equal_100_o_lut<0> (Mcompar_sw_temp[15]_SW[15]_not_equal_100_o_lut<0>)
     MUXCY:S->O            1   0.238   0.000  Mcompar_sw_temp[15]_SW[15]_not_equal_100_o_cy<0> (Mcompar_sw_temp[15]_SW[15]_not_equal_100_o_cy<0>)
     MUXCY:CI->O           1   0.013   0.000  Mcompar_sw_temp[15]_SW[15]_not_equal_100_o_cy<1> (Mcompar_sw_temp[15]_SW[15]_not_equal_100_o_cy<1>)
     MUXCY:CI->O           1   0.013   0.000  Mcompar_sw_temp[15]_SW[15]_not_equal_100_o_cy<2> (Mcompar_sw_temp[15]_SW[15]_not_equal_100_o_cy<2>)
     MUXCY:CI->O           1   0.013   0.000  Mcompar_sw_temp[15]_SW[15]_not_equal_100_o_cy<3> (Mcompar_sw_temp[15]_SW[15]_not_equal_100_o_cy<3>)
     MUXCY:CI->O           1   0.013   0.000  Mcompar_sw_temp[15]_SW[15]_not_equal_100_o_cy<4> (Mcompar_sw_temp[15]_SW[15]_not_equal_100_o_cy<4>)
     MUXCY:CI->O          43   0.013   0.471  Mcompar_sw_temp[15]_SW[15]_not_equal_100_o_cy<5> (sw_temp[15]_SW[15]_not_equal_100_o)
     INV:I->O             17   0.054   0.429  _n0243_inv1_cepot_cepot_INV_0 (_n0243_inv1_cepot_cepot)
     FDE:CE                    0.161          SW_OK_0
    ----------------------------------------
    Total                      2.089ns (0.563ns logic, 1.525ns route)
                                       (27.0% logic, 73.0% route)

=========================================================================
Timing constraint: Default OFFSET IN BEFORE for Clock 'U9/clk1'
  Total number of paths / destination ports: 176 / 41
-------------------------------------------------------------------------
Offset:              2.109ns (Levels of Logic = 6)
  Source:            K_COL<3> (PAD)
  Destination:       U9/Key_x_1 (FF)
  Destination Clock: U9/clk1 rising

  Data Path: K_COL<3> to U9/Key_x_1
                                Gate     Net
    Cell:in->out      fanout   Delay   Delay  Logical Name (Net Name)
    ----------------------------------------  ------------
     IBUF:I->O             6   0.000   0.550  K_COL_3_IBUF (K_COL_3_IBUF)
     begin scope: 'U9:Key_y<3>'
     LUT4:I0->O           12   0.043   0.674  out1 (n0016)
     LUT6:I0->O            3   0.043   0.362  _n0295<0>1 (_n0295<0>)
     LUT6:I5->O            1   0.043   0.350  Key_x[4]_PWR_1_o_select_74_OUT<1>1 (Key_x[4]_PWR_1_o_select_74_OUT<4>)
     LUT3:I2->O            1   0.043   0.000  Key_x_4_dpot (Key_x_4_dpot)
     FDE:D                    -0.000          Key_x_4
    ----------------------------------------
    Total                      2.109ns (0.172ns logic, 1.937ns route)
                                       (8.2% logic, 91.8% route)

=========================================================================
Timing constraint: Default OFFSET OUT AFTER for Clock 'clk_100mhz'
  Total number of paths / destination ports: 4488 / 15
-------------------------------------------------------------------------
Offset:              5.214ns (Levels of Logic = 13)
  Source:            U9/SW_OK_6 (FF)
  Destination:       SEGMENT<6> (PAD)
  Source Clock:      clk_100mhz rising

  Data Path: U9/SW_OK_6 to SEGMENT<6>
                                Gate     Net
    Cell:in->out      fanout   Delay   Delay  Logical Name (Net Name)
    ----------------------------------------  ------------
     FDE:C->Q            110   0.236   0.757  SW_OK_6 (SW_OK<6>)
     end scope: 'U9:SW_OK<6>'
     begin scope: 'U5:Test<1>'
     LUT6:I0->O            1   0.043   0.000  MUX1_DispData/Mmux_o_316 (MUX1_DispData/Mmux_o_316)
     MUXF7:I1->O          16   0.178   0.605  MUX1_DispData/Mmux_o_2_f7_15 (Disp_num<24>)
     end scope: 'U5:Disp_num<24>'
     begin scope: 'U61:Hexs<24>'
     LUT6:I2->O            1   0.043   0.000  M2/Mmux_Hexo_3 (M2/Mmux_Hexo_3)
     MUXF7:I1->O          12   0.178   0.400  M2/Mmux_Hexo_2_f7 (Hex<0>)
     INV:I->O              6   0.054   0.641  M1/XLXI_4 (M1/XLXN_24)
     AND4:I0->O            1   0.043   0.613  M1/XLXI_28 (M1/XLXN_141)
     OR4:I0->O             1   0.043   0.603  M1/XLXI_29 (M1/XLXN_211)
     OR2:I1->O             1   0.043   0.350  M1/XLXI_50 (SEG_TXT<3>)
     LUT3:I2->O            1   0.043   0.339  MUXHM/Mmux_o4 (SEGMENT<3>)
     end scope: 'U61:SEGMENT<3>'
     OBUF:I->O                 0.000          SEGMENT_3_OBUF (SEGMENT<3>)
    ----------------------------------------
    Total                      5.214ns (0.904ns logic, 4.310ns route)
                                       (17.3% logic, 82.7% route)

=========================================================================
Timing constraint: Default OFFSET OUT AFTER for Clock 'U9/clk1'
  Total number of paths / destination ports: 6 / 6
-------------------------------------------------------------------------
Offset:              0.658ns (Levels of Logic = 2)
  Source:            U9/Key_x_4 (FF)
  Destination:       K_ROW<4> (PAD)
  Source Clock:      U9/clk1 rising

  Data Path: U9/Key_x_4 to K_ROW<4>
                                Gate     Net
    Cell:in->out      fanout   Delay   Delay  Logical Name (Net Name)
    ----------------------------------------  ------------
     FDE:C->Q             16   0.236   0.422  Key_x_4 (Key_x<4>)
     end scope: 'U9:Key_x<4>'
     OBUF:I->O                 0.000          K_ROW_4_OBUF (K_ROW<4>)
    ----------------------------------------
    Total                      0.658ns (0.236ns logic, 0.422ns route)
                                       (35.8% logic, 64.2% route)

=========================================================================
Timing constraint: Default OFFSET OUT AFTER for Clock 'Clk_CPU'
  Total number of paths / destination ports: 15595 / 18
-------------------------------------------------------------------------
Offset:              7.006ns (Levels of Logic = 16)
  Source:            U1/XLXI_4/PC/Q_10 (FF)
  Destination:       SEGMENT<6> (PAD)
  Source Clock:      Clk_CPU rising

  Data Path: U1/XLXI_4/PC/Q_10 to SEGMENT<6>
                                Gate     Net
    Cell:in->out      fanout   Delay   Delay  Logical Name (Net Name)
    ----------------------------------------  ------------
     FDC:C->Q             53   0.236   0.747  U1/XLXI_4/PC/Q_10 (U1/XLXI_4/PC/Q_10)
     begin scope: 'U2:a<8>'
     LUT6:I0->O            1   0.043   0.522  U0/xst_options.dist_mem_inst/gen_rom.rom_inst/Mram_spo_int64112 (U0/xst_options.dist_mem_inst/gen_rom.rom_inst/Mram_spo_int64111)
     LUT6:I2->O            1   0.043   0.495  U0/xst_options.dist_mem_inst/gen_rom.rom_inst/Mram_spo_int64115 (U0/xst_options.dist_mem_inst/gen_rom.rom_inst/Mram_spo_int64114)
     LUT3:I0->O           67   0.043   0.658  U0/xst_options.dist_mem_inst/gen_rom.rom_inst/Mram_spo_int64116 (spo<24>)
     end scope: 'U2:spo<24>'
     begin scope: 'U5:data2<24>'
     LUT6:I2->O            1   0.043   0.000  MUX1_DispData/Mmux_o_416 (MUX1_DispData/Mmux_o_416)
     MUXF7:I0->O          16   0.176   0.605  MUX1_DispData/Mmux_o_2_f7_15 (Disp_num<24>)
     end scope: 'U5:Disp_num<24>'
     begin scope: 'U61:Hexs<24>'
     LUT6:I2->O            1   0.043   0.000  M2/Mmux_Hexo_3 (M2/Mmux_Hexo_3)
     MUXF7:I1->O          12   0.178   0.400  M2/Mmux_Hexo_2_f7 (Hex<0>)
     INV:I->O              6   0.054   0.641  M1/XLXI_4 (M1/XLXN_24)
     AND4:I0->O            1   0.043   0.613  M1/XLXI_28 (M1/XLXN_141)
     OR4:I0->O             1   0.043   0.603  M1/XLXI_29 (M1/XLXN_211)
     OR2:I1->O             1   0.043   0.350  M1/XLXI_50 (SEG_TXT<3>)
     LUT3:I2->O            1   0.043   0.339  MUXHM/Mmux_o4 (SEGMENT<3>)
     end scope: 'U61:SEGMENT<3>'
     OBUF:I->O                 0.000          SEGMENT_3_OBUF (SEGMENT<3>)
    ----------------------------------------
    Total                      7.006ns (1.031ns logic, 5.975ns route)
                                       (14.7% logic, 85.3% route)

=========================================================================
Timing constraint: Default OFFSET OUT AFTER for Clock 'U7/ledclk'
  Total number of paths / destination ports: 1 / 1
-------------------------------------------------------------------------
Offset:              0.584ns (Levels of Logic = 2)
  Source:            U7/P7SEG/Q_16 (FF)
  Destination:       LEDDT (PAD)
  Source Clock:      U7/ledclk falling

  Data Path: U7/P7SEG/Q_16 to LEDDT
                                Gate     Net
    Cell:in->out      fanout   Delay   Delay  Logical Name (Net Name)
    ----------------------------------------  ------------
     FDE_1:C->Q            2   0.240   0.344  P7SEG/Q_16 (ledsout)
     end scope: 'U7:ledsout'
     OBUF:I->O                 0.000          LEDDT_OBUF (LEDDT)
    ----------------------------------------
    Total                      0.584ns (0.240ns logic, 0.344ns route)
                                       (41.1% logic, 58.9% route)

=========================================================================
Timing constraint: Default OFFSET OUT AFTER for Clock 'U6/P7SEG/sh_clk'
  Total number of paths / destination ports: 1 / 1
-------------------------------------------------------------------------
Offset:              0.584ns (Levels of Logic = 2)
  Source:            U6/P7SEG/Q_0 (FF)
  Destination:       SEGDT (PAD)
  Source Clock:      U6/P7SEG/sh_clk falling

  Data Path: U6/P7SEG/Q_0 to SEGDT
                                Gate     Net
    Cell:in->out      fanout   Delay   Delay  Logical Name (Net Name)
    ----------------------------------------  ------------
     FDE_1:C->Q            2   0.240   0.344  P7SEG/Q_0 (segsout)
     end scope: 'U6:segsout'
     OBUF:I->O                 0.000          SEGDT_OBUF (SEGDT)
    ----------------------------------------
    Total                      0.584ns (0.240ns logic, 0.344ns route)
                                       (41.1% logic, 58.9% route)

=========================================================================

Cross Clock Domains Report:
--------------------------

Clock to Setup on destination clock Clk_CPU
---------------+---------+---------+---------+---------+
               | Src:Rise| Src:Fall| Src:Rise| Src:Fall|
Source Clock   |Dest:Rise|Dest:Rise|Dest:Fall|Dest:Fall|
---------------+---------+---------+---------+---------+
Clk_CPU        |    9.974|         |    8.670|         |
U7/ledclk      |         |         |    2.352|         |
U8/clkdiv_4    |    1.912|         |    0.897|         |
clk_100mhz     |    1.889|         |    1.375|         |
---------------+---------+---------+---------+---------+

Clock to Setup on destination clock M4/push
---------------+---------+---------+---------+---------+
               | Src:Rise| Src:Fall| Src:Rise| Src:Fall|
Source Clock   |Dest:Rise|Dest:Rise|Dest:Fall|Dest:Fall|
---------------+---------+---------+---------+---------+
M4/push        |    1.069|         |         |         |
U9/clk1        |    0.818|         |         |         |
clk_100mhz     |    1.340|         |         |         |
---------------+---------+---------+---------+---------+

Clock to Setup on destination clock U6/P7SEG/sh_clk
---------------+---------+---------+---------+---------+
               | Src:Rise| Src:Fall| Src:Rise| Src:Fall|
Source Clock   |Dest:Rise|Dest:Rise|Dest:Fall|Dest:Fall|
---------------+---------+---------+---------+---------+
Clk_CPU        |         |         |    6.542|         |
U6/P7SEG/sh_clk|         |         |    0.700|         |
clk_100mhz     |         |         |    4.717|         |
---------------+---------+---------+---------+---------+

Clock to Setup on destination clock U7/ledclk
---------------+---------+---------+---------+---------+
               | Src:Rise| Src:Fall| Src:Rise| Src:Fall|
Source Clock   |Dest:Rise|Dest:Rise|Dest:Fall|Dest:Fall|
---------------+---------+---------+---------+---------+
Clk_CPU        |         |         |    1.376|         |
U7/ledclk      |         |         |    0.700|         |
---------------+---------+---------+---------+---------+

Clock to Setup on destination clock U8/clkdiv_4
---------------+---------+---------+---------+---------+
               | Src:Rise| Src:Fall| Src:Rise| Src:Fall|
Source Clock   |Dest:Rise|Dest:Rise|Dest:Fall|Dest:Fall|
---------------+---------+---------+---------+---------+
Clk_CPU        |         |    2.138|         |         |
U8/clkdiv_4    |    2.216|         |         |         |
clk_100mhz     |    1.618|         |         |         |
---------------+---------+---------+---------+---------+

Clock to Setup on destination clock U9/clk1
---------------+---------+---------+---------+---------+
               | Src:Rise| Src:Fall| Src:Rise| Src:Fall|
Source Clock   |Dest:Rise|Dest:Rise|Dest:Fall|Dest:Fall|
---------------+---------+---------+---------+---------+
U9/clk1        |    2.152|         |         |         |
clk_100mhz     |    1.292|         |         |         |
---------------+---------+---------+---------+---------+

Clock to Setup on destination clock clk_100mhz
---------------+---------+---------+---------+---------+
               | Src:Rise| Src:Fall| Src:Rise| Src:Fall|
Source Clock   |Dest:Rise|Dest:Rise|Dest:Fall|Dest:Fall|
---------------+---------+---------+---------+---------+
M4/push        |    1.928|         |         |         |
U6/P7SEG/sh_clk|         |    2.068|         |         |
U9/clk1        |    1.100|         |         |         |
clk_100mhz     |    2.195|         |         |         |
---------------+---------+---------+---------+---------+

=========================================================================


Total REAL time to Xst completion: 23.00 secs
Total CPU time to Xst completion: 22.94 secs
 
--> 

Total memory usage is 435068 kilobytes

Number of errors   :    0 (   0 filtered)
Number of warnings :   95 (   0 filtered)
Number of infos    :   16 (   0 filtered)

